desc: --massif-out-file=valgrind_logs/massif_M512_N512_T8_S0.out --stacks=yes
cmd: ./heated_plate_valgrind 512 512 8 0
time_unit: i
#-----------
snapshot=0
#-----------
time=0
mem_heap_B=0
mem_heap_extra_B=0
mem_stacks_B=0
heap_tree=empty
#-----------
snapshot=1
#-----------
time=7693761481
mem_heap_B=4204672
mem_heap_extra_B=8272
mem_stacks_B=830336
heap_tree=detailed
n3: 4204672 (heap allocation functions) malloc/new/new[], --alloc-fns, etc.
 n1: 2097152 0x109820: heated_plate_pthreads (in /home/billyfu/YatPC/lab6/heated_plate_valgrind)
  n0: 2097152 0x109D55: main (in /home/billyfu/YatPC/lab6/heated_plate_valgrind)
 n1: 2097152 0x109850: heated_plate_pthreads (in /home/billyfu/YatPC/lab6/heated_plate_valgrind)
  n0: 2097152 0x109D55: main (in /home/billyfu/YatPC/lab6/heated_plate_valgrind)
 n0: 10368 in 3 places, all below massif's threshold (1.00%)
#-----------
snapshot=2
#-----------
time=16764686982
mem_heap_B=4203584
mem_heap_extra_B=8240
mem_stacks_B=1795728
heap_tree=empty
#-----------
snapshot=3
#-----------
time=27903672110
mem_heap_B=4204672
mem_heap_extra_B=8272
mem_stacks_B=2982216
heap_tree=empty
#-----------
snapshot=4
#-----------
time=36509771405
mem_heap_B=4203584
mem_heap_extra_B=8240
mem_stacks_B=3899888
heap_tree=empty
#-----------
snapshot=5
#-----------
time=47847036608
mem_heap_B=4203584
mem_heap_extra_B=8240
mem_stacks_B=5106768
heap_tree=empty
#-----------
snapshot=6
#-----------
time=55070693449
mem_heap_B=4203856
mem_heap_extra_B=8248
mem_stacks_B=5876208
heap_tree=empty
#-----------
snapshot=7
#-----------
time=65195154768
mem_heap_B=4204672
mem_heap_extra_B=8272
mem_stacks_B=6953256
heap_tree=empty
#-----------
snapshot=8
#-----------
time=72716905636
mem_heap_B=4204672
mem_heap_extra_B=8272
mem_stacks_B=7754376
heap_tree=empty
#-----------
snapshot=9
#-----------
time=81992239055
mem_heap_B=4204128
mem_heap_extra_B=8256
mem_stacks_B=8741488
heap_tree=empty
#-----------
snapshot=10
#-----------
time=93590816348
mem_heap_B=4203584
mem_heap_extra_B=8240
mem_stacks_B=9975088
heap_tree=empty
#-----------
snapshot=11
#-----------
time=104577695710
mem_heap_B=4204672
mem_heap_extra_B=8272
mem_stacks_B=11142696
heap_tree=empty
#-----------
snapshot=12
#-----------
time=116472716900
mem_heap_B=4204128
mem_heap_extra_B=8256
mem_stacks_B=12408528
heap_tree=empty
#-----------
snapshot=13
#-----------
time=128334091440
mem_heap_B=4204400
mem_heap_extra_B=8264
mem_stacks_B=13670904
heap_tree=detailed
n3: 4204400 (heap allocation functions) malloc/new/new[], --alloc-fns, etc.
 n1: 2097152 0x109820: heated_plate_pthreads (in /home/billyfu/YatPC/lab6/heated_plate_valgrind)
  n0: 2097152 0x109D55: main (in /home/billyfu/YatPC/lab6/heated_plate_valgrind)
 n1: 2097152 0x109850: heated_plate_pthreads (in /home/billyfu/YatPC/lab6/heated_plate_valgrind)
  n0: 2097152 0x109D55: main (in /home/billyfu/YatPC/lab6/heated_plate_valgrind)
 n0: 10096 in 3 places, all below massif's threshold (1.00%)
#-----------
snapshot=14
#-----------
time=142058864337
mem_heap_B=4204672
mem_heap_extra_B=8272
mem_stacks_B=15128136
heap_tree=empty
#-----------
snapshot=15
#-----------
time=157026146577
mem_heap_B=4203584
mem_heap_extra_B=8240
mem_stacks_B=16719088
heap_tree=empty
#-----------
snapshot=16
#-----------
time=164964150327
mem_heap_B=4203856
mem_heap_extra_B=8248
mem_stacks_B=17563088
heap_tree=empty
#-----------
snapshot=17
#-----------
time=175897249205
mem_heap_B=4203856
mem_heap_extra_B=8248
mem_stacks_B=18726816
heap_tree=detailed
n3: 4203856 (heap allocation functions) malloc/new/new[], --alloc-fns, etc.
 n1: 2097152 0x109820: heated_plate_pthreads (in /home/billyfu/YatPC/lab6/heated_plate_valgrind)
  n0: 2097152 0x109D55: main (in /home/billyfu/YatPC/lab6/heated_plate_valgrind)
 n1: 2097152 0x109850: heated_plate_pthreads (in /home/billyfu/YatPC/lab6/heated_plate_valgrind)
  n0: 2097152 0x109D55: main (in /home/billyfu/YatPC/lab6/heated_plate_valgrind)
 n0: 9552 in 3 places, all below massif's threshold (1.00%)
#-----------
snapshot=18
#-----------
time=184669716688
mem_heap_B=4204128
mem_heap_extra_B=8256
mem_stacks_B=19658656
heap_tree=detailed
n3: 4204128 (heap allocation functions) malloc/new/new[], --alloc-fns, etc.
 n1: 2097152 0x109820: heated_plate_pthreads (in /home/billyfu/YatPC/lab6/heated_plate_valgrind)
  n0: 2097152 0x109D55: main (in /home/billyfu/YatPC/lab6/heated_plate_valgrind)
 n1: 2097152 0x109850: heated_plate_pthreads (in /home/billyfu/YatPC/lab6/heated_plate_valgrind)
  n0: 2097152 0x109D55: main (in /home/billyfu/YatPC/lab6/heated_plate_valgrind)
 n0: 9824 in 3 places, all below massif's threshold (1.00%)
#-----------
snapshot=19
#-----------
time=193787923743
mem_heap_B=4204400
mem_heap_extra_B=8264
mem_stacks_B=20627936
heap_tree=detailed
n3: 4204400 (heap allocation functions) malloc/new/new[], --alloc-fns, etc.
 n1: 2097152 0x109820: heated_plate_pthreads (in /home/billyfu/YatPC/lab6/heated_plate_valgrind)
  n0: 2097152 0x109D55: main (in /home/billyfu/YatPC/lab6/heated_plate_valgrind)
 n1: 2097152 0x109850: heated_plate_pthreads (in /home/billyfu/YatPC/lab6/heated_plate_valgrind)
  n0: 2097152 0x109D55: main (in /home/billyfu/YatPC/lab6/heated_plate_valgrind)
 n0: 10096 in 3 places, all below massif's threshold (1.00%)
#-----------
snapshot=20
#-----------
time=203183114729
mem_heap_B=4203584
mem_heap_extra_B=8240
mem_stacks_B=21624048
heap_tree=empty
#-----------
snapshot=21
#-----------
time=212966617250
mem_heap_B=4204128
mem_heap_extra_B=8256
mem_stacks_B=22662696
heap_tree=empty
#-----------
snapshot=22
#-----------
time=223156234743
mem_heap_B=4204400
mem_heap_extra_B=8264
mem_stacks_B=23745648
heap_tree=empty
#-----------
snapshot=23
#-----------
time=233752288802
mem_heap_B=4204672
mem_heap_extra_B=8272
mem_stacks_B=24870696
heap_tree=empty
#-----------
snapshot=24
#-----------
time=245320253490
mem_heap_B=4204672
mem_heap_extra_B=8272
mem_stacks_B=26101744
heap_tree=detailed
n3: 4204672 (heap allocation functions) malloc/new/new[], --alloc-fns, etc.
 n1: 2097152 0x109820: heated_plate_pthreads (in /home/billyfu/YatPC/lab6/heated_plate_valgrind)
  n0: 2097152 0x109D55: main (in /home/billyfu/YatPC/lab6/heated_plate_valgrind)
 n1: 2097152 0x109850: heated_plate_pthreads (in /home/billyfu/YatPC/lab6/heated_plate_valgrind)
  n0: 2097152 0x109D55: main (in /home/billyfu/YatPC/lab6/heated_plate_valgrind)
 n0: 10368 in 3 places, all below massif's threshold (1.00%)
#-----------
snapshot=25
#-----------
time=256921725415
mem_heap_B=4204400
mem_heap_extra_B=8264
mem_stacks_B=27334064
heap_tree=detailed
n3: 4204400 (heap allocation functions) malloc/new/new[], --alloc-fns, etc.
 n1: 2097152 0x109820: heated_plate_pthreads (in /home/billyfu/YatPC/lab6/heated_plate_valgrind)
  n0: 2097152 0x109D55: main (in /home/billyfu/YatPC/lab6/heated_plate_valgrind)
 n1: 2097152 0x109850: heated_plate_pthreads (in /home/billyfu/YatPC/lab6/heated_plate_valgrind)
  n0: 2097152 0x109D55: main (in /home/billyfu/YatPC/lab6/heated_plate_valgrind)
 n0: 10096 in 3 places, all below massif's threshold (1.00%)
#-----------
snapshot=26
#-----------
time=268991628110
mem_heap_B=4204400
mem_heap_extra_B=8264
mem_stacks_B=28616096
heap_tree=detailed
n3: 4204400 (heap allocation functions) malloc/new/new[], --alloc-fns, etc.
 n1: 2097152 0x109820: heated_plate_pthreads (in /home/billyfu/YatPC/lab6/heated_plate_valgrind)
  n0: 2097152 0x109D55: main (in /home/billyfu/YatPC/lab6/heated_plate_valgrind)
 n1: 2097152 0x109850: heated_plate_pthreads (in /home/billyfu/YatPC/lab6/heated_plate_valgrind)
  n0: 2097152 0x109D55: main (in /home/billyfu/YatPC/lab6/heated_plate_valgrind)
 n0: 10096 in 3 places, all below massif's threshold (1.00%)
#-----------
snapshot=27
#-----------
time=281555483223
mem_heap_B=4204400
mem_heap_extra_B=8264
mem_stacks_B=29949696
heap_tree=detailed
n3: 4204400 (heap allocation functions) malloc/new/new[], --alloc-fns, etc.
 n1: 2097152 0x109820: heated_plate_pthreads (in /home/billyfu/YatPC/lab6/heated_plate_valgrind)
  n0: 2097152 0x109D55: main (in /home/billyfu/YatPC/lab6/heated_plate_valgrind)
 n1: 2097152 0x109850: heated_plate_pthreads (in /home/billyfu/YatPC/lab6/heated_plate_valgrind)
  n0: 2097152 0x109D55: main (in /home/billyfu/YatPC/lab6/heated_plate_valgrind)
 n0: 10096 in 3 places, all below massif's threshold (1.00%)
#-----------
snapshot=28
#-----------
time=294459289243
mem_heap_B=4204672
mem_heap_extra_B=8272
mem_stacks_B=31317736
heap_tree=empty
#-----------
snapshot=29
#-----------
time=307929635392
mem_heap_B=4203584
mem_heap_extra_B=8240
mem_stacks_B=32748368
heap_tree=empty
#-----------
snapshot=30
#-----------
time=321945143223
mem_heap_B=4204400
mem_heap_extra_B=8264
mem_stacks_B=34236368
heap_tree=empty
#-----------
snapshot=31
#-----------
time=336538254808
mem_heap_B=4204672
mem_heap_extra_B=8272
mem_stacks_B=35785096
heap_tree=empty
#-----------
snapshot=32
#-----------
time=349900665397
mem_heap_B=4203584
mem_heap_extra_B=8240
mem_stacks_B=37204208
heap_tree=empty
#-----------
snapshot=33
#-----------
time=360343078857
mem_heap_B=4204672
mem_heap_extra_B=8272
mem_stacks_B=38314224
heap_tree=detailed
n3: 4204672 (heap allocation functions) malloc/new/new[], --alloc-fns, etc.
 n1: 2097152 0x109820: heated_plate_pthreads (in /home/billyfu/YatPC/lab6/heated_plate_valgrind)
  n0: 2097152 0x109D55: main (in /home/billyfu/YatPC/lab6/heated_plate_valgrind)
 n1: 2097152 0x109850: heated_plate_pthreads (in /home/billyfu/YatPC/lab6/heated_plate_valgrind)
  n0: 2097152 0x109D55: main (in /home/billyfu/YatPC/lab6/heated_plate_valgrind)
 n0: 10368 in 3 places, all below massif's threshold (1.00%)
#-----------
snapshot=34
#-----------
time=372124978369
mem_heap_B=4204672
mem_heap_extra_B=8272
mem_stacks_B=39562376
heap_tree=detailed
n3: 4204672 (heap allocation functions) malloc/new/new[], --alloc-fns, etc.
 n1: 2097152 0x109820: heated_plate_pthreads (in /home/billyfu/YatPC/lab6/heated_plate_valgrind)
  n0: 2097152 0x109D55: main (in /home/billyfu/YatPC/lab6/heated_plate_valgrind)
 n1: 2097152 0x109850: heated_plate_pthreads (in /home/billyfu/YatPC/lab6/heated_plate_valgrind)
  n0: 2097152 0x109D55: main (in /home/billyfu/YatPC/lab6/heated_plate_valgrind)
 n0: 10368 in 3 places, all below massif's threshold (1.00%)
#-----------
snapshot=35
#-----------
time=380790368085
mem_heap_B=4204672
mem_heap_extra_B=8272
mem_stacks_B=40484736
heap_tree=detailed
n3: 4204672 (heap allocation functions) malloc/new/new[], --alloc-fns, etc.
 n1: 2097152 0x109820: heated_plate_pthreads (in /home/billyfu/YatPC/lab6/heated_plate_valgrind)
  n0: 2097152 0x109D55: main (in /home/billyfu/YatPC/lab6/heated_plate_valgrind)
 n1: 2097152 0x109850: heated_plate_pthreads (in /home/billyfu/YatPC/lab6/heated_plate_valgrind)
  n0: 2097152 0x109D55: main (in /home/billyfu/YatPC/lab6/heated_plate_valgrind)
 n0: 10368 in 3 places, all below massif's threshold (1.00%)
#-----------
snapshot=36
#-----------
time=389257907710
mem_heap_B=4204672
mem_heap_extra_B=8272
mem_stacks_B=41383464
heap_tree=detailed
n3: 4204672 (heap allocation functions) malloc/new/new[], --alloc-fns, etc.
 n1: 2097152 0x109820: heated_plate_pthreads (in /home/billyfu/YatPC/lab6/heated_plate_valgrind)
  n0: 2097152 0x109D55: main (in /home/billyfu/YatPC/lab6/heated_plate_valgrind)
 n1: 2097152 0x109850: heated_plate_pthreads (in /home/billyfu/YatPC/lab6/heated_plate_valgrind)
  n0: 2097152 0x109D55: main (in /home/billyfu/YatPC/lab6/heated_plate_valgrind)
 n0: 10368 in 3 places, all below massif's threshold (1.00%)
#-----------
snapshot=37
#-----------
time=397784559942
mem_heap_B=4204400
mem_heap_extra_B=8264
mem_stacks_B=42285968
heap_tree=empty
#-----------
snapshot=38
#-----------
time=406510994562
mem_heap_B=4204672
mem_heap_extra_B=8272
mem_stacks_B=43212048
heap_tree=empty
#-----------
snapshot=39
#-----------
time=415422217416
mem_heap_B=4203584
mem_heap_extra_B=8240
mem_stacks_B=44158288
heap_tree=empty
#-----------
snapshot=40
#-----------
time=424502625853
mem_heap_B=4204400
mem_heap_extra_B=8264
mem_stacks_B=45121416
heap_tree=empty
#-----------
snapshot=41
#-----------
time=433766723504
mem_heap_B=4204672
mem_heap_extra_B=8272
mem_stacks_B=46104456
heap_tree=empty
#-----------
snapshot=42
#-----------
time=443216906049
mem_heap_B=4204400
mem_heap_extra_B=8264
mem_stacks_B=47107568
heap_tree=empty
#-----------
snapshot=43
#-----------
time=452855676432
mem_heap_B=4204672
mem_heap_extra_B=8272
mem_stacks_B=48129416
heap_tree=empty
#-----------
snapshot=44
#-----------
time=462685449698
mem_heap_B=4203584
mem_heap_extra_B=8240
mem_stacks_B=49173328
heap_tree=empty
#-----------
snapshot=45
#-----------
time=472722864986
mem_heap_B=4204672
mem_heap_extra_B=8272
mem_stacks_B=50237432
heap_tree=empty
#-----------
snapshot=46
#-----------
time=482949099971
mem_heap_B=4204672
mem_heap_extra_B=8272
mem_stacks_B=51322768
heap_tree=empty
#-----------
snapshot=47
#-----------
time=493392747600
mem_heap_B=4204672
mem_heap_extra_B=8272
mem_stacks_B=52430056
heap_tree=empty
#-----------
snapshot=48
#-----------
time=505239320733
mem_heap_B=4204128
mem_heap_extra_B=8256
mem_stacks_B=53689056
heap_tree=detailed
n3: 4204128 (heap allocation functions) malloc/new/new[], --alloc-fns, etc.
 n1: 2097152 0x109820: heated_plate_pthreads (in /home/billyfu/YatPC/lab6/heated_plate_valgrind)
  n0: 2097152 0x109D55: main (in /home/billyfu/YatPC/lab6/heated_plate_valgrind)
 n1: 2097152 0x109850: heated_plate_pthreads (in /home/billyfu/YatPC/lab6/heated_plate_valgrind)
  n0: 2097152 0x109D55: main (in /home/billyfu/YatPC/lab6/heated_plate_valgrind)
 n0: 9824 in 3 places, all below massif's threshold (1.00%)
#-----------
snapshot=49
#-----------
time=509462030745
mem_heap_B=4203856
mem_heap_extra_B=8248
mem_stacks_B=54135248
heap_tree=empty
#-----------
snapshot=50
#-----------
time=510695624669
mem_heap_B=4204672
mem_heap_extra_B=8272
mem_stacks_B=54267544
heap_tree=detailed
n3: 4204672 (heap allocation functions) malloc/new/new[], --alloc-fns, etc.
 n1: 2097152 0x109820: heated_plate_pthreads (in /home/billyfu/YatPC/lab6/heated_plate_valgrind)
  n0: 2097152 0x109D55: main (in /home/billyfu/YatPC/lab6/heated_plate_valgrind)
 n1: 2097152 0x109850: heated_plate_pthreads (in /home/billyfu/YatPC/lab6/heated_plate_valgrind)
  n0: 2097152 0x109D55: main (in /home/billyfu/YatPC/lab6/heated_plate_valgrind)
 n0: 10368 in 3 places, all below massif's threshold (1.00%)
#-----------
snapshot=51
#-----------
time=513624337995
mem_heap_B=4204128
mem_heap_extra_B=8256
mem_stacks_B=54576848
heap_tree=empty
#-----------
snapshot=52
#-----------
time=516208746618
mem_heap_B=4204400
mem_heap_extra_B=8264
mem_stacks_B=54852736
heap_tree=detailed
n3: 4204400 (heap allocation functions) malloc/new/new[], --alloc-fns, etc.
 n1: 2097152 0x109820: heated_plate_pthreads (in /home/billyfu/YatPC/lab6/heated_plate_valgrind)
  n0: 2097152 0x109D55: main (in /home/billyfu/YatPC/lab6/heated_plate_valgrind)
 n1: 2097152 0x109850: heated_plate_pthreads (in /home/billyfu/YatPC/lab6/heated_plate_valgrind)
  n0: 2097152 0x109D55: main (in /home/billyfu/YatPC/lab6/heated_plate_valgrind)
 n0: 10096 in 3 places, all below massif's threshold (1.00%)
#-----------
snapshot=53
#-----------
time=519137449243
mem_heap_B=4203584
mem_heap_extra_B=8240
mem_stacks_B=55161488
heap_tree=empty
#-----------
snapshot=54
#-----------
time=521781168796
mem_heap_B=4204672
mem_heap_extra_B=8272
mem_stacks_B=55443384
heap_tree=detailed
n3: 4204672 (heap allocation functions) malloc/new/new[], --alloc-fns, etc.
 n1: 2097152 0x109820: heated_plate_pthreads (in /home/billyfu/YatPC/lab6/heated_plate_valgrind)
  n0: 2097152 0x109D55: main (in /home/billyfu/YatPC/lab6/heated_plate_valgrind)
 n1: 2097152 0x109850: heated_plate_pthreads (in /home/billyfu/YatPC/lab6/heated_plate_valgrind)
  n0: 2097152 0x109D55: main (in /home/billyfu/YatPC/lab6/heated_plate_valgrind)
 n0: 10368 in 3 places, all below massif's threshold (1.00%)
#-----------
snapshot=55
#-----------
time=524709870500
mem_heap_B=4204400
mem_heap_extra_B=8264
mem_stacks_B=55752528
heap_tree=empty
#-----------
snapshot=56
#-----------
time=527401944730
mem_heap_B=4204400
mem_heap_extra_B=8264
mem_stacks_B=56040416
heap_tree=detailed
n3: 4204400 (heap allocation functions) malloc/new/new[], --alloc-fns, etc.
 n1: 2097152 0x109820: heated_plate_pthreads (in /home/billyfu/YatPC/lab6/heated_plate_valgrind)
  n0: 2097152 0x109D55: main (in /home/billyfu/YatPC/lab6/heated_plate_valgrind)
 n1: 2097152 0x109850: heated_plate_pthreads (in /home/billyfu/YatPC/lab6/heated_plate_valgrind)
  n0: 2097152 0x109D55: main (in /home/billyfu/YatPC/lab6/heated_plate_valgrind)
 n0: 10096 in 3 places, all below massif's threshold (1.00%)
#-----------
snapshot=57
#-----------
time=530330640251
mem_heap_B=4203584
mem_heap_extra_B=8240
mem_stacks_B=56349008
heap_tree=empty
#-----------
snapshot=58
#-----------
time=533083736986
mem_heap_B=4204400
mem_heap_extra_B=8264
mem_stacks_B=56642976
heap_tree=detailed
n3: 4204400 (heap allocation functions) malloc/new/new[], --alloc-fns, etc.
 n1: 2097152 0x109820: heated_plate_pthreads (in /home/billyfu/YatPC/lab6/heated_plate_valgrind)
  n0: 2097152 0x109D55: main (in /home/billyfu/YatPC/lab6/heated_plate_valgrind)
 n1: 2097152 0x109850: heated_plate_pthreads (in /home/billyfu/YatPC/lab6/heated_plate_valgrind)
  n0: 2097152 0x109D55: main (in /home/billyfu/YatPC/lab6/heated_plate_valgrind)
 n0: 10096 in 3 places, all below massif's threshold (1.00%)
#-----------
snapshot=59
#-----------
time=536012427399
mem_heap_B=4204400
mem_heap_extra_B=8264
mem_stacks_B=56951568
heap_tree=empty
#-----------
snapshot=60
#-----------
time=538832053208
mem_heap_B=4203584
mem_heap_extra_B=8240
mem_stacks_B=57252416
heap_tree=detailed
n3: 4203584 (heap allocation functions) malloc/new/new[], --alloc-fns, etc.
 n1: 2097152 0x109820: heated_plate_pthreads (in /home/billyfu/YatPC/lab6/heated_plate_valgrind)
  n0: 2097152 0x109D55: main (in /home/billyfu/YatPC/lab6/heated_plate_valgrind)
 n1: 2097152 0x109850: heated_plate_pthreads (in /home/billyfu/YatPC/lab6/heated_plate_valgrind)
  n0: 2097152 0x109D55: main (in /home/billyfu/YatPC/lab6/heated_plate_valgrind)
 n0: 9280 in 3 places, all below massif's threshold (1.00%)
#-----------
snapshot=61
#-----------
time=541760770894
mem_heap_B=4204672
mem_heap_extra_B=8272
mem_stacks_B=57560616
heap_tree=empty
#-----------
snapshot=62
#-----------
time=544616082045
mem_heap_B=4204672
mem_heap_extra_B=8272
mem_stacks_B=57866016
heap_tree=detailed
n3: 4204672 (heap allocation functions) malloc/new/new[], --alloc-fns, etc.
 n1: 2097152 0x109820: heated_plate_pthreads (in /home/billyfu/YatPC/lab6/heated_plate_valgrind)
  n0: 2097152 0x109D55: main (in /home/billyfu/YatPC/lab6/heated_plate_valgrind)
 n1: 2097152 0x109850: heated_plate_pthreads (in /home/billyfu/YatPC/lab6/heated_plate_valgrind)
  n0: 2097152 0x109D55: main (in /home/billyfu/YatPC/lab6/heated_plate_valgrind)
 n0: 10368 in 3 places, all below massif's threshold (1.00%)
#-----------
snapshot=63
#-----------
time=547544771937
mem_heap_B=4204128
mem_heap_extra_B=8256
mem_stacks_B=58174928
heap_tree=empty
#-----------
snapshot=64
#-----------
time=550464774225
mem_heap_B=4204672
mem_heap_extra_B=8272
mem_stacks_B=58486816
heap_tree=detailed
n3: 4204672 (heap allocation functions) malloc/new/new[], --alloc-fns, etc.
 n1: 2097152 0x109820: heated_plate_pthreads (in /home/billyfu/YatPC/lab6/heated_plate_valgrind)
  n0: 2097152 0x109D55: main (in /home/billyfu/YatPC/lab6/heated_plate_valgrind)
 n1: 2097152 0x109850: heated_plate_pthreads (in /home/billyfu/YatPC/lab6/heated_plate_valgrind)
  n0: 2097152 0x109D55: main (in /home/billyfu/YatPC/lab6/heated_plate_valgrind)
 n0: 10368 in 3 places, all below massif's threshold (1.00%)
#-----------
snapshot=65
#-----------
time=553393468781
mem_heap_B=4204128
mem_heap_extra_B=8256
mem_stacks_B=58795248
heap_tree=empty
#-----------
snapshot=66
#-----------
time=556322162846
mem_heap_B=4204672
mem_heap_extra_B=8272
mem_stacks_B=59105416
heap_tree=empty
#-----------
snapshot=67
#-----------
time=556382324475
mem_heap_B=4204672
mem_heap_extra_B=8272
mem_stacks_B=59114016
heap_tree=detailed
n3: 4204672 (heap allocation functions) malloc/new/new[], --alloc-fns, etc.
 n1: 2097152 0x109820: heated_plate_pthreads (in /home/billyfu/YatPC/lab6/heated_plate_valgrind)
  n0: 2097152 0x109D55: main (in /home/billyfu/YatPC/lab6/heated_plate_valgrind)
 n1: 2097152 0x109850: heated_plate_pthreads (in /home/billyfu/YatPC/lab6/heated_plate_valgrind)
  n0: 2097152 0x109D55: main (in /home/billyfu/YatPC/lab6/heated_plate_valgrind)
 n0: 10368 in 3 places, all below massif's threshold (1.00%)
#-----------
snapshot=68
#-----------
time=559311028684
mem_heap_B=4204400
mem_heap_extra_B=8264
mem_stacks_B=59422928
heap_tree=empty
#-----------
snapshot=69
#-----------
time=562239730864
mem_heap_B=4204672
mem_heap_extra_B=8272
mem_stacks_B=59733648
heap_tree=empty
#-----------
snapshot=70
#-----------
time=562358436488
mem_heap_B=4204672
mem_heap_extra_B=8272
mem_stacks_B=59747384
heap_tree=detailed
n3: 4204672 (heap allocation functions) malloc/new/new[], --alloc-fns, etc.
 n1: 2097152 0x109820: heated_plate_pthreads (in /home/billyfu/YatPC/lab6/heated_plate_valgrind)
  n0: 2097152 0x109D55: main (in /home/billyfu/YatPC/lab6/heated_plate_valgrind)
 n1: 2097152 0x109850: heated_plate_pthreads (in /home/billyfu/YatPC/lab6/heated_plate_valgrind)
  n0: 2097152 0x109D55: main (in /home/billyfu/YatPC/lab6/heated_plate_valgrind)
 n0: 10368 in 3 places, all below massif's threshold (1.00%)
#-----------
snapshot=71
#-----------
time=565287127726
mem_heap_B=4204400
mem_heap_extra_B=8264
mem_stacks_B=60056688
heap_tree=empty
#-----------
snapshot=72
#-----------
time=568215821769
mem_heap_B=4204672
mem_heap_extra_B=8272
mem_stacks_B=60367016
heap_tree=empty
#-----------
snapshot=73
#-----------
time=568387933954
mem_heap_B=4204672
mem_heap_extra_B=8272
mem_stacks_B=60387936
heap_tree=detailed
n3: 4204672 (heap allocation functions) malloc/new/new[], --alloc-fns, etc.
 n1: 2097152 0x109820: heated_plate_pthreads (in /home/billyfu/YatPC/lab6/heated_plate_valgrind)
  n0: 2097152 0x109D55: main (in /home/billyfu/YatPC/lab6/heated_plate_valgrind)
 n1: 2097152 0x109850: heated_plate_pthreads (in /home/billyfu/YatPC/lab6/heated_plate_valgrind)
  n0: 2097152 0x109D55: main (in /home/billyfu/YatPC/lab6/heated_plate_valgrind)
 n0: 10368 in 3 places, all below massif's threshold (1.00%)
#-----------
snapshot=74
#-----------
time=571316623702
mem_heap_B=4203584
mem_heap_extra_B=8240
mem_stacks_B=60696368
heap_tree=empty
#-----------
snapshot=75
#-----------
time=574245314297
mem_heap_B=4204400
mem_heap_extra_B=8264
mem_stacks_B=61006376
heap_tree=empty
#-----------
snapshot=76
#-----------
time=574485043272
mem_heap_B=4204672
mem_heap_extra_B=8272
mem_stacks_B=61034016
heap_tree=detailed
n3: 4204672 (heap allocation functions) malloc/new/new[], --alloc-fns, etc.
 n1: 2097152 0x109820: heated_plate_pthreads (in /home/billyfu/YatPC/lab6/heated_plate_valgrind)
  n0: 2097152 0x109D55: main (in /home/billyfu/YatPC/lab6/heated_plate_valgrind)
 n1: 2097152 0x109850: heated_plate_pthreads (in /home/billyfu/YatPC/lab6/heated_plate_valgrind)
  n0: 2097152 0x109D55: main (in /home/billyfu/YatPC/lab6/heated_plate_valgrind)
 n0: 10368 in 3 places, all below massif's threshold (1.00%)
#-----------
snapshot=77
#-----------
time=577413761625
mem_heap_B=4204400
mem_heap_extra_B=8264
mem_stacks_B=61342928
heap_tree=empty
#-----------
snapshot=78
#-----------
time=580342469160
mem_heap_B=4203584
mem_heap_extra_B=8240
mem_stacks_B=61653648
heap_tree=empty
#-----------
snapshot=79
#-----------
time=580642639270
mem_heap_B=4204672
mem_heap_extra_B=8272
mem_stacks_B=61686584
heap_tree=detailed
n3: 4204672 (heap allocation functions) malloc/new/new[], --alloc-fns, etc.
 n1: 2097152 0x109820: heated_plate_pthreads (in /home/billyfu/YatPC/lab6/heated_plate_valgrind)
  n0: 2097152 0x109D55: main (in /home/billyfu/YatPC/lab6/heated_plate_valgrind)
 n1: 2097152 0x109850: heated_plate_pthreads (in /home/billyfu/YatPC/lab6/heated_plate_valgrind)
  n0: 2097152 0x109D55: main (in /home/billyfu/YatPC/lab6/heated_plate_valgrind)
 n0: 10368 in 3 places, all below massif's threshold (1.00%)
#-----------
snapshot=80
#-----------
time=583571345622
mem_heap_B=4204672
mem_heap_extra_B=8272
mem_stacks_B=61995888
heap_tree=empty
#-----------
snapshot=81
#-----------
time=586500039041
mem_heap_B=4204128
mem_heap_extra_B=8256
mem_stacks_B=62306608
heap_tree=empty
#-----------
snapshot=82
#-----------
time=586851730661
mem_heap_B=4204672
mem_heap_extra_B=8272
mem_stacks_B=62345624
heap_tree=detailed
n3: 4204672 (heap allocation functions) malloc/new/new[], --alloc-fns, etc.
 n1: 2097152 0x109820: heated_plate_pthreads (in /home/billyfu/YatPC/lab6/heated_plate_valgrind)
  n0: 2097152 0x109D55: main (in /home/billyfu/YatPC/lab6/heated_plate_valgrind)
 n1: 2097152 0x109850: heated_plate_pthreads (in /home/billyfu/YatPC/lab6/heated_plate_valgrind)
  n0: 2097152 0x109D55: main (in /home/billyfu/YatPC/lab6/heated_plate_valgrind)
 n0: 10368 in 3 places, all below massif's threshold (1.00%)
#-----------
snapshot=83
#-----------
time=589780430555
mem_heap_B=4203584
mem_heap_extra_B=8240
mem_stacks_B=62654448
heap_tree=empty
#-----------
snapshot=84
#-----------
time=592709123403
mem_heap_B=4204672
mem_heap_extra_B=8272
mem_stacks_B=62964456
heap_tree=empty
#-----------
snapshot=85
#-----------
time=593138129729
mem_heap_B=4203856
mem_heap_extra_B=8248
mem_stacks_B=63012096
heap_tree=detailed
n3: 4203856 (heap allocation functions) malloc/new/new[], --alloc-fns, etc.
 n1: 2097152 0x109820: heated_plate_pthreads (in /home/billyfu/YatPC/lab6/heated_plate_valgrind)
  n0: 2097152 0x109D55: main (in /home/billyfu/YatPC/lab6/heated_plate_valgrind)
 n1: 2097152 0x109850: heated_plate_pthreads (in /home/billyfu/YatPC/lab6/heated_plate_valgrind)
  n0: 2097152 0x109D55: main (in /home/billyfu/YatPC/lab6/heated_plate_valgrind)
 n0: 9552 in 3 places, all below massif's threshold (1.00%)
#-----------
snapshot=86
#-----------
time=596066821230
mem_heap_B=4204672
mem_heap_extra_B=8272
mem_stacks_B=63320456
heap_tree=empty
#-----------
snapshot=87
#-----------
time=598995533829
mem_heap_B=4204400
mem_heap_extra_B=8264
mem_stacks_B=63631568
heap_tree=empty
#-----------
snapshot=88
#-----------
time=599477218544
mem_heap_B=4203856
mem_heap_extra_B=8248
mem_stacks_B=63684416
heap_tree=detailed
n3: 4203856 (heap allocation functions) malloc/new/new[], --alloc-fns, etc.
 n1: 2097152 0x109820: heated_plate_pthreads (in /home/billyfu/YatPC/lab6/heated_plate_valgrind)
  n0: 2097152 0x109D55: main (in /home/billyfu/YatPC/lab6/heated_plate_valgrind)
 n1: 2097152 0x109850: heated_plate_pthreads (in /home/billyfu/YatPC/lab6/heated_plate_valgrind)
  n0: 2097152 0x109D55: main (in /home/billyfu/YatPC/lab6/heated_plate_valgrind)
 n0: 9552 in 3 places, all below massif's threshold (1.00%)
#-----------
snapshot=89
#-----------
time=602405916113
mem_heap_B=4204672
mem_heap_extra_B=8272
mem_stacks_B=63992616
heap_tree=empty
#-----------
snapshot=90
#-----------
time=605334628118
mem_heap_B=4204128
mem_heap_extra_B=8256
mem_stacks_B=64303728
heap_tree=empty
#-----------
snapshot=91
#-----------
time=605873138888
mem_heap_B=4204672
mem_heap_extra_B=8272
mem_stacks_B=64362584
heap_tree=detailed
n3: 4204672 (heap allocation functions) malloc/new/new[], --alloc-fns, etc.
 n1: 2097152 0x109820: heated_plate_pthreads (in /home/billyfu/YatPC/lab6/heated_plate_valgrind)
  n0: 2097152 0x109D55: main (in /home/billyfu/YatPC/lab6/heated_plate_valgrind)
 n1: 2097152 0x109850: heated_plate_pthreads (in /home/billyfu/YatPC/lab6/heated_plate_valgrind)
  n0: 2097152 0x109D55: main (in /home/billyfu/YatPC/lab6/heated_plate_valgrind)
 n0: 10368 in 3 places, all below massif's threshold (1.00%)
#-----------
snapshot=92
#-----------
time=608801851150
mem_heap_B=4204672
mem_heap_extra_B=8272
mem_stacks_B=64671888
heap_tree=empty
#-----------
snapshot=93
#-----------
time=611730550502
mem_heap_B=4203856
mem_heap_extra_B=8248
mem_stacks_B=64982608
heap_tree=empty
#-----------
snapshot=94
#-----------
time=612339752051
mem_heap_B=4204400
mem_heap_extra_B=8264
mem_stacks_B=65048736
heap_tree=peak
n3: 4204400 (heap allocation functions) malloc/new/new[], --alloc-fns, etc.
 n1: 2097152 0x109820: heated_plate_pthreads (in /home/billyfu/YatPC/lab6/heated_plate_valgrind)
  n0: 2097152 0x109D55: main (in /home/billyfu/YatPC/lab6/heated_plate_valgrind)
 n1: 2097152 0x109850: heated_plate_pthreads (in /home/billyfu/YatPC/lab6/heated_plate_valgrind)
  n0: 2097152 0x109D55: main (in /home/billyfu/YatPC/lab6/heated_plate_valgrind)
 n0: 10096 in 3 places, all below massif's threshold (1.00%)
#-----------
snapshot=95
#-----------
time=615268448309
mem_heap_B=4204672
mem_heap_extra_B=8272
mem_stacks_B=65356776
heap_tree=empty
