desc: --massif-out-file=valgrind_logs/massif_M8_N8_T4_S1.out --stacks=yes
cmd: ./heated_plate_valgrind 8 8 4 1
time_unit: i
#-----------
snapshot=0
#-----------
time=0
mem_heap_B=0
mem_heap_extra_B=0
mem_stacks_B=0
heap_tree=empty
#-----------
snapshot=1
#-----------
time=64061
mem_heap_B=0
mem_heap_extra_B=0
mem_stacks_B=5768
heap_tree=empty
#-----------
snapshot=2
#-----------
time=103652
mem_heap_B=0
mem_heap_extra_B=0
mem_stacks_B=1768
heap_tree=empty
#-----------
snapshot=3
#-----------
time=131288
mem_heap_B=0
mem_heap_extra_B=0
mem_stacks_B=1528
heap_tree=empty
#-----------
snapshot=4
#-----------
time=170542
mem_heap_B=0
mem_heap_extra_B=0
mem_stacks_B=1528
heap_tree=empty
#-----------
snapshot=5
#-----------
time=212308
mem_heap_B=2240
mem_heap_extra_B=176
mem_stacks_B=2792
heap_tree=empty
#-----------
snapshot=6
#-----------
time=272161
mem_heap_B=2240
mem_heap_extra_B=176
mem_stacks_B=5928
heap_tree=empty
#-----------
snapshot=7
#-----------
time=324028
mem_heap_B=2240
mem_heap_extra_B=176
mem_stacks_B=8912
heap_tree=empty
#-----------
snapshot=8
#-----------
time=365895
mem_heap_B=2240
mem_heap_extra_B=176
mem_stacks_B=12800
heap_tree=detailed
n4: 2240 (heap allocation functions) malloc/new/new[], --alloc-fns, etc.
 n1: 1088 0x40145AB: calloc (rtld-malloc.h:44)
  n1: 1088 0x40145AB: allocate_dtv (dl-tls.c:370)
   n1: 1088 0x40145AB: _dl_allocate_tls (dl-tls.c:629)
    n1: 1088 0x4900616: allocate_stack (allocatestack.c:429)
     n1: 1088 0x4900616: pthread_create@@GLIBC_2.34 (pthread_create.c:655)
      n1: 1088 0x48528D8: parallel_for (in /home/billyfu/YatPC/lab6/libparallel_for.so)
       n1: 1088 0x1098BA: heated_plate_pthreads (in /home/billyfu/YatPC/lab6/heated_plate_valgrind)
        n0: 1088 0x109D55: main (in /home/billyfu/YatPC/lab6/heated_plate_valgrind)
 n1: 512 0x109820: heated_plate_pthreads (in /home/billyfu/YatPC/lab6/heated_plate_valgrind)
  n0: 512 0x109D55: main (in /home/billyfu/YatPC/lab6/heated_plate_valgrind)
 n1: 512 0x109850: heated_plate_pthreads (in /home/billyfu/YatPC/lab6/heated_plate_valgrind)
  n0: 512 0x109D55: main (in /home/billyfu/YatPC/lab6/heated_plate_valgrind)
 n0: 128 in 2 places, all below massif's threshold (1.00%)
#-----------
snapshot=9
#-----------
time=412313
mem_heap_B=2240
mem_heap_extra_B=176
mem_stacks_B=15248
heap_tree=detailed
n4: 2240 (heap allocation functions) malloc/new/new[], --alloc-fns, etc.
 n1: 1088 0x40145AB: calloc (rtld-malloc.h:44)
  n1: 1088 0x40145AB: allocate_dtv (dl-tls.c:370)
   n1: 1088 0x40145AB: _dl_allocate_tls (dl-tls.c:629)
    n1: 1088 0x4900616: allocate_stack (allocatestack.c:429)
     n1: 1088 0x4900616: pthread_create@@GLIBC_2.34 (pthread_create.c:655)
      n1: 1088 0x48528D8: parallel_for (in /home/billyfu/YatPC/lab6/libparallel_for.so)
       n1: 1088 0x1098BA: heated_plate_pthreads (in /home/billyfu/YatPC/lab6/heated_plate_valgrind)
        n0: 1088 0x109D55: main (in /home/billyfu/YatPC/lab6/heated_plate_valgrind)
 n1: 512 0x109820: heated_plate_pthreads (in /home/billyfu/YatPC/lab6/heated_plate_valgrind)
  n0: 512 0x109D55: main (in /home/billyfu/YatPC/lab6/heated_plate_valgrind)
 n1: 512 0x109850: heated_plate_pthreads (in /home/billyfu/YatPC/lab6/heated_plate_valgrind)
  n0: 512 0x109D55: main (in /home/billyfu/YatPC/lab6/heated_plate_valgrind)
 n0: 128 in 2 places, all below massif's threshold (1.00%)
#-----------
snapshot=10
#-----------
time=441163
mem_heap_B=2240
mem_heap_extra_B=176
mem_stacks_B=14024
heap_tree=empty
#-----------
snapshot=11
#-----------
time=494443
mem_heap_B=2240
mem_heap_extra_B=176
mem_stacks_B=17080
heap_tree=empty
#-----------
snapshot=12
#-----------
time=553891
mem_heap_B=2240
mem_heap_extra_B=176
mem_stacks_B=20432
heap_tree=empty
#-----------
snapshot=13
#-----------
time=599383
mem_heap_B=2240
mem_heap_extra_B=176
mem_stacks_B=24240
heap_tree=empty
#-----------
snapshot=14
#-----------
time=631800
mem_heap_B=2240
mem_heap_extra_B=176
mem_stacks_B=24272
heap_tree=empty
#-----------
snapshot=15
#-----------
time=683726
mem_heap_B=2240
mem_heap_extra_B=176
mem_stacks_B=26832
heap_tree=empty
#-----------
snapshot=16
#-----------
time=740626
mem_heap_B=2240
mem_heap_extra_B=176
mem_stacks_B=29424
heap_tree=empty
#-----------
snapshot=17
#-----------
time=773182
mem_heap_B=2240
mem_heap_extra_B=176
mem_stacks_B=33280
heap_tree=detailed
n4: 2240 (heap allocation functions) malloc/new/new[], --alloc-fns, etc.
 n1: 1088 0x40145AB: calloc (rtld-malloc.h:44)
  n1: 1088 0x40145AB: allocate_dtv (dl-tls.c:370)
   n1: 1088 0x40145AB: _dl_allocate_tls (dl-tls.c:629)
    n1: 1088 0x4900616: allocate_stack (allocatestack.c:429)
     n1: 1088 0x4900616: pthread_create@@GLIBC_2.34 (pthread_create.c:655)
      n1: 1088 0x48528D8: parallel_for (in /home/billyfu/YatPC/lab6/libparallel_for.so)
       n1: 1088 0x1098BA: heated_plate_pthreads (in /home/billyfu/YatPC/lab6/heated_plate_valgrind)
        n0: 1088 0x109D55: main (in /home/billyfu/YatPC/lab6/heated_plate_valgrind)
 n1: 512 0x109820: heated_plate_pthreads (in /home/billyfu/YatPC/lab6/heated_plate_valgrind)
  n0: 512 0x109D55: main (in /home/billyfu/YatPC/lab6/heated_plate_valgrind)
 n1: 512 0x109850: heated_plate_pthreads (in /home/billyfu/YatPC/lab6/heated_plate_valgrind)
  n0: 512 0x109D55: main (in /home/billyfu/YatPC/lab6/heated_plate_valgrind)
 n0: 128 in 2 places, all below massif's threshold (1.00%)
#-----------
snapshot=18
#-----------
time=822174
mem_heap_B=2240
mem_heap_extra_B=176
mem_stacks_B=33872
heap_tree=empty
#-----------
snapshot=19
#-----------
time=859300
mem_heap_B=2240
mem_heap_extra_B=176
mem_stacks_B=37592
heap_tree=empty
#-----------
snapshot=20
#-----------
time=908923
mem_heap_B=2240
mem_heap_extra_B=176
mem_stacks_B=38128
heap_tree=empty
#-----------
snapshot=21
#-----------
time=972146
mem_heap_B=2240
mem_heap_extra_B=176
mem_stacks_B=41088
heap_tree=empty
#-----------
snapshot=22
#-----------
time=1025409
mem_heap_B=2240
mem_heap_extra_B=176
mem_stacks_B=45920
heap_tree=detailed
n4: 2240 (heap allocation functions) malloc/new/new[], --alloc-fns, etc.
 n1: 1088 0x40145AB: calloc (rtld-malloc.h:44)
  n1: 1088 0x40145AB: allocate_dtv (dl-tls.c:370)
   n1: 1088 0x40145AB: _dl_allocate_tls (dl-tls.c:629)
    n1: 1088 0x4900616: allocate_stack (allocatestack.c:429)
     n1: 1088 0x4900616: pthread_create@@GLIBC_2.34 (pthread_create.c:655)
      n1: 1088 0x48528D8: parallel_for (in /home/billyfu/YatPC/lab6/libparallel_for.so)
       n1: 1088 0x1098BA: heated_plate_pthreads (in /home/billyfu/YatPC/lab6/heated_plate_valgrind)
        n0: 1088 0x109D55: main (in /home/billyfu/YatPC/lab6/heated_plate_valgrind)
 n1: 512 0x109820: heated_plate_pthreads (in /home/billyfu/YatPC/lab6/heated_plate_valgrind)
  n0: 512 0x109D55: main (in /home/billyfu/YatPC/lab6/heated_plate_valgrind)
 n1: 512 0x109850: heated_plate_pthreads (in /home/billyfu/YatPC/lab6/heated_plate_valgrind)
  n0: 512 0x109D55: main (in /home/billyfu/YatPC/lab6/heated_plate_valgrind)
 n0: 128 in 2 places, all below massif's threshold (1.00%)
#-----------
snapshot=23
#-----------
time=1076154
mem_heap_B=2240
mem_heap_extra_B=176
mem_stacks_B=46208
heap_tree=empty
#-----------
snapshot=24
#-----------
time=1109595
mem_heap_B=2240
mem_heap_extra_B=176
mem_stacks_B=50128
heap_tree=detailed
n2: 2240 (heap allocation functions) malloc/new/new[], --alloc-fns, etc.
 n0: 1152 in 4 places, all below massif's threshold (1.00%)
 n1: 1088 0x40145AB: calloc (rtld-malloc.h:44)
  n1: 1088 0x40145AB: allocate_dtv (dl-tls.c:370)
   n1: 1088 0x40145AB: _dl_allocate_tls (dl-tls.c:629)
    n1: 1088 0x4900616: allocate_stack (allocatestack.c:429)
     n1: 1088 0x4900616: pthread_create@@GLIBC_2.34 (pthread_create.c:655)
      n1: 1088 0x48528D8: parallel_for (in /home/billyfu/YatPC/lab6/libparallel_for.so)
       n1: 1088 0x1098BA: heated_plate_pthreads (in /home/billyfu/YatPC/lab6/heated_plate_valgrind)
        n0: 1088 0x109D55: main (in /home/billyfu/YatPC/lab6/heated_plate_valgrind)
#-----------
snapshot=25
#-----------
time=1160149
mem_heap_B=2240
mem_heap_extra_B=176
mem_stacks_B=52640
heap_tree=detailed
n2: 2240 (heap allocation functions) malloc/new/new[], --alloc-fns, etc.
 n0: 1152 in 4 places, all below massif's threshold (1.00%)
 n1: 1088 0x40145AB: calloc (rtld-malloc.h:44)
  n1: 1088 0x40145AB: allocate_dtv (dl-tls.c:370)
   n1: 1088 0x40145AB: _dl_allocate_tls (dl-tls.c:629)
    n1: 1088 0x4900616: allocate_stack (allocatestack.c:429)
     n1: 1088 0x4900616: pthread_create@@GLIBC_2.34 (pthread_create.c:655)
      n1: 1088 0x48528D8: parallel_for (in /home/billyfu/YatPC/lab6/libparallel_for.so)
       n1: 1088 0x1098BA: heated_plate_pthreads (in /home/billyfu/YatPC/lab6/heated_plate_valgrind)
        n0: 1088 0x109D55: main (in /home/billyfu/YatPC/lab6/heated_plate_valgrind)
#-----------
snapshot=26
#-----------
time=1222397
mem_heap_B=2240
mem_heap_extra_B=176
mem_stacks_B=53560
heap_tree=empty
#-----------
snapshot=27
#-----------
time=1249173
mem_heap_B=2240
mem_heap_extra_B=176
mem_stacks_B=54944
heap_tree=empty
#-----------
snapshot=28
#-----------
time=1299013
mem_heap_B=2240
mem_heap_extra_B=176
mem_stacks_B=59512
heap_tree=empty
#-----------
snapshot=29
#-----------
time=1344347
mem_heap_B=2240
mem_heap_extra_B=176
mem_stacks_B=59648
heap_tree=empty
#-----------
snapshot=30
#-----------
time=1403028
mem_heap_B=2240
mem_heap_extra_B=176
mem_stacks_B=64800
heap_tree=detailed
n2: 2240 (heap allocation functions) malloc/new/new[], --alloc-fns, etc.
 n0: 1152 in 4 places, all below massif's threshold (1.00%)
 n1: 1088 0x40145AB: calloc (rtld-malloc.h:44)
  n1: 1088 0x40145AB: allocate_dtv (dl-tls.c:370)
   n1: 1088 0x40145AB: _dl_allocate_tls (dl-tls.c:629)
    n1: 1088 0x4900616: allocate_stack (allocatestack.c:429)
     n1: 1088 0x4900616: pthread_create@@GLIBC_2.34 (pthread_create.c:655)
      n1: 1088 0x48528D8: parallel_for (in /home/billyfu/YatPC/lab6/libparallel_for.so)
       n1: 1088 0x1098BA: heated_plate_pthreads (in /home/billyfu/YatPC/lab6/heated_plate_valgrind)
        n0: 1088 0x109D55: main (in /home/billyfu/YatPC/lab6/heated_plate_valgrind)
#-----------
snapshot=31
#-----------
time=1452201
mem_heap_B=2240
mem_heap_extra_B=176
mem_stacks_B=67200
heap_tree=detailed
n2: 2240 (heap allocation functions) malloc/new/new[], --alloc-fns, etc.
 n0: 1152 in 4 places, all below massif's threshold (1.00%)
 n1: 1088 0x40145AB: calloc (rtld-malloc.h:44)
  n1: 1088 0x40145AB: allocate_dtv (dl-tls.c:370)
   n1: 1088 0x40145AB: _dl_allocate_tls (dl-tls.c:629)
    n1: 1088 0x4900616: allocate_stack (allocatestack.c:429)
     n1: 1088 0x4900616: pthread_create@@GLIBC_2.34 (pthread_create.c:655)
      n1: 1088 0x48528D8: parallel_for (in /home/billyfu/YatPC/lab6/libparallel_for.so)
       n1: 1088 0x1098BA: heated_plate_pthreads (in /home/billyfu/YatPC/lab6/heated_plate_valgrind)
        n0: 1088 0x109D55: main (in /home/billyfu/YatPC/lab6/heated_plate_valgrind)
#-----------
snapshot=32
#-----------
time=1518035
mem_heap_B=2240
mem_heap_extra_B=176
mem_stacks_B=70560
heap_tree=detailed
n2: 2240 (heap allocation functions) malloc/new/new[], --alloc-fns, etc.
 n0: 1152 in 4 places, all below massif's threshold (1.00%)
 n1: 1088 0x40145AB: calloc (rtld-malloc.h:44)
  n1: 1088 0x40145AB: allocate_dtv (dl-tls.c:370)
   n1: 1088 0x40145AB: _dl_allocate_tls (dl-tls.c:629)
    n1: 1088 0x4900616: allocate_stack (allocatestack.c:429)
     n1: 1088 0x4900616: pthread_create@@GLIBC_2.34 (pthread_create.c:655)
      n1: 1088 0x48528D8: parallel_for (in /home/billyfu/YatPC/lab6/libparallel_for.so)
       n1: 1088 0x1098BA: heated_plate_pthreads (in /home/billyfu/YatPC/lab6/heated_plate_valgrind)
        n0: 1088 0x109D55: main (in /home/billyfu/YatPC/lab6/heated_plate_valgrind)
#-----------
snapshot=33
#-----------
time=1556716
mem_heap_B=2240
mem_heap_extra_B=176
mem_stacks_B=72088
heap_tree=empty
#-----------
snapshot=34
#-----------
time=1587373
mem_heap_B=2240
mem_heap_extra_B=176
mem_stacks_B=74080
heap_tree=detailed
n2: 2240 (heap allocation functions) malloc/new/new[], --alloc-fns, etc.
 n0: 1152 in 4 places, all below massif's threshold (1.00%)
 n1: 1088 0x40145AB: calloc (rtld-malloc.h:44)
  n1: 1088 0x40145AB: allocate_dtv (dl-tls.c:370)
   n1: 1088 0x40145AB: _dl_allocate_tls (dl-tls.c:629)
    n1: 1088 0x4900616: allocate_stack (allocatestack.c:429)
     n1: 1088 0x4900616: pthread_create@@GLIBC_2.34 (pthread_create.c:655)
      n1: 1088 0x48528D8: parallel_for (in /home/billyfu/YatPC/lab6/libparallel_for.so)
       n1: 1088 0x1098BA: heated_plate_pthreads (in /home/billyfu/YatPC/lab6/heated_plate_valgrind)
        n0: 1088 0x109D55: main (in /home/billyfu/YatPC/lab6/heated_plate_valgrind)
#-----------
snapshot=35
#-----------
time=1625160
mem_heap_B=2240
mem_heap_extra_B=176
mem_stacks_B=73712
heap_tree=empty
#-----------
snapshot=36
#-----------
time=1658378
mem_heap_B=2240
mem_heap_extra_B=176
mem_stacks_B=77600
heap_tree=detailed
n2: 2240 (heap allocation functions) malloc/new/new[], --alloc-fns, etc.
 n0: 1152 in 4 places, all below massif's threshold (1.00%)
 n1: 1088 0x40145AB: calloc (rtld-malloc.h:44)
  n1: 1088 0x40145AB: allocate_dtv (dl-tls.c:370)
   n1: 1088 0x40145AB: _dl_allocate_tls (dl-tls.c:629)
    n1: 1088 0x4900616: allocate_stack (allocatestack.c:429)
     n1: 1088 0x4900616: pthread_create@@GLIBC_2.34 (pthread_create.c:655)
      n1: 1088 0x48528D8: parallel_for (in /home/billyfu/YatPC/lab6/libparallel_for.so)
       n1: 1088 0x1098BA: heated_plate_pthreads (in /home/billyfu/YatPC/lab6/heated_plate_valgrind)
        n0: 1088 0x109D55: main (in /home/billyfu/YatPC/lab6/heated_plate_valgrind)
#-----------
snapshot=37
#-----------
time=1694511
mem_heap_B=2240
mem_heap_extra_B=176
mem_stacks_B=79408
heap_tree=detailed
n2: 2240 (heap allocation functions) malloc/new/new[], --alloc-fns, etc.
 n0: 1152 in 4 places, all below massif's threshold (1.00%)
 n1: 1088 0x40145AB: calloc (rtld-malloc.h:44)
  n1: 1088 0x40145AB: allocate_dtv (dl-tls.c:370)
   n1: 1088 0x40145AB: _dl_allocate_tls (dl-tls.c:629)
    n1: 1088 0x4900616: allocate_stack (allocatestack.c:429)
     n1: 1088 0x4900616: pthread_create@@GLIBC_2.34 (pthread_create.c:655)
      n1: 1088 0x48528D8: parallel_for (in /home/billyfu/YatPC/lab6/libparallel_for.so)
       n1: 1088 0x1098BA: heated_plate_pthreads (in /home/billyfu/YatPC/lab6/heated_plate_valgrind)
        n0: 1088 0x109D55: main (in /home/billyfu/YatPC/lab6/heated_plate_valgrind)
#-----------
snapshot=38
#-----------
time=1732895
mem_heap_B=2240
mem_heap_extra_B=176
mem_stacks_B=81328
heap_tree=detailed
n2: 2240 (heap allocation functions) malloc/new/new[], --alloc-fns, etc.
 n0: 1152 in 4 places, all below massif's threshold (1.00%)
 n1: 1088 0x40145AB: calloc (rtld-malloc.h:44)
  n1: 1088 0x40145AB: allocate_dtv (dl-tls.c:370)
   n1: 1088 0x40145AB: _dl_allocate_tls (dl-tls.c:629)
    n1: 1088 0x4900616: allocate_stack (allocatestack.c:429)
     n1: 1088 0x4900616: pthread_create@@GLIBC_2.34 (pthread_create.c:655)
      n1: 1088 0x48528D8: parallel_for (in /home/billyfu/YatPC/lab6/libparallel_for.so)
       n1: 1088 0x1098BA: heated_plate_pthreads (in /home/billyfu/YatPC/lab6/heated_plate_valgrind)
        n0: 1088 0x109D55: main (in /home/billyfu/YatPC/lab6/heated_plate_valgrind)
#-----------
snapshot=39
#-----------
time=1773585
mem_heap_B=2240
mem_heap_extra_B=176
mem_stacks_B=82032
heap_tree=empty
#-----------
snapshot=40
#-----------
time=1811818
mem_heap_B=2240
mem_heap_extra_B=176
mem_stacks_B=85280
heap_tree=detailed
n2: 2240 (heap allocation functions) malloc/new/new[], --alloc-fns, etc.
 n0: 1152 in 4 places, all below massif's threshold (1.00%)
 n1: 1088 0x40145AB: calloc (rtld-malloc.h:44)
  n1: 1088 0x40145AB: allocate_dtv (dl-tls.c:370)
   n1: 1088 0x40145AB: _dl_allocate_tls (dl-tls.c:629)
    n1: 1088 0x4900616: allocate_stack (allocatestack.c:429)
     n1: 1088 0x4900616: pthread_create@@GLIBC_2.34 (pthread_create.c:655)
      n1: 1088 0x48528D8: parallel_for (in /home/billyfu/YatPC/lab6/libparallel_for.so)
       n1: 1088 0x1098BA: heated_plate_pthreads (in /home/billyfu/YatPC/lab6/heated_plate_valgrind)
        n0: 1088 0x109D55: main (in /home/billyfu/YatPC/lab6/heated_plate_valgrind)
#-----------
snapshot=41
#-----------
time=1868677
mem_heap_B=2240
mem_heap_extra_B=176
mem_stacks_B=88160
heap_tree=detailed
n2: 2240 (heap allocation functions) malloc/new/new[], --alloc-fns, etc.
 n0: 1152 in 4 places, all below massif's threshold (1.00%)
 n1: 1088 0x40145AB: calloc (rtld-malloc.h:44)
  n1: 1088 0x40145AB: allocate_dtv (dl-tls.c:370)
   n1: 1088 0x40145AB: _dl_allocate_tls (dl-tls.c:629)
    n1: 1088 0x4900616: allocate_stack (allocatestack.c:429)
     n1: 1088 0x4900616: pthread_create@@GLIBC_2.34 (pthread_create.c:655)
      n1: 1088 0x48528D8: parallel_for (in /home/billyfu/YatPC/lab6/libparallel_for.so)
       n1: 1088 0x1098BA: heated_plate_pthreads (in /home/billyfu/YatPC/lab6/heated_plate_valgrind)
        n0: 1088 0x109D55: main (in /home/billyfu/YatPC/lab6/heated_plate_valgrind)
#-----------
snapshot=42
#-----------
time=1926574
mem_heap_B=2240
mem_heap_extra_B=176
mem_stacks_B=91040
heap_tree=detailed
n2: 2240 (heap allocation functions) malloc/new/new[], --alloc-fns, etc.
 n0: 1152 in 4 places, all below massif's threshold (1.00%)
 n1: 1088 0x40145AB: calloc (rtld-malloc.h:44)
  n1: 1088 0x40145AB: allocate_dtv (dl-tls.c:370)
   n1: 1088 0x40145AB: _dl_allocate_tls (dl-tls.c:629)
    n1: 1088 0x4900616: allocate_stack (allocatestack.c:429)
     n1: 1088 0x4900616: pthread_create@@GLIBC_2.34 (pthread_create.c:655)
      n1: 1088 0x48528D8: parallel_for (in /home/billyfu/YatPC/lab6/libparallel_for.so)
       n1: 1088 0x1098BA: heated_plate_pthreads (in /home/billyfu/YatPC/lab6/heated_plate_valgrind)
        n0: 1088 0x109D55: main (in /home/billyfu/YatPC/lab6/heated_plate_valgrind)
#-----------
snapshot=43
#-----------
time=1964852
mem_heap_B=2240
mem_heap_extra_B=176
mem_stacks_B=92960
heap_tree=detailed
n2: 2240 (heap allocation functions) malloc/new/new[], --alloc-fns, etc.
 n0: 1152 in 4 places, all below massif's threshold (1.00%)
 n1: 1088 0x40145AB: calloc (rtld-malloc.h:44)
  n1: 1088 0x40145AB: allocate_dtv (dl-tls.c:370)
   n1: 1088 0x40145AB: _dl_allocate_tls (dl-tls.c:629)
    n1: 1088 0x4900616: allocate_stack (allocatestack.c:429)
     n1: 1088 0x4900616: pthread_create@@GLIBC_2.34 (pthread_create.c:655)
      n1: 1088 0x48528D8: parallel_for (in /home/billyfu/YatPC/lab6/libparallel_for.so)
       n1: 1088 0x1098BA: heated_plate_pthreads (in /home/billyfu/YatPC/lab6/heated_plate_valgrind)
        n0: 1088 0x109D55: main (in /home/billyfu/YatPC/lab6/heated_plate_valgrind)
#-----------
snapshot=44
#-----------
time=2003182
mem_heap_B=2240
mem_heap_extra_B=176
mem_stacks_B=94928
heap_tree=detailed
n2: 2240 (heap allocation functions) malloc/new/new[], --alloc-fns, etc.
 n0: 1152 in 4 places, all below massif's threshold (1.00%)
 n1: 1088 0x40145AB: calloc (rtld-malloc.h:44)
  n1: 1088 0x40145AB: allocate_dtv (dl-tls.c:370)
   n1: 1088 0x40145AB: _dl_allocate_tls (dl-tls.c:629)
    n1: 1088 0x4900616: allocate_stack (allocatestack.c:429)
     n1: 1088 0x4900616: pthread_create@@GLIBC_2.34 (pthread_create.c:655)
      n1: 1088 0x48528D8: parallel_for (in /home/billyfu/YatPC/lab6/libparallel_for.so)
       n1: 1088 0x1098BA: heated_plate_pthreads (in /home/billyfu/YatPC/lab6/heated_plate_valgrind)
        n0: 1088 0x109D55: main (in /home/billyfu/YatPC/lab6/heated_plate_valgrind)
#-----------
snapshot=45
#-----------
time=2042506
mem_heap_B=2240
mem_heap_extra_B=176
mem_stacks_B=97008
heap_tree=detailed
n2: 2240 (heap allocation functions) malloc/new/new[], --alloc-fns, etc.
 n0: 1152 in 4 places, all below massif's threshold (1.00%)
 n1: 1088 0x40145AB: calloc (rtld-malloc.h:44)
  n1: 1088 0x40145AB: allocate_dtv (dl-tls.c:370)
   n1: 1088 0x40145AB: _dl_allocate_tls (dl-tls.c:629)
    n1: 1088 0x4900616: allocate_stack (allocatestack.c:429)
     n1: 1088 0x4900616: pthread_create@@GLIBC_2.34 (pthread_create.c:655)
      n1: 1088 0x48528D8: parallel_for (in /home/billyfu/YatPC/lab6/libparallel_for.so)
       n1: 1088 0x1098BA: heated_plate_pthreads (in /home/billyfu/YatPC/lab6/heated_plate_valgrind)
        n0: 1088 0x109D55: main (in /home/billyfu/YatPC/lab6/heated_plate_valgrind)
#-----------
snapshot=46
#-----------
time=2091235
mem_heap_B=2240
mem_heap_extra_B=176
mem_stacks_B=99200
heap_tree=detailed
n2: 2240 (heap allocation functions) malloc/new/new[], --alloc-fns, etc.
 n0: 1152 in 4 places, all below massif's threshold (1.00%)
 n1: 1088 0x40145AB: calloc (rtld-malloc.h:44)
  n1: 1088 0x40145AB: allocate_dtv (dl-tls.c:370)
   n1: 1088 0x40145AB: _dl_allocate_tls (dl-tls.c:629)
    n1: 1088 0x4900616: allocate_stack (allocatestack.c:429)
     n1: 1088 0x4900616: pthread_create@@GLIBC_2.34 (pthread_create.c:655)
      n1: 1088 0x48528D8: parallel_for (in /home/billyfu/YatPC/lab6/libparallel_for.so)
       n1: 1088 0x1098BA: heated_plate_pthreads (in /home/billyfu/YatPC/lab6/heated_plate_valgrind)
        n0: 1088 0x109D55: main (in /home/billyfu/YatPC/lab6/heated_plate_valgrind)
#-----------
snapshot=47
#-----------
time=2131143
mem_heap_B=2240
mem_heap_extra_B=176
mem_stacks_B=101272
heap_tree=empty
#-----------
snapshot=48
#-----------
time=2163264
mem_heap_B=2240
mem_heap_extra_B=176
mem_stacks_B=102880
heap_tree=detailed
n2: 2240 (heap allocation functions) malloc/new/new[], --alloc-fns, etc.
 n0: 1152 in 4 places, all below massif's threshold (1.00%)
 n1: 1088 0x40145AB: calloc (rtld-malloc.h:44)
  n1: 1088 0x40145AB: allocate_dtv (dl-tls.c:370)
   n1: 1088 0x40145AB: _dl_allocate_tls (dl-tls.c:629)
    n1: 1088 0x4900616: allocate_stack (allocatestack.c:429)
     n1: 1088 0x4900616: pthread_create@@GLIBC_2.34 (pthread_create.c:655)
      n1: 1088 0x48528D8: parallel_for (in /home/billyfu/YatPC/lab6/libparallel_for.so)
       n1: 1088 0x1098BA: heated_plate_pthreads (in /home/billyfu/YatPC/lab6/heated_plate_valgrind)
        n0: 1088 0x109D55: main (in /home/billyfu/YatPC/lab6/heated_plate_valgrind)
#-----------
snapshot=49
#-----------
time=2183026
mem_heap_B=2240
mem_heap_extra_B=176
mem_stacks_B=102040
heap_tree=empty
#-----------
snapshot=50
#-----------
time=2183567
mem_heap_B=2240
mem_heap_extra_B=176
mem_stacks_B=104000
heap_tree=detailed
n2: 2240 (heap allocation functions) malloc/new/new[], --alloc-fns, etc.
 n0: 1152 in 4 places, all below massif's threshold (1.00%)
 n1: 1088 0x40145AB: calloc (rtld-malloc.h:44)
  n1: 1088 0x40145AB: allocate_dtv (dl-tls.c:370)
   n1: 1088 0x40145AB: _dl_allocate_tls (dl-tls.c:629)
    n1: 1088 0x4900616: allocate_stack (allocatestack.c:429)
     n1: 1088 0x4900616: pthread_create@@GLIBC_2.34 (pthread_create.c:655)
      n1: 1088 0x48528D8: parallel_for (in /home/billyfu/YatPC/lab6/libparallel_for.so)
       n1: 1088 0x1098BA: heated_plate_pthreads (in /home/billyfu/YatPC/lab6/heated_plate_valgrind)
        n0: 1088 0x109D55: main (in /home/billyfu/YatPC/lab6/heated_plate_valgrind)
#-----------
snapshot=51
#-----------
time=2207432
mem_heap_B=2240
mem_heap_extra_B=176
mem_stacks_B=105120
heap_tree=detailed
n2: 2240 (heap allocation functions) malloc/new/new[], --alloc-fns, etc.
 n0: 1152 in 4 places, all below massif's threshold (1.00%)
 n1: 1088 0x40145AB: calloc (rtld-malloc.h:44)
  n1: 1088 0x40145AB: allocate_dtv (dl-tls.c:370)
   n1: 1088 0x40145AB: _dl_allocate_tls (dl-tls.c:629)
    n1: 1088 0x4900616: allocate_stack (allocatestack.c:429)
     n1: 1088 0x4900616: pthread_create@@GLIBC_2.34 (pthread_create.c:655)
      n1: 1088 0x48528D8: parallel_for (in /home/billyfu/YatPC/lab6/libparallel_for.so)
       n1: 1088 0x1098BA: heated_plate_pthreads (in /home/billyfu/YatPC/lab6/heated_plate_valgrind)
        n0: 1088 0x109D55: main (in /home/billyfu/YatPC/lab6/heated_plate_valgrind)
#-----------
snapshot=52
#-----------
time=2234219
mem_heap_B=2240
mem_heap_extra_B=176
mem_stacks_B=104080
heap_tree=empty
#-----------
snapshot=53
#-----------
time=2234659
mem_heap_B=2240
mem_heap_extra_B=176
mem_stacks_B=106224
heap_tree=detailed
n2: 2240 (heap allocation functions) malloc/new/new[], --alloc-fns, etc.
 n0: 1152 in 4 places, all below massif's threshold (1.00%)
 n1: 1088 0x40145AB: calloc (rtld-malloc.h:44)
  n1: 1088 0x40145AB: allocate_dtv (dl-tls.c:370)
   n1: 1088 0x40145AB: _dl_allocate_tls (dl-tls.c:629)
    n1: 1088 0x4900616: allocate_stack (allocatestack.c:429)
     n1: 1088 0x4900616: pthread_create@@GLIBC_2.34 (pthread_create.c:655)
      n1: 1088 0x48528D8: parallel_for (in /home/billyfu/YatPC/lab6/libparallel_for.so)
       n1: 1088 0x1098BA: heated_plate_pthreads (in /home/billyfu/YatPC/lab6/heated_plate_valgrind)
        n0: 1088 0x109D55: main (in /home/billyfu/YatPC/lab6/heated_plate_valgrind)
#-----------
snapshot=54
#-----------
time=2251618
mem_heap_B=2240
mem_heap_extra_B=176
mem_stacks_B=107360
heap_tree=detailed
n1: 2240 (heap allocation functions) malloc/new/new[], --alloc-fns, etc.
 n0: 2240 in 5 places, all below massif's threshold (1.00%)
#-----------
snapshot=55
#-----------
time=2277131
mem_heap_B=2240
mem_heap_extra_B=176
mem_stacks_B=108640
heap_tree=detailed
n1: 2240 (heap allocation functions) malloc/new/new[], --alloc-fns, etc.
 n0: 2240 in 5 places, all below massif's threshold (1.00%)
#-----------
snapshot=56
#-----------
time=2303279
mem_heap_B=2240
mem_heap_extra_B=176
mem_stacks_B=109920
heap_tree=detailed
n1: 2240 (heap allocation functions) malloc/new/new[], --alloc-fns, etc.
 n0: 2240 in 5 places, all below massif's threshold (1.00%)
#-----------
snapshot=57
#-----------
time=2328359
mem_heap_B=2240
mem_heap_extra_B=176
mem_stacks_B=111200
heap_tree=detailed
n1: 2240 (heap allocation functions) malloc/new/new[], --alloc-fns, etc.
 n0: 2240 in 5 places, all below massif's threshold (1.00%)
#-----------
snapshot=58
#-----------
time=2353876
mem_heap_B=2240
mem_heap_extra_B=176
mem_stacks_B=112480
heap_tree=detailed
n1: 2240 (heap allocation functions) malloc/new/new[], --alloc-fns, etc.
 n0: 2240 in 5 places, all below massif's threshold (1.00%)
#-----------
snapshot=59
#-----------
time=2379918
mem_heap_B=2240
mem_heap_extra_B=176
mem_stacks_B=113760
heap_tree=detailed
n1: 2240 (heap allocation functions) malloc/new/new[], --alloc-fns, etc.
 n0: 2240 in 5 places, all below massif's threshold (1.00%)
#-----------
snapshot=60
#-----------
time=2405004
mem_heap_B=2240
mem_heap_extra_B=176
mem_stacks_B=115040
heap_tree=detailed
n1: 2240 (heap allocation functions) malloc/new/new[], --alloc-fns, etc.
 n0: 2240 in 5 places, all below massif's threshold (1.00%)
#-----------
snapshot=61
#-----------
time=2430521
mem_heap_B=2240
mem_heap_extra_B=176
mem_stacks_B=116320
heap_tree=detailed
n1: 2240 (heap allocation functions) malloc/new/new[], --alloc-fns, etc.
 n0: 2240 in 5 places, all below massif's threshold (1.00%)
#-----------
snapshot=62
#-----------
time=2456660
mem_heap_B=2240
mem_heap_extra_B=176
mem_stacks_B=117600
heap_tree=detailed
n1: 2240 (heap allocation functions) malloc/new/new[], --alloc-fns, etc.
 n0: 2240 in 5 places, all below massif's threshold (1.00%)
#-----------
snapshot=63
#-----------
time=2481755
mem_heap_B=2240
mem_heap_extra_B=176
mem_stacks_B=118880
heap_tree=detailed
n1: 2240 (heap allocation functions) malloc/new/new[], --alloc-fns, etc.
 n0: 2240 in 5 places, all below massif's threshold (1.00%)
#-----------
snapshot=64
#-----------
time=2507281
mem_heap_B=2240
mem_heap_extra_B=176
mem_stacks_B=120160
heap_tree=detailed
n1: 2240 (heap allocation functions) malloc/new/new[], --alloc-fns, etc.
 n0: 2240 in 5 places, all below massif's threshold (1.00%)
#-----------
snapshot=65
#-----------
time=2533429
mem_heap_B=2240
mem_heap_extra_B=176
mem_stacks_B=121440
heap_tree=detailed
n1: 2240 (heap allocation functions) malloc/new/new[], --alloc-fns, etc.
 n0: 2240 in 5 places, all below massif's threshold (1.00%)
#-----------
snapshot=66
#-----------
time=2558436
mem_heap_B=2240
mem_heap_extra_B=176
mem_stacks_B=122720
heap_tree=detailed
n1: 2240 (heap allocation functions) malloc/new/new[], --alloc-fns, etc.
 n0: 2240 in 5 places, all below massif's threshold (1.00%)
#-----------
snapshot=67
#-----------
time=2583874
mem_heap_B=2240
mem_heap_extra_B=176
mem_stacks_B=124000
heap_tree=detailed
n1: 2240 (heap allocation functions) malloc/new/new[], --alloc-fns, etc.
 n0: 2240 in 5 places, all below massif's threshold (1.00%)
#-----------
snapshot=68
#-----------
time=2610022
mem_heap_B=2240
mem_heap_extra_B=176
mem_stacks_B=125280
heap_tree=detailed
n1: 2240 (heap allocation functions) malloc/new/new[], --alloc-fns, etc.
 n0: 2240 in 5 places, all below massif's threshold (1.00%)
#-----------
snapshot=69
#-----------
time=2635117
mem_heap_B=2240
mem_heap_extra_B=176
mem_stacks_B=126560
heap_tree=detailed
n1: 2240 (heap allocation functions) malloc/new/new[], --alloc-fns, etc.
 n0: 2240 in 5 places, all below massif's threshold (1.00%)
#-----------
snapshot=70
#-----------
time=2661916
mem_heap_B=2240
mem_heap_extra_B=176
mem_stacks_B=125232
heap_tree=empty
#-----------
snapshot=71
#-----------
time=2663181
mem_heap_B=2240
mem_heap_extra_B=176
mem_stacks_B=127888
heap_tree=detailed
n1: 2240 (heap allocation functions) malloc/new/new[], --alloc-fns, etc.
 n0: 2240 in 5 places, all below massif's threshold (1.00%)
#-----------
snapshot=72
#-----------
time=2689962
mem_heap_B=2240
mem_heap_extra_B=176
mem_stacks_B=127008
heap_tree=empty
#-----------
snapshot=73
#-----------
time=2692154
mem_heap_B=2240
mem_heap_extra_B=176
mem_stacks_B=129280
heap_tree=detailed
n1: 2240 (heap allocation functions) malloc/new/new[], --alloc-fns, etc.
 n0: 2240 in 5 places, all below massif's threshold (1.00%)
#-----------
snapshot=74
#-----------
time=2716998
mem_heap_B=2240
mem_heap_extra_B=176
mem_stacks_B=130608
heap_tree=detailed
n1: 2240 (heap allocation functions) malloc/new/new[], --alloc-fns, etc.
 n0: 2240 in 5 places, all below massif's threshold (1.00%)
#-----------
snapshot=75
#-----------
time=2743782
mem_heap_B=2240
mem_heap_extra_B=176
mem_stacks_B=129832
heap_tree=empty
#-----------
snapshot=76
#-----------
time=2744341
mem_heap_B=2240
mem_heap_extra_B=176
mem_stacks_B=132000
heap_tree=detailed
n1: 2240 (heap allocation functions) malloc/new/new[], --alloc-fns, etc.
 n0: 2240 in 5 places, all below massif's threshold (1.00%)
#-----------
snapshot=77
#-----------
time=2771120
mem_heap_B=2240
mem_heap_extra_B=176
mem_stacks_B=133048
heap_tree=empty
#-----------
snapshot=78
#-----------
time=2775387
mem_heap_B=2240
mem_heap_extra_B=176
mem_stacks_B=133600
heap_tree=detailed
n1: 2240 (heap allocation functions) malloc/new/new[], --alloc-fns, etc.
 n0: 2240 in 5 places, all below massif's threshold (1.00%)
#-----------
snapshot=79
#-----------
time=2802220
mem_heap_B=2240
mem_heap_extra_B=176
mem_stacks_B=132712
heap_tree=empty
#-----------
snapshot=80
#-----------
time=2806795
mem_heap_B=2240
mem_heap_extra_B=176
mem_stacks_B=135040
heap_tree=detailed
n1: 2240 (heap allocation functions) malloc/new/new[], --alloc-fns, etc.
 n0: 2240 in 5 places, all below massif's threshold (1.00%)
#-----------
snapshot=81
#-----------
time=2814318
mem_heap_B=6336
mem_heap_extra_B=184
mem_stacks_B=133328
heap_tree=peak
n2: 6336 (heap allocation functions) malloc/new/new[], --alloc-fns, etc.
 n1: 4096 0x48E81B4: _IO_file_doallocate (filedoalloc.c:101)
  n1: 4096 0x48F8523: _IO_doallocbuf (genops.c:347)
   n1: 4096 0x48F5F8F: _IO_file_overflow@@GLIBC_2.2.5 (fileops.c:745)
    n1: 4096 0x48F6AAE: _IO_new_file_xsputn (fileops.c:1244)
     n1: 4096 0x48F6AAE: _IO_file_xsputn@@GLIBC_2.2.5 (fileops.c:1197)
      n1: 4096 0x48C3CC8: __printf_buffer_flush_to_file (printf_buffer_to_file.c:59)
       n1: 4096 0x48C3CC8: __printf_buffer_to_file_done (printf_buffer_to_file.c:120)
        n1: 4096 0x48CE5A9: __vfprintf_internal (vfprintf-internal.c:1560)
         n1: 4096 0x48C31B2: printf (printf.c:33)
          n1: 4096 0x109C61: print_result (in /home/billyfu/YatPC/lab6/heated_plate_valgrind)
           n0: 4096 0x109D7B: main (in /home/billyfu/YatPC/lab6/heated_plate_valgrind)
 n0: 2240 in 5 places, all below massif's threshold (1.00%)
