desc: --massif-out-file=valgrind_logs/massif_M256_N256_T4_S0.out --stacks=yes
cmd: ./heated_plate_valgrind 256 256 4 0
time_unit: i
#-----------
snapshot=0
#-----------
time=0
mem_heap_B=0
mem_heap_extra_B=0
mem_stacks_B=0
heap_tree=empty
#-----------
snapshot=1
#-----------
time=2317907816
mem_heap_B=1053760
mem_heap_extra_B=4144
mem_stacks_B=501392
heap_tree=empty
#-----------
snapshot=2
#-----------
time=5459924990
mem_heap_B=1053760
mem_heap_extra_B=4144
mem_stacks_B=1173160
heap_tree=empty
#-----------
snapshot=3
#-----------
time=7923863960
mem_heap_B=1053760
mem_heap_extra_B=4144
mem_stacks_B=1700272
heap_tree=empty
#-----------
snapshot=4
#-----------
time=9615522259
mem_heap_B=1053760
mem_heap_extra_B=4144
mem_stacks_B=2063840
heap_tree=detailed
n3: 1053760 (heap allocation functions) malloc/new/new[], --alloc-fns, etc.
 n1: 524288 0x109820: heated_plate_pthreads (in /home/billyfu/YatPC/lab6/heated_plate_valgrind)
  n0: 524288 0x109D55: main (in /home/billyfu/YatPC/lab6/heated_plate_valgrind)
 n1: 524288 0x109850: heated_plate_pthreads (in /home/billyfu/YatPC/lab6/heated_plate_valgrind)
  n0: 524288 0x109D55: main (in /home/billyfu/YatPC/lab6/heated_plate_valgrind)
 n0: 5184 in 3 places, all below massif's threshold (1.00%)
#-----------
snapshot=5
#-----------
time=11923091902
mem_heap_B=1053760
mem_heap_extra_B=4144
mem_stacks_B=2554280
heap_tree=empty
#-----------
snapshot=6
#-----------
time=15521187121
mem_heap_B=1053760
mem_heap_extra_B=4144
mem_stacks_B=3324568
heap_tree=detailed
n3: 1053760 (heap allocation functions) malloc/new/new[], --alloc-fns, etc.
 n1: 524288 0x109820: heated_plate_pthreads (in /home/billyfu/YatPC/lab6/heated_plate_valgrind)
  n0: 524288 0x109D55: main (in /home/billyfu/YatPC/lab6/heated_plate_valgrind)
 n1: 524288 0x109850: heated_plate_pthreads (in /home/billyfu/YatPC/lab6/heated_plate_valgrind)
  n0: 524288 0x109D55: main (in /home/billyfu/YatPC/lab6/heated_plate_valgrind)
 n0: 5184 in 3 places, all below massif's threshold (1.00%)
#-----------
snapshot=7
#-----------
time=17901948425
mem_heap_B=1053760
mem_heap_extra_B=4144
mem_stacks_B=3832616
heap_tree=detailed
n3: 1053760 (heap allocation functions) malloc/new/new[], --alloc-fns, etc.
 n1: 524288 0x109820: heated_plate_pthreads (in /home/billyfu/YatPC/lab6/heated_plate_valgrind)
  n0: 524288 0x109D55: main (in /home/billyfu/YatPC/lab6/heated_plate_valgrind)
 n1: 524288 0x109850: heated_plate_pthreads (in /home/billyfu/YatPC/lab6/heated_plate_valgrind)
  n0: 524288 0x109D55: main (in /home/billyfu/YatPC/lab6/heated_plate_valgrind)
 n0: 5184 in 3 places, all below massif's threshold (1.00%)
#-----------
snapshot=8
#-----------
time=21306804084
mem_heap_B=1053760
mem_heap_extra_B=4144
mem_stacks_B=4558032
heap_tree=empty
#-----------
snapshot=9
#-----------
time=24917953734
mem_heap_B=1053760
mem_heap_extra_B=4144
mem_stacks_B=5327880
heap_tree=empty
#-----------
snapshot=10
#-----------
time=27149526492
mem_heap_B=1053760
mem_heap_extra_B=4144
mem_stacks_B=5805848
heap_tree=detailed
n3: 1053760 (heap allocation functions) malloc/new/new[], --alloc-fns, etc.
 n1: 524288 0x109820: heated_plate_pthreads (in /home/billyfu/YatPC/lab6/heated_plate_valgrind)
  n0: 524288 0x109D55: main (in /home/billyfu/YatPC/lab6/heated_plate_valgrind)
 n1: 524288 0x109850: heated_plate_pthreads (in /home/billyfu/YatPC/lab6/heated_plate_valgrind)
  n0: 524288 0x109D55: main (in /home/billyfu/YatPC/lab6/heated_plate_valgrind)
 n0: 5184 in 3 places, all below massif's threshold (1.00%)
#-----------
snapshot=11
#-----------
time=30168309971
mem_heap_B=1053760
mem_heap_extra_B=4144
mem_stacks_B=6449920
heap_tree=detailed
n3: 1053760 (heap allocation functions) malloc/new/new[], --alloc-fns, etc.
 n1: 524288 0x109820: heated_plate_pthreads (in /home/billyfu/YatPC/lab6/heated_plate_valgrind)
  n0: 524288 0x109D55: main (in /home/billyfu/YatPC/lab6/heated_plate_valgrind)
 n1: 524288 0x109850: heated_plate_pthreads (in /home/billyfu/YatPC/lab6/heated_plate_valgrind)
  n0: 524288 0x109D55: main (in /home/billyfu/YatPC/lab6/heated_plate_valgrind)
 n0: 5184 in 3 places, all below massif's threshold (1.00%)
#-----------
snapshot=12
#-----------
time=31581953675
mem_heap_B=1053760
mem_heap_extra_B=4144
mem_stacks_B=6749552
heap_tree=empty
#-----------
snapshot=13
#-----------
time=34247169494
mem_heap_B=1053760
mem_heap_extra_B=4144
mem_stacks_B=7319288
heap_tree=detailed
n3: 1053760 (heap allocation functions) malloc/new/new[], --alloc-fns, etc.
 n1: 524288 0x109820: heated_plate_pthreads (in /home/billyfu/YatPC/lab6/heated_plate_valgrind)
  n0: 524288 0x109D55: main (in /home/billyfu/YatPC/lab6/heated_plate_valgrind)
 n1: 524288 0x109850: heated_plate_pthreads (in /home/billyfu/YatPC/lab6/heated_plate_valgrind)
  n0: 524288 0x109D55: main (in /home/billyfu/YatPC/lab6/heated_plate_valgrind)
 n0: 5184 in 3 places, all below massif's threshold (1.00%)
#-----------
snapshot=14
#-----------
time=37083400988
mem_heap_B=1053760
mem_heap_extra_B=4144
mem_stacks_B=7924320
heap_tree=detailed
n3: 1053760 (heap allocation functions) malloc/new/new[], --alloc-fns, etc.
 n1: 524288 0x109820: heated_plate_pthreads (in /home/billyfu/YatPC/lab6/heated_plate_valgrind)
  n0: 524288 0x109D55: main (in /home/billyfu/YatPC/lab6/heated_plate_valgrind)
 n1: 524288 0x109850: heated_plate_pthreads (in /home/billyfu/YatPC/lab6/heated_plate_valgrind)
  n0: 524288 0x109D55: main (in /home/billyfu/YatPC/lab6/heated_plate_valgrind)
 n0: 5184 in 3 places, all below massif's threshold (1.00%)
#-----------
snapshot=15
#-----------
time=40533771859
mem_heap_B=1053760
mem_heap_extra_B=4144
mem_stacks_B=8657480
heap_tree=empty
#-----------
snapshot=16
#-----------
time=44280782634
mem_heap_B=1053760
mem_heap_extra_B=4144
mem_stacks_B=9456040
heap_tree=empty
#-----------
snapshot=17
#-----------
time=46271333370
mem_heap_B=1053760
mem_heap_extra_B=4144
mem_stacks_B=9880200
heap_tree=empty
#-----------
snapshot=18
#-----------
time=49000012137
mem_heap_B=1053760
mem_heap_extra_B=4144
mem_stacks_B=10464000
heap_tree=detailed
n3: 1053760 (heap allocation functions) malloc/new/new[], --alloc-fns, etc.
 n1: 524288 0x109820: heated_plate_pthreads (in /home/billyfu/YatPC/lab6/heated_plate_valgrind)
  n0: 524288 0x109D55: main (in /home/billyfu/YatPC/lab6/heated_plate_valgrind)
 n1: 524288 0x109850: heated_plate_pthreads (in /home/billyfu/YatPC/lab6/heated_plate_valgrind)
  n0: 524288 0x109D55: main (in /home/billyfu/YatPC/lab6/heated_plate_valgrind)
 n0: 5184 in 3 places, all below massif's threshold (1.00%)
#-----------
snapshot=19
#-----------
time=51198147604
mem_heap_B=1053760
mem_heap_extra_B=4144
mem_stacks_B=10932368
heap_tree=detailed
n3: 1053760 (heap allocation functions) malloc/new/new[], --alloc-fns, etc.
 n1: 524288 0x109820: heated_plate_pthreads (in /home/billyfu/YatPC/lab6/heated_plate_valgrind)
  n0: 524288 0x109D55: main (in /home/billyfu/YatPC/lab6/heated_plate_valgrind)
 n1: 524288 0x109850: heated_plate_pthreads (in /home/billyfu/YatPC/lab6/heated_plate_valgrind)
  n0: 524288 0x109D55: main (in /home/billyfu/YatPC/lab6/heated_plate_valgrind)
 n0: 5184 in 3 places, all below massif's threshold (1.00%)
#-----------
snapshot=20
#-----------
time=53457889671
mem_heap_B=1053760
mem_heap_extra_B=4144
mem_stacks_B=11411080
heap_tree=empty
#-----------
snapshot=21
#-----------
time=55813092596
mem_heap_B=1053760
mem_heap_extra_B=4144
mem_stacks_B=11913232
heap_tree=empty
#-----------
snapshot=22
#-----------
time=58265438420
mem_heap_B=1053760
mem_heap_extra_B=4144
mem_stacks_B=12435080
heap_tree=empty
#-----------
snapshot=23
#-----------
time=60818127610
mem_heap_B=1053760
mem_heap_extra_B=4144
mem_stacks_B=12979152
heap_tree=empty
#-----------
snapshot=24
#-----------
time=63475096622
mem_heap_B=1053760
mem_heap_extra_B=4144
mem_stacks_B=13544432
heap_tree=empty
#-----------
snapshot=25
#-----------
time=64988828799
mem_heap_B=1053760
mem_heap_extra_B=4144
mem_stacks_B=13868640
heap_tree=detailed
n3: 1053760 (heap allocation functions) malloc/new/new[], --alloc-fns, etc.
 n1: 524288 0x109820: heated_plate_pthreads (in /home/billyfu/YatPC/lab6/heated_plate_valgrind)
  n0: 524288 0x109D55: main (in /home/billyfu/YatPC/lab6/heated_plate_valgrind)
 n1: 524288 0x109850: heated_plate_pthreads (in /home/billyfu/YatPC/lab6/heated_plate_valgrind)
  n0: 524288 0x109D55: main (in /home/billyfu/YatPC/lab6/heated_plate_valgrind)
 n0: 5184 in 3 places, all below massif's threshold (1.00%)
#-----------
snapshot=26
#-----------
time=67838305971
mem_heap_B=1053760
mem_heap_extra_B=4144
mem_stacks_B=14475360
heap_tree=detailed
n3: 1053760 (heap allocation functions) malloc/new/new[], --alloc-fns, etc.
 n1: 524288 0x109820: heated_plate_pthreads (in /home/billyfu/YatPC/lab6/heated_plate_valgrind)
  n0: 524288 0x109D55: main (in /home/billyfu/YatPC/lab6/heated_plate_valgrind)
 n1: 524288 0x109850: heated_plate_pthreads (in /home/billyfu/YatPC/lab6/heated_plate_valgrind)
  n0: 524288 0x109D55: main (in /home/billyfu/YatPC/lab6/heated_plate_valgrind)
 n0: 5184 in 3 places, all below massif's threshold (1.00%)
#-----------
snapshot=27
#-----------
time=70799767827
mem_heap_B=1053760
mem_heap_extra_B=4144
mem_stacks_B=15106288
heap_tree=detailed
n3: 1053760 (heap allocation functions) malloc/new/new[], --alloc-fns, etc.
 n1: 524288 0x109820: heated_plate_pthreads (in /home/billyfu/YatPC/lab6/heated_plate_valgrind)
  n0: 524288 0x109D55: main (in /home/billyfu/YatPC/lab6/heated_plate_valgrind)
 n1: 524288 0x109850: heated_plate_pthreads (in /home/billyfu/YatPC/lab6/heated_plate_valgrind)
  n0: 524288 0x109D55: main (in /home/billyfu/YatPC/lab6/heated_plate_valgrind)
 n0: 5184 in 3 places, all below massif's threshold (1.00%)
#-----------
snapshot=28
#-----------
time=73884205990
mem_heap_B=1053760
mem_heap_extra_B=4144
mem_stacks_B=15763040
heap_tree=detailed
n3: 1053760 (heap allocation functions) malloc/new/new[], --alloc-fns, etc.
 n1: 524288 0x109820: heated_plate_pthreads (in /home/billyfu/YatPC/lab6/heated_plate_valgrind)
  n0: 524288 0x109D55: main (in /home/billyfu/YatPC/lab6/heated_plate_valgrind)
 n1: 524288 0x109850: heated_plate_pthreads (in /home/billyfu/YatPC/lab6/heated_plate_valgrind)
  n0: 524288 0x109D55: main (in /home/billyfu/YatPC/lab6/heated_plate_valgrind)
 n0: 5184 in 3 places, all below massif's threshold (1.00%)
#-----------
snapshot=29
#-----------
time=77073419089
mem_heap_B=1053760
mem_heap_extra_B=4144
mem_stacks_B=16439560
heap_tree=empty
#-----------
snapshot=30
#-----------
time=80380442307
mem_heap_B=1053760
mem_heap_extra_B=4144
mem_stacks_B=17144112
heap_tree=empty
#-----------
snapshot=31
#-----------
time=83822748704
mem_heap_B=1053760
mem_heap_extra_B=4144
mem_stacks_B=17877232
heap_tree=empty
#-----------
snapshot=32
#-----------
time=87406857007
mem_heap_B=1053760
mem_heap_extra_B=4144
mem_stacks_B=18639720
heap_tree=empty
#-----------
snapshot=33
#-----------
time=90339242766
mem_heap_B=1053760
mem_heap_extra_B=4144
mem_stacks_B=19266400
heap_tree=detailed
n3: 1053760 (heap allocation functions) malloc/new/new[], --alloc-fns, etc.
 n1: 524288 0x109820: heated_plate_pthreads (in /home/billyfu/YatPC/lab6/heated_plate_valgrind)
  n0: 524288 0x109D55: main (in /home/billyfu/YatPC/lab6/heated_plate_valgrind)
 n1: 524288 0x109850: heated_plate_pthreads (in /home/billyfu/YatPC/lab6/heated_plate_valgrind)
  n0: 524288 0x109D55: main (in /home/billyfu/YatPC/lab6/heated_plate_valgrind)
 n0: 5184 in 3 places, all below massif's threshold (1.00%)
#-----------
snapshot=34
#-----------
time=92259943595
mem_heap_B=1053760
mem_heap_extra_B=4144
mem_stacks_B=19675360
heap_tree=detailed
n3: 1053760 (heap allocation functions) malloc/new/new[], --alloc-fns, etc.
 n1: 524288 0x109820: heated_plate_pthreads (in /home/billyfu/YatPC/lab6/heated_plate_valgrind)
  n0: 524288 0x109D55: main (in /home/billyfu/YatPC/lab6/heated_plate_valgrind)
 n1: 524288 0x109850: heated_plate_pthreads (in /home/billyfu/YatPC/lab6/heated_plate_valgrind)
  n0: 524288 0x109D55: main (in /home/billyfu/YatPC/lab6/heated_plate_valgrind)
 n0: 5184 in 3 places, all below massif's threshold (1.00%)
#-----------
snapshot=35
#-----------
time=94217176415
mem_heap_B=1053760
mem_heap_extra_B=4144
mem_stacks_B=20092160
heap_tree=detailed
n3: 1053760 (heap allocation functions) malloc/new/new[], --alloc-fns, etc.
 n1: 524288 0x109820: heated_plate_pthreads (in /home/billyfu/YatPC/lab6/heated_plate_valgrind)
  n0: 524288 0x109D55: main (in /home/billyfu/YatPC/lab6/heated_plate_valgrind)
 n1: 524288 0x109850: heated_plate_pthreads (in /home/billyfu/YatPC/lab6/heated_plate_valgrind)
  n0: 524288 0x109D55: main (in /home/billyfu/YatPC/lab6/heated_plate_valgrind)
 n0: 5184 in 3 places, all below massif's threshold (1.00%)
#-----------
snapshot=36
#-----------
time=96217373752
mem_heap_B=1053760
mem_heap_extra_B=4144
mem_stacks_B=20517528
heap_tree=detailed
n3: 1053760 (heap allocation functions) malloc/new/new[], --alloc-fns, etc.
 n1: 524288 0x109820: heated_plate_pthreads (in /home/billyfu/YatPC/lab6/heated_plate_valgrind)
  n0: 524288 0x109D55: main (in /home/billyfu/YatPC/lab6/heated_plate_valgrind)
 n1: 524288 0x109850: heated_plate_pthreads (in /home/billyfu/YatPC/lab6/heated_plate_valgrind)
  n0: 524288 0x109D55: main (in /home/billyfu/YatPC/lab6/heated_plate_valgrind)
 n0: 5184 in 3 places, all below massif's threshold (1.00%)
#-----------
snapshot=37
#-----------
time=98254138682
mem_heap_B=1053760
mem_heap_extra_B=4144
mem_stacks_B=20951520
heap_tree=detailed
n3: 1053760 (heap allocation functions) malloc/new/new[], --alloc-fns, etc.
 n1: 524288 0x109820: heated_plate_pthreads (in /home/billyfu/YatPC/lab6/heated_plate_valgrind)
  n0: 524288 0x109D55: main (in /home/billyfu/YatPC/lab6/heated_plate_valgrind)
 n1: 524288 0x109850: heated_plate_pthreads (in /home/billyfu/YatPC/lab6/heated_plate_valgrind)
  n0: 524288 0x109D55: main (in /home/billyfu/YatPC/lab6/heated_plate_valgrind)
 n0: 5184 in 3 places, all below massif's threshold (1.00%)
#-----------
snapshot=38
#-----------
time=100332431674
mem_heap_B=1053760
mem_heap_extra_B=4144
mem_stacks_B=21394008
heap_tree=detailed
n3: 1053760 (heap allocation functions) malloc/new/new[], --alloc-fns, etc.
 n1: 524288 0x109820: heated_plate_pthreads (in /home/billyfu/YatPC/lab6/heated_plate_valgrind)
  n0: 524288 0x109D55: main (in /home/billyfu/YatPC/lab6/heated_plate_valgrind)
 n1: 524288 0x109850: heated_plate_pthreads (in /home/billyfu/YatPC/lab6/heated_plate_valgrind)
  n0: 524288 0x109D55: main (in /home/billyfu/YatPC/lab6/heated_plate_valgrind)
 n0: 5184 in 3 places, all below massif's threshold (1.00%)
#-----------
snapshot=39
#-----------
time=102451557566
mem_heap_B=1053760
mem_heap_extra_B=4144
mem_stacks_B=21845600
heap_tree=detailed
n3: 1053760 (heap allocation functions) malloc/new/new[], --alloc-fns, etc.
 n1: 524288 0x109820: heated_plate_pthreads (in /home/billyfu/YatPC/lab6/heated_plate_valgrind)
  n0: 524288 0x109D55: main (in /home/billyfu/YatPC/lab6/heated_plate_valgrind)
 n1: 524288 0x109850: heated_plate_pthreads (in /home/billyfu/YatPC/lab6/heated_plate_valgrind)
  n0: 524288 0x109D55: main (in /home/billyfu/YatPC/lab6/heated_plate_valgrind)
 n0: 5184 in 3 places, all below massif's threshold (1.00%)
#-----------
snapshot=40
#-----------
time=104614849704
mem_heap_B=1053760
mem_heap_extra_B=4144
mem_stacks_B=22306080
heap_tree=detailed
n3: 1053760 (heap allocation functions) malloc/new/new[], --alloc-fns, etc.
 n1: 524288 0x109820: heated_plate_pthreads (in /home/billyfu/YatPC/lab6/heated_plate_valgrind)
  n0: 524288 0x109D55: main (in /home/billyfu/YatPC/lab6/heated_plate_valgrind)
 n1: 524288 0x109850: heated_plate_pthreads (in /home/billyfu/YatPC/lab6/heated_plate_valgrind)
  n0: 524288 0x109D55: main (in /home/billyfu/YatPC/lab6/heated_plate_valgrind)
 n0: 5184 in 3 places, all below massif's threshold (1.00%)
#-----------
snapshot=41
#-----------
time=106804436823
mem_heap_B=1053760
mem_heap_extra_B=4144
mem_stacks_B=22769800
heap_tree=empty
#-----------
snapshot=42
#-----------
time=109032698910
mem_heap_B=1053760
mem_heap_extra_B=4144
mem_stacks_B=23244360
heap_tree=empty
#-----------
snapshot=43
#-----------
time=111306053485
mem_heap_B=1053760
mem_heap_extra_B=4144
mem_stacks_B=23728520
heap_tree=empty
#-----------
snapshot=44
#-----------
time=113628363587
mem_heap_B=1053760
mem_heap_extra_B=4144
mem_stacks_B=24222760
heap_tree=empty
#-----------
snapshot=45
#-----------
time=115993309301
mem_heap_B=1053760
mem_heap_extra_B=4144
mem_stacks_B=24726672
heap_tree=empty
#-----------
snapshot=46
#-----------
time=118406361638
mem_heap_B=1053760
mem_heap_extra_B=4144
mem_stacks_B=25240200
heap_tree=empty
#-----------
snapshot=47
#-----------
time=120869311899
mem_heap_B=1053760
mem_heap_extra_B=4144
mem_stacks_B=25764520
heap_tree=empty
#-----------
snapshot=48
#-----------
time=123380414818
mem_heap_B=1053760
mem_heap_extra_B=4144
mem_stacks_B=26299792
heap_tree=empty
#-----------
snapshot=49
#-----------
time=126154323209
mem_heap_B=1053760
mem_heap_extra_B=4144
mem_stacks_B=26892000
heap_tree=peak
n3: 1053760 (heap allocation functions) malloc/new/new[], --alloc-fns, etc.
 n1: 524288 0x109820: heated_plate_pthreads (in /home/billyfu/YatPC/lab6/heated_plate_valgrind)
  n0: 524288 0x109D55: main (in /home/billyfu/YatPC/lab6/heated_plate_valgrind)
 n1: 524288 0x109850: heated_plate_pthreads (in /home/billyfu/YatPC/lab6/heated_plate_valgrind)
  n0: 524288 0x109D55: main (in /home/billyfu/YatPC/lab6/heated_plate_valgrind)
 n0: 5184 in 3 places, all below massif's threshold (1.00%)
