desc: --massif-out-file=valgrind_logs/massif_M6_N6_T2_S0.out --stacks=yes
cmd: ./heated_plate_valgrind 6 6 2 0
time_unit: i
#-----------
snapshot=0
#-----------
time=0
mem_heap_B=0
mem_heap_extra_B=0
mem_stacks_B=0
heap_tree=empty
#-----------
snapshot=1
#-----------
time=1097
mem_heap_B=0
mem_heap_extra_B=0
mem_stacks_B=368
heap_tree=empty
#-----------
snapshot=2
#-----------
time=30919
mem_heap_B=0
mem_heap_extra_B=0
mem_stacks_B=312
heap_tree=empty
#-----------
snapshot=3
#-----------
time=50004
mem_heap_B=0
mem_heap_extra_B=0
mem_stacks_B=7680
heap_tree=detailed
n0: 0 (heap allocation functions) malloc/new/new[], --alloc-fns, etc.
#-----------
snapshot=4
#-----------
time=64061
mem_heap_B=0
mem_heap_extra_B=0
mem_stacks_B=5768
heap_tree=empty
#-----------
snapshot=5
#-----------
time=85615
mem_heap_B=0
mem_heap_extra_B=0
mem_stacks_B=1304
heap_tree=empty
#-----------
snapshot=6
#-----------
time=103652
mem_heap_B=0
mem_heap_extra_B=0
mem_stacks_B=1768
heap_tree=empty
#-----------
snapshot=7
#-----------
time=114443
mem_heap_B=0
mem_heap_extra_B=0
mem_stacks_B=1768
heap_tree=empty
#-----------
snapshot=8
#-----------
time=131288
mem_heap_B=0
mem_heap_extra_B=0
mem_stacks_B=1528
heap_tree=empty
#-----------
snapshot=9
#-----------
time=145958
mem_heap_B=0
mem_heap_extra_B=0
mem_stacks_B=1304
heap_tree=empty
#-----------
snapshot=10
#-----------
time=156819
mem_heap_B=0
mem_heap_extra_B=0
mem_stacks_B=1528
heap_tree=empty
#-----------
snapshot=11
#-----------
time=179660
mem_heap_B=0
mem_heap_extra_B=0
mem_stacks_B=152
heap_tree=empty
#-----------
snapshot=12
#-----------
time=195375
mem_heap_B=1216
mem_heap_extra_B=128
mem_stacks_B=1912
heap_tree=empty
#-----------
snapshot=13
#-----------
time=208698
mem_heap_B=1216
mem_heap_extra_B=128
mem_stacks_B=4592
heap_tree=empty
#-----------
snapshot=14
#-----------
time=218651
mem_heap_B=1216
mem_heap_extra_B=128
mem_stacks_B=3192
heap_tree=detailed
n5: 1216 (heap allocation functions) malloc/new/new[], --alloc-fns, etc.
 n1: 544 0x40145AB: calloc (rtld-malloc.h:44)
  n1: 544 0x40145AB: allocate_dtv (dl-tls.c:370)
   n1: 544 0x40145AB: _dl_allocate_tls (dl-tls.c:629)
    n1: 544 0x4900616: allocate_stack (allocatestack.c:429)
     n1: 544 0x4900616: pthread_create@@GLIBC_2.34 (pthread_create.c:655)
      n1: 544 0x48526B6: parallel_for (in /home/billyfu/YatPC/lab6/libparallel_for.so)
       n1: 544 0x1098BA: heated_plate_pthreads (in /home/billyfu/YatPC/lab6/heated_plate_valgrind)
        n0: 544 0x109D55: main (in /home/billyfu/YatPC/lab6/heated_plate_valgrind)
 n1: 288 0x109820: heated_plate_pthreads (in /home/billyfu/YatPC/lab6/heated_plate_valgrind)
  n0: 288 0x109D55: main (in /home/billyfu/YatPC/lab6/heated_plate_valgrind)
 n1: 288 0x109850: heated_plate_pthreads (in /home/billyfu/YatPC/lab6/heated_plate_valgrind)
  n0: 288 0x109D55: main (in /home/billyfu/YatPC/lab6/heated_plate_valgrind)
 n1: 48 0x1097CB: heated_plate_pthreads (in /home/billyfu/YatPC/lab6/heated_plate_valgrind)
  n0: 48 0x109D55: main (in /home/billyfu/YatPC/lab6/heated_plate_valgrind)
 n1: 48 0x1097E3: heated_plate_pthreads (in /home/billyfu/YatPC/lab6/heated_plate_valgrind)
  n0: 48 0x109D55: main (in /home/billyfu/YatPC/lab6/heated_plate_valgrind)
#-----------
snapshot=15
#-----------
time=236704
mem_heap_B=1216
mem_heap_extra_B=128
mem_stacks_B=6432
heap_tree=detailed
n4: 1216 (heap allocation functions) malloc/new/new[], --alloc-fns, etc.
 n1: 544 0x40145AB: calloc (rtld-malloc.h:44)
  n1: 544 0x40145AB: allocate_dtv (dl-tls.c:370)
   n1: 544 0x40145AB: _dl_allocate_tls (dl-tls.c:629)
    n1: 544 0x4900616: allocate_stack (allocatestack.c:429)
     n1: 544 0x4900616: pthread_create@@GLIBC_2.34 (pthread_create.c:655)
      n1: 544 0x48526B6: parallel_for (in /home/billyfu/YatPC/lab6/libparallel_for.so)
       n1: 544 0x1098BA: heated_plate_pthreads (in /home/billyfu/YatPC/lab6/heated_plate_valgrind)
        n0: 544 0x109D55: main (in /home/billyfu/YatPC/lab6/heated_plate_valgrind)
 n1: 288 0x109820: heated_plate_pthreads (in /home/billyfu/YatPC/lab6/heated_plate_valgrind)
  n0: 288 0x109D55: main (in /home/billyfu/YatPC/lab6/heated_plate_valgrind)
 n1: 288 0x109850: heated_plate_pthreads (in /home/billyfu/YatPC/lab6/heated_plate_valgrind)
  n0: 288 0x109D55: main (in /home/billyfu/YatPC/lab6/heated_plate_valgrind)
 n0: 96 in 2 places, all below massif's threshold (1.00%)
#-----------
snapshot=16
#-----------
time=259435
mem_heap_B=1216
mem_heap_extra_B=128
mem_stacks_B=5680
heap_tree=empty
#-----------
snapshot=17
#-----------
time=282228
mem_heap_B=1216
mem_heap_extra_B=128
mem_stacks_B=6712
heap_tree=empty
#-----------
snapshot=18
#-----------
time=295456
mem_heap_B=1216
mem_heap_extra_B=128
mem_stacks_B=7400
heap_tree=empty
#-----------
snapshot=19
#-----------
time=314130
mem_heap_B=1216
mem_heap_extra_B=128
mem_stacks_B=8416
heap_tree=empty
#-----------
snapshot=20
#-----------
time=324700
mem_heap_B=1216
mem_heap_extra_B=128
mem_stacks_B=9064
heap_tree=empty
#-----------
snapshot=21
#-----------
time=341467
mem_heap_B=1216
mem_heap_extra_B=128
mem_stacks_B=9704
heap_tree=empty
#-----------
snapshot=22
#-----------
time=363408
mem_heap_B=1216
mem_heap_extra_B=128
mem_stacks_B=11296
heap_tree=empty
#-----------
snapshot=23
#-----------
time=386091
mem_heap_B=1216
mem_heap_extra_B=128
mem_stacks_B=12152
heap_tree=empty
#-----------
snapshot=24
#-----------
time=404090
mem_heap_B=1216
mem_heap_extra_B=128
mem_stacks_B=13112
heap_tree=empty
#-----------
snapshot=25
#-----------
time=422342
mem_heap_B=1216
mem_heap_extra_B=128
mem_stacks_B=16352
heap_tree=detailed
n4: 1216 (heap allocation functions) malloc/new/new[], --alloc-fns, etc.
 n1: 544 0x40145AB: calloc (rtld-malloc.h:44)
  n1: 544 0x40145AB: allocate_dtv (dl-tls.c:370)
   n1: 544 0x40145AB: _dl_allocate_tls (dl-tls.c:629)
    n1: 544 0x4900616: allocate_stack (allocatestack.c:429)
     n1: 544 0x4900616: pthread_create@@GLIBC_2.34 (pthread_create.c:655)
      n1: 544 0x48526B6: parallel_for (in /home/billyfu/YatPC/lab6/libparallel_for.so)
       n1: 544 0x1098BA: heated_plate_pthreads (in /home/billyfu/YatPC/lab6/heated_plate_valgrind)
        n0: 544 0x109D55: main (in /home/billyfu/YatPC/lab6/heated_plate_valgrind)
 n1: 288 0x109820: heated_plate_pthreads (in /home/billyfu/YatPC/lab6/heated_plate_valgrind)
  n0: 288 0x109D55: main (in /home/billyfu/YatPC/lab6/heated_plate_valgrind)
 n1: 288 0x109850: heated_plate_pthreads (in /home/billyfu/YatPC/lab6/heated_plate_valgrind)
  n0: 288 0x109D55: main (in /home/billyfu/YatPC/lab6/heated_plate_valgrind)
 n0: 96 in 2 places, all below massif's threshold (1.00%)
#-----------
snapshot=26
#-----------
time=440088
mem_heap_B=1216
mem_heap_extra_B=128
mem_stacks_B=15032
heap_tree=empty
#-----------
snapshot=27
#-----------
time=453306
mem_heap_B=1216
mem_heap_extra_B=128
mem_stacks_B=16096
heap_tree=empty
#-----------
snapshot=28
#-----------
time=470203
mem_heap_B=1216
mem_heap_extra_B=128
mem_stacks_B=18912
heap_tree=detailed
n4: 1216 (heap allocation functions) malloc/new/new[], --alloc-fns, etc.
 n1: 544 0x40145AB: calloc (rtld-malloc.h:44)
  n1: 544 0x40145AB: allocate_dtv (dl-tls.c:370)
   n1: 544 0x40145AB: _dl_allocate_tls (dl-tls.c:629)
    n1: 544 0x4900616: allocate_stack (allocatestack.c:429)
     n1: 544 0x4900616: pthread_create@@GLIBC_2.34 (pthread_create.c:655)
      n1: 544 0x48526B6: parallel_for (in /home/billyfu/YatPC/lab6/libparallel_for.so)
       n1: 544 0x1098BA: heated_plate_pthreads (in /home/billyfu/YatPC/lab6/heated_plate_valgrind)
        n0: 544 0x109D55: main (in /home/billyfu/YatPC/lab6/heated_plate_valgrind)
 n1: 288 0x109820: heated_plate_pthreads (in /home/billyfu/YatPC/lab6/heated_plate_valgrind)
  n0: 288 0x109D55: main (in /home/billyfu/YatPC/lab6/heated_plate_valgrind)
 n1: 288 0x109850: heated_plate_pthreads (in /home/billyfu/YatPC/lab6/heated_plate_valgrind)
  n0: 288 0x109D55: main (in /home/billyfu/YatPC/lab6/heated_plate_valgrind)
 n0: 96 in 2 places, all below massif's threshold (1.00%)
#-----------
snapshot=29
#-----------
time=480662
mem_heap_B=1216
mem_heap_extra_B=128
mem_stacks_B=17520
heap_tree=empty
#-----------
snapshot=30
#-----------
time=497503
mem_heap_B=1216
mem_heap_extra_B=128
mem_stacks_B=18024
heap_tree=empty
#-----------
snapshot=31
#-----------
time=508006
mem_heap_B=1216
mem_heap_extra_B=128
mem_stacks_B=18632
heap_tree=empty
#-----------
snapshot=32
#-----------
time=521650
mem_heap_B=1216
mem_heap_extra_B=128
mem_stacks_B=18864
heap_tree=empty
#-----------
snapshot=33
#-----------
time=543301
mem_heap_B=1216
mem_heap_extra_B=128
mem_stacks_B=20896
heap_tree=empty
#-----------
snapshot=34
#-----------
time=561203
mem_heap_B=1216
mem_heap_extra_B=128
mem_stacks_B=21856
heap_tree=empty
#-----------
snapshot=35
#-----------
time=578100
mem_heap_B=1216
mem_heap_extra_B=128
mem_stacks_B=24672
heap_tree=detailed
n4: 1216 (heap allocation functions) malloc/new/new[], --alloc-fns, etc.
 n1: 544 0x40145AB: calloc (rtld-malloc.h:44)
  n1: 544 0x40145AB: allocate_dtv (dl-tls.c:370)
   n1: 544 0x40145AB: _dl_allocate_tls (dl-tls.c:629)
    n1: 544 0x4900616: allocate_stack (allocatestack.c:429)
     n1: 544 0x4900616: pthread_create@@GLIBC_2.34 (pthread_create.c:655)
      n1: 544 0x48526B6: parallel_for (in /home/billyfu/YatPC/lab6/libparallel_for.so)
       n1: 544 0x1098BA: heated_plate_pthreads (in /home/billyfu/YatPC/lab6/heated_plate_valgrind)
        n0: 544 0x109D55: main (in /home/billyfu/YatPC/lab6/heated_plate_valgrind)
 n1: 288 0x109820: heated_plate_pthreads (in /home/billyfu/YatPC/lab6/heated_plate_valgrind)
  n0: 288 0x109D55: main (in /home/billyfu/YatPC/lab6/heated_plate_valgrind)
 n1: 288 0x109850: heated_plate_pthreads (in /home/billyfu/YatPC/lab6/heated_plate_valgrind)
  n0: 288 0x109D55: main (in /home/billyfu/YatPC/lab6/heated_plate_valgrind)
 n0: 96 in 2 places, all below massif's threshold (1.00%)
#-----------
snapshot=36
#-----------
time=597201
mem_heap_B=1216
mem_heap_extra_B=128
mem_stacks_B=23776
heap_tree=empty
#-----------
snapshot=37
#-----------
time=610161
mem_heap_B=1216
mem_heap_extra_B=128
mem_stacks_B=24232
heap_tree=empty
#-----------
snapshot=38
#-----------
time=632097
mem_heap_B=1216
mem_heap_extra_B=128
mem_stacks_B=27552
heap_tree=detailed
n4: 1216 (heap allocation functions) malloc/new/new[], --alloc-fns, etc.
 n1: 544 0x40145AB: calloc (rtld-malloc.h:44)
  n1: 544 0x40145AB: allocate_dtv (dl-tls.c:370)
   n1: 544 0x40145AB: _dl_allocate_tls (dl-tls.c:629)
    n1: 544 0x4900616: allocate_stack (allocatestack.c:429)
     n1: 544 0x4900616: pthread_create@@GLIBC_2.34 (pthread_create.c:655)
      n1: 544 0x48526B6: parallel_for (in /home/billyfu/YatPC/lab6/libparallel_for.so)
       n1: 544 0x1098BA: heated_plate_pthreads (in /home/billyfu/YatPC/lab6/heated_plate_valgrind)
        n0: 544 0x109D55: main (in /home/billyfu/YatPC/lab6/heated_plate_valgrind)
 n1: 288 0x109820: heated_plate_pthreads (in /home/billyfu/YatPC/lab6/heated_plate_valgrind)
  n0: 288 0x109D55: main (in /home/billyfu/YatPC/lab6/heated_plate_valgrind)
 n1: 288 0x109850: heated_plate_pthreads (in /home/billyfu/YatPC/lab6/heated_plate_valgrind)
  n0: 288 0x109D55: main (in /home/billyfu/YatPC/lab6/heated_plate_valgrind)
 n0: 96 in 2 places, all below massif's threshold (1.00%)
#-----------
snapshot=39
#-----------
time=646159
mem_heap_B=1216
mem_heap_extra_B=128
mem_stacks_B=26152
heap_tree=empty
#-----------
snapshot=40
#-----------
time=664158
mem_heap_B=1216
mem_heap_extra_B=128
mem_stacks_B=27112
heap_tree=empty
#-----------
snapshot=41
#-----------
time=686094
mem_heap_B=1216
mem_heap_extra_B=128
mem_stacks_B=30432
heap_tree=detailed
n2: 1216 (heap allocation functions) malloc/new/new[], --alloc-fns, etc.
 n0: 672 in 4 places, all below massif's threshold (1.00%)
 n1: 544 0x40145AB: calloc (rtld-malloc.h:44)
  n1: 544 0x40145AB: allocate_dtv (dl-tls.c:370)
   n1: 544 0x40145AB: _dl_allocate_tls (dl-tls.c:629)
    n1: 544 0x4900616: allocate_stack (allocatestack.c:429)
     n1: 544 0x4900616: pthread_create@@GLIBC_2.34 (pthread_create.c:655)
      n1: 544 0x48526B6: parallel_for (in /home/billyfu/YatPC/lab6/libparallel_for.so)
       n1: 544 0x1098BA: heated_plate_pthreads (in /home/billyfu/YatPC/lab6/heated_plate_valgrind)
        n0: 544 0x109D55: main (in /home/billyfu/YatPC/lab6/heated_plate_valgrind)
#-----------
snapshot=42
#-----------
time=699126
mem_heap_B=1216
mem_heap_extra_B=128
mem_stacks_B=29216
heap_tree=empty
#-----------
snapshot=43
#-----------
time=712589
mem_heap_B=1216
mem_heap_extra_B=128
mem_stacks_B=29672
heap_tree=empty
#-----------
snapshot=44
#-----------
time=733998
mem_heap_B=1216
mem_heap_extra_B=128
mem_stacks_B=33040
heap_tree=detailed
n2: 1216 (heap allocation functions) malloc/new/new[], --alloc-fns, etc.
 n0: 672 in 4 places, all below massif's threshold (1.00%)
 n1: 544 0x40145AB: calloc (rtld-malloc.h:44)
  n1: 544 0x40145AB: allocate_dtv (dl-tls.c:370)
   n1: 544 0x40145AB: _dl_allocate_tls (dl-tls.c:629)
    n1: 544 0x4900616: allocate_stack (allocatestack.c:429)
     n1: 544 0x4900616: pthread_create@@GLIBC_2.34 (pthread_create.c:655)
      n1: 544 0x48526B6: parallel_for (in /home/billyfu/YatPC/lab6/libparallel_for.so)
       n1: 544 0x1098BA: heated_plate_pthreads (in /home/billyfu/YatPC/lab6/heated_plate_valgrind)
        n0: 544 0x109D55: main (in /home/billyfu/YatPC/lab6/heated_plate_valgrind)
#-----------
snapshot=45
#-----------
time=748589
mem_heap_B=1216
mem_heap_extra_B=128
mem_stacks_B=31592
heap_tree=empty
#-----------
snapshot=46
#-----------
time=765338
mem_heap_B=1216
mem_heap_extra_B=128
mem_stacks_B=32472
heap_tree=empty
#-----------
snapshot=47
#-----------
time=775683
mem_heap_B=1216
mem_heap_extra_B=128
mem_stacks_B=33056
heap_tree=empty
#-----------
snapshot=48
#-----------
time=788662
mem_heap_B=5312
mem_heap_extra_B=136
mem_stacks_B=33808
heap_tree=peak
n3: 5312 (heap allocation functions) malloc/new/new[], --alloc-fns, etc.
 n1: 4096 0x48E81B4: _IO_file_doallocate (filedoalloc.c:101)
  n1: 4096 0x48F8523: _IO_doallocbuf (genops.c:347)
   n1: 4096 0x48F5F8F: _IO_file_overflow@@GLIBC_2.2.5 (fileops.c:745)
    n1: 4096 0x48F6AAE: _IO_new_file_xsputn (fileops.c:1244)
     n1: 4096 0x48F6AAE: _IO_file_xsputn@@GLIBC_2.2.5 (fileops.c:1197)
      n1: 4096 0x48C3CC8: __printf_buffer_flush_to_file (printf_buffer_to_file.c:59)
       n1: 4096 0x48C3CC8: __printf_buffer_to_file_done (printf_buffer_to_file.c:120)
        n1: 4096 0x48CE5A9: __vfprintf_internal (vfprintf-internal.c:1560)
         n1: 4096 0x48C31B2: printf (printf.c:33)
          n1: 4096 0x109C61: print_result (in /home/billyfu/YatPC/lab6/heated_plate_valgrind)
           n0: 4096 0x109D7B: main (in /home/billyfu/YatPC/lab6/heated_plate_valgrind)
 n0: 672 in 4 places, all below massif's threshold (1.00%)
 n1: 544 0x40145AB: calloc (rtld-malloc.h:44)
  n1: 544 0x40145AB: allocate_dtv (dl-tls.c:370)
   n1: 544 0x40145AB: _dl_allocate_tls (dl-tls.c:629)
    n1: 544 0x4900616: allocate_stack (allocatestack.c:429)
     n1: 544 0x4900616: pthread_create@@GLIBC_2.34 (pthread_create.c:655)
      n1: 544 0x48526B6: parallel_for (in /home/billyfu/YatPC/lab6/libparallel_for.so)
       n1: 544 0x1098BA: heated_plate_pthreads (in /home/billyfu/YatPC/lab6/heated_plate_valgrind)
        n0: 544 0x109D55: main (in /home/billyfu/YatPC/lab6/heated_plate_valgrind)
#-----------
snapshot=49
#-----------
time=794245
mem_heap_B=544
mem_heap_extra_B=16
mem_stacks_B=32936
heap_tree=empty
#-----------
snapshot=50
#-----------
time=795346
mem_heap_B=0
mem_heap_extra_B=0
mem_stacks_B=32832
heap_tree=empty
