desc: --massif-out-file=valgrind_logs/massif_M2_N2_T1_S1.out --stacks=yes
cmd: ./heated_plate_valgrind 2 2 1 1
time_unit: i
#-----------
snapshot=0
#-----------
time=0
mem_heap_B=0
mem_heap_extra_B=0
mem_stacks_B=0
heap_tree=empty
#-----------
snapshot=1
#-----------
time=1097
mem_heap_B=0
mem_heap_extra_B=0
mem_stacks_B=368
heap_tree=empty
#-----------
snapshot=2
#-----------
time=30919
mem_heap_B=0
mem_heap_extra_B=0
mem_stacks_B=312
heap_tree=empty
#-----------
snapshot=3
#-----------
time=32995
mem_heap_B=0
mem_heap_extra_B=0
mem_stacks_B=656
heap_tree=empty
#-----------
snapshot=4
#-----------
time=35920
mem_heap_B=0
mem_heap_extra_B=0
mem_stacks_B=656
heap_tree=empty
#-----------
snapshot=5
#-----------
time=39429
mem_heap_B=0
mem_heap_extra_B=0
mem_stacks_B=960
heap_tree=detailed
n0: 0 (heap allocation functions) malloc/new/new[], --alloc-fns, etc.
#-----------
snapshot=6
#-----------
time=42111
mem_heap_B=0
mem_heap_extra_B=0
mem_stacks_B=1232
heap_tree=empty
#-----------
snapshot=7
#-----------
time=44037
mem_heap_B=0
mem_heap_extra_B=0
mem_stacks_B=1368
heap_tree=empty
#-----------
snapshot=8
#-----------
time=46953
mem_heap_B=0
mem_heap_extra_B=0
mem_stacks_B=1376
heap_tree=empty
#-----------
snapshot=9
#-----------
time=50004
mem_heap_B=0
mem_heap_extra_B=0
mem_stacks_B=7680
heap_tree=peak
n0: 0 (heap allocation functions) malloc/new/new[], --alloc-fns, etc.
#-----------
snapshot=10
#-----------
time=52735
mem_heap_B=0
mem_heap_extra_B=0
mem_stacks_B=7648
heap_tree=empty
#-----------
snapshot=11
#-----------
time=54375
mem_heap_B=0
mem_heap_extra_B=0
mem_stacks_B=2408
heap_tree=empty
#-----------
snapshot=12
#-----------
time=58110
mem_heap_B=0
mem_heap_extra_B=0
mem_stacks_B=4776
heap_tree=empty
#-----------
snapshot=13
#-----------
time=60639
mem_heap_B=0
mem_heap_extra_B=0
mem_stacks_B=4328
heap_tree=empty
#-----------
snapshot=14
#-----------
time=64061
mem_heap_B=0
mem_heap_extra_B=0
mem_stacks_B=5768
heap_tree=empty
#-----------
snapshot=15
#-----------
time=66733
mem_heap_B=0
mem_heap_extra_B=0
mem_stacks_B=3832
heap_tree=empty
#-----------
snapshot=16
#-----------
time=70107
mem_heap_B=0
mem_heap_extra_B=0
mem_stacks_B=1336
heap_tree=empty
#-----------
snapshot=17
#-----------
time=72401
mem_heap_B=0
mem_heap_extra_B=0
mem_stacks_B=1360
heap_tree=empty
#-----------
snapshot=18
#-----------
time=75227
mem_heap_B=0
mem_heap_extra_B=0
mem_stacks_B=1080
heap_tree=empty
#-----------
snapshot=19
#-----------
time=85615
mem_heap_B=0
mem_heap_extra_B=0
mem_stacks_B=1304
heap_tree=empty
#-----------
snapshot=20
#-----------
time=87299
mem_heap_B=0
mem_heap_extra_B=0
mem_stacks_B=1304
heap_tree=empty
#-----------
snapshot=21
#-----------
time=90640
mem_heap_B=0
mem_heap_extra_B=0
mem_stacks_B=1768
heap_tree=empty
#-----------
snapshot=22
#-----------
time=92802
mem_heap_B=0
mem_heap_extra_B=0
mem_stacks_B=1768
heap_tree=detailed
n0: 0 (heap allocation functions) malloc/new/new[], --alloc-fns, etc.
#-----------
snapshot=23
#-----------
time=96257
mem_heap_B=0
mem_heap_extra_B=0
mem_stacks_B=1768
heap_tree=empty
#-----------
snapshot=24
#-----------
time=99088
mem_heap_B=0
mem_heap_extra_B=0
mem_stacks_B=1768
heap_tree=empty
#-----------
snapshot=25
#-----------
time=101137
mem_heap_B=0
mem_heap_extra_B=0
mem_stacks_B=1304
heap_tree=empty
#-----------
snapshot=26
#-----------
time=103652
mem_heap_B=0
mem_heap_extra_B=0
mem_stacks_B=1768
heap_tree=empty
#-----------
snapshot=27
#-----------
time=105751
mem_heap_B=0
mem_heap_extra_B=0
mem_stacks_B=1528
heap_tree=empty
#-----------
snapshot=28
#-----------
time=107655
mem_heap_B=0
mem_heap_extra_B=0
mem_stacks_B=1768
heap_tree=empty
#-----------
snapshot=29
#-----------
time=110555
mem_heap_B=0
mem_heap_extra_B=0
mem_stacks_B=1768
heap_tree=empty
#-----------
snapshot=30
#-----------
time=114443
mem_heap_B=0
mem_heap_extra_B=0
mem_stacks_B=1768
heap_tree=empty
#-----------
snapshot=31
#-----------
time=117375
mem_heap_B=0
mem_heap_extra_B=0
mem_stacks_B=1768
heap_tree=empty
#-----------
snapshot=32
#-----------
time=121246
mem_heap_B=0
mem_heap_extra_B=0
mem_stacks_B=1304
heap_tree=empty
#-----------
snapshot=33
#-----------
time=123396
mem_heap_B=0
mem_heap_extra_B=0
mem_stacks_B=1880
heap_tree=empty
#-----------
snapshot=34
#-----------
time=126323
mem_heap_B=0
mem_heap_extra_B=0
mem_stacks_B=1768
heap_tree=empty
#-----------
snapshot=35
#-----------
time=129351
mem_heap_B=0
mem_heap_extra_B=0
mem_stacks_B=1768
heap_tree=empty
#-----------
snapshot=36
#-----------
time=131288
mem_heap_B=0
mem_heap_extra_B=0
mem_stacks_B=1528
heap_tree=empty
#-----------
snapshot=37
#-----------
time=134338
mem_heap_B=0
mem_heap_extra_B=0
mem_stacks_B=1768
heap_tree=empty
#-----------
snapshot=38
#-----------
time=137154
mem_heap_B=0
mem_heap_extra_B=0
mem_stacks_B=1304
heap_tree=empty
#-----------
snapshot=39
#-----------
time=139094
mem_heap_B=0
mem_heap_extra_B=0
mem_stacks_B=1584
heap_tree=empty
#-----------
snapshot=40
#-----------
time=141267
mem_heap_B=0
mem_heap_extra_B=0
mem_stacks_B=1872
heap_tree=empty
#-----------
snapshot=41
#-----------
time=143104
mem_heap_B=0
mem_heap_extra_B=0
mem_stacks_B=1368
heap_tree=empty
#-----------
snapshot=42
#-----------
time=145958
mem_heap_B=0
mem_heap_extra_B=0
mem_stacks_B=1304
heap_tree=empty
#-----------
snapshot=43
#-----------
time=149950
mem_heap_B=0
mem_heap_extra_B=0
mem_stacks_B=1304
heap_tree=empty
#-----------
snapshot=44
#-----------
time=152732
mem_heap_B=0
mem_heap_extra_B=0
mem_stacks_B=1584
heap_tree=detailed
n0: 0 (heap allocation functions) malloc/new/new[], --alloc-fns, etc.
#-----------
snapshot=45
#-----------
time=154592
mem_heap_B=0
mem_heap_extra_B=0
mem_stacks_B=1528
heap_tree=empty
#-----------
snapshot=46
#-----------
time=156819
mem_heap_B=0
mem_heap_extra_B=0
mem_stacks_B=1528
heap_tree=empty
#-----------
snapshot=47
#-----------
time=158685
mem_heap_B=0
mem_heap_extra_B=0
mem_stacks_B=1304
heap_tree=empty
#-----------
snapshot=48
#-----------
time=161548
mem_heap_B=0
mem_heap_extra_B=0
mem_stacks_B=1624
heap_tree=empty
#-----------
snapshot=49
#-----------
time=164459
mem_heap_B=0
mem_heap_extra_B=0
mem_stacks_B=1872
heap_tree=empty
#-----------
snapshot=50
#-----------
time=165801
mem_heap_B=0
mem_heap_extra_B=0
mem_stacks_B=1624
heap_tree=empty
#-----------
snapshot=51
#-----------
time=167103
mem_heap_B=0
mem_heap_extra_B=0
mem_stacks_B=1768
heap_tree=empty
#-----------
snapshot=52
#-----------
time=168289
mem_heap_B=0
mem_heap_extra_B=0
mem_stacks_B=1528
heap_tree=empty
#-----------
snapshot=53
#-----------
time=169390
mem_heap_B=0
mem_heap_extra_B=0
mem_stacks_B=1872
heap_tree=empty
#-----------
snapshot=54
#-----------
time=170542
mem_heap_B=0
mem_heap_extra_B=0
mem_stacks_B=1528
heap_tree=empty
#-----------
snapshot=55
#-----------
time=171677
mem_heap_B=0
mem_heap_extra_B=0
mem_stacks_B=1880
heap_tree=empty
#-----------
snapshot=56
#-----------
time=172806
mem_heap_B=0
mem_heap_extra_B=0
mem_stacks_B=1112
heap_tree=empty
#-----------
snapshot=57
#-----------
time=173936
mem_heap_B=0
mem_heap_extra_B=0
mem_stacks_B=1384
heap_tree=detailed
n0: 0 (heap allocation functions) malloc/new/new[], --alloc-fns, etc.
#-----------
snapshot=58
#-----------
time=175040
mem_heap_B=0
mem_heap_extra_B=0
mem_stacks_B=1728
heap_tree=empty
#-----------
snapshot=59
#-----------
time=176294
mem_heap_B=0
mem_heap_extra_B=0
mem_stacks_B=1624
heap_tree=empty
#-----------
snapshot=60
#-----------
time=177420
mem_heap_B=0
mem_heap_extra_B=0
mem_stacks_B=1528
heap_tree=empty
#-----------
snapshot=61
#-----------
time=178561
mem_heap_B=0
mem_heap_extra_B=0
mem_stacks_B=1880
heap_tree=empty
#-----------
snapshot=62
#-----------
time=179660
mem_heap_B=0
mem_heap_extra_B=0
mem_stacks_B=152
heap_tree=empty
#-----------
snapshot=63
#-----------
time=180845
mem_heap_B=0
mem_heap_extra_B=0
mem_stacks_B=424
heap_tree=empty
#-----------
snapshot=64
#-----------
time=182010
mem_heap_B=96
mem_heap_extra_B=48
mem_stacks_B=2360
heap_tree=empty
#-----------
snapshot=65
#-----------
time=183122
mem_heap_B=96
mem_heap_extra_B=48
mem_stacks_B=2464
heap_tree=empty
#-----------
snapshot=66
#-----------
time=184227
mem_heap_B=368
mem_heap_extra_B=56
mem_stacks_B=1216
heap_tree=empty
#-----------
snapshot=67
#-----------
time=185336
mem_heap_B=368
mem_heap_extra_B=56
mem_stacks_B=1088
heap_tree=detailed
n5: 368 (heap allocation functions) malloc/new/new[], --alloc-fns, etc.
 n1: 272 0x40145AB: calloc (rtld-malloc.h:44)
  n1: 272 0x40145AB: allocate_dtv (dl-tls.c:370)
   n1: 272 0x40145AB: _dl_allocate_tls (dl-tls.c:629)
    n1: 272 0x4900616: allocate_stack (allocatestack.c:429)
     n1: 272 0x4900616: pthread_create@@GLIBC_2.34 (pthread_create.c:655)
      n1: 272 0x48528D8: parallel_for (in /home/billyfu/YatPC/lab6/libparallel_for.so)
       n1: 272 0x1098BA: heated_plate_pthreads (in /home/billyfu/YatPC/lab6/heated_plate_valgrind)
        n0: 272 0x109D55: main (in /home/billyfu/YatPC/lab6/heated_plate_valgrind)
 n1: 32 0x109820: heated_plate_pthreads (in /home/billyfu/YatPC/lab6/heated_plate_valgrind)
  n0: 32 0x109D55: main (in /home/billyfu/YatPC/lab6/heated_plate_valgrind)
 n1: 32 0x109850: heated_plate_pthreads (in /home/billyfu/YatPC/lab6/heated_plate_valgrind)
  n0: 32 0x109D55: main (in /home/billyfu/YatPC/lab6/heated_plate_valgrind)
 n1: 16 0x1097CB: heated_plate_pthreads (in /home/billyfu/YatPC/lab6/heated_plate_valgrind)
  n0: 16 0x109D55: main (in /home/billyfu/YatPC/lab6/heated_plate_valgrind)
 n1: 16 0x1097E3: heated_plate_pthreads (in /home/billyfu/YatPC/lab6/heated_plate_valgrind)
  n0: 16 0x109D55: main (in /home/billyfu/YatPC/lab6/heated_plate_valgrind)
#-----------
snapshot=68
#-----------
time=186656
mem_heap_B=368
mem_heap_extra_B=56
mem_stacks_B=2776
heap_tree=empty
#-----------
snapshot=69
#-----------
time=187768
mem_heap_B=368
mem_heap_extra_B=56
mem_stacks_B=2632
heap_tree=empty
#-----------
snapshot=70
#-----------
time=188907
mem_heap_B=368
mem_heap_extra_B=56
mem_stacks_B=2520
heap_tree=empty
#-----------
snapshot=71
#-----------
time=190006
mem_heap_B=368
mem_heap_extra_B=56
mem_stacks_B=1384
heap_tree=empty
#-----------
snapshot=72
#-----------
time=191110
mem_heap_B=368
mem_heap_extra_B=56
mem_stacks_B=3272
heap_tree=empty
#-----------
snapshot=73
#-----------
time=192207
mem_heap_B=368
mem_heap_extra_B=56
mem_stacks_B=912
heap_tree=empty
#-----------
snapshot=74
#-----------
time=193305
mem_heap_B=368
mem_heap_extra_B=56
mem_stacks_B=1648
heap_tree=empty
#-----------
snapshot=75
#-----------
time=194408
mem_heap_B=368
mem_heap_extra_B=56
mem_stacks_B=1704
heap_tree=empty
#-----------
snapshot=76
#-----------
time=195548
mem_heap_B=368
mem_heap_extra_B=56
mem_stacks_B=1704
heap_tree=empty
#-----------
snapshot=77
#-----------
time=196655
mem_heap_B=368
mem_heap_extra_B=56
mem_stacks_B=1736
heap_tree=detailed
n4: 368 (heap allocation functions) malloc/new/new[], --alloc-fns, etc.
 n1: 272 0x40145AB: calloc (rtld-malloc.h:44)
  n1: 272 0x40145AB: allocate_dtv (dl-tls.c:370)
   n1: 272 0x40145AB: _dl_allocate_tls (dl-tls.c:629)
    n1: 272 0x4900616: allocate_stack (allocatestack.c:429)
     n1: 272 0x4900616: pthread_create@@GLIBC_2.34 (pthread_create.c:655)
      n1: 272 0x48528D8: parallel_for (in /home/billyfu/YatPC/lab6/libparallel_for.so)
       n1: 272 0x1098BA: heated_plate_pthreads (in /home/billyfu/YatPC/lab6/heated_plate_valgrind)
        n0: 272 0x109D55: main (in /home/billyfu/YatPC/lab6/heated_plate_valgrind)
 n0: 32 in 2 places, all below massif's threshold (1.00%)
 n1: 32 0x109820: heated_plate_pthreads (in /home/billyfu/YatPC/lab6/heated_plate_valgrind)
  n0: 32 0x109D55: main (in /home/billyfu/YatPC/lab6/heated_plate_valgrind)
 n1: 32 0x109850: heated_plate_pthreads (in /home/billyfu/YatPC/lab6/heated_plate_valgrind)
  n0: 32 0x109D55: main (in /home/billyfu/YatPC/lab6/heated_plate_valgrind)
#-----------
snapshot=78
#-----------
time=197784
mem_heap_B=368
mem_heap_extra_B=56
mem_stacks_B=1736
heap_tree=empty
#-----------
snapshot=79
#-----------
time=198892
mem_heap_B=368
mem_heap_extra_B=56
mem_stacks_B=1872
heap_tree=empty
#-----------
snapshot=80
#-----------
time=199996
mem_heap_B=368
mem_heap_extra_B=56
mem_stacks_B=3744
heap_tree=empty
#-----------
snapshot=81
#-----------
time=201129
mem_heap_B=368
mem_heap_extra_B=56
mem_stacks_B=1728
heap_tree=empty
#-----------
snapshot=82
#-----------
time=202234
mem_heap_B=368
mem_heap_extra_B=56
mem_stacks_B=2024
heap_tree=empty
#-----------
snapshot=83
#-----------
time=203336
mem_heap_B=368
mem_heap_extra_B=56
mem_stacks_B=2112
heap_tree=empty
#-----------
snapshot=84
#-----------
time=204451
mem_heap_B=368
mem_heap_extra_B=56
mem_stacks_B=2184
heap_tree=empty
#-----------
snapshot=85
#-----------
time=205558
mem_heap_B=368
mem_heap_extra_B=56
mem_stacks_B=2216
heap_tree=empty
#-----------
snapshot=86
#-----------
time=206660
mem_heap_B=368
mem_heap_extra_B=56
mem_stacks_B=2208
heap_tree=empty
#-----------
snapshot=87
#-----------
time=207761
mem_heap_B=368
mem_heap_extra_B=56
mem_stacks_B=2336
heap_tree=detailed
n4: 368 (heap allocation functions) malloc/new/new[], --alloc-fns, etc.
 n1: 272 0x40145AB: calloc (rtld-malloc.h:44)
  n1: 272 0x40145AB: allocate_dtv (dl-tls.c:370)
   n1: 272 0x40145AB: _dl_allocate_tls (dl-tls.c:629)
    n1: 272 0x4900616: allocate_stack (allocatestack.c:429)
     n1: 272 0x4900616: pthread_create@@GLIBC_2.34 (pthread_create.c:655)
      n1: 272 0x48528D8: parallel_for (in /home/billyfu/YatPC/lab6/libparallel_for.so)
       n1: 272 0x1098BA: heated_plate_pthreads (in /home/billyfu/YatPC/lab6/heated_plate_valgrind)
        n0: 272 0x109D55: main (in /home/billyfu/YatPC/lab6/heated_plate_valgrind)
 n0: 32 in 2 places, all below massif's threshold (1.00%)
 n1: 32 0x109820: heated_plate_pthreads (in /home/billyfu/YatPC/lab6/heated_plate_valgrind)
  n0: 32 0x109D55: main (in /home/billyfu/YatPC/lab6/heated_plate_valgrind)
 n1: 32 0x109850: heated_plate_pthreads (in /home/billyfu/YatPC/lab6/heated_plate_valgrind)
  n0: 32 0x109D55: main (in /home/billyfu/YatPC/lab6/heated_plate_valgrind)
#-----------
snapshot=88
#-----------
time=208870
mem_heap_B=368
mem_heap_extra_B=56
mem_stacks_B=4272
heap_tree=empty
#-----------
snapshot=89
#-----------
time=209969
mem_heap_B=368
mem_heap_extra_B=56
mem_stacks_B=3608
heap_tree=empty
#-----------
snapshot=90
#-----------
time=211076
mem_heap_B=368
mem_heap_extra_B=56
mem_stacks_B=3600
heap_tree=empty
#-----------
snapshot=91
#-----------
time=212173
mem_heap_B=368
mem_heap_extra_B=56
mem_stacks_B=4360
heap_tree=empty
#-----------
snapshot=92
#-----------
time=213281
mem_heap_B=4464
mem_heap_extra_B=64
mem_stacks_B=2768
heap_tree=empty
#-----------
snapshot=93
#-----------
time=214399
mem_heap_B=4368
mem_heap_extra_B=16
mem_stacks_B=2072
heap_tree=empty
#-----------
snapshot=94
#-----------
time=215503
mem_heap_B=4368
mem_heap_extra_B=16
mem_stacks_B=1928
heap_tree=empty
#-----------
snapshot=95
#-----------
time=216617
mem_heap_B=4368
mem_heap_extra_B=16
mem_stacks_B=1976
heap_tree=empty
#-----------
snapshot=96
#-----------
time=217728
mem_heap_B=272
mem_heap_extra_B=8
mem_stacks_B=1944
heap_tree=empty
#-----------
snapshot=97
#-----------
time=218833
mem_heap_B=0
mem_heap_extra_B=0
mem_stacks_B=1792
heap_tree=detailed
n1: 0 (heap allocation functions) malloc/new/new[], --alloc-fns, etc.
 n0: 0 in 6 places, all below massif's threshold (1.00%)
