desc: --massif-out-file=valgrind_logs/massif_M6_N6_T8_S0.out --stacks=yes
cmd: ./heated_plate_valgrind 6 6 8 0
time_unit: i
#-----------
snapshot=0
#-----------
time=0
mem_heap_B=0
mem_heap_extra_B=0
mem_stacks_B=0
heap_tree=empty
#-----------
snapshot=1
#-----------
time=30919
mem_heap_B=0
mem_heap_extra_B=0
mem_stacks_B=312
heap_tree=empty
#-----------
snapshot=2
#-----------
time=64061
mem_heap_B=0
mem_heap_extra_B=0
mem_stacks_B=5768
heap_tree=empty
#-----------
snapshot=3
#-----------
time=103652
mem_heap_B=0
mem_heap_extra_B=0
mem_stacks_B=1768
heap_tree=empty
#-----------
snapshot=4
#-----------
time=131288
mem_heap_B=0
mem_heap_extra_B=0
mem_stacks_B=1528
heap_tree=empty
#-----------
snapshot=5
#-----------
time=170542
mem_heap_B=0
mem_heap_extra_B=0
mem_stacks_B=1528
heap_tree=empty
#-----------
snapshot=6
#-----------
time=200935
mem_heap_B=2304
mem_heap_extra_B=160
mem_stacks_B=2720
heap_tree=empty
#-----------
snapshot=7
#-----------
time=264638
mem_heap_B=1760
mem_heap_extra_B=144
mem_stacks_B=6776
heap_tree=empty
#-----------
snapshot=8
#-----------
time=327412
mem_heap_B=1760
mem_heap_extra_B=144
mem_stacks_B=10280
heap_tree=empty
#-----------
snapshot=9
#-----------
time=376366
mem_heap_B=1760
mem_heap_extra_B=144
mem_stacks_B=13504
heap_tree=empty
#-----------
snapshot=10
#-----------
time=419272
mem_heap_B=2032
mem_heap_extra_B=152
mem_stacks_B=16328
heap_tree=empty
#-----------
snapshot=11
#-----------
time=480567
mem_heap_B=1760
mem_heap_extra_B=144
mem_stacks_B=19896
heap_tree=empty
#-----------
snapshot=12
#-----------
time=532272
mem_heap_B=2848
mem_heap_extra_B=176
mem_stacks_B=25376
heap_tree=detailed
n4: 2848 (heap allocation functions) malloc/new/new[], --alloc-fns, etc.
 n1: 2176 0x40145AB: calloc (rtld-malloc.h:44)
  n1: 2176 0x40145AB: allocate_dtv (dl-tls.c:370)
   n1: 2176 0x40145AB: _dl_allocate_tls (dl-tls.c:629)
    n1: 2176 0x4900616: allocate_stack (allocatestack.c:429)
     n1: 2176 0x4900616: pthread_create@@GLIBC_2.34 (pthread_create.c:655)
      n3: 2176 0x48526B6: parallel_for (in /home/billyfu/YatPC/lab6/libparallel_for.so)
       n1: 1088 0x109AE1: heated_plate_pthreads (in /home/billyfu/YatPC/lab6/heated_plate_valgrind)
        n0: 1088 0x109D55: main (in /home/billyfu/YatPC/lab6/heated_plate_valgrind)
       n1: 1088 0x109B4B: heated_plate_pthreads (in /home/billyfu/YatPC/lab6/heated_plate_valgrind)
        n0: 1088 0x109D55: main (in /home/billyfu/YatPC/lab6/heated_plate_valgrind)
       n0: 0 in 6 places, all below massif's threshold (1.00%)
 n1: 288 0x109820: heated_plate_pthreads (in /home/billyfu/YatPC/lab6/heated_plate_valgrind)
  n0: 288 0x109D55: main (in /home/billyfu/YatPC/lab6/heated_plate_valgrind)
 n1: 288 0x109850: heated_plate_pthreads (in /home/billyfu/YatPC/lab6/heated_plate_valgrind)
  n0: 288 0x109D55: main (in /home/billyfu/YatPC/lab6/heated_plate_valgrind)
 n0: 96 in 2 places, all below massif's threshold (1.00%)
#-----------
snapshot=13
#-----------
time=574555
mem_heap_B=2848
mem_heap_extra_B=176
mem_stacks_B=27936
heap_tree=detailed
n2: 2848 (heap allocation functions) malloc/new/new[], --alloc-fns, etc.
 n1: 2176 0x40145AB: calloc (rtld-malloc.h:44)
  n1: 2176 0x40145AB: allocate_dtv (dl-tls.c:370)
   n1: 2176 0x40145AB: _dl_allocate_tls (dl-tls.c:629)
    n1: 2176 0x4900616: allocate_stack (allocatestack.c:429)
     n1: 2176 0x4900616: pthread_create@@GLIBC_2.34 (pthread_create.c:655)
      n3: 2176 0x48526B6: parallel_for (in /home/billyfu/YatPC/lab6/libparallel_for.so)
       n1: 1088 0x109A9E: heated_plate_pthreads (in /home/billyfu/YatPC/lab6/heated_plate_valgrind)
        n0: 1088 0x109D55: main (in /home/billyfu/YatPC/lab6/heated_plate_valgrind)
       n1: 1088 0x109AE1: heated_plate_pthreads (in /home/billyfu/YatPC/lab6/heated_plate_valgrind)
        n0: 1088 0x109D55: main (in /home/billyfu/YatPC/lab6/heated_plate_valgrind)
       n0: 0 in 6 places, all below massif's threshold (1.00%)
 n0: 672 in 4 places, all below massif's threshold (1.00%)
#-----------
snapshot=14
#-----------
time=626858
mem_heap_B=1760
mem_heap_extra_B=144
mem_stacks_B=29168
heap_tree=empty
#-----------
snapshot=15
#-----------
time=656658
mem_heap_B=2576
mem_heap_extra_B=168
mem_stacks_B=32896
heap_tree=detailed
n2: 2576 (heap allocation functions) malloc/new/new[], --alloc-fns, etc.
 n1: 1904 0x40145AB: calloc (rtld-malloc.h:44)
  n1: 1904 0x40145AB: allocate_dtv (dl-tls.c:370)
   n1: 1904 0x40145AB: _dl_allocate_tls (dl-tls.c:629)
    n1: 1904 0x4900616: allocate_stack (allocatestack.c:429)
     n1: 1904 0x4900616: pthread_create@@GLIBC_2.34 (pthread_create.c:655)
      n3: 1904 0x48526B6: parallel_for (in /home/billyfu/YatPC/lab6/libparallel_for.so)
       n1: 1088 0x109AE1: heated_plate_pthreads (in /home/billyfu/YatPC/lab6/heated_plate_valgrind)
        n0: 1088 0x109D55: main (in /home/billyfu/YatPC/lab6/heated_plate_valgrind)
       n1: 816 0x109B4B: heated_plate_pthreads (in /home/billyfu/YatPC/lab6/heated_plate_valgrind)
        n0: 816 0x109D55: main (in /home/billyfu/YatPC/lab6/heated_plate_valgrind)
       n0: 0 in 6 places, all below massif's threshold (1.00%)
 n0: 672 in 4 places, all below massif's threshold (1.00%)
#-----------
snapshot=16
#-----------
time=704454
mem_heap_B=2576
mem_heap_extra_B=168
mem_stacks_B=33328
heap_tree=empty
#-----------
snapshot=17
#-----------
time=741222
mem_heap_B=2576
mem_heap_extra_B=168
mem_stacks_B=38016
heap_tree=detailed
n2: 2576 (heap allocation functions) malloc/new/new[], --alloc-fns, etc.
 n1: 1904 0x40145AB: calloc (rtld-malloc.h:44)
  n1: 1904 0x40145AB: allocate_dtv (dl-tls.c:370)
   n1: 1904 0x40145AB: _dl_allocate_tls (dl-tls.c:629)
    n1: 1904 0x4900616: allocate_stack (allocatestack.c:429)
     n1: 1904 0x4900616: pthread_create@@GLIBC_2.34 (pthread_create.c:655)
      n3: 1904 0x48526B6: parallel_for (in /home/billyfu/YatPC/lab6/libparallel_for.so)
       n1: 1088 0x109B4B: heated_plate_pthreads (in /home/billyfu/YatPC/lab6/heated_plate_valgrind)
        n0: 1088 0x109D55: main (in /home/billyfu/YatPC/lab6/heated_plate_valgrind)
       n1: 816 0x109A9E: heated_plate_pthreads (in /home/billyfu/YatPC/lab6/heated_plate_valgrind)
        n0: 816 0x109D55: main (in /home/billyfu/YatPC/lab6/heated_plate_valgrind)
       n0: 0 in 6 places, all below massif's threshold (1.00%)
 n0: 672 in 4 places, all below massif's threshold (1.00%)
#-----------
snapshot=18
#-----------
time=782834
mem_heap_B=2848
mem_heap_extra_B=176
mem_stacks_B=40416
heap_tree=detailed
n2: 2848 (heap allocation functions) malloc/new/new[], --alloc-fns, etc.
 n1: 2176 0x40145AB: calloc (rtld-malloc.h:44)
  n1: 2176 0x40145AB: allocate_dtv (dl-tls.c:370)
   n1: 2176 0x40145AB: _dl_allocate_tls (dl-tls.c:629)
    n1: 2176 0x4900616: allocate_stack (allocatestack.c:429)
     n1: 2176 0x4900616: pthread_create@@GLIBC_2.34 (pthread_create.c:655)
      n3: 2176 0x48526B6: parallel_for (in /home/billyfu/YatPC/lab6/libparallel_for.so)
       n1: 1088 0x109AE1: heated_plate_pthreads (in /home/billyfu/YatPC/lab6/heated_plate_valgrind)
        n0: 1088 0x109D55: main (in /home/billyfu/YatPC/lab6/heated_plate_valgrind)
       n1: 1088 0x109B4B: heated_plate_pthreads (in /home/billyfu/YatPC/lab6/heated_plate_valgrind)
        n0: 1088 0x109D55: main (in /home/billyfu/YatPC/lab6/heated_plate_valgrind)
       n0: 0 in 6 places, all below massif's threshold (1.00%)
 n0: 672 in 4 places, all below massif's threshold (1.00%)
#-----------
snapshot=19
#-----------
time=807563
mem_heap_B=2848
mem_heap_extra_B=176
mem_stacks_B=39704
heap_tree=empty
#-----------
snapshot=20
#-----------
time=848177
mem_heap_B=2848
mem_heap_extra_B=176
mem_stacks_B=44624
heap_tree=detailed
n2: 2848 (heap allocation functions) malloc/new/new[], --alloc-fns, etc.
 n1: 2176 0x40145AB: calloc (rtld-malloc.h:44)
  n1: 2176 0x40145AB: allocate_dtv (dl-tls.c:370)
   n1: 2176 0x40145AB: _dl_allocate_tls (dl-tls.c:629)
    n1: 2176 0x4900616: allocate_stack (allocatestack.c:429)
     n1: 2176 0x4900616: pthread_create@@GLIBC_2.34 (pthread_create.c:655)
      n3: 2176 0x48526B6: parallel_for (in /home/billyfu/YatPC/lab6/libparallel_for.so)
       n1: 1088 0x109AE1: heated_plate_pthreads (in /home/billyfu/YatPC/lab6/heated_plate_valgrind)
        n0: 1088 0x109D55: main (in /home/billyfu/YatPC/lab6/heated_plate_valgrind)
       n1: 1088 0x109B4B: heated_plate_pthreads (in /home/billyfu/YatPC/lab6/heated_plate_valgrind)
        n0: 1088 0x109D55: main (in /home/billyfu/YatPC/lab6/heated_plate_valgrind)
       n0: 0 in 6 places, all below massif's threshold (1.00%)
 n0: 672 in 4 places, all below massif's threshold (1.00%)
#-----------
snapshot=21
#-----------
time=878346
mem_heap_B=1760
mem_heap_extra_B=144
mem_stacks_B=44344
heap_tree=empty
#-----------
snapshot=22
#-----------
time=930686
mem_heap_B=2576
mem_heap_extra_B=168
mem_stacks_B=47344
heap_tree=empty
#-----------
snapshot=23
#-----------
time=970946
mem_heap_B=2304
mem_heap_extra_B=160
mem_stacks_B=51936
heap_tree=detailed
n2: 2304 (heap allocation functions) malloc/new/new[], --alloc-fns, etc.
 n1: 1632 0x40145AB: calloc (rtld-malloc.h:44)
  n1: 1632 0x40145AB: allocate_dtv (dl-tls.c:370)
   n1: 1632 0x40145AB: _dl_allocate_tls (dl-tls.c:629)
    n1: 1632 0x4900616: allocate_stack (allocatestack.c:429)
     n1: 1632 0x4900616: pthread_create@@GLIBC_2.34 (pthread_create.c:655)
      n3: 1632 0x48526B6: parallel_for (in /home/billyfu/YatPC/lab6/libparallel_for.so)
       n1: 1088 0x109AE1: heated_plate_pthreads (in /home/billyfu/YatPC/lab6/heated_plate_valgrind)
        n0: 1088 0x109D55: main (in /home/billyfu/YatPC/lab6/heated_plate_valgrind)
       n1: 544 0x109B4B: heated_plate_pthreads (in /home/billyfu/YatPC/lab6/heated_plate_valgrind)
        n0: 544 0x109D55: main (in /home/billyfu/YatPC/lab6/heated_plate_valgrind)
       n0: 0 in 6 places, all below massif's threshold (1.00%)
 n0: 672 in 4 places, all below massif's threshold (1.00%)
#-----------
snapshot=24
#-----------
time=1023111
mem_heap_B=1760
mem_heap_extra_B=144
mem_stacks_B=52864
heap_tree=empty
#-----------
snapshot=25
#-----------
time=1060865
mem_heap_B=2848
mem_heap_extra_B=176
mem_stacks_B=57144
heap_tree=detailed
n2: 2848 (heap allocation functions) malloc/new/new[], --alloc-fns, etc.
 n1: 2176 0x40145AB: calloc (rtld-malloc.h:44)
  n1: 2176 0x40145AB: allocate_dtv (dl-tls.c:370)
   n1: 2176 0x40145AB: _dl_allocate_tls (dl-tls.c:629)
    n1: 2176 0x4900616: allocate_stack (allocatestack.c:429)
     n1: 2176 0x4900616: pthread_create@@GLIBC_2.34 (pthread_create.c:655)
      n3: 2176 0x48526B6: parallel_for (in /home/billyfu/YatPC/lab6/libparallel_for.so)
       n1: 1088 0x109A9E: heated_plate_pthreads (in /home/billyfu/YatPC/lab6/heated_plate_valgrind)
        n0: 1088 0x109D55: main (in /home/billyfu/YatPC/lab6/heated_plate_valgrind)
       n1: 1088 0x109B4B: heated_plate_pthreads (in /home/billyfu/YatPC/lab6/heated_plate_valgrind)
        n0: 1088 0x109D55: main (in /home/billyfu/YatPC/lab6/heated_plate_valgrind)
       n0: 0 in 6 places, all below massif's threshold (1.00%)
 n0: 672 in 4 places, all below massif's threshold (1.00%)
#-----------
snapshot=26
#-----------
time=1093225
mem_heap_B=1760
mem_heap_extra_B=144
mem_stacks_B=57968
heap_tree=empty
#-----------
snapshot=27
#-----------
time=1134037
mem_heap_B=1760
mem_heap_extra_B=144
mem_stacks_B=59576
heap_tree=empty
#-----------
snapshot=28
#-----------
time=1197309
mem_heap_B=1760
mem_heap_extra_B=144
mem_stacks_B=63664
heap_tree=empty
#-----------
snapshot=29
#-----------
time=1248752
mem_heap_B=2848
mem_heap_extra_B=176
mem_stacks_B=68896
heap_tree=detailed
n2: 2848 (heap allocation functions) malloc/new/new[], --alloc-fns, etc.
 n1: 2176 0x40145AB: calloc (rtld-malloc.h:44)
  n1: 2176 0x40145AB: allocate_dtv (dl-tls.c:370)
   n1: 2176 0x40145AB: _dl_allocate_tls (dl-tls.c:629)
    n1: 2176 0x4900616: allocate_stack (allocatestack.c:429)
     n1: 2176 0x4900616: pthread_create@@GLIBC_2.34 (pthread_create.c:655)
      n3: 2176 0x48526B6: parallel_for (in /home/billyfu/YatPC/lab6/libparallel_for.so)
       n1: 1088 0x109A9E: heated_plate_pthreads (in /home/billyfu/YatPC/lab6/heated_plate_valgrind)
        n0: 1088 0x109D55: main (in /home/billyfu/YatPC/lab6/heated_plate_valgrind)
       n1: 1088 0x109B4B: heated_plate_pthreads (in /home/billyfu/YatPC/lab6/heated_plate_valgrind)
        n0: 1088 0x109D55: main (in /home/billyfu/YatPC/lab6/heated_plate_valgrind)
       n0: 0 in 6 places, all below massif's threshold (1.00%)
 n0: 672 in 4 places, all below massif's threshold (1.00%)
#-----------
snapshot=30
#-----------
time=1310234
mem_heap_B=2576
mem_heap_extra_B=168
mem_stacks_B=72576
heap_tree=detailed
n2: 2576 (heap allocation functions) malloc/new/new[], --alloc-fns, etc.
 n1: 1904 0x40145AB: calloc (rtld-malloc.h:44)
  n1: 1904 0x40145AB: allocate_dtv (dl-tls.c:370)
   n1: 1904 0x40145AB: _dl_allocate_tls (dl-tls.c:629)
    n1: 1904 0x4900616: allocate_stack (allocatestack.c:429)
     n1: 1904 0x4900616: pthread_create@@GLIBC_2.34 (pthread_create.c:655)
      n3: 1904 0x48526B6: parallel_for (in /home/billyfu/YatPC/lab6/libparallel_for.so)
       n1: 1088 0x109B4B: heated_plate_pthreads (in /home/billyfu/YatPC/lab6/heated_plate_valgrind)
        n0: 1088 0x109D55: main (in /home/billyfu/YatPC/lab6/heated_plate_valgrind)
       n1: 816 0x109A9E: heated_plate_pthreads (in /home/billyfu/YatPC/lab6/heated_plate_valgrind)
        n0: 816 0x109D55: main (in /home/billyfu/YatPC/lab6/heated_plate_valgrind)
       n0: 0 in 6 places, all below massif's threshold (1.00%)
 n0: 672 in 4 places, all below massif's threshold (1.00%)
#-----------
snapshot=31
#-----------
time=1344934
mem_heap_B=1760
mem_heap_extra_B=144
mem_stacks_B=72048
heap_tree=empty
#-----------
snapshot=32
#-----------
time=1374430
mem_heap_B=2848
mem_heap_extra_B=176
mem_stacks_B=76416
heap_tree=detailed
n2: 2848 (heap allocation functions) malloc/new/new[], --alloc-fns, etc.
 n1: 2176 0x40145AB: calloc (rtld-malloc.h:44)
  n1: 2176 0x40145AB: allocate_dtv (dl-tls.c:370)
   n1: 2176 0x40145AB: _dl_allocate_tls (dl-tls.c:629)
    n1: 2176 0x4900616: allocate_stack (allocatestack.c:429)
     n1: 2176 0x4900616: pthread_create@@GLIBC_2.34 (pthread_create.c:655)
      n3: 2176 0x48526B6: parallel_for (in /home/billyfu/YatPC/lab6/libparallel_for.so)
       n1: 1088 0x109A9E: heated_plate_pthreads (in /home/billyfu/YatPC/lab6/heated_plate_valgrind)
        n0: 1088 0x109D55: main (in /home/billyfu/YatPC/lab6/heated_plate_valgrind)
       n1: 1088 0x109B4B: heated_plate_pthreads (in /home/billyfu/YatPC/lab6/heated_plate_valgrind)
        n0: 1088 0x109D55: main (in /home/billyfu/YatPC/lab6/heated_plate_valgrind)
       n0: 0 in 6 places, all below massif's threshold (1.00%)
 n0: 672 in 4 places, all below massif's threshold (1.00%)
#-----------
snapshot=33
#-----------
time=1415220
mem_heap_B=2576
mem_heap_extra_B=168
mem_stacks_B=78976
heap_tree=detailed
n2: 2576 (heap allocation functions) malloc/new/new[], --alloc-fns, etc.
 n1: 1904 0x40145AB: calloc (rtld-malloc.h:44)
  n1: 1904 0x40145AB: allocate_dtv (dl-tls.c:370)
   n1: 1904 0x40145AB: _dl_allocate_tls (dl-tls.c:629)
    n1: 1904 0x4900616: allocate_stack (allocatestack.c:429)
     n1: 1904 0x4900616: pthread_create@@GLIBC_2.34 (pthread_create.c:655)
      n2: 1904 0x48526B6: parallel_for (in /home/billyfu/YatPC/lab6/libparallel_for.so)
       n1: 1088 0x109AE1: heated_plate_pthreads (in /home/billyfu/YatPC/lab6/heated_plate_valgrind)
        n0: 1088 0x109D55: main (in /home/billyfu/YatPC/lab6/heated_plate_valgrind)
       n0: 816 in 7 places, all below massif's threshold (1.00%)
 n0: 672 in 4 places, all below massif's threshold (1.00%)
#-----------
snapshot=34
#-----------
time=1478393
mem_heap_B=2576
mem_heap_extra_B=168
mem_stacks_B=82832
heap_tree=detailed
n2: 2576 (heap allocation functions) malloc/new/new[], --alloc-fns, etc.
 n1: 1904 0x40145AB: calloc (rtld-malloc.h:44)
  n1: 1904 0x40145AB: allocate_dtv (dl-tls.c:370)
   n1: 1904 0x40145AB: _dl_allocate_tls (dl-tls.c:629)
    n1: 1904 0x4900616: allocate_stack (allocatestack.c:429)
     n1: 1904 0x4900616: pthread_create@@GLIBC_2.34 (pthread_create.c:655)
      n2: 1904 0x48526B6: parallel_for (in /home/billyfu/YatPC/lab6/libparallel_for.so)
       n1: 1088 0x109AE1: heated_plate_pthreads (in /home/billyfu/YatPC/lab6/heated_plate_valgrind)
        n0: 1088 0x109D55: main (in /home/billyfu/YatPC/lab6/heated_plate_valgrind)
       n0: 816 in 7 places, all below massif's threshold (1.00%)
 n0: 672 in 4 places, all below massif's threshold (1.00%)
#-----------
snapshot=35
#-----------
time=1523099
mem_heap_B=2848
mem_heap_extra_B=176
mem_stacks_B=85200
heap_tree=detailed
n2: 2848 (heap allocation functions) malloc/new/new[], --alloc-fns, etc.
 n1: 2176 0x40145AB: calloc (rtld-malloc.h:44)
  n1: 2176 0x40145AB: allocate_dtv (dl-tls.c:370)
   n1: 2176 0x40145AB: _dl_allocate_tls (dl-tls.c:629)
    n1: 2176 0x4900616: allocate_stack (allocatestack.c:429)
     n1: 2176 0x4900616: pthread_create@@GLIBC_2.34 (pthread_create.c:655)
      n3: 2176 0x48526B6: parallel_for (in /home/billyfu/YatPC/lab6/libparallel_for.so)
       n1: 1088 0x109A9E: heated_plate_pthreads (in /home/billyfu/YatPC/lab6/heated_plate_valgrind)
        n0: 1088 0x109D55: main (in /home/billyfu/YatPC/lab6/heated_plate_valgrind)
       n1: 1088 0x109AE1: heated_plate_pthreads (in /home/billyfu/YatPC/lab6/heated_plate_valgrind)
        n0: 1088 0x109D55: main (in /home/billyfu/YatPC/lab6/heated_plate_valgrind)
       n0: 0 in 6 places, all below massif's threshold (1.00%)
 n0: 672 in 4 places, all below massif's threshold (1.00%)
#-----------
snapshot=36
#-----------
time=1560943
mem_heap_B=2304
mem_heap_extra_B=160
mem_stacks_B=87776
heap_tree=empty
#-----------
snapshot=37
#-----------
time=1603549
mem_heap_B=2304
mem_heap_extra_B=160
mem_stacks_B=88312
heap_tree=empty
#-----------
snapshot=38
#-----------
time=1645337
mem_heap_B=2304
mem_heap_extra_B=160
mem_stacks_B=92896
heap_tree=empty
#-----------
snapshot=39
#-----------
time=1685249
mem_heap_B=2032
mem_heap_extra_B=152
mem_stacks_B=95344
heap_tree=empty
#-----------
snapshot=40
#-----------
time=1710628
mem_heap_B=2576
mem_heap_extra_B=168
mem_stacks_B=96896
heap_tree=empty
#-----------
snapshot=41
#-----------
time=1752622
mem_heap_B=2576
mem_heap_extra_B=168
mem_stacks_B=97280
heap_tree=empty
#-----------
snapshot=42
#-----------
time=1794339
mem_heap_B=2576
mem_heap_extra_B=168
mem_stacks_B=102016
heap_tree=detailed
n2: 2576 (heap allocation functions) malloc/new/new[], --alloc-fns, etc.
 n1: 1904 0x40145AB: calloc (rtld-malloc.h:44)
  n1: 1904 0x40145AB: allocate_dtv (dl-tls.c:370)
   n1: 1904 0x40145AB: _dl_allocate_tls (dl-tls.c:629)
    n1: 1904 0x4900616: allocate_stack (allocatestack.c:429)
     n1: 1904 0x4900616: pthread_create@@GLIBC_2.34 (pthread_create.c:655)
      n2: 1904 0x48526B6: parallel_for (in /home/billyfu/YatPC/lab6/libparallel_for.so)
       n1: 1088 0x109AE1: heated_plate_pthreads (in /home/billyfu/YatPC/lab6/heated_plate_valgrind)
        n0: 1088 0x109D55: main (in /home/billyfu/YatPC/lab6/heated_plate_valgrind)
       n0: 816 in 7 places, all below massif's threshold (1.00%)
 n0: 672 in 4 places, all below massif's threshold (1.00%)
#-----------
snapshot=43
#-----------
time=1834912
mem_heap_B=2304
mem_heap_extra_B=160
mem_stacks_B=104416
heap_tree=detailed
n2: 2304 (heap allocation functions) malloc/new/new[], --alloc-fns, etc.
 n1: 1632 0x40145AB: calloc (rtld-malloc.h:44)
  n1: 1632 0x40145AB: allocate_dtv (dl-tls.c:370)
   n1: 1632 0x40145AB: _dl_allocate_tls (dl-tls.c:629)
    n1: 1632 0x4900616: allocate_stack (allocatestack.c:429)
     n1: 1632 0x4900616: pthread_create@@GLIBC_2.34 (pthread_create.c:655)
      n2: 1632 0x48526B6: parallel_for (in /home/billyfu/YatPC/lab6/libparallel_for.so)
       n1: 1088 0x109A9E: heated_plate_pthreads (in /home/billyfu/YatPC/lab6/heated_plate_valgrind)
        n0: 1088 0x109D55: main (in /home/billyfu/YatPC/lab6/heated_plate_valgrind)
       n0: 544 in 7 places, all below massif's threshold (1.00%)
 n0: 672 in 4 places, all below massif's threshold (1.00%)
#-----------
snapshot=44
#-----------
time=1873843
mem_heap_B=1760
mem_heap_extra_B=144
mem_stacks_B=104544
heap_tree=empty
#-----------
snapshot=45
#-----------
time=1919523
mem_heap_B=2304
mem_heap_extra_B=160
mem_stacks_B=107728
heap_tree=empty
#-----------
snapshot=46
#-----------
time=1942283
mem_heap_B=2848
mem_heap_extra_B=176
mem_stacks_B=108864
heap_tree=empty
#-----------
snapshot=47
#-----------
time=1984941
mem_heap_B=2848
mem_heap_extra_B=176
mem_stacks_B=113584
heap_tree=detailed
n2: 2848 (heap allocation functions) malloc/new/new[], --alloc-fns, etc.
 n1: 2176 0x40145AB: calloc (rtld-malloc.h:44)
  n1: 2176 0x40145AB: allocate_dtv (dl-tls.c:370)
   n1: 2176 0x40145AB: _dl_allocate_tls (dl-tls.c:629)
    n1: 2176 0x4900616: allocate_stack (allocatestack.c:429)
     n1: 2176 0x4900616: pthread_create@@GLIBC_2.34 (pthread_create.c:655)
      n1: 2176 0x48526B6: parallel_for (in /home/billyfu/YatPC/lab6/libparallel_for.so)
       n0: 2176 in 8 places, all below massif's threshold (1.00%)
 n0: 672 in 4 places, all below massif's threshold (1.00%)
#-----------
snapshot=48
#-----------
time=2007138
mem_heap_B=2848
mem_heap_extra_B=176
mem_stacks_B=114976
heap_tree=detailed
n2: 2848 (heap allocation functions) malloc/new/new[], --alloc-fns, etc.
 n1: 2176 0x40145AB: calloc (rtld-malloc.h:44)
  n1: 2176 0x40145AB: allocate_dtv (dl-tls.c:370)
   n1: 2176 0x40145AB: _dl_allocate_tls (dl-tls.c:629)
    n1: 2176 0x4900616: allocate_stack (allocatestack.c:429)
     n1: 2176 0x4900616: pthread_create@@GLIBC_2.34 (pthread_create.c:655)
      n1: 2176 0x48526B6: parallel_for (in /home/billyfu/YatPC/lab6/libparallel_for.so)
       n0: 2176 in 8 places, all below massif's threshold (1.00%)
 n0: 672 in 4 places, all below massif's threshold (1.00%)
#-----------
snapshot=49
#-----------
time=2049357
mem_heap_B=2848
mem_heap_extra_B=176
mem_stacks_B=117536
heap_tree=detailed
n2: 2848 (heap allocation functions) malloc/new/new[], --alloc-fns, etc.
 n1: 2176 0x40145AB: calloc (rtld-malloc.h:44)
  n1: 2176 0x40145AB: allocate_dtv (dl-tls.c:370)
   n1: 2176 0x40145AB: _dl_allocate_tls (dl-tls.c:629)
    n1: 2176 0x4900616: allocate_stack (allocatestack.c:429)
     n1: 2176 0x4900616: pthread_create@@GLIBC_2.34 (pthread_create.c:655)
      n1: 2176 0x48526B6: parallel_for (in /home/billyfu/YatPC/lab6/libparallel_for.so)
       n0: 2176 in 8 places, all below massif's threshold (1.00%)
 n0: 672 in 4 places, all below massif's threshold (1.00%)
#-----------
snapshot=50
#-----------
time=2070588
mem_heap_B=2848
mem_heap_extra_B=176
mem_stacks_B=118816
heap_tree=detailed
n2: 2848 (heap allocation functions) malloc/new/new[], --alloc-fns, etc.
 n1: 2176 0x40145AB: calloc (rtld-malloc.h:44)
  n1: 2176 0x40145AB: allocate_dtv (dl-tls.c:370)
   n1: 2176 0x40145AB: _dl_allocate_tls (dl-tls.c:629)
    n1: 2176 0x4900616: allocate_stack (allocatestack.c:429)
     n1: 2176 0x4900616: pthread_create@@GLIBC_2.34 (pthread_create.c:655)
      n1: 2176 0x48526B6: parallel_for (in /home/billyfu/YatPC/lab6/libparallel_for.so)
       n0: 2176 in 8 places, all below massif's threshold (1.00%)
 n0: 672 in 4 places, all below massif's threshold (1.00%)
#-----------
snapshot=51
#-----------
time=2091461
mem_heap_B=2848
mem_heap_extra_B=176
mem_stacks_B=120096
heap_tree=detailed
n2: 2848 (heap allocation functions) malloc/new/new[], --alloc-fns, etc.
 n1: 2176 0x40145AB: calloc (rtld-malloc.h:44)
  n1: 2176 0x40145AB: allocate_dtv (dl-tls.c:370)
   n1: 2176 0x40145AB: _dl_allocate_tls (dl-tls.c:629)
    n1: 2176 0x4900616: allocate_stack (allocatestack.c:429)
     n1: 2176 0x4900616: pthread_create@@GLIBC_2.34 (pthread_create.c:655)
      n1: 2176 0x48526B6: parallel_for (in /home/billyfu/YatPC/lab6/libparallel_for.so)
       n0: 2176 in 8 places, all below massif's threshold (1.00%)
 n0: 672 in 4 places, all below massif's threshold (1.00%)
#-----------
snapshot=52
#-----------
time=2113686
mem_heap_B=2848
mem_heap_extra_B=176
mem_stacks_B=119064
heap_tree=empty
#-----------
snapshot=53
#-----------
time=2127519
mem_heap_B=2032
mem_heap_extra_B=152
mem_stacks_B=122176
heap_tree=detailed
n2: 2032 (heap allocation functions) malloc/new/new[], --alloc-fns, etc.
 n1: 1360 0x40145AB: calloc (rtld-malloc.h:44)
  n1: 1360 0x40145AB: allocate_dtv (dl-tls.c:370)
   n1: 1360 0x40145AB: _dl_allocate_tls (dl-tls.c:629)
    n1: 1360 0x4900616: allocate_stack (allocatestack.c:429)
     n1: 1360 0x4900616: pthread_create@@GLIBC_2.34 (pthread_create.c:655)
      n1: 1360 0x48526B6: parallel_for (in /home/billyfu/YatPC/lab6/libparallel_for.so)
       n0: 1360 in 8 places, all below massif's threshold (1.00%)
 n0: 672 in 4 places, all below massif's threshold (1.00%)
#-----------
snapshot=54
#-----------
time=2133622
mem_heap_B=2848
mem_heap_extra_B=176
mem_stacks_B=122656
heap_tree=detailed
n2: 2848 (heap allocation functions) malloc/new/new[], --alloc-fns, etc.
 n1: 2176 0x40145AB: calloc (rtld-malloc.h:44)
  n1: 2176 0x40145AB: allocate_dtv (dl-tls.c:370)
   n1: 2176 0x40145AB: _dl_allocate_tls (dl-tls.c:629)
    n1: 2176 0x4900616: allocate_stack (allocatestack.c:429)
     n1: 2176 0x4900616: pthread_create@@GLIBC_2.34 (pthread_create.c:655)
      n1: 2176 0x48526B6: parallel_for (in /home/billyfu/YatPC/lab6/libparallel_for.so)
       n0: 2176 in 8 places, all below massif's threshold (1.00%)
 n0: 672 in 4 places, all below massif's threshold (1.00%)
#-----------
snapshot=55
#-----------
time=2155824
mem_heap_B=2848
mem_heap_extra_B=176
mem_stacks_B=121720
heap_tree=empty
#-----------
snapshot=56
#-----------
time=2171889
mem_heap_B=2304
mem_heap_extra_B=160
mem_stacks_B=124896
heap_tree=detailed
n2: 2304 (heap allocation functions) malloc/new/new[], --alloc-fns, etc.
 n1: 1632 0x40145AB: calloc (rtld-malloc.h:44)
  n1: 1632 0x40145AB: allocate_dtv (dl-tls.c:370)
   n1: 1632 0x40145AB: _dl_allocate_tls (dl-tls.c:629)
    n1: 1632 0x4900616: allocate_stack (allocatestack.c:429)
     n1: 1632 0x4900616: pthread_create@@GLIBC_2.34 (pthread_create.c:655)
      n1: 1632 0x48526B6: parallel_for (in /home/billyfu/YatPC/lab6/libparallel_for.so)
       n0: 1632 in 8 places, all below massif's threshold (1.00%)
 n0: 672 in 4 places, all below massif's threshold (1.00%)
#-----------
snapshot=57
#-----------
time=2192912
mem_heap_B=2304
mem_heap_extra_B=160
mem_stacks_B=126176
heap_tree=detailed
n2: 2304 (heap allocation functions) malloc/new/new[], --alloc-fns, etc.
 n1: 1632 0x40145AB: calloc (rtld-malloc.h:44)
  n1: 1632 0x40145AB: allocate_dtv (dl-tls.c:370)
   n1: 1632 0x40145AB: _dl_allocate_tls (dl-tls.c:629)
    n1: 1632 0x4900616: allocate_stack (allocatestack.c:429)
     n1: 1632 0x4900616: pthread_create@@GLIBC_2.34 (pthread_create.c:655)
      n1: 1632 0x48526B6: parallel_for (in /home/billyfu/YatPC/lab6/libparallel_for.so)
       n0: 1632 in 8 places, all below massif's threshold (1.00%)
 n0: 672 in 4 places, all below massif's threshold (1.00%)
#-----------
snapshot=58
#-----------
time=2214920
mem_heap_B=2576
mem_heap_extra_B=168
mem_stacks_B=127456
heap_tree=detailed
n2: 2576 (heap allocation functions) malloc/new/new[], --alloc-fns, etc.
 n1: 1904 0x40145AB: calloc (rtld-malloc.h:44)
  n1: 1904 0x40145AB: allocate_dtv (dl-tls.c:370)
   n1: 1904 0x40145AB: _dl_allocate_tls (dl-tls.c:629)
    n1: 1904 0x4900616: allocate_stack (allocatestack.c:429)
     n1: 1904 0x4900616: pthread_create@@GLIBC_2.34 (pthread_create.c:655)
      n1: 1904 0x48526B6: parallel_for (in /home/billyfu/YatPC/lab6/libparallel_for.so)
       n0: 1904 in 8 places, all below massif's threshold (1.00%)
 n0: 672 in 4 places, all below massif's threshold (1.00%)
#-----------
snapshot=59
#-----------
time=2237135
mem_heap_B=2304
mem_heap_extra_B=160
mem_stacks_B=126456
heap_tree=empty
#-----------
snapshot=60
#-----------
time=2238058
mem_heap_B=2576
mem_heap_extra_B=168
mem_stacks_B=129064
heap_tree=detailed
n2: 2576 (heap allocation functions) malloc/new/new[], --alloc-fns, etc.
 n1: 1904 0x40145AB: calloc (rtld-malloc.h:44)
  n1: 1904 0x40145AB: allocate_dtv (dl-tls.c:370)
   n1: 1904 0x40145AB: _dl_allocate_tls (dl-tls.c:629)
    n1: 1904 0x4900616: allocate_stack (allocatestack.c:429)
     n1: 1904 0x4900616: pthread_create@@GLIBC_2.34 (pthread_create.c:655)
      n1: 1904 0x48526B6: parallel_for (in /home/billyfu/YatPC/lab6/libparallel_for.so)
       n0: 1904 in 8 places, all below massif's threshold (1.00%)
 n0: 672 in 4 places, all below massif's threshold (1.00%)
#-----------
snapshot=61
#-----------
time=2260214
mem_heap_B=2848
mem_heap_extra_B=176
mem_stacks_B=130336
heap_tree=detailed
n2: 2848 (heap allocation functions) malloc/new/new[], --alloc-fns, etc.
 n1: 2176 0x40145AB: calloc (rtld-malloc.h:44)
  n1: 2176 0x40145AB: allocate_dtv (dl-tls.c:370)
   n1: 2176 0x40145AB: _dl_allocate_tls (dl-tls.c:629)
    n1: 2176 0x4900616: allocate_stack (allocatestack.c:429)
     n1: 2176 0x4900616: pthread_create@@GLIBC_2.34 (pthread_create.c:655)
      n1: 2176 0x48526B6: parallel_for (in /home/billyfu/YatPC/lab6/libparallel_for.so)
       n0: 2176 in 8 places, all below massif's threshold (1.00%)
 n0: 672 in 4 places, all below massif's threshold (1.00%)
#-----------
snapshot=62
#-----------
time=2282412
mem_heap_B=2848
mem_heap_extra_B=176
mem_stacks_B=129528
heap_tree=empty
#-----------
snapshot=63
#-----------
time=2297979
mem_heap_B=2304
mem_heap_extra_B=160
mem_stacks_B=132576
heap_tree=detailed
n2: 2304 (heap allocation functions) malloc/new/new[], --alloc-fns, etc.
 n1: 1632 0x40145AB: calloc (rtld-malloc.h:44)
  n1: 1632 0x40145AB: allocate_dtv (dl-tls.c:370)
   n1: 1632 0x40145AB: _dl_allocate_tls (dl-tls.c:629)
    n1: 1632 0x4900616: allocate_stack (allocatestack.c:429)
     n1: 1632 0x4900616: pthread_create@@GLIBC_2.34 (pthread_create.c:655)
      n1: 1632 0x48526B6: parallel_for (in /home/billyfu/YatPC/lab6/libparallel_for.so)
       n0: 1632 in 8 places, all below massif's threshold (1.00%)
 n0: 672 in 4 places, all below massif's threshold (1.00%)
#-----------
snapshot=64
#-----------
time=2310643
mem_heap_B=5856
mem_heap_extra_B=152
mem_stacks_B=130768
heap_tree=peak
n2: 5856 (heap allocation functions) malloc/new/new[], --alloc-fns, etc.
 n1: 4096 0x48E81B4: _IO_file_doallocate (filedoalloc.c:101)
  n1: 4096 0x48F8523: _IO_doallocbuf (genops.c:347)
   n1: 4096 0x48F5F8F: _IO_file_overflow@@GLIBC_2.2.5 (fileops.c:745)
    n1: 4096 0x48F6AAE: _IO_new_file_xsputn (fileops.c:1244)
     n1: 4096 0x48F6AAE: _IO_file_xsputn@@GLIBC_2.2.5 (fileops.c:1197)
      n1: 4096 0x48C3CC8: __printf_buffer_flush_to_file (printf_buffer_to_file.c:59)
       n1: 4096 0x48C3CC8: __printf_buffer_to_file_done (printf_buffer_to_file.c:120)
        n1: 4096 0x48CE5A9: __vfprintf_internal (vfprintf-internal.c:1560)
         n1: 4096 0x48C31B2: printf (printf.c:33)
          n1: 4096 0x109C61: print_result (in /home/billyfu/YatPC/lab6/heated_plate_valgrind)
           n0: 4096 0x109D7B: main (in /home/billyfu/YatPC/lab6/heated_plate_valgrind)
 n0: 1760 in 5 places, all below massif's threshold (1.00%)
