desc: --massif-out-file=valgrind_logs/massif_M8_N8_T1_S0.out --stacks=yes
cmd: ./heated_plate_valgrind 8 8 1 0
time_unit: i
#-----------
snapshot=0
#-----------
time=0
mem_heap_B=0
mem_heap_extra_B=0
mem_stacks_B=0
heap_tree=empty
#-----------
snapshot=1
#-----------
time=30919
mem_heap_B=0
mem_heap_extra_B=0
mem_stacks_B=312
heap_tree=empty
#-----------
snapshot=2
#-----------
time=50004
mem_heap_B=0
mem_heap_extra_B=0
mem_stacks_B=7680
heap_tree=detailed
n0: 0 (heap allocation functions) malloc/new/new[], --alloc-fns, etc.
#-----------
snapshot=3
#-----------
time=64061
mem_heap_B=0
mem_heap_extra_B=0
mem_stacks_B=5768
heap_tree=empty
#-----------
snapshot=4
#-----------
time=85615
mem_heap_B=0
mem_heap_extra_B=0
mem_stacks_B=1304
heap_tree=empty
#-----------
snapshot=5
#-----------
time=103652
mem_heap_B=0
mem_heap_extra_B=0
mem_stacks_B=1768
heap_tree=empty
#-----------
snapshot=6
#-----------
time=131288
mem_heap_B=0
mem_heap_extra_B=0
mem_stacks_B=1528
heap_tree=empty
#-----------
snapshot=7
#-----------
time=145958
mem_heap_B=0
mem_heap_extra_B=0
mem_stacks_B=1304
heap_tree=empty
#-----------
snapshot=8
#-----------
time=164459
mem_heap_B=0
mem_heap_extra_B=0
mem_stacks_B=1872
heap_tree=empty
#-----------
snapshot=9
#-----------
time=195291
mem_heap_B=1424
mem_heap_extra_B=152
mem_stacks_B=1784
heap_tree=empty
#-----------
snapshot=10
#-----------
time=227005
mem_heap_B=1424
mem_heap_extra_B=152
mem_stacks_B=2992
heap_tree=empty
#-----------
snapshot=11
#-----------
time=245993
mem_heap_B=1424
mem_heap_extra_B=152
mem_stacks_B=3488
heap_tree=empty
#-----------
snapshot=12
#-----------
time=264930
mem_heap_B=1424
mem_heap_extra_B=152
mem_stacks_B=6200
heap_tree=detailed
n4: 1424 (heap allocation functions) malloc/new/new[], --alloc-fns, etc.
 n1: 512 0x109820: heated_plate_pthreads (in /home/billyfu/YatPC/lab6/heated_plate_valgrind)
  n0: 512 0x109D55: main (in /home/billyfu/YatPC/lab6/heated_plate_valgrind)
 n1: 512 0x109850: heated_plate_pthreads (in /home/billyfu/YatPC/lab6/heated_plate_valgrind)
  n0: 512 0x109D55: main (in /home/billyfu/YatPC/lab6/heated_plate_valgrind)
 n1: 272 0x40145AB: calloc (rtld-malloc.h:44)
  n1: 272 0x40145AB: allocate_dtv (dl-tls.c:370)
   n1: 272 0x40145AB: _dl_allocate_tls (dl-tls.c:629)
    n1: 272 0x4900616: allocate_stack (allocatestack.c:429)
     n1: 272 0x4900616: pthread_create@@GLIBC_2.34 (pthread_create.c:655)
      n1: 272 0x48526B6: parallel_for (in /home/billyfu/YatPC/lab6/libparallel_for.so)
       n1: 272 0x1098BA: heated_plate_pthreads (in /home/billyfu/YatPC/lab6/heated_plate_valgrind)
        n0: 272 0x109D55: main (in /home/billyfu/YatPC/lab6/heated_plate_valgrind)
 n0: 128 in 2 places, all below massif's threshold (1.00%)
#-----------
snapshot=13
#-----------
time=287064
mem_heap_B=1424
mem_heap_extra_B=152
mem_stacks_B=6952
heap_tree=detailed
n4: 1424 (heap allocation functions) malloc/new/new[], --alloc-fns, etc.
 n1: 512 0x109820: heated_plate_pthreads (in /home/billyfu/YatPC/lab6/heated_plate_valgrind)
  n0: 512 0x109D55: main (in /home/billyfu/YatPC/lab6/heated_plate_valgrind)
 n1: 512 0x109850: heated_plate_pthreads (in /home/billyfu/YatPC/lab6/heated_plate_valgrind)
  n0: 512 0x109D55: main (in /home/billyfu/YatPC/lab6/heated_plate_valgrind)
 n1: 272 0x40145AB: calloc (rtld-malloc.h:44)
  n1: 272 0x40145AB: allocate_dtv (dl-tls.c:370)
   n1: 272 0x40145AB: _dl_allocate_tls (dl-tls.c:629)
    n1: 272 0x4900616: allocate_stack (allocatestack.c:429)
     n1: 272 0x4900616: pthread_create@@GLIBC_2.34 (pthread_create.c:655)
      n1: 272 0x48526B6: parallel_for (in /home/billyfu/YatPC/lab6/libparallel_for.so)
       n1: 272 0x1098BA: heated_plate_pthreads (in /home/billyfu/YatPC/lab6/heated_plate_valgrind)
        n0: 272 0x109D55: main (in /home/billyfu/YatPC/lab6/heated_plate_valgrind)
 n0: 128 in 2 places, all below massif's threshold (1.00%)
#-----------
snapshot=14
#-----------
time=314344
mem_heap_B=1424
mem_heap_extra_B=152
mem_stacks_B=7912
heap_tree=detailed
n4: 1424 (heap allocation functions) malloc/new/new[], --alloc-fns, etc.
 n1: 512 0x109820: heated_plate_pthreads (in /home/billyfu/YatPC/lab6/heated_plate_valgrind)
  n0: 512 0x109D55: main (in /home/billyfu/YatPC/lab6/heated_plate_valgrind)
 n1: 512 0x109850: heated_plate_pthreads (in /home/billyfu/YatPC/lab6/heated_plate_valgrind)
  n0: 512 0x109D55: main (in /home/billyfu/YatPC/lab6/heated_plate_valgrind)
 n1: 272 0x40145AB: calloc (rtld-malloc.h:44)
  n1: 272 0x40145AB: allocate_dtv (dl-tls.c:370)
   n1: 272 0x40145AB: _dl_allocate_tls (dl-tls.c:629)
    n1: 272 0x4900616: allocate_stack (allocatestack.c:429)
     n1: 272 0x4900616: pthread_create@@GLIBC_2.34 (pthread_create.c:655)
      n1: 272 0x48526B6: parallel_for (in /home/billyfu/YatPC/lab6/libparallel_for.so)
       n1: 272 0x1098BA: heated_plate_pthreads (in /home/billyfu/YatPC/lab6/heated_plate_valgrind)
        n0: 272 0x109D55: main (in /home/billyfu/YatPC/lab6/heated_plate_valgrind)
 n0: 128 in 2 places, all below massif's threshold (1.00%)
#-----------
snapshot=15
#-----------
time=327986
mem_heap_B=1424
mem_heap_extra_B=152
mem_stacks_B=8392
heap_tree=detailed
n4: 1424 (heap allocation functions) malloc/new/new[], --alloc-fns, etc.
 n1: 512 0x109820: heated_plate_pthreads (in /home/billyfu/YatPC/lab6/heated_plate_valgrind)
  n0: 512 0x109D55: main (in /home/billyfu/YatPC/lab6/heated_plate_valgrind)
 n1: 512 0x109850: heated_plate_pthreads (in /home/billyfu/YatPC/lab6/heated_plate_valgrind)
  n0: 512 0x109D55: main (in /home/billyfu/YatPC/lab6/heated_plate_valgrind)
 n1: 272 0x40145AB: calloc (rtld-malloc.h:44)
  n1: 272 0x40145AB: allocate_dtv (dl-tls.c:370)
   n1: 272 0x40145AB: _dl_allocate_tls (dl-tls.c:629)
    n1: 272 0x4900616: allocate_stack (allocatestack.c:429)
     n1: 272 0x4900616: pthread_create@@GLIBC_2.34 (pthread_create.c:655)
      n1: 272 0x48526B6: parallel_for (in /home/billyfu/YatPC/lab6/libparallel_for.so)
       n1: 272 0x1098BA: heated_plate_pthreads (in /home/billyfu/YatPC/lab6/heated_plate_valgrind)
        n0: 272 0x109D55: main (in /home/billyfu/YatPC/lab6/heated_plate_valgrind)
 n0: 128 in 2 places, all below massif's threshold (1.00%)
#-----------
snapshot=16
#-----------
time=346730
mem_heap_B=1424
mem_heap_extra_B=152
mem_stacks_B=9032
heap_tree=detailed
n4: 1424 (heap allocation functions) malloc/new/new[], --alloc-fns, etc.
 n1: 512 0x109820: heated_plate_pthreads (in /home/billyfu/YatPC/lab6/heated_plate_valgrind)
  n0: 512 0x109D55: main (in /home/billyfu/YatPC/lab6/heated_plate_valgrind)
 n1: 512 0x109850: heated_plate_pthreads (in /home/billyfu/YatPC/lab6/heated_plate_valgrind)
  n0: 512 0x109D55: main (in /home/billyfu/YatPC/lab6/heated_plate_valgrind)
 n1: 272 0x40145AB: calloc (rtld-malloc.h:44)
  n1: 272 0x40145AB: allocate_dtv (dl-tls.c:370)
   n1: 272 0x40145AB: _dl_allocate_tls (dl-tls.c:629)
    n1: 272 0x4900616: allocate_stack (allocatestack.c:429)
     n1: 272 0x4900616: pthread_create@@GLIBC_2.34 (pthread_create.c:655)
      n1: 272 0x48526B6: parallel_for (in /home/billyfu/YatPC/lab6/libparallel_for.so)
       n1: 272 0x1098BA: heated_plate_pthreads (in /home/billyfu/YatPC/lab6/heated_plate_valgrind)
        n0: 272 0x109D55: main (in /home/billyfu/YatPC/lab6/heated_plate_valgrind)
 n0: 128 in 2 places, all below massif's threshold (1.00%)
#-----------
snapshot=17
#-----------
time=360372
mem_heap_B=1424
mem_heap_extra_B=152
mem_stacks_B=9512
heap_tree=detailed
n4: 1424 (heap allocation functions) malloc/new/new[], --alloc-fns, etc.
 n1: 512 0x109820: heated_plate_pthreads (in /home/billyfu/YatPC/lab6/heated_plate_valgrind)
  n0: 512 0x109D55: main (in /home/billyfu/YatPC/lab6/heated_plate_valgrind)
 n1: 512 0x109850: heated_plate_pthreads (in /home/billyfu/YatPC/lab6/heated_plate_valgrind)
  n0: 512 0x109D55: main (in /home/billyfu/YatPC/lab6/heated_plate_valgrind)
 n1: 272 0x40145AB: calloc (rtld-malloc.h:44)
  n1: 272 0x40145AB: allocate_dtv (dl-tls.c:370)
   n1: 272 0x40145AB: _dl_allocate_tls (dl-tls.c:629)
    n1: 272 0x4900616: allocate_stack (allocatestack.c:429)
     n1: 272 0x4900616: pthread_create@@GLIBC_2.34 (pthread_create.c:655)
      n1: 272 0x48526B6: parallel_for (in /home/billyfu/YatPC/lab6/libparallel_for.so)
       n1: 272 0x1098BA: heated_plate_pthreads (in /home/billyfu/YatPC/lab6/heated_plate_valgrind)
        n0: 272 0x109D55: main (in /home/billyfu/YatPC/lab6/heated_plate_valgrind)
 n0: 128 in 2 places, all below massif's threshold (1.00%)
#-----------
snapshot=18
#-----------
time=382554
mem_heap_B=1424
mem_heap_extra_B=152
mem_stacks_B=10312
heap_tree=detailed
n4: 1424 (heap allocation functions) malloc/new/new[], --alloc-fns, etc.
 n1: 512 0x109820: heated_plate_pthreads (in /home/billyfu/YatPC/lab6/heated_plate_valgrind)
  n0: 512 0x109D55: main (in /home/billyfu/YatPC/lab6/heated_plate_valgrind)
 n1: 512 0x109850: heated_plate_pthreads (in /home/billyfu/YatPC/lab6/heated_plate_valgrind)
  n0: 512 0x109D55: main (in /home/billyfu/YatPC/lab6/heated_plate_valgrind)
 n1: 272 0x40145AB: calloc (rtld-malloc.h:44)
  n1: 272 0x40145AB: allocate_dtv (dl-tls.c:370)
   n1: 272 0x40145AB: _dl_allocate_tls (dl-tls.c:629)
    n1: 272 0x4900616: allocate_stack (allocatestack.c:429)
     n1: 272 0x4900616: pthread_create@@GLIBC_2.34 (pthread_create.c:655)
      n1: 272 0x48526B6: parallel_for (in /home/billyfu/YatPC/lab6/libparallel_for.so)
       n1: 272 0x1098BA: heated_plate_pthreads (in /home/billyfu/YatPC/lab6/heated_plate_valgrind)
        n0: 272 0x109D55: main (in /home/billyfu/YatPC/lab6/heated_plate_valgrind)
 n0: 128 in 2 places, all below massif's threshold (1.00%)
#-----------
snapshot=19
#-----------
time=409838
mem_heap_B=1424
mem_heap_extra_B=152
mem_stacks_B=11272
heap_tree=detailed
n4: 1424 (heap allocation functions) malloc/new/new[], --alloc-fns, etc.
 n1: 512 0x109820: heated_plate_pthreads (in /home/billyfu/YatPC/lab6/heated_plate_valgrind)
  n0: 512 0x109D55: main (in /home/billyfu/YatPC/lab6/heated_plate_valgrind)
 n1: 512 0x109850: heated_plate_pthreads (in /home/billyfu/YatPC/lab6/heated_plate_valgrind)
  n0: 512 0x109D55: main (in /home/billyfu/YatPC/lab6/heated_plate_valgrind)
 n1: 272 0x40145AB: calloc (rtld-malloc.h:44)
  n1: 272 0x40145AB: allocate_dtv (dl-tls.c:370)
   n1: 272 0x40145AB: _dl_allocate_tls (dl-tls.c:629)
    n1: 272 0x4900616: allocate_stack (allocatestack.c:429)
     n1: 272 0x4900616: pthread_create@@GLIBC_2.34 (pthread_create.c:655)
      n1: 272 0x48526B6: parallel_for (in /home/billyfu/YatPC/lab6/libparallel_for.so)
       n1: 272 0x1098BA: heated_plate_pthreads (in /home/billyfu/YatPC/lab6/heated_plate_valgrind)
        n0: 272 0x109D55: main (in /home/billyfu/YatPC/lab6/heated_plate_valgrind)
 n0: 128 in 2 places, all below massif's threshold (1.00%)
#-----------
snapshot=20
#-----------
time=437120
mem_heap_B=1424
mem_heap_extra_B=152
mem_stacks_B=12232
heap_tree=detailed
n4: 1424 (heap allocation functions) malloc/new/new[], --alloc-fns, etc.
 n1: 512 0x109820: heated_plate_pthreads (in /home/billyfu/YatPC/lab6/heated_plate_valgrind)
  n0: 512 0x109D55: main (in /home/billyfu/YatPC/lab6/heated_plate_valgrind)
 n1: 512 0x109850: heated_plate_pthreads (in /home/billyfu/YatPC/lab6/heated_plate_valgrind)
  n0: 512 0x109D55: main (in /home/billyfu/YatPC/lab6/heated_plate_valgrind)
 n1: 272 0x40145AB: calloc (rtld-malloc.h:44)
  n1: 272 0x40145AB: allocate_dtv (dl-tls.c:370)
   n1: 272 0x40145AB: _dl_allocate_tls (dl-tls.c:629)
    n1: 272 0x4900616: allocate_stack (allocatestack.c:429)
     n1: 272 0x4900616: pthread_create@@GLIBC_2.34 (pthread_create.c:655)
      n1: 272 0x48526B6: parallel_for (in /home/billyfu/YatPC/lab6/libparallel_for.so)
       n1: 272 0x1098BA: heated_plate_pthreads (in /home/billyfu/YatPC/lab6/heated_plate_valgrind)
        n0: 272 0x109D55: main (in /home/billyfu/YatPC/lab6/heated_plate_valgrind)
 n0: 128 in 2 places, all below massif's threshold (1.00%)
#-----------
snapshot=21
#-----------
time=464406
mem_heap_B=1424
mem_heap_extra_B=152
mem_stacks_B=13192
heap_tree=detailed
n4: 1424 (heap allocation functions) malloc/new/new[], --alloc-fns, etc.
 n1: 512 0x109820: heated_plate_pthreads (in /home/billyfu/YatPC/lab6/heated_plate_valgrind)
  n0: 512 0x109D55: main (in /home/billyfu/YatPC/lab6/heated_plate_valgrind)
 n1: 512 0x109850: heated_plate_pthreads (in /home/billyfu/YatPC/lab6/heated_plate_valgrind)
  n0: 512 0x109D55: main (in /home/billyfu/YatPC/lab6/heated_plate_valgrind)
 n1: 272 0x40145AB: calloc (rtld-malloc.h:44)
  n1: 272 0x40145AB: allocate_dtv (dl-tls.c:370)
   n1: 272 0x40145AB: _dl_allocate_tls (dl-tls.c:629)
    n1: 272 0x4900616: allocate_stack (allocatestack.c:429)
     n1: 272 0x4900616: pthread_create@@GLIBC_2.34 (pthread_create.c:655)
      n1: 272 0x48526B6: parallel_for (in /home/billyfu/YatPC/lab6/libparallel_for.so)
       n1: 272 0x1098BA: heated_plate_pthreads (in /home/billyfu/YatPC/lab6/heated_plate_valgrind)
        n0: 272 0x109D55: main (in /home/billyfu/YatPC/lab6/heated_plate_valgrind)
 n0: 128 in 2 places, all below massif's threshold (1.00%)
#-----------
snapshot=22
#-----------
time=491688
mem_heap_B=1424
mem_heap_extra_B=152
mem_stacks_B=14152
heap_tree=detailed
n4: 1424 (heap allocation functions) malloc/new/new[], --alloc-fns, etc.
 n1: 512 0x109820: heated_plate_pthreads (in /home/billyfu/YatPC/lab6/heated_plate_valgrind)
  n0: 512 0x109D55: main (in /home/billyfu/YatPC/lab6/heated_plate_valgrind)
 n1: 512 0x109850: heated_plate_pthreads (in /home/billyfu/YatPC/lab6/heated_plate_valgrind)
  n0: 512 0x109D55: main (in /home/billyfu/YatPC/lab6/heated_plate_valgrind)
 n1: 272 0x40145AB: calloc (rtld-malloc.h:44)
  n1: 272 0x40145AB: allocate_dtv (dl-tls.c:370)
   n1: 272 0x40145AB: _dl_allocate_tls (dl-tls.c:629)
    n1: 272 0x4900616: allocate_stack (allocatestack.c:429)
     n1: 272 0x4900616: pthread_create@@GLIBC_2.34 (pthread_create.c:655)
      n1: 272 0x48526B6: parallel_for (in /home/billyfu/YatPC/lab6/libparallel_for.so)
       n1: 272 0x1098BA: heated_plate_pthreads (in /home/billyfu/YatPC/lab6/heated_plate_valgrind)
        n0: 272 0x109D55: main (in /home/billyfu/YatPC/lab6/heated_plate_valgrind)
 n0: 128 in 2 places, all below massif's threshold (1.00%)
#-----------
snapshot=23
#-----------
time=505372
mem_heap_B=1424
mem_heap_extra_B=152
mem_stacks_B=14680
heap_tree=detailed
n4: 1424 (heap allocation functions) malloc/new/new[], --alloc-fns, etc.
 n1: 512 0x109820: heated_plate_pthreads (in /home/billyfu/YatPC/lab6/heated_plate_valgrind)
  n0: 512 0x109D55: main (in /home/billyfu/YatPC/lab6/heated_plate_valgrind)
 n1: 512 0x109850: heated_plate_pthreads (in /home/billyfu/YatPC/lab6/heated_plate_valgrind)
  n0: 512 0x109D55: main (in /home/billyfu/YatPC/lab6/heated_plate_valgrind)
 n1: 272 0x40145AB: calloc (rtld-malloc.h:44)
  n1: 272 0x40145AB: allocate_dtv (dl-tls.c:370)
   n1: 272 0x40145AB: _dl_allocate_tls (dl-tls.c:629)
    n1: 272 0x4900616: allocate_stack (allocatestack.c:429)
     n1: 272 0x4900616: pthread_create@@GLIBC_2.34 (pthread_create.c:655)
      n1: 272 0x48526B6: parallel_for (in /home/billyfu/YatPC/lab6/libparallel_for.so)
       n1: 272 0x1098BA: heated_plate_pthreads (in /home/billyfu/YatPC/lab6/heated_plate_valgrind)
        n0: 272 0x109D55: main (in /home/billyfu/YatPC/lab6/heated_plate_valgrind)
 n0: 128 in 2 places, all below massif's threshold (1.00%)
#-----------
snapshot=24
#-----------
time=532648
mem_heap_B=1424
mem_heap_extra_B=152
mem_stacks_B=15640
heap_tree=detailed
n4: 1424 (heap allocation functions) malloc/new/new[], --alloc-fns, etc.
 n1: 512 0x109820: heated_plate_pthreads (in /home/billyfu/YatPC/lab6/heated_plate_valgrind)
  n0: 512 0x109D55: main (in /home/billyfu/YatPC/lab6/heated_plate_valgrind)
 n1: 512 0x109850: heated_plate_pthreads (in /home/billyfu/YatPC/lab6/heated_plate_valgrind)
  n0: 512 0x109D55: main (in /home/billyfu/YatPC/lab6/heated_plate_valgrind)
 n1: 272 0x40145AB: calloc (rtld-malloc.h:44)
  n1: 272 0x40145AB: allocate_dtv (dl-tls.c:370)
   n1: 272 0x40145AB: _dl_allocate_tls (dl-tls.c:629)
    n1: 272 0x4900616: allocate_stack (allocatestack.c:429)
     n1: 272 0x4900616: pthread_create@@GLIBC_2.34 (pthread_create.c:655)
      n1: 272 0x48526B6: parallel_for (in /home/billyfu/YatPC/lab6/libparallel_for.so)
       n1: 272 0x1098BA: heated_plate_pthreads (in /home/billyfu/YatPC/lab6/heated_plate_valgrind)
        n0: 272 0x109D55: main (in /home/billyfu/YatPC/lab6/heated_plate_valgrind)
 n0: 128 in 2 places, all below massif's threshold (1.00%)
#-----------
snapshot=25
#-----------
time=559932
mem_heap_B=1424
mem_heap_extra_B=152
mem_stacks_B=16600
heap_tree=detailed
n4: 1424 (heap allocation functions) malloc/new/new[], --alloc-fns, etc.
 n1: 512 0x109820: heated_plate_pthreads (in /home/billyfu/YatPC/lab6/heated_plate_valgrind)
  n0: 512 0x109D55: main (in /home/billyfu/YatPC/lab6/heated_plate_valgrind)
 n1: 512 0x109850: heated_plate_pthreads (in /home/billyfu/YatPC/lab6/heated_plate_valgrind)
  n0: 512 0x109D55: main (in /home/billyfu/YatPC/lab6/heated_plate_valgrind)
 n1: 272 0x40145AB: calloc (rtld-malloc.h:44)
  n1: 272 0x40145AB: allocate_dtv (dl-tls.c:370)
   n1: 272 0x40145AB: _dl_allocate_tls (dl-tls.c:629)
    n1: 272 0x4900616: allocate_stack (allocatestack.c:429)
     n1: 272 0x4900616: pthread_create@@GLIBC_2.34 (pthread_create.c:655)
      n1: 272 0x48526B6: parallel_for (in /home/billyfu/YatPC/lab6/libparallel_for.so)
       n1: 272 0x1098BA: heated_plate_pthreads (in /home/billyfu/YatPC/lab6/heated_plate_valgrind)
        n0: 272 0x109D55: main (in /home/billyfu/YatPC/lab6/heated_plate_valgrind)
 n0: 128 in 2 places, all below massif's threshold (1.00%)
#-----------
snapshot=26
#-----------
time=587208
mem_heap_B=1424
mem_heap_extra_B=152
mem_stacks_B=17560
heap_tree=detailed
n4: 1424 (heap allocation functions) malloc/new/new[], --alloc-fns, etc.
 n1: 512 0x109820: heated_plate_pthreads (in /home/billyfu/YatPC/lab6/heated_plate_valgrind)
  n0: 512 0x109D55: main (in /home/billyfu/YatPC/lab6/heated_plate_valgrind)
 n1: 512 0x109850: heated_plate_pthreads (in /home/billyfu/YatPC/lab6/heated_plate_valgrind)
  n0: 512 0x109D55: main (in /home/billyfu/YatPC/lab6/heated_plate_valgrind)
 n1: 272 0x40145AB: calloc (rtld-malloc.h:44)
  n1: 272 0x40145AB: allocate_dtv (dl-tls.c:370)
   n1: 272 0x40145AB: _dl_allocate_tls (dl-tls.c:629)
    n1: 272 0x4900616: allocate_stack (allocatestack.c:429)
     n1: 272 0x4900616: pthread_create@@GLIBC_2.34 (pthread_create.c:655)
      n1: 272 0x48526B6: parallel_for (in /home/billyfu/YatPC/lab6/libparallel_for.so)
       n1: 272 0x1098BA: heated_plate_pthreads (in /home/billyfu/YatPC/lab6/heated_plate_valgrind)
        n0: 272 0x109D55: main (in /home/billyfu/YatPC/lab6/heated_plate_valgrind)
 n0: 128 in 2 places, all below massif's threshold (1.00%)
#-----------
snapshot=27
#-----------
time=614488
mem_heap_B=1424
mem_heap_extra_B=152
mem_stacks_B=18520
heap_tree=detailed
n4: 1424 (heap allocation functions) malloc/new/new[], --alloc-fns, etc.
 n1: 512 0x109820: heated_plate_pthreads (in /home/billyfu/YatPC/lab6/heated_plate_valgrind)
  n0: 512 0x109D55: main (in /home/billyfu/YatPC/lab6/heated_plate_valgrind)
 n1: 512 0x109850: heated_plate_pthreads (in /home/billyfu/YatPC/lab6/heated_plate_valgrind)
  n0: 512 0x109D55: main (in /home/billyfu/YatPC/lab6/heated_plate_valgrind)
 n1: 272 0x40145AB: calloc (rtld-malloc.h:44)
  n1: 272 0x40145AB: allocate_dtv (dl-tls.c:370)
   n1: 272 0x40145AB: _dl_allocate_tls (dl-tls.c:629)
    n1: 272 0x4900616: allocate_stack (allocatestack.c:429)
     n1: 272 0x4900616: pthread_create@@GLIBC_2.34 (pthread_create.c:655)
      n1: 272 0x48526B6: parallel_for (in /home/billyfu/YatPC/lab6/libparallel_for.so)
       n1: 272 0x1098BA: heated_plate_pthreads (in /home/billyfu/YatPC/lab6/heated_plate_valgrind)
        n0: 272 0x109D55: main (in /home/billyfu/YatPC/lab6/heated_plate_valgrind)
 n0: 128 in 2 places, all below massif's threshold (1.00%)
#-----------
snapshot=28
#-----------
time=631021
mem_heap_B=1424
mem_heap_extra_B=152
mem_stacks_B=17144
heap_tree=empty
#-----------
snapshot=29
#-----------
time=651232
mem_heap_B=1424
mem_heap_extra_B=152
mem_stacks_B=19744
heap_tree=empty
#-----------
snapshot=30
#-----------
time=665829
mem_heap_B=1424
mem_heap_extra_B=152
mem_stacks_B=18424
heap_tree=empty
#-----------
snapshot=31
#-----------
time=685579
mem_heap_B=1424
mem_heap_extra_B=152
mem_stacks_B=19064
heap_tree=empty
#-----------
snapshot=32
#-----------
time=705790
mem_heap_B=1424
mem_heap_extra_B=152
mem_stacks_B=21664
heap_tree=empty
#-----------
snapshot=33
#-----------
time=720385
mem_heap_B=1424
mem_heap_extra_B=152
mem_stacks_B=20344
heap_tree=empty
#-----------
snapshot=34
#-----------
time=740135
mem_heap_B=1424
mem_heap_extra_B=152
mem_stacks_B=20984
heap_tree=empty
#-----------
snapshot=35
#-----------
time=767421
mem_heap_B=1424
mem_heap_extra_B=152
mem_stacks_B=21944
heap_tree=empty
#-----------
snapshot=36
#-----------
time=791764
mem_heap_B=1424
mem_heap_extra_B=152
mem_stacks_B=24712
heap_tree=detailed
n4: 1424 (heap allocation functions) malloc/new/new[], --alloc-fns, etc.
 n1: 512 0x109820: heated_plate_pthreads (in /home/billyfu/YatPC/lab6/heated_plate_valgrind)
  n0: 512 0x109D55: main (in /home/billyfu/YatPC/lab6/heated_plate_valgrind)
 n1: 512 0x109850: heated_plate_pthreads (in /home/billyfu/YatPC/lab6/heated_plate_valgrind)
  n0: 512 0x109D55: main (in /home/billyfu/YatPC/lab6/heated_plate_valgrind)
 n1: 272 0x40145AB: calloc (rtld-malloc.h:44)
  n1: 272 0x40145AB: allocate_dtv (dl-tls.c:370)
   n1: 272 0x40145AB: _dl_allocate_tls (dl-tls.c:629)
    n1: 272 0x4900616: allocate_stack (allocatestack.c:429)
     n1: 272 0x4900616: pthread_create@@GLIBC_2.34 (pthread_create.c:655)
      n1: 272 0x48526B6: parallel_for (in /home/billyfu/YatPC/lab6/libparallel_for.so)
       n1: 272 0x1098BA: heated_plate_pthreads (in /home/billyfu/YatPC/lab6/heated_plate_valgrind)
        n0: 272 0x109D55: main (in /home/billyfu/YatPC/lab6/heated_plate_valgrind)
 n0: 128 in 2 places, all below massif's threshold (1.00%)
#-----------
snapshot=37
#-----------
time=814914
mem_heap_B=1424
mem_heap_extra_B=152
mem_stacks_B=25504
heap_tree=empty
#-----------
snapshot=38
#-----------
time=834199
mem_heap_B=1424
mem_heap_extra_B=152
mem_stacks_B=24344
heap_tree=empty
#-----------
snapshot=39
#-----------
time=856795
mem_heap_B=1424
mem_heap_extra_B=152
mem_stacks_B=25144
heap_tree=empty
#-----------
snapshot=40
#-----------
time=888763
mem_heap_B=1424
mem_heap_extra_B=152
mem_stacks_B=26264
heap_tree=empty
#-----------
snapshot=41
#-----------
time=916045
mem_heap_B=1424
mem_heap_extra_B=152
mem_stacks_B=27224
heap_tree=empty
#-----------
snapshot=42
#-----------
time=931111
mem_heap_B=1424
mem_heap_extra_B=152
mem_stacks_B=27704
heap_tree=empty
#-----------
snapshot=43
#-----------
time=955452
mem_heap_B=1424
mem_heap_extra_B=152
mem_stacks_B=30472
heap_tree=detailed
n3: 1424 (heap allocation functions) malloc/new/new[], --alloc-fns, etc.
 n1: 512 0x109820: heated_plate_pthreads (in /home/billyfu/YatPC/lab6/heated_plate_valgrind)
  n0: 512 0x109D55: main (in /home/billyfu/YatPC/lab6/heated_plate_valgrind)
 n1: 512 0x109850: heated_plate_pthreads (in /home/billyfu/YatPC/lab6/heated_plate_valgrind)
  n0: 512 0x109D55: main (in /home/billyfu/YatPC/lab6/heated_plate_valgrind)
 n0: 400 in 3 places, all below massif's threshold (1.00%)
#-----------
snapshot=44
#-----------
time=981761
mem_heap_B=1424
mem_heap_extra_B=152
mem_stacks_B=29552
heap_tree=empty
#-----------
snapshot=45
#-----------
time=1010070
mem_heap_B=1424
mem_heap_extra_B=152
mem_stacks_B=32440
heap_tree=detailed
n3: 1424 (heap allocation functions) malloc/new/new[], --alloc-fns, etc.
 n1: 512 0x109820: heated_plate_pthreads (in /home/billyfu/YatPC/lab6/heated_plate_valgrind)
  n0: 512 0x109D55: main (in /home/billyfu/YatPC/lab6/heated_plate_valgrind)
 n1: 512 0x109850: heated_plate_pthreads (in /home/billyfu/YatPC/lab6/heated_plate_valgrind)
  n0: 512 0x109D55: main (in /home/billyfu/YatPC/lab6/heated_plate_valgrind)
 n0: 400 in 3 places, all below massif's threshold (1.00%)
#-----------
snapshot=46
#-----------
time=1034137
mem_heap_B=1424
mem_heap_extra_B=152
mem_stacks_B=31384
heap_tree=empty
#-----------
snapshot=47
#-----------
time=1049977
mem_heap_B=1424
mem_heap_extra_B=152
mem_stacks_B=31952
heap_tree=empty
#-----------
snapshot=48
#-----------
time=1069696
mem_heap_B=1424
mem_heap_extra_B=152
mem_stacks_B=34472
heap_tree=detailed
n3: 1424 (heap allocation functions) malloc/new/new[], --alloc-fns, etc.
 n1: 512 0x109820: heated_plate_pthreads (in /home/billyfu/YatPC/lab6/heated_plate_valgrind)
  n0: 512 0x109D55: main (in /home/billyfu/YatPC/lab6/heated_plate_valgrind)
 n1: 512 0x109850: heated_plate_pthreads (in /home/billyfu/YatPC/lab6/heated_plate_valgrind)
  n0: 512 0x109D55: main (in /home/billyfu/YatPC/lab6/heated_plate_valgrind)
 n0: 400 in 3 places, all below massif's threshold (1.00%)
#-----------
snapshot=49
#-----------
time=1076421
mem_heap_B=1424
mem_heap_extra_B=152
mem_stacks_B=33056
heap_tree=empty
#-----------
snapshot=50
#-----------
time=1078286
mem_heap_B=1424
mem_heap_extra_B=152
mem_stacks_B=34840
heap_tree=detailed
n3: 1424 (heap allocation functions) malloc/new/new[], --alloc-fns, etc.
 n1: 512 0x109820: heated_plate_pthreads (in /home/billyfu/YatPC/lab6/heated_plate_valgrind)
  n0: 512 0x109D55: main (in /home/billyfu/YatPC/lab6/heated_plate_valgrind)
 n1: 512 0x109850: heated_plate_pthreads (in /home/billyfu/YatPC/lab6/heated_plate_valgrind)
  n0: 512 0x109D55: main (in /home/billyfu/YatPC/lab6/heated_plate_valgrind)
 n0: 400 in 3 places, all below massif's threshold (1.00%)
#-----------
snapshot=51
#-----------
time=1091882
mem_heap_B=1424
mem_heap_extra_B=152
mem_stacks_B=35272
heap_tree=detailed
n3: 1424 (heap allocation functions) malloc/new/new[], --alloc-fns, etc.
 n1: 512 0x109820: heated_plate_pthreads (in /home/billyfu/YatPC/lab6/heated_plate_valgrind)
  n0: 512 0x109D55: main (in /home/billyfu/YatPC/lab6/heated_plate_valgrind)
 n1: 512 0x109850: heated_plate_pthreads (in /home/billyfu/YatPC/lab6/heated_plate_valgrind)
  n0: 512 0x109D55: main (in /home/billyfu/YatPC/lab6/heated_plate_valgrind)
 n0: 400 in 3 places, all below massif's threshold (1.00%)
#-----------
snapshot=52
#-----------
time=1105526
mem_heap_B=1424
mem_heap_extra_B=152
mem_stacks_B=35752
heap_tree=detailed
n3: 1424 (heap allocation functions) malloc/new/new[], --alloc-fns, etc.
 n1: 512 0x109820: heated_plate_pthreads (in /home/billyfu/YatPC/lab6/heated_plate_valgrind)
  n0: 512 0x109D55: main (in /home/billyfu/YatPC/lab6/heated_plate_valgrind)
 n1: 512 0x109850: heated_plate_pthreads (in /home/billyfu/YatPC/lab6/heated_plate_valgrind)
  n0: 512 0x109D55: main (in /home/billyfu/YatPC/lab6/heated_plate_valgrind)
 n0: 400 in 3 places, all below massif's threshold (1.00%)
#-----------
snapshot=53
#-----------
time=1115004
mem_heap_B=1424
mem_heap_extra_B=152
mem_stacks_B=36160
heap_tree=detailed
n3: 1424 (heap allocation functions) malloc/new/new[], --alloc-fns, etc.
 n1: 512 0x109820: heated_plate_pthreads (in /home/billyfu/YatPC/lab6/heated_plate_valgrind)
  n0: 512 0x109D55: main (in /home/billyfu/YatPC/lab6/heated_plate_valgrind)
 n1: 512 0x109850: heated_plate_pthreads (in /home/billyfu/YatPC/lab6/heated_plate_valgrind)
  n0: 512 0x109D55: main (in /home/billyfu/YatPC/lab6/heated_plate_valgrind)
 n0: 400 in 3 places, all below massif's threshold (1.00%)
#-----------
snapshot=54
#-----------
time=1116437
mem_heap_B=5520
mem_heap_extra_B=160
mem_stacks_B=34448
heap_tree=peak
n4: 5520 (heap allocation functions) malloc/new/new[], --alloc-fns, etc.
 n1: 4096 0x48E81B4: _IO_file_doallocate (filedoalloc.c:101)
  n1: 4096 0x48F8523: _IO_doallocbuf (genops.c:347)
   n1: 4096 0x48F5F8F: _IO_file_overflow@@GLIBC_2.2.5 (fileops.c:745)
    n1: 4096 0x48F6AAE: _IO_new_file_xsputn (fileops.c:1244)
     n1: 4096 0x48F6AAE: _IO_file_xsputn@@GLIBC_2.2.5 (fileops.c:1197)
      n1: 4096 0x48C3CC8: __printf_buffer_flush_to_file (printf_buffer_to_file.c:59)
       n1: 4096 0x48C3CC8: __printf_buffer_to_file_done (printf_buffer_to_file.c:120)
        n1: 4096 0x48CE5A9: __vfprintf_internal (vfprintf-internal.c:1560)
         n1: 4096 0x48C31B2: printf (printf.c:33)
          n1: 4096 0x109C61: print_result (in /home/billyfu/YatPC/lab6/heated_plate_valgrind)
           n0: 4096 0x109D7B: main (in /home/billyfu/YatPC/lab6/heated_plate_valgrind)
 n1: 512 0x109820: heated_plate_pthreads (in /home/billyfu/YatPC/lab6/heated_plate_valgrind)
  n0: 512 0x109D55: main (in /home/billyfu/YatPC/lab6/heated_plate_valgrind)
 n1: 512 0x109850: heated_plate_pthreads (in /home/billyfu/YatPC/lab6/heated_plate_valgrind)
  n0: 512 0x109D55: main (in /home/billyfu/YatPC/lab6/heated_plate_valgrind)
 n0: 400 in 3 places, all below massif's threshold (1.00%)
