desc: --massif-out-file=valgrind_logs/massif_M2_N2_T4_S0.out --stacks=yes
cmd: ./heated_plate_valgrind 2 2 4 0
time_unit: i
#-----------
snapshot=0
#-----------
time=0
mem_heap_B=0
mem_heap_extra_B=0
mem_stacks_B=0
heap_tree=empty
#-----------
snapshot=1
#-----------
time=1097
mem_heap_B=0
mem_heap_extra_B=0
mem_stacks_B=368
heap_tree=empty
#-----------
snapshot=2
#-----------
time=30919
mem_heap_B=0
mem_heap_extra_B=0
mem_stacks_B=312
heap_tree=empty
#-----------
snapshot=3
#-----------
time=35920
mem_heap_B=0
mem_heap_extra_B=0
mem_stacks_B=656
heap_tree=empty
#-----------
snapshot=4
#-----------
time=39429
mem_heap_B=0
mem_heap_extra_B=0
mem_stacks_B=960
heap_tree=detailed
n0: 0 (heap allocation functions) malloc/new/new[], --alloc-fns, etc.
#-----------
snapshot=5
#-----------
time=44037
mem_heap_B=0
mem_heap_extra_B=0
mem_stacks_B=1368
heap_tree=empty
#-----------
snapshot=6
#-----------
time=50004
mem_heap_B=0
mem_heap_extra_B=0
mem_stacks_B=7680
heap_tree=detailed
n0: 0 (heap allocation functions) malloc/new/new[], --alloc-fns, etc.
#-----------
snapshot=7
#-----------
time=54375
mem_heap_B=0
mem_heap_extra_B=0
mem_stacks_B=2408
heap_tree=empty
#-----------
snapshot=8
#-----------
time=58110
mem_heap_B=0
mem_heap_extra_B=0
mem_stacks_B=4776
heap_tree=empty
#-----------
snapshot=9
#-----------
time=64061
mem_heap_B=0
mem_heap_extra_B=0
mem_stacks_B=5768
heap_tree=empty
#-----------
snapshot=10
#-----------
time=70107
mem_heap_B=0
mem_heap_extra_B=0
mem_stacks_B=1336
heap_tree=empty
#-----------
snapshot=11
#-----------
time=75227
mem_heap_B=0
mem_heap_extra_B=0
mem_stacks_B=1080
heap_tree=empty
#-----------
snapshot=12
#-----------
time=85615
mem_heap_B=0
mem_heap_extra_B=0
mem_stacks_B=1304
heap_tree=empty
#-----------
snapshot=13
#-----------
time=90640
mem_heap_B=0
mem_heap_extra_B=0
mem_stacks_B=1768
heap_tree=empty
#-----------
snapshot=14
#-----------
time=96257
mem_heap_B=0
mem_heap_extra_B=0
mem_stacks_B=1768
heap_tree=empty
#-----------
snapshot=15
#-----------
time=99088
mem_heap_B=0
mem_heap_extra_B=0
mem_stacks_B=1768
heap_tree=empty
#-----------
snapshot=16
#-----------
time=103652
mem_heap_B=0
mem_heap_extra_B=0
mem_stacks_B=1768
heap_tree=empty
#-----------
snapshot=17
#-----------
time=107655
mem_heap_B=0
mem_heap_extra_B=0
mem_stacks_B=1768
heap_tree=empty
#-----------
snapshot=18
#-----------
time=114443
mem_heap_B=0
mem_heap_extra_B=0
mem_stacks_B=1768
heap_tree=empty
#-----------
snapshot=19
#-----------
time=121246
mem_heap_B=0
mem_heap_extra_B=0
mem_stacks_B=1304
heap_tree=empty
#-----------
snapshot=20
#-----------
time=126323
mem_heap_B=0
mem_heap_extra_B=0
mem_stacks_B=1768
heap_tree=empty
#-----------
snapshot=21
#-----------
time=131288
mem_heap_B=0
mem_heap_extra_B=0
mem_stacks_B=1528
heap_tree=empty
#-----------
snapshot=22
#-----------
time=134338
mem_heap_B=0
mem_heap_extra_B=0
mem_stacks_B=1768
heap_tree=empty
#-----------
snapshot=23
#-----------
time=139094
mem_heap_B=0
mem_heap_extra_B=0
mem_stacks_B=1584
heap_tree=empty
#-----------
snapshot=24
#-----------
time=145958
mem_heap_B=0
mem_heap_extra_B=0
mem_stacks_B=1304
heap_tree=empty
#-----------
snapshot=25
#-----------
time=152732
mem_heap_B=0
mem_heap_extra_B=0
mem_stacks_B=1584
heap_tree=detailed
n0: 0 (heap allocation functions) malloc/new/new[], --alloc-fns, etc.
#-----------
snapshot=26
#-----------
time=156819
mem_heap_B=0
mem_heap_extra_B=0
mem_stacks_B=1528
heap_tree=empty
#-----------
snapshot=27
#-----------
time=161548
mem_heap_B=0
mem_heap_extra_B=0
mem_stacks_B=1624
heap_tree=empty
#-----------
snapshot=28
#-----------
time=164459
mem_heap_B=0
mem_heap_extra_B=0
mem_stacks_B=1872
heap_tree=empty
#-----------
snapshot=29
#-----------
time=170542
mem_heap_B=0
mem_heap_extra_B=0
mem_stacks_B=1528
heap_tree=empty
#-----------
snapshot=30
#-----------
time=175040
mem_heap_B=0
mem_heap_extra_B=0
mem_stacks_B=1728
heap_tree=empty
#-----------
snapshot=31
#-----------
time=179660
mem_heap_B=0
mem_heap_extra_B=0
mem_stacks_B=152
heap_tree=empty
#-----------
snapshot=32
#-----------
time=185462
mem_heap_B=912
mem_heap_extra_B=72
mem_stacks_B=1064
heap_tree=detailed
n4: 912 (heap allocation functions) malloc/new/new[], --alloc-fns, etc.
 n1: 816 0x40145AB: calloc (rtld-malloc.h:44)
  n1: 816 0x40145AB: allocate_dtv (dl-tls.c:370)
   n1: 816 0x40145AB: _dl_allocate_tls (dl-tls.c:629)
    n1: 816 0x4900616: allocate_stack (allocatestack.c:429)
     n1: 816 0x4900616: pthread_create@@GLIBC_2.34 (pthread_create.c:655)
      n1: 816 0x48526B6: parallel_for (in /home/billyfu/YatPC/lab6/libparallel_for.so)
       n1: 816 0x1098BA: heated_plate_pthreads (in /home/billyfu/YatPC/lab6/heated_plate_valgrind)
        n0: 816 0x109D55: main (in /home/billyfu/YatPC/lab6/heated_plate_valgrind)
 n0: 32 in 2 places, all below massif's threshold (1.00%)
 n1: 32 0x109820: heated_plate_pthreads (in /home/billyfu/YatPC/lab6/heated_plate_valgrind)
  n0: 32 0x109D55: main (in /home/billyfu/YatPC/lab6/heated_plate_valgrind)
 n1: 32 0x109850: heated_plate_pthreads (in /home/billyfu/YatPC/lab6/heated_plate_valgrind)
  n0: 32 0x109D55: main (in /home/billyfu/YatPC/lab6/heated_plate_valgrind)
#-----------
snapshot=33
#-----------
time=190985
mem_heap_B=1184
mem_heap_extra_B=80
mem_stacks_B=1912
heap_tree=empty
#-----------
snapshot=34
#-----------
time=194313
mem_heap_B=1184
mem_heap_extra_B=80
mem_stacks_B=2144
heap_tree=empty
#-----------
snapshot=35
#-----------
time=198772
mem_heap_B=1184
mem_heap_extra_B=80
mem_stacks_B=4088
heap_tree=empty
#-----------
snapshot=36
#-----------
time=204373
mem_heap_B=1184
mem_heap_extra_B=80
mem_stacks_B=2784
heap_tree=empty
#-----------
snapshot=37
#-----------
time=208786
mem_heap_B=1184
mem_heap_extra_B=80
mem_stacks_B=4728
heap_tree=empty
#-----------
snapshot=38
#-----------
time=214381
mem_heap_B=1184
mem_heap_extra_B=80
mem_stacks_B=3424
heap_tree=empty
#-----------
snapshot=39
#-----------
time=218794
mem_heap_B=1184
mem_heap_extra_B=80
mem_stacks_B=5368
heap_tree=detailed
n2: 1184 (heap allocation functions) malloc/new/new[], --alloc-fns, etc.
 n1: 1088 0x40145AB: calloc (rtld-malloc.h:44)
  n1: 1088 0x40145AB: allocate_dtv (dl-tls.c:370)
   n1: 1088 0x40145AB: _dl_allocate_tls (dl-tls.c:629)
    n1: 1088 0x4900616: allocate_stack (allocatestack.c:429)
     n1: 1088 0x4900616: pthread_create@@GLIBC_2.34 (pthread_create.c:655)
      n1: 1088 0x48526B6: parallel_for (in /home/billyfu/YatPC/lab6/libparallel_for.so)
       n1: 1088 0x1098BA: heated_plate_pthreads (in /home/billyfu/YatPC/lab6/heated_plate_valgrind)
        n0: 1088 0x109D55: main (in /home/billyfu/YatPC/lab6/heated_plate_valgrind)
 n0: 96 in 4 places, all below massif's threshold (1.00%)
#-----------
snapshot=40
#-----------
time=224310
mem_heap_B=1184
mem_heap_extra_B=80
mem_stacks_B=4072
heap_tree=empty
#-----------
snapshot=41
#-----------
time=228750
mem_heap_B=1184
mem_heap_extra_B=80
mem_stacks_B=6392
heap_tree=empty
#-----------
snapshot=42
#-----------
time=232742
mem_heap_B=1184
mem_heap_extra_B=80
mem_stacks_B=4608
heap_tree=empty
#-----------
snapshot=43
#-----------
time=238346
mem_heap_B=1184
mem_heap_extra_B=80
mem_stacks_B=4680
heap_tree=empty
#-----------
snapshot=44
#-----------
time=245220
mem_heap_B=1184
mem_heap_extra_B=80
mem_stacks_B=5240
heap_tree=empty
#-----------
snapshot=45
#-----------
time=250801
mem_heap_B=1184
mem_heap_extra_B=80
mem_stacks_B=7608
heap_tree=detailed
n2: 1184 (heap allocation functions) malloc/new/new[], --alloc-fns, etc.
 n1: 1088 0x40145AB: calloc (rtld-malloc.h:44)
  n1: 1088 0x40145AB: allocate_dtv (dl-tls.c:370)
   n1: 1088 0x40145AB: _dl_allocate_tls (dl-tls.c:629)
    n1: 1088 0x4900616: allocate_stack (allocatestack.c:429)
     n1: 1088 0x4900616: pthread_create@@GLIBC_2.34 (pthread_create.c:655)
      n1: 1088 0x48526B6: parallel_for (in /home/billyfu/YatPC/lab6/libparallel_for.so)
       n1: 1088 0x1098BA: heated_plate_pthreads (in /home/billyfu/YatPC/lab6/heated_plate_valgrind)
        n0: 1088 0x109D55: main (in /home/billyfu/YatPC/lab6/heated_plate_valgrind)
 n0: 96 in 4 places, all below massif's threshold (1.00%)
#-----------
snapshot=46
#-----------
time=256069
mem_heap_B=1184
mem_heap_extra_B=80
mem_stacks_B=8320
heap_tree=detailed
n2: 1184 (heap allocation functions) malloc/new/new[], --alloc-fns, etc.
 n1: 1088 0x40145AB: calloc (rtld-malloc.h:44)
  n1: 1088 0x40145AB: allocate_dtv (dl-tls.c:370)
   n1: 1088 0x40145AB: _dl_allocate_tls (dl-tls.c:629)
    n1: 1088 0x4900616: allocate_stack (allocatestack.c:429)
     n1: 1088 0x4900616: pthread_create@@GLIBC_2.34 (pthread_create.c:655)
      n1: 1088 0x48526B6: parallel_for (in /home/billyfu/YatPC/lab6/libparallel_for.so)
       n1: 1088 0x1098BA: heated_plate_pthreads (in /home/billyfu/YatPC/lab6/heated_plate_valgrind)
        n0: 1088 0x109D55: main (in /home/billyfu/YatPC/lab6/heated_plate_valgrind)
 n0: 96 in 4 places, all below massif's threshold (1.00%)
#-----------
snapshot=47
#-----------
time=259432
mem_heap_B=1184
mem_heap_extra_B=80
mem_stacks_B=6448
heap_tree=empty
#-----------
snapshot=48
#-----------
time=265925
mem_heap_B=5280
mem_heap_extra_B=88
mem_stacks_B=6608
heap_tree=peak
n3: 5280 (heap allocation functions) malloc/new/new[], --alloc-fns, etc.
 n1: 4096 0x48E81B4: _IO_file_doallocate (filedoalloc.c:101)
  n1: 4096 0x48F8523: _IO_doallocbuf (genops.c:347)
   n1: 4096 0x48F5F8F: _IO_file_overflow@@GLIBC_2.2.5 (fileops.c:745)
    n1: 4096 0x48F6AAE: _IO_new_file_xsputn (fileops.c:1244)
     n1: 4096 0x48F6AAE: _IO_file_xsputn@@GLIBC_2.2.5 (fileops.c:1197)
      n1: 4096 0x48C3CC8: __printf_buffer_flush_to_file (printf_buffer_to_file.c:59)
       n1: 4096 0x48C3CC8: __printf_buffer_to_file_done (printf_buffer_to_file.c:120)
        n1: 4096 0x48CE5A9: __vfprintf_internal (vfprintf-internal.c:1560)
         n1: 4096 0x48C31B2: printf (printf.c:33)
          n1: 4096 0x109C61: print_result (in /home/billyfu/YatPC/lab6/heated_plate_valgrind)
           n0: 4096 0x109D7B: main (in /home/billyfu/YatPC/lab6/heated_plate_valgrind)
 n1: 1088 0x40145AB: calloc (rtld-malloc.h:44)
  n1: 1088 0x40145AB: allocate_dtv (dl-tls.c:370)
   n1: 1088 0x40145AB: _dl_allocate_tls (dl-tls.c:629)
    n1: 1088 0x4900616: allocate_stack (allocatestack.c:429)
     n1: 1088 0x4900616: pthread_create@@GLIBC_2.34 (pthread_create.c:655)
      n1: 1088 0x48526B6: parallel_for (in /home/billyfu/YatPC/lab6/libparallel_for.so)
       n1: 1088 0x1098BA: heated_plate_pthreads (in /home/billyfu/YatPC/lab6/heated_plate_valgrind)
        n0: 1088 0x109D55: main (in /home/billyfu/YatPC/lab6/heated_plate_valgrind)
 n0: 96 in 4 places, all below massif's threshold (1.00%)
#-----------
snapshot=49
#-----------
time=272567
mem_heap_B=0
mem_heap_extra_B=0
mem_stacks_B=5632
heap_tree=empty
