desc: --massif-out-file=valgrind_logs/massif_M128_N128_T16_S1.out --stacks=yes
cmd: ./heated_plate_valgrind 128 128 16 1
time_unit: i
#-----------
snapshot=0
#-----------
time=0
mem_heap_B=0
mem_heap_extra_B=0
mem_stacks_B=0
heap_tree=empty
#-----------
snapshot=1
#-----------
time=345829413
mem_heap_B=268000
mem_heap_extra_B=2176
mem_stacks_B=1137728
heap_tree=detailed
n3: 268000 (heap allocation functions) malloc/new/new[], --alloc-fns, etc.
 n1: 131072 0x109820: heated_plate_pthreads (in /home/billyfu/YatPC/lab6/heated_plate_valgrind)
  n0: 131072 0x109D55: main (in /home/billyfu/YatPC/lab6/heated_plate_valgrind)
 n1: 131072 0x109850: heated_plate_pthreads (in /home/billyfu/YatPC/lab6/heated_plate_valgrind)
  n0: 131072 0x109D55: main (in /home/billyfu/YatPC/lab6/heated_plate_valgrind)
 n0: 5856 in 3 places, all below massif's threshold (1.00%)
#-----------
snapshot=2
#-----------
time=807507718
mem_heap_B=268000
mem_heap_extra_B=2176
mem_stacks_B=2635488
heap_tree=detailed
n3: 268000 (heap allocation functions) malloc/new/new[], --alloc-fns, etc.
 n1: 131072 0x109820: heated_plate_pthreads (in /home/billyfu/YatPC/lab6/heated_plate_valgrind)
  n0: 131072 0x109D55: main (in /home/billyfu/YatPC/lab6/heated_plate_valgrind)
 n1: 131072 0x109850: heated_plate_pthreads (in /home/billyfu/YatPC/lab6/heated_plate_valgrind)
  n0: 131072 0x109D55: main (in /home/billyfu/YatPC/lab6/heated_plate_valgrind)
 n0: 5856 in 3 places, all below massif's threshold (1.00%)
#-----------
snapshot=3
#-----------
time=1316857238
mem_heap_B=268272
mem_heap_extra_B=2184
mem_stacks_B=4286848
heap_tree=detailed
n3: 268272 (heap allocation functions) malloc/new/new[], --alloc-fns, etc.
 n1: 131072 0x109820: heated_plate_pthreads (in /home/billyfu/YatPC/lab6/heated_plate_valgrind)
  n0: 131072 0x109D55: main (in /home/billyfu/YatPC/lab6/heated_plate_valgrind)
 n1: 131072 0x109850: heated_plate_pthreads (in /home/billyfu/YatPC/lab6/heated_plate_valgrind)
  n0: 131072 0x109D55: main (in /home/billyfu/YatPC/lab6/heated_plate_valgrind)
 n0: 6128 in 3 places, all below massif's threshold (1.00%)
#-----------
snapshot=4
#-----------
time=1716919554
mem_heap_B=267728
mem_heap_extra_B=2168
mem_stacks_B=5582048
heap_tree=detailed
n3: 267728 (heap allocation functions) malloc/new/new[], --alloc-fns, etc.
 n1: 131072 0x109820: heated_plate_pthreads (in /home/billyfu/YatPC/lab6/heated_plate_valgrind)
  n0: 131072 0x109D55: main (in /home/billyfu/YatPC/lab6/heated_plate_valgrind)
 n1: 131072 0x109850: heated_plate_pthreads (in /home/billyfu/YatPC/lab6/heated_plate_valgrind)
  n0: 131072 0x109D55: main (in /home/billyfu/YatPC/lab6/heated_plate_valgrind)
 n0: 5584 in 3 places, all below massif's threshold (1.00%)
#-----------
snapshot=5
#-----------
time=1987944396
mem_heap_B=268544
mem_heap_extra_B=2192
mem_stacks_B=6460448
heap_tree=detailed
n3: 268544 (heap allocation functions) malloc/new/new[], --alloc-fns, etc.
 n1: 131072 0x109820: heated_plate_pthreads (in /home/billyfu/YatPC/lab6/heated_plate_valgrind)
  n0: 131072 0x109D55: main (in /home/billyfu/YatPC/lab6/heated_plate_valgrind)
 n1: 131072 0x109850: heated_plate_pthreads (in /home/billyfu/YatPC/lab6/heated_plate_valgrind)
  n0: 131072 0x109D55: main (in /home/billyfu/YatPC/lab6/heated_plate_valgrind)
 n0: 6400 in 3 places, all below massif's threshold (1.00%)
#-----------
snapshot=6
#-----------
time=2321231777
mem_heap_B=265280
mem_heap_extra_B=2096
mem_stacks_B=7536720
heap_tree=empty
#-----------
snapshot=7
#-----------
time=2767777897
mem_heap_B=265280
mem_heap_extra_B=2096
mem_stacks_B=8980560
heap_tree=empty
#-----------
snapshot=8
#-----------
time=3065108830
mem_heap_B=265280
mem_heap_extra_B=2096
mem_stacks_B=9943120
heap_tree=empty
#-----------
snapshot=9
#-----------
time=3580515656
mem_heap_B=268272
mem_heap_extra_B=2184
mem_stacks_B=11613568
heap_tree=detailed
n3: 268272 (heap allocation functions) malloc/new/new[], --alloc-fns, etc.
 n1: 131072 0x109820: heated_plate_pthreads (in /home/billyfu/YatPC/lab6/heated_plate_valgrind)
  n0: 131072 0x109D55: main (in /home/billyfu/YatPC/lab6/heated_plate_valgrind)
 n1: 131072 0x109850: heated_plate_pthreads (in /home/billyfu/YatPC/lab6/heated_plate_valgrind)
  n0: 131072 0x109D55: main (in /home/billyfu/YatPC/lab6/heated_plate_valgrind)
 n0: 6128 in 3 places, all below massif's threshold (1.00%)
#-----------
snapshot=10
#-----------
time=3886275189
mem_heap_B=267184
mem_heap_extra_B=2152
mem_stacks_B=12601088
heap_tree=detailed
n3: 267184 (heap allocation functions) malloc/new/new[], --alloc-fns, etc.
 n1: 131072 0x109820: heated_plate_pthreads (in /home/billyfu/YatPC/lab6/heated_plate_valgrind)
  n0: 131072 0x109D55: main (in /home/billyfu/YatPC/lab6/heated_plate_valgrind)
 n1: 131072 0x109850: heated_plate_pthreads (in /home/billyfu/YatPC/lab6/heated_plate_valgrind)
  n0: 131072 0x109D55: main (in /home/billyfu/YatPC/lab6/heated_plate_valgrind)
 n0: 5040 in 3 places, all below massif's threshold (1.00%)
#-----------
snapshot=11
#-----------
time=4211778037
mem_heap_B=265280
mem_heap_extra_B=2096
mem_stacks_B=13652560
heap_tree=empty
#-----------
snapshot=12
#-----------
time=4527546378
mem_heap_B=267728
mem_heap_extra_B=2168
mem_stacks_B=14675008
heap_tree=detailed
n1: 267728 (heap allocation functions) malloc/new/new[], --alloc-fns, etc.
 n0: 267728 in 5 places, all below massif's threshold (1.00%)
#-----------
snapshot=13
#-----------
time=4910655991
mem_heap_B=268000
mem_heap_extra_B=2176
mem_stacks_B=15914216
heap_tree=detailed
n1: 268000 (heap allocation functions) malloc/new/new[], --alloc-fns, etc.
 n0: 268000 in 5 places, all below massif's threshold (1.00%)
#-----------
snapshot=14
#-----------
time=5326377584
mem_heap_B=266912
mem_heap_extra_B=2144
mem_stacks_B=17257568
heap_tree=detailed
n1: 266912 (heap allocation functions) malloc/new/new[], --alloc-fns, etc.
 n0: 266912 in 5 places, all below massif's threshold (1.00%)
#-----------
snapshot=15
#-----------
time=5775339985
mem_heap_B=268272
mem_heap_extra_B=2184
mem_stacks_B=18710056
heap_tree=detailed
n1: 268272 (heap allocation functions) malloc/new/new[], --alloc-fns, etc.
 n0: 268272 in 5 places, all below massif's threshold (1.00%)
#-----------
snapshot=16
#-----------
time=6320450579
mem_heap_B=265280
mem_heap_extra_B=2096
mem_stacks_B=20469840
heap_tree=empty
#-----------
snapshot=17
#-----------
time=6789628868
mem_heap_B=268272
mem_heap_extra_B=2184
mem_stacks_B=21989248
heap_tree=detailed
n1: 268272 (heap allocation functions) malloc/new/new[], --alloc-fns, etc.
 n0: 268272 in 5 places, all below massif's threshold (1.00%)
#-----------
snapshot=18
#-----------
time=7360271155
mem_heap_B=268544
mem_heap_extra_B=2192
mem_stacks_B=23835168
heap_tree=detailed
n1: 268544 (heap allocation functions) malloc/new/new[], --alloc-fns, etc.
 n0: 268544 in 5 places, all below massif's threshold (1.00%)
#-----------
snapshot=19
#-----------
time=7663759008
mem_heap_B=268272
mem_heap_extra_B=2184
mem_stacks_B=24815488
heap_tree=detailed
n1: 268272 (heap allocation functions) malloc/new/new[], --alloc-fns, etc.
 n0: 268272 in 5 places, all below massif's threshold (1.00%)
#-----------
snapshot=20
#-----------
time=7979064338
mem_heap_B=268544
mem_heap_extra_B=2192
mem_stacks_B=25834528
heap_tree=detailed
n1: 268544 (heap allocation functions) malloc/new/new[], --alloc-fns, etc.
 n0: 268544 in 5 places, all below massif's threshold (1.00%)
#-----------
snapshot=21
#-----------
time=8306587008
mem_heap_B=265280
mem_heap_extra_B=2096
mem_stacks_B=26890320
heap_tree=empty
#-----------
snapshot=22
#-----------
time=8643943655
mem_heap_B=265280
mem_heap_extra_B=2096
mem_stacks_B=27980880
heap_tree=empty
#-----------
snapshot=23
#-----------
time=8996030089
mem_heap_B=265280
mem_heap_extra_B=2096
mem_stacks_B=29120080
heap_tree=empty
#-----------
snapshot=24
#-----------
time=9374091571
mem_heap_B=268544
mem_heap_extra_B=2192
mem_stacks_B=30344928
heap_tree=detailed
n1: 268544 (heap allocation functions) malloc/new/new[], --alloc-fns, etc.
 n0: 268544 in 5 places, all below massif's threshold (1.00%)
#-----------
snapshot=25
#-----------
time=9758956747
mem_heap_B=268544
mem_heap_extra_B=2192
mem_stacks_B=31589408
heap_tree=detailed
n1: 268544 (heap allocation functions) malloc/new/new[], --alloc-fns, etc.
 n0: 268544 in 5 places, all below massif's threshold (1.00%)
#-----------
snapshot=26
#-----------
time=10159806527
mem_heap_B=268272
mem_heap_extra_B=2184
mem_stacks_B=32884608
heap_tree=detailed
n1: 268272 (heap allocation functions) malloc/new/new[], --alloc-fns, etc.
 n0: 268272 in 5 places, all below massif's threshold (1.00%)
#-----------
snapshot=27
#-----------
time=10576160478
mem_heap_B=268544
mem_heap_extra_B=2192
mem_stacks_B=34231328
heap_tree=detailed
n1: 268544 (heap allocation functions) malloc/new/new[], --alloc-fns, etc.
 n0: 268544 in 5 places, all below massif's threshold (1.00%)
#-----------
snapshot=28
#-----------
time=11010161398
mem_heap_B=268000
mem_heap_extra_B=2176
mem_stacks_B=35633888
heap_tree=detailed
n1: 268000 (heap allocation functions) malloc/new/new[], --alloc-fns, etc.
 n0: 268000 in 5 places, all below massif's threshold (1.00%)
#-----------
snapshot=29
#-----------
time=11461539498
mem_heap_B=267456
mem_heap_extra_B=2160
mem_stacks_B=37092768
heap_tree=detailed
n1: 267456 (heap allocation functions) malloc/new/new[], --alloc-fns, etc.
 n0: 267456 in 5 places, all below massif's threshold (1.00%)
#-----------
snapshot=30
#-----------
time=11811413740
mem_heap_B=268272
mem_heap_extra_B=2184
mem_stacks_B=38224608
heap_tree=detailed
n1: 268272 (heap allocation functions) malloc/new/new[], --alloc-fns, etc.
 n0: 268272 in 5 places, all below massif's threshold (1.00%)
#-----------
snapshot=31
#-----------
time=12290593148
mem_heap_B=267184
mem_heap_extra_B=2152
mem_stacks_B=39771128
heap_tree=empty
#-----------
snapshot=32
#-----------
time=12788753808
mem_heap_B=265280
mem_heap_extra_B=2096
mem_stacks_B=41382480
heap_tree=empty
#-----------
snapshot=33
#-----------
time=13045960975
mem_heap_B=265280
mem_heap_extra_B=2096
mem_stacks_B=42211920
heap_tree=empty
#-----------
snapshot=34
#-----------
time=13456985506
mem_heap_B=267184
mem_heap_extra_B=2152
mem_stacks_B=43543808
heap_tree=detailed
n1: 267184 (heap allocation functions) malloc/new/new[], --alloc-fns, etc.
 n0: 267184 in 5 places, all below massif's threshold (1.00%)
#-----------
snapshot=35
#-----------
time=14006826430
mem_heap_B=268000
mem_heap_extra_B=2176
mem_stacks_B=45323056
heap_tree=detailed
n1: 268000 (heap allocation functions) malloc/new/new[], --alloc-fns, etc.
 n0: 268000 in 5 places, all below massif's threshold (1.00%)
#-----------
snapshot=36
#-----------
time=14290713783
mem_heap_B=267728
mem_heap_extra_B=2168
mem_stacks_B=46239968
heap_tree=detailed
n1: 267728 (heap allocation functions) malloc/new/new[], --alloc-fns, etc.
 n0: 267728 in 5 places, all below massif's threshold (1.00%)
#-----------
snapshot=37
#-----------
time=14579327120
mem_heap_B=268272
mem_heap_extra_B=2184
mem_stacks_B=47174528
heap_tree=detailed
n1: 268272 (heap allocation functions) malloc/new/new[], --alloc-fns, etc.
 n0: 268272 in 5 places, all below massif's threshold (1.00%)
#-----------
snapshot=38
#-----------
time=14875130391
mem_heap_B=267728
mem_heap_extra_B=2168
mem_stacks_B=48129136
heap_tree=detailed
n1: 267728 (heap allocation functions) malloc/new/new[], --alloc-fns, etc.
 n0: 267728 in 5 places, all below massif's threshold (1.00%)
#-----------
snapshot=39
#-----------
time=15174502514
mem_heap_B=265280
mem_heap_extra_B=2096
mem_stacks_B=49095760
heap_tree=empty
#-----------
snapshot=40
#-----------
time=15478569536
mem_heap_B=265280
mem_heap_extra_B=2096
mem_stacks_B=50078800
heap_tree=empty
#-----------
snapshot=41
#-----------
time=15796748077
mem_heap_B=267184
mem_heap_extra_B=2152
mem_stacks_B=51108608
heap_tree=detailed
n1: 267184 (heap allocation functions) malloc/new/new[], --alloc-fns, etc.
 n0: 267184 in 5 places, all below massif's threshold (1.00%)
#-----------
snapshot=42
#-----------
time=16104411354
mem_heap_B=266096
mem_heap_extra_B=2120
mem_stacks_B=52103760
heap_tree=empty
#-----------
snapshot=43
#-----------
time=16427497574
mem_heap_B=265280
mem_heap_extra_B=2096
mem_stacks_B=53148240
heap_tree=empty
#-----------
snapshot=44
#-----------
time=16757192896
mem_heap_B=265280
mem_heap_extra_B=2096
mem_stacks_B=54213200
heap_tree=empty
#-----------
snapshot=45
#-----------
time=17092661251
mem_heap_B=265280
mem_heap_extra_B=2096
mem_stacks_B=55298640
heap_tree=empty
#-----------
snapshot=46
#-----------
time=17459581196
mem_heap_B=267456
mem_heap_extra_B=2160
mem_stacks_B=56484824
heap_tree=detailed
n1: 267456 (heap allocation functions) malloc/new/new[], --alloc-fns, etc.
 n0: 267456 in 5 places, all below massif's threshold (1.00%)
#-----------
snapshot=47
#-----------
time=17962034223
mem_heap_B=265280
mem_heap_extra_B=2096
mem_stacks_B=58109520
heap_tree=empty
#-----------
snapshot=48
#-----------
time=18172288654
mem_heap_B=268000
mem_heap_extra_B=2176
mem_stacks_B=58789088
heap_tree=detailed
n1: 268000 (heap allocation functions) malloc/new/new[], --alloc-fns, etc.
 n0: 268000 in 5 places, all below massif's threshold (1.00%)
#-----------
snapshot=49
#-----------
time=18321987880
mem_heap_B=265280
mem_heap_extra_B=2096
mem_stacks_B=59271760
heap_tree=empty
#-----------
snapshot=50
#-----------
time=18355213842
mem_heap_B=267728
mem_heap_extra_B=2168
mem_stacks_B=59380288
heap_tree=detailed
n1: 267728 (heap allocation functions) malloc/new/new[], --alloc-fns, etc.
 n0: 267728 in 5 places, all below massif's threshold (1.00%)
#-----------
snapshot=51
#-----------
time=18539276370
mem_heap_B=267728
mem_heap_extra_B=2168
mem_stacks_B=59976816
heap_tree=detailed
n1: 267728 (heap allocation functions) malloc/new/new[], --alloc-fns, etc.
 n0: 267728 in 5 places, all below massif's threshold (1.00%)
#-----------
snapshot=52
#-----------
time=18725753805
mem_heap_B=268544
mem_heap_extra_B=2192
mem_stacks_B=60578688
heap_tree=detailed
n1: 268544 (heap allocation functions) malloc/new/new[], --alloc-fns, etc.
 n0: 268544 in 5 places, all below massif's threshold (1.00%)
#-----------
snapshot=53
#-----------
time=18914018513
mem_heap_B=268544
mem_heap_extra_B=2192
mem_stacks_B=61187256
heap_tree=detailed
n1: 268544 (heap allocation functions) malloc/new/new[], --alloc-fns, etc.
 n0: 268544 in 5 places, all below massif's threshold (1.00%)
#-----------
snapshot=54
#-----------
time=19104054489
mem_heap_B=268544
mem_heap_extra_B=2192
mem_stacks_B=61802208
heap_tree=detailed
n1: 268544 (heap allocation functions) malloc/new/new[], --alloc-fns, etc.
 n0: 268544 in 5 places, all below massif's threshold (1.00%)
#-----------
snapshot=55
#-----------
time=19296477364
mem_heap_B=267456
mem_heap_extra_B=2160
mem_stacks_B=62424128
heap_tree=peak
n1: 267456 (heap allocation functions) malloc/new/new[], --alloc-fns, etc.
 n0: 267456 in 5 places, all below massif's threshold (1.00%)
