desc: --massif-out-file=valgrind_logs/massif_M2_N2_T16_S0.out --stacks=yes
cmd: ./heated_plate_valgrind 2 2 16 0
time_unit: i
#-----------
snapshot=0
#-----------
time=0
mem_heap_B=0
mem_heap_extra_B=0
mem_stacks_B=0
heap_tree=empty
#-----------
snapshot=1
#-----------
time=1097
mem_heap_B=0
mem_heap_extra_B=0
mem_stacks_B=368
heap_tree=empty
#-----------
snapshot=2
#-----------
time=30919
mem_heap_B=0
mem_heap_extra_B=0
mem_stacks_B=312
heap_tree=empty
#-----------
snapshot=3
#-----------
time=44037
mem_heap_B=0
mem_heap_extra_B=0
mem_stacks_B=1368
heap_tree=empty
#-----------
snapshot=4
#-----------
time=50004
mem_heap_B=0
mem_heap_extra_B=0
mem_stacks_B=7680
heap_tree=detailed
n0: 0 (heap allocation functions) malloc/new/new[], --alloc-fns, etc.
#-----------
snapshot=5
#-----------
time=58096
mem_heap_B=0
mem_heap_extra_B=0
mem_stacks_B=4776
heap_tree=empty
#-----------
snapshot=6
#-----------
time=64047
mem_heap_B=0
mem_heap_extra_B=0
mem_stacks_B=5768
heap_tree=empty
#-----------
snapshot=7
#-----------
time=75213
mem_heap_B=0
mem_heap_extra_B=0
mem_stacks_B=1080
heap_tree=empty
#-----------
snapshot=8
#-----------
time=85601
mem_heap_B=0
mem_heap_extra_B=0
mem_stacks_B=1304
heap_tree=empty
#-----------
snapshot=9
#-----------
time=96243
mem_heap_B=0
mem_heap_extra_B=0
mem_stacks_B=1768
heap_tree=empty
#-----------
snapshot=10
#-----------
time=103638
mem_heap_B=0
mem_heap_extra_B=0
mem_stacks_B=1768
heap_tree=empty
#-----------
snapshot=11
#-----------
time=114429
mem_heap_B=0
mem_heap_extra_B=0
mem_stacks_B=1768
heap_tree=empty
#-----------
snapshot=12
#-----------
time=121232
mem_heap_B=0
mem_heap_extra_B=0
mem_stacks_B=1304
heap_tree=empty
#-----------
snapshot=13
#-----------
time=131274
mem_heap_B=0
mem_heap_extra_B=0
mem_stacks_B=1528
heap_tree=empty
#-----------
snapshot=14
#-----------
time=139080
mem_heap_B=0
mem_heap_extra_B=0
mem_stacks_B=1584
heap_tree=empty
#-----------
snapshot=15
#-----------
time=145944
mem_heap_B=0
mem_heap_extra_B=0
mem_stacks_B=1304
heap_tree=empty
#-----------
snapshot=16
#-----------
time=156805
mem_heap_B=0
mem_heap_extra_B=0
mem_stacks_B=1528
heap_tree=empty
#-----------
snapshot=17
#-----------
time=170528
mem_heap_B=0
mem_heap_extra_B=0
mem_stacks_B=1528
heap_tree=empty
#-----------
snapshot=18
#-----------
time=179646
mem_heap_B=0
mem_heap_extra_B=0
mem_stacks_B=152
heap_tree=empty
#-----------
snapshot=19
#-----------
time=186620
mem_heap_B=1184
mem_heap_extra_B=80
mem_stacks_B=2168
heap_tree=empty
#-----------
snapshot=20
#-----------
time=197798
mem_heap_B=4448
mem_heap_extra_B=176
mem_stacks_B=3080
heap_tree=empty
#-----------
snapshot=21
#-----------
time=207767
mem_heap_B=4448
mem_heap_extra_B=176
mem_stacks_B=5520
heap_tree=detailed
n2: 4448 (heap allocation functions) malloc/new/new[], --alloc-fns, etc.
 n1: 4352 0x40145AB: calloc (rtld-malloc.h:44)
  n1: 4352 0x40145AB: allocate_dtv (dl-tls.c:370)
   n1: 4352 0x40145AB: _dl_allocate_tls (dl-tls.c:629)
    n1: 4352 0x4900616: allocate_stack (allocatestack.c:429)
     n1: 4352 0x4900616: pthread_create@@GLIBC_2.34 (pthread_create.c:655)
      n1: 4352 0x48526B6: parallel_for (in /home/billyfu/YatPC/lab6/libparallel_for.so)
       n1: 4352 0x1098BA: heated_plate_pthreads (in /home/billyfu/YatPC/lab6/heated_plate_valgrind)
        n0: 4352 0x109D55: main (in /home/billyfu/YatPC/lab6/heated_plate_valgrind)
 n0: 96 in 4 places, all below massif's threshold (1.00%)
#-----------
snapshot=22
#-----------
time=215958
mem_heap_B=3904
mem_heap_extra_B=160
mem_stacks_B=4488
heap_tree=empty
#-----------
snapshot=23
#-----------
time=224756
mem_heap_B=1184
mem_heap_extra_B=80
mem_stacks_B=4736
heap_tree=empty
#-----------
snapshot=24
#-----------
time=237069
mem_heap_B=2272
mem_heap_extra_B=112
mem_stacks_B=5192
heap_tree=empty
#-----------
snapshot=25
#-----------
time=246446
mem_heap_B=3632
mem_heap_extra_B=152
mem_stacks_B=6424
heap_tree=empty
#-----------
snapshot=26
#-----------
time=258243
mem_heap_B=3632
mem_heap_extra_B=152
mem_stacks_B=7000
heap_tree=empty
#-----------
snapshot=27
#-----------
time=263778
mem_heap_B=1184
mem_heap_extra_B=80
mem_stacks_B=6960
heap_tree=empty
#-----------
snapshot=28
#-----------
time=274945
mem_heap_B=1728
mem_heap_extra_B=96
mem_stacks_B=10200
heap_tree=empty
#-----------
snapshot=29
#-----------
time=282736
mem_heap_B=2816
mem_heap_extra_B=128
mem_stacks_B=10848
heap_tree=empty
#-----------
snapshot=30
#-----------
time=290473
mem_heap_B=3904
mem_heap_extra_B=160
mem_stacks_B=11488
heap_tree=detailed
n2: 3904 (heap allocation functions) malloc/new/new[], --alloc-fns, etc.
 n1: 3808 0x40145AB: calloc (rtld-malloc.h:44)
  n1: 3808 0x40145AB: allocate_dtv (dl-tls.c:370)
   n1: 3808 0x40145AB: _dl_allocate_tls (dl-tls.c:629)
    n1: 3808 0x4900616: allocate_stack (allocatestack.c:429)
     n1: 3808 0x4900616: pthread_create@@GLIBC_2.34 (pthread_create.c:655)
      n3: 3808 0x48526B6: parallel_for (in /home/billyfu/YatPC/lab6/libparallel_for.so)
       n1: 2720 0x10995F: heated_plate_pthreads (in /home/billyfu/YatPC/lab6/heated_plate_valgrind)
        n0: 2720 0x109D55: main (in /home/billyfu/YatPC/lab6/heated_plate_valgrind)
       n1: 1088 0x1098FD: heated_plate_pthreads (in /home/billyfu/YatPC/lab6/heated_plate_valgrind)
        n0: 1088 0x109D55: main (in /home/billyfu/YatPC/lab6/heated_plate_valgrind)
       n0: 0 in 1 place, below massif's threshold (1.00%)
 n0: 96 in 4 places, all below massif's threshold (1.00%)
#-----------
snapshot=31
#-----------
time=299974
mem_heap_B=3088
mem_heap_extra_B=136
mem_stacks_B=9856
heap_tree=empty
#-----------
snapshot=32
#-----------
time=306602
mem_heap_B=1184
mem_heap_extra_B=80
mem_stacks_B=9848
heap_tree=empty
#-----------
snapshot=33
#-----------
time=316570
mem_heap_B=1728
mem_heap_extra_B=96
mem_stacks_B=10656
heap_tree=detailed
n2: 1728 (heap allocation functions) malloc/new/new[], --alloc-fns, etc.
 n1: 1632 0x40145AB: calloc (rtld-malloc.h:44)
  n1: 1632 0x40145AB: allocate_dtv (dl-tls.c:370)
   n1: 1632 0x40145AB: _dl_allocate_tls (dl-tls.c:629)
    n1: 1632 0x4900616: allocate_stack (allocatestack.c:429)
     n1: 1632 0x4900616: pthread_create@@GLIBC_2.34 (pthread_create.c:655)
      n3: 1632 0x48526B6: parallel_for (in /home/billyfu/YatPC/lab6/libparallel_for.so)
       n1: 1088 0x10995F: heated_plate_pthreads (in /home/billyfu/YatPC/lab6/heated_plate_valgrind)
        n0: 1088 0x109D55: main (in /home/billyfu/YatPC/lab6/heated_plate_valgrind)
       n1: 544 0x1099A2: heated_plate_pthreads (in /home/billyfu/YatPC/lab6/heated_plate_valgrind)
        n0: 544 0x109D55: main (in /home/billyfu/YatPC/lab6/heated_plate_valgrind)
       n0: 0 in 2 places, all below massif's threshold (1.00%)
 n0: 96 in 4 places, all below massif's threshold (1.00%)
#-----------
snapshot=34
#-----------
time=329185
mem_heap_B=3632
mem_heap_extra_B=152
mem_stacks_B=13888
heap_tree=detailed
n2: 3632 (heap allocation functions) malloc/new/new[], --alloc-fns, etc.
 n1: 3536 0x40145AB: calloc (rtld-malloc.h:44)
  n1: 3536 0x40145AB: allocate_dtv (dl-tls.c:370)
   n1: 3536 0x40145AB: _dl_allocate_tls (dl-tls.c:629)
    n1: 3536 0x4900616: allocate_stack (allocatestack.c:429)
     n1: 3536 0x4900616: pthread_create@@GLIBC_2.34 (pthread_create.c:655)
      n3: 3536 0x48526B6: parallel_for (in /home/billyfu/YatPC/lab6/libparallel_for.so)
       n1: 2448 0x1099A2: heated_plate_pthreads (in /home/billyfu/YatPC/lab6/heated_plate_valgrind)
        n0: 2448 0x109D55: main (in /home/billyfu/YatPC/lab6/heated_plate_valgrind)
       n1: 1088 0x10995F: heated_plate_pthreads (in /home/billyfu/YatPC/lab6/heated_plate_valgrind)
        n0: 1088 0x109D55: main (in /home/billyfu/YatPC/lab6/heated_plate_valgrind)
       n0: 0 in 2 places, all below massif's threshold (1.00%)
 n0: 96 in 4 places, all below massif's threshold (1.00%)
#-----------
snapshot=35
#-----------
time=338408
mem_heap_B=3632
mem_heap_extra_B=152
mem_stacks_B=11960
heap_tree=empty
#-----------
snapshot=36
#-----------
time=346148
mem_heap_B=1184
mem_heap_extra_B=80
mem_stacks_B=12656
heap_tree=detailed
n2: 1184 (heap allocation functions) malloc/new/new[], --alloc-fns, etc.
 n1: 1088 0x40145AB: calloc (rtld-malloc.h:44)
  n1: 1088 0x40145AB: allocate_dtv (dl-tls.c:370)
   n1: 1088 0x40145AB: _dl_allocate_tls (dl-tls.c:629)
    n1: 1088 0x4900616: allocate_stack (allocatestack.c:429)
     n1: 1088 0x4900616: pthread_create@@GLIBC_2.34 (pthread_create.c:655)
      n2: 1088 0x48526B6: parallel_for (in /home/billyfu/YatPC/lab6/libparallel_for.so)
       n1: 1088 0x1099A2: heated_plate_pthreads (in /home/billyfu/YatPC/lab6/heated_plate_valgrind)
        n0: 1088 0x109D55: main (in /home/billyfu/YatPC/lab6/heated_plate_valgrind)
       n0: 0 in 3 places, all below massif's threshold (1.00%)
 n0: 96 in 4 places, all below massif's threshold (1.00%)
#-----------
snapshot=37
#-----------
time=353942
mem_heap_B=1456
mem_heap_extra_B=88
mem_stacks_B=13312
heap_tree=empty
#-----------
snapshot=38
#-----------
time=366185
mem_heap_B=3088
mem_heap_extra_B=136
mem_stacks_B=13952
heap_tree=empty
#-----------
snapshot=39
#-----------
time=374570
mem_heap_B=4448
mem_heap_extra_B=176
mem_stacks_B=16784
heap_tree=detailed
n2: 4448 (heap allocation functions) malloc/new/new[], --alloc-fns, etc.
 n1: 4352 0x40145AB: calloc (rtld-malloc.h:44)
  n1: 4352 0x40145AB: allocate_dtv (dl-tls.c:370)
   n1: 4352 0x40145AB: _dl_allocate_tls (dl-tls.c:629)
    n1: 4352 0x4900616: allocate_stack (allocatestack.c:429)
     n1: 4352 0x4900616: pthread_create@@GLIBC_2.34 (pthread_create.c:655)
      n3: 4352 0x48526B6: parallel_for (in /home/billyfu/YatPC/lab6/libparallel_for.so)
       n1: 3264 0x109A23: heated_plate_pthreads (in /home/billyfu/YatPC/lab6/heated_plate_valgrind)
        n0: 3264 0x109D55: main (in /home/billyfu/YatPC/lab6/heated_plate_valgrind)
       n1: 1088 0x1099A2: heated_plate_pthreads (in /home/billyfu/YatPC/lab6/heated_plate_valgrind)
        n0: 1088 0x109D55: main (in /home/billyfu/YatPC/lab6/heated_plate_valgrind)
       n0: 0 in 3 places, all below massif's threshold (1.00%)
 n0: 96 in 4 places, all below massif's threshold (1.00%)
#-----------
snapshot=40
#-----------
time=383462
mem_heap_B=2272
mem_heap_extra_B=112
mem_stacks_B=14920
heap_tree=empty
#-----------
snapshot=41
#-----------
time=394527
mem_heap_B=1456
mem_heap_extra_B=88
mem_stacks_B=15544
heap_tree=empty
#-----------
snapshot=42
#-----------
time=405576
mem_heap_B=2816
mem_heap_extra_B=128
mem_stacks_B=16696
heap_tree=empty
#-----------
snapshot=43
#-----------
time=416685
mem_heap_B=4448
mem_heap_extra_B=176
mem_stacks_B=19488
heap_tree=detailed
n2: 4448 (heap allocation functions) malloc/new/new[], --alloc-fns, etc.
 n1: 4352 0x40145AB: calloc (rtld-malloc.h:44)
  n1: 4352 0x40145AB: allocate_dtv (dl-tls.c:370)
   n1: 4352 0x40145AB: _dl_allocate_tls (dl-tls.c:629)
    n1: 4352 0x4900616: allocate_stack (allocatestack.c:429)
     n1: 4352 0x4900616: pthread_create@@GLIBC_2.34 (pthread_create.c:655)
      n3: 4352 0x48526B6: parallel_for (in /home/billyfu/YatPC/lab6/libparallel_for.so)
       n1: 3264 0x109A9E: heated_plate_pthreads (in /home/billyfu/YatPC/lab6/heated_plate_valgrind)
        n0: 3264 0x109D55: main (in /home/billyfu/YatPC/lab6/heated_plate_valgrind)
       n1: 1088 0x109A23: heated_plate_pthreads (in /home/billyfu/YatPC/lab6/heated_plate_valgrind)
        n0: 1088 0x109D55: main (in /home/billyfu/YatPC/lab6/heated_plate_valgrind)
       n0: 0 in 4 places, all below massif's threshold (1.00%)
 n0: 96 in 4 places, all below massif's threshold (1.00%)
#-----------
snapshot=44
#-----------
time=428878
mem_heap_B=1184
mem_heap_extra_B=80
mem_stacks_B=17528
heap_tree=empty
#-----------
snapshot=45
#-----------
time=441040
mem_heap_B=2272
mem_heap_extra_B=112
mem_stacks_B=18760
heap_tree=empty
#-----------
snapshot=46
#-----------
time=448629
mem_heap_B=3088
mem_heap_extra_B=136
mem_stacks_B=21408
heap_tree=empty
#-----------
snapshot=47
#-----------
time=457320
mem_heap_B=4448
mem_heap_extra_B=176
mem_stacks_B=22048
heap_tree=detailed
n2: 4448 (heap allocation functions) malloc/new/new[], --alloc-fns, etc.
 n1: 4352 0x40145AB: calloc (rtld-malloc.h:44)
  n1: 4352 0x40145AB: allocate_dtv (dl-tls.c:370)
   n1: 4352 0x40145AB: _dl_allocate_tls (dl-tls.c:629)
    n1: 4352 0x4900616: allocate_stack (allocatestack.c:429)
     n1: 4352 0x4900616: pthread_create@@GLIBC_2.34 (pthread_create.c:655)
      n3: 4352 0x48526B6: parallel_for (in /home/billyfu/YatPC/lab6/libparallel_for.so)
       n1: 3264 0x109AE1: heated_plate_pthreads (in /home/billyfu/YatPC/lab6/heated_plate_valgrind)
        n0: 3264 0x109D55: main (in /home/billyfu/YatPC/lab6/heated_plate_valgrind)
       n1: 1088 0x109A9E: heated_plate_pthreads (in /home/billyfu/YatPC/lab6/heated_plate_valgrind)
        n0: 1088 0x109D55: main (in /home/billyfu/YatPC/lab6/heated_plate_valgrind)
       n0: 0 in 5 places, all below massif's threshold (1.00%)
 n0: 96 in 4 places, all below massif's threshold (1.00%)
#-----------
snapshot=48
#-----------
time=469648
mem_heap_B=1184
mem_heap_extra_B=80
mem_stacks_B=19752
heap_tree=empty
#-----------
snapshot=49
#-----------
time=483035
mem_heap_B=2544
mem_heap_extra_B=120
mem_stacks_B=23328
heap_tree=empty
#-----------
snapshot=50
#-----------
time=484198
mem_heap_B=2544
mem_heap_extra_B=120
mem_stacks_B=23488
heap_tree=empty
#-----------
snapshot=51
#-----------
time=485296
mem_heap_B=2544
mem_heap_extra_B=120
mem_stacks_B=21376
heap_tree=empty
#-----------
snapshot=52
#-----------
time=486398
mem_heap_B=2816
mem_heap_extra_B=128
mem_stacks_B=23640
heap_tree=empty
#-----------
snapshot=53
#-----------
time=487498
mem_heap_B=3088
mem_heap_extra_B=136
mem_stacks_B=21624
heap_tree=empty
#-----------
snapshot=54
#-----------
time=487999
mem_heap_B=3088
mem_heap_extra_B=136
mem_stacks_B=23808
heap_tree=detailed
n2: 3088 (heap allocation functions) malloc/new/new[], --alloc-fns, etc.
 n1: 2992 0x40145AB: calloc (rtld-malloc.h:44)
  n1: 2992 0x40145AB: allocate_dtv (dl-tls.c:370)
   n1: 2992 0x40145AB: _dl_allocate_tls (dl-tls.c:629)
    n1: 2992 0x4900616: allocate_stack (allocatestack.c:429)
     n1: 2992 0x4900616: pthread_create@@GLIBC_2.34 (pthread_create.c:655)
      n3: 2992 0x48526B6: parallel_for (in /home/billyfu/YatPC/lab6/libparallel_for.so)
       n1: 1904 0x109B4B: heated_plate_pthreads (in /home/billyfu/YatPC/lab6/heated_plate_valgrind)
        n0: 1904 0x109D55: main (in /home/billyfu/YatPC/lab6/heated_plate_valgrind)
       n1: 1088 0x109AE1: heated_plate_pthreads (in /home/billyfu/YatPC/lab6/heated_plate_valgrind)
        n0: 1088 0x109D55: main (in /home/billyfu/YatPC/lab6/heated_plate_valgrind)
       n0: 0 in 6 places, all below massif's threshold (1.00%)
 n0: 96 in 4 places, all below massif's threshold (1.00%)
#-----------
snapshot=55
#-----------
time=489128
mem_heap_B=3088
mem_heap_extra_B=136
mem_stacks_B=21776
heap_tree=empty
#-----------
snapshot=56
#-----------
time=489967
mem_heap_B=3360
mem_heap_extra_B=144
mem_stacks_B=23968
heap_tree=detailed
n2: 3360 (heap allocation functions) malloc/new/new[], --alloc-fns, etc.
 n1: 3264 0x40145AB: calloc (rtld-malloc.h:44)
  n1: 3264 0x40145AB: allocate_dtv (dl-tls.c:370)
   n1: 3264 0x40145AB: _dl_allocate_tls (dl-tls.c:629)
    n1: 3264 0x4900616: allocate_stack (allocatestack.c:429)
     n1: 3264 0x4900616: pthread_create@@GLIBC_2.34 (pthread_create.c:655)
      n3: 3264 0x48526B6: parallel_for (in /home/billyfu/YatPC/lab6/libparallel_for.so)
       n1: 2176 0x109B4B: heated_plate_pthreads (in /home/billyfu/YatPC/lab6/heated_plate_valgrind)
        n0: 2176 0x109D55: main (in /home/billyfu/YatPC/lab6/heated_plate_valgrind)
       n1: 1088 0x109AE1: heated_plate_pthreads (in /home/billyfu/YatPC/lab6/heated_plate_valgrind)
        n0: 1088 0x109D55: main (in /home/billyfu/YatPC/lab6/heated_plate_valgrind)
       n0: 0 in 6 places, all below massif's threshold (1.00%)
 n0: 96 in 4 places, all below massif's threshold (1.00%)
#-----------
snapshot=57
#-----------
time=491096
mem_heap_B=3360
mem_heap_extra_B=144
mem_stacks_B=21936
heap_tree=empty
#-----------
snapshot=58
#-----------
time=491935
mem_heap_B=3632
mem_heap_extra_B=152
mem_stacks_B=24128
heap_tree=detailed
n2: 3632 (heap allocation functions) malloc/new/new[], --alloc-fns, etc.
 n1: 3536 0x40145AB: calloc (rtld-malloc.h:44)
  n1: 3536 0x40145AB: allocate_dtv (dl-tls.c:370)
   n1: 3536 0x40145AB: _dl_allocate_tls (dl-tls.c:629)
    n1: 3536 0x4900616: allocate_stack (allocatestack.c:429)
     n1: 3536 0x4900616: pthread_create@@GLIBC_2.34 (pthread_create.c:655)
      n3: 3536 0x48526B6: parallel_for (in /home/billyfu/YatPC/lab6/libparallel_for.so)
       n1: 2448 0x109B4B: heated_plate_pthreads (in /home/billyfu/YatPC/lab6/heated_plate_valgrind)
        n0: 2448 0x109D55: main (in /home/billyfu/YatPC/lab6/heated_plate_valgrind)
       n1: 1088 0x109AE1: heated_plate_pthreads (in /home/billyfu/YatPC/lab6/heated_plate_valgrind)
        n0: 1088 0x109D55: main (in /home/billyfu/YatPC/lab6/heated_plate_valgrind)
       n0: 0 in 6 places, all below massif's threshold (1.00%)
 n0: 96 in 4 places, all below massif's threshold (1.00%)
#-----------
snapshot=59
#-----------
time=493064
mem_heap_B=3632
mem_heap_extra_B=152
mem_stacks_B=22096
heap_tree=empty
#-----------
snapshot=60
#-----------
time=493903
mem_heap_B=3904
mem_heap_extra_B=160
mem_stacks_B=24288
heap_tree=detailed
n2: 3904 (heap allocation functions) malloc/new/new[], --alloc-fns, etc.
 n1: 3808 0x40145AB: calloc (rtld-malloc.h:44)
  n1: 3808 0x40145AB: allocate_dtv (dl-tls.c:370)
   n1: 3808 0x40145AB: _dl_allocate_tls (dl-tls.c:629)
    n1: 3808 0x4900616: allocate_stack (allocatestack.c:429)
     n1: 3808 0x4900616: pthread_create@@GLIBC_2.34 (pthread_create.c:655)
      n3: 3808 0x48526B6: parallel_for (in /home/billyfu/YatPC/lab6/libparallel_for.so)
       n1: 2720 0x109B4B: heated_plate_pthreads (in /home/billyfu/YatPC/lab6/heated_plate_valgrind)
        n0: 2720 0x109D55: main (in /home/billyfu/YatPC/lab6/heated_plate_valgrind)
       n1: 1088 0x109AE1: heated_plate_pthreads (in /home/billyfu/YatPC/lab6/heated_plate_valgrind)
        n0: 1088 0x109D55: main (in /home/billyfu/YatPC/lab6/heated_plate_valgrind)
       n0: 0 in 6 places, all below massif's threshold (1.00%)
 n0: 96 in 4 places, all below massif's threshold (1.00%)
#-----------
snapshot=61
#-----------
time=495032
mem_heap_B=3904
mem_heap_extra_B=160
mem_stacks_B=22256
heap_tree=empty
#-----------
snapshot=62
#-----------
time=495871
mem_heap_B=4176
mem_heap_extra_B=168
mem_stacks_B=24448
heap_tree=detailed
n2: 4176 (heap allocation functions) malloc/new/new[], --alloc-fns, etc.
 n1: 4080 0x40145AB: calloc (rtld-malloc.h:44)
  n1: 4080 0x40145AB: allocate_dtv (dl-tls.c:370)
   n1: 4080 0x40145AB: _dl_allocate_tls (dl-tls.c:629)
    n1: 4080 0x4900616: allocate_stack (allocatestack.c:429)
     n1: 4080 0x4900616: pthread_create@@GLIBC_2.34 (pthread_create.c:655)
      n3: 4080 0x48526B6: parallel_for (in /home/billyfu/YatPC/lab6/libparallel_for.so)
       n1: 2992 0x109B4B: heated_plate_pthreads (in /home/billyfu/YatPC/lab6/heated_plate_valgrind)
        n0: 2992 0x109D55: main (in /home/billyfu/YatPC/lab6/heated_plate_valgrind)
       n1: 1088 0x109AE1: heated_plate_pthreads (in /home/billyfu/YatPC/lab6/heated_plate_valgrind)
        n0: 1088 0x109D55: main (in /home/billyfu/YatPC/lab6/heated_plate_valgrind)
       n0: 0 in 6 places, all below massif's threshold (1.00%)
 n0: 96 in 4 places, all below massif's threshold (1.00%)
#-----------
snapshot=63
#-----------
time=497000
mem_heap_B=4176
mem_heap_extra_B=168
mem_stacks_B=22416
heap_tree=empty
#-----------
snapshot=64
#-----------
time=497839
mem_heap_B=4448
mem_heap_extra_B=176
mem_stacks_B=24608
heap_tree=peak
n2: 4448 (heap allocation functions) malloc/new/new[], --alloc-fns, etc.
 n1: 4352 0x40145AB: calloc (rtld-malloc.h:44)
  n1: 4352 0x40145AB: allocate_dtv (dl-tls.c:370)
   n1: 4352 0x40145AB: _dl_allocate_tls (dl-tls.c:629)
    n1: 4352 0x4900616: allocate_stack (allocatestack.c:429)
     n1: 4352 0x4900616: pthread_create@@GLIBC_2.34 (pthread_create.c:655)
      n3: 4352 0x48526B6: parallel_for (in /home/billyfu/YatPC/lab6/libparallel_for.so)
       n1: 3264 0x109B4B: heated_plate_pthreads (in /home/billyfu/YatPC/lab6/heated_plate_valgrind)
        n0: 3264 0x109D55: main (in /home/billyfu/YatPC/lab6/heated_plate_valgrind)
       n1: 1088 0x109AE1: heated_plate_pthreads (in /home/billyfu/YatPC/lab6/heated_plate_valgrind)
        n0: 1088 0x109D55: main (in /home/billyfu/YatPC/lab6/heated_plate_valgrind)
       n0: 0 in 6 places, all below massif's threshold (1.00%)
 n0: 96 in 4 places, all below massif's threshold (1.00%)
#-----------
snapshot=65
#-----------
time=498952
mem_heap_B=4448
mem_heap_extra_B=176
mem_stacks_B=22520
heap_tree=empty
#-----------
snapshot=66
#-----------
time=500055
mem_heap_B=4448
mem_heap_extra_B=176
mem_stacks_B=22456
heap_tree=empty
#-----------
snapshot=67
#-----------
time=501185
mem_heap_B=4176
mem_heap_extra_B=168
mem_stacks_B=22440
heap_tree=empty
#-----------
snapshot=68
#-----------
time=502287
mem_heap_B=3632
mem_heap_extra_B=152
mem_stacks_B=22360
heap_tree=empty
#-----------
snapshot=69
#-----------
time=503404
mem_heap_B=3088
mem_heap_extra_B=136
mem_stacks_B=22656
heap_tree=empty
#-----------
snapshot=70
#-----------
time=504505
mem_heap_B=2816
mem_heap_extra_B=128
mem_stacks_B=22592
heap_tree=empty
#-----------
snapshot=71
#-----------
time=505606
mem_heap_B=2272
mem_heap_extra_B=112
mem_stacks_B=22592
heap_tree=empty
#-----------
snapshot=72
#-----------
time=506707
mem_heap_B=1728
mem_heap_extra_B=96
mem_stacks_B=22592
heap_tree=empty
#-----------
snapshot=73
#-----------
time=507830
mem_heap_B=1184
mem_heap_extra_B=80
mem_stacks_B=22752
heap_tree=empty
#-----------
snapshot=74
#-----------
time=508933
mem_heap_B=1184
mem_heap_extra_B=80
mem_stacks_B=22752
heap_tree=detailed
n2: 1184 (heap allocation functions) malloc/new/new[], --alloc-fns, etc.
 n1: 1088 0x40145AB: calloc (rtld-malloc.h:44)
  n1: 1088 0x40145AB: allocate_dtv (dl-tls.c:370)
   n1: 1088 0x40145AB: _dl_allocate_tls (dl-tls.c:629)
    n1: 1088 0x4900616: allocate_stack (allocatestack.c:429)
     n1: 1088 0x4900616: pthread_create@@GLIBC_2.34 (pthread_create.c:655)
      n2: 1088 0x48526B6: parallel_for (in /home/billyfu/YatPC/lab6/libparallel_for.so)
       n1: 1088 0x109B4B: heated_plate_pthreads (in /home/billyfu/YatPC/lab6/heated_plate_valgrind)
        n0: 1088 0x109D55: main (in /home/billyfu/YatPC/lab6/heated_plate_valgrind)
       n0: 0 in 7 places, all below massif's threshold (1.00%)
 n0: 96 in 4 places, all below massif's threshold (1.00%)
#-----------
snapshot=75
#-----------
time=510031
mem_heap_B=1184
mem_heap_extra_B=80
mem_stacks_B=23560
heap_tree=empty
#-----------
snapshot=76
#-----------
time=511141
mem_heap_B=5280
mem_heap_extra_B=88
mem_stacks_B=21608
heap_tree=empty
#-----------
snapshot=77
#-----------
time=512246
mem_heap_B=5184
mem_heap_extra_B=40
mem_stacks_B=21272
heap_tree=empty
#-----------
snapshot=78
#-----------
time=513351
mem_heap_B=5184
mem_heap_extra_B=40
mem_stacks_B=21240
heap_tree=empty
#-----------
snapshot=79
#-----------
time=514450
mem_heap_B=5184
mem_heap_extra_B=40
mem_stacks_B=21104
heap_tree=empty
#-----------
snapshot=80
#-----------
time=515552
mem_heap_B=1088
mem_heap_extra_B=32
mem_stacks_B=21008
heap_tree=empty
#-----------
snapshot=81
#-----------
time=516651
mem_heap_B=816
mem_heap_extra_B=24
mem_stacks_B=21096
heap_tree=empty
#-----------
snapshot=82
#-----------
time=517752
mem_heap_B=0
mem_heap_extra_B=0
mem_stacks_B=20992
heap_tree=empty
