desc: --massif-out-file=valgrind_logs/massif_M6_N6_T2_S1.out --stacks=yes
cmd: ./heated_plate_valgrind 6 6 2 1
time_unit: i
#-----------
snapshot=0
#-----------
time=0
mem_heap_B=0
mem_heap_extra_B=0
mem_stacks_B=0
heap_tree=empty
#-----------
snapshot=1
#-----------
time=1097
mem_heap_B=0
mem_heap_extra_B=0
mem_stacks_B=368
heap_tree=empty
#-----------
snapshot=2
#-----------
time=30919
mem_heap_B=0
mem_heap_extra_B=0
mem_stacks_B=312
heap_tree=empty
#-----------
snapshot=3
#-----------
time=50004
mem_heap_B=0
mem_heap_extra_B=0
mem_stacks_B=7680
heap_tree=detailed
n0: 0 (heap allocation functions) malloc/new/new[], --alloc-fns, etc.
#-----------
snapshot=4
#-----------
time=64061
mem_heap_B=0
mem_heap_extra_B=0
mem_stacks_B=5768
heap_tree=empty
#-----------
snapshot=5
#-----------
time=85615
mem_heap_B=0
mem_heap_extra_B=0
mem_stacks_B=1304
heap_tree=empty
#-----------
snapshot=6
#-----------
time=103652
mem_heap_B=0
mem_heap_extra_B=0
mem_stacks_B=1768
heap_tree=empty
#-----------
snapshot=7
#-----------
time=114443
mem_heap_B=0
mem_heap_extra_B=0
mem_stacks_B=1768
heap_tree=empty
#-----------
snapshot=8
#-----------
time=131288
mem_heap_B=0
mem_heap_extra_B=0
mem_stacks_B=1528
heap_tree=empty
#-----------
snapshot=9
#-----------
time=145958
mem_heap_B=0
mem_heap_extra_B=0
mem_stacks_B=1304
heap_tree=empty
#-----------
snapshot=10
#-----------
time=170542
mem_heap_B=0
mem_heap_extra_B=0
mem_stacks_B=1528
heap_tree=empty
#-----------
snapshot=11
#-----------
time=191331
mem_heap_B=1216
mem_heap_extra_B=128
mem_stacks_B=1304
heap_tree=empty
#-----------
snapshot=12
#-----------
time=211405
mem_heap_B=1216
mem_heap_extra_B=128
mem_stacks_B=2552
heap_tree=empty
#-----------
snapshot=13
#-----------
time=232475
mem_heap_B=1216
mem_heap_extra_B=128
mem_stacks_B=3864
heap_tree=empty
#-----------
snapshot=14
#-----------
time=257798
mem_heap_B=1216
mem_heap_extra_B=128
mem_stacks_B=4784
heap_tree=empty
#-----------
snapshot=15
#-----------
time=274388
mem_heap_B=1216
mem_heap_extra_B=128
mem_stacks_B=7480
heap_tree=detailed
n4: 1216 (heap allocation functions) malloc/new/new[], --alloc-fns, etc.
 n1: 544 0x40145AB: calloc (rtld-malloc.h:44)
  n1: 544 0x40145AB: allocate_dtv (dl-tls.c:370)
   n1: 544 0x40145AB: _dl_allocate_tls (dl-tls.c:629)
    n1: 544 0x4900616: allocate_stack (allocatestack.c:429)
     n1: 544 0x4900616: pthread_create@@GLIBC_2.34 (pthread_create.c:655)
      n1: 544 0x48528D8: parallel_for (in /home/billyfu/YatPC/lab6/libparallel_for.so)
       n1: 544 0x1098BA: heated_plate_pthreads (in /home/billyfu/YatPC/lab6/heated_plate_valgrind)
        n0: 544 0x109D55: main (in /home/billyfu/YatPC/lab6/heated_plate_valgrind)
 n1: 288 0x109820: heated_plate_pthreads (in /home/billyfu/YatPC/lab6/heated_plate_valgrind)
  n0: 288 0x109D55: main (in /home/billyfu/YatPC/lab6/heated_plate_valgrind)
 n1: 288 0x109850: heated_plate_pthreads (in /home/billyfu/YatPC/lab6/heated_plate_valgrind)
  n0: 288 0x109D55: main (in /home/billyfu/YatPC/lab6/heated_plate_valgrind)
 n0: 96 in 2 places, all below massif's threshold (1.00%)
#-----------
snapshot=16
#-----------
time=286579
mem_heap_B=1216
mem_heap_extra_B=128
mem_stacks_B=6152
heap_tree=empty
#-----------
snapshot=17
#-----------
time=300268
mem_heap_B=1216
mem_heap_extra_B=128
mem_stacks_B=6792
heap_tree=empty
#-----------
snapshot=18
#-----------
time=315483
mem_heap_B=1216
mem_heap_extra_B=128
mem_stacks_B=7680
heap_tree=empty
#-----------
snapshot=19
#-----------
time=335013
mem_heap_B=1216
mem_heap_extra_B=128
mem_stacks_B=8640
heap_tree=empty
#-----------
snapshot=20
#-----------
time=355836
mem_heap_B=1216
mem_heap_extra_B=128
mem_stacks_B=9584
heap_tree=empty
#-----------
snapshot=21
#-----------
time=369642
mem_heap_B=1216
mem_heap_extra_B=128
mem_stacks_B=12512
heap_tree=detailed
n4: 1216 (heap allocation functions) malloc/new/new[], --alloc-fns, etc.
 n1: 544 0x40145AB: calloc (rtld-malloc.h:44)
  n1: 544 0x40145AB: allocate_dtv (dl-tls.c:370)
   n1: 544 0x40145AB: _dl_allocate_tls (dl-tls.c:629)
    n1: 544 0x4900616: allocate_stack (allocatestack.c:429)
     n1: 544 0x4900616: pthread_create@@GLIBC_2.34 (pthread_create.c:655)
      n1: 544 0x48528D8: parallel_for (in /home/billyfu/YatPC/lab6/libparallel_for.so)
       n1: 544 0x1098BA: heated_plate_pthreads (in /home/billyfu/YatPC/lab6/heated_plate_valgrind)
        n0: 544 0x109D55: main (in /home/billyfu/YatPC/lab6/heated_plate_valgrind)
 n1: 288 0x109820: heated_plate_pthreads (in /home/billyfu/YatPC/lab6/heated_plate_valgrind)
  n0: 288 0x109D55: main (in /home/billyfu/YatPC/lab6/heated_plate_valgrind)
 n1: 288 0x109850: heated_plate_pthreads (in /home/billyfu/YatPC/lab6/heated_plate_valgrind)
  n0: 288 0x109D55: main (in /home/billyfu/YatPC/lab6/heated_plate_valgrind)
 n0: 96 in 2 places, all below massif's threshold (1.00%)
#-----------
snapshot=22
#-----------
time=384943
mem_heap_B=1216
mem_heap_extra_B=128
mem_stacks_B=10904
heap_tree=empty
#-----------
snapshot=23
#-----------
time=408701
mem_heap_B=1216
mem_heap_extra_B=128
mem_stacks_B=12144
heap_tree=empty
#-----------
snapshot=24
#-----------
time=428814
mem_heap_B=1216
mem_heap_extra_B=128
mem_stacks_B=15392
heap_tree=detailed
n4: 1216 (heap allocation functions) malloc/new/new[], --alloc-fns, etc.
 n1: 544 0x40145AB: calloc (rtld-malloc.h:44)
  n1: 544 0x40145AB: allocate_dtv (dl-tls.c:370)
   n1: 544 0x40145AB: _dl_allocate_tls (dl-tls.c:629)
    n1: 544 0x4900616: allocate_stack (allocatestack.c:429)
     n1: 544 0x4900616: pthread_create@@GLIBC_2.34 (pthread_create.c:655)
      n1: 544 0x48528D8: parallel_for (in /home/billyfu/YatPC/lab6/libparallel_for.so)
       n1: 544 0x1098BA: heated_plate_pthreads (in /home/billyfu/YatPC/lab6/heated_plate_valgrind)
        n0: 544 0x109D55: main (in /home/billyfu/YatPC/lab6/heated_plate_valgrind)
 n1: 288 0x109820: heated_plate_pthreads (in /home/billyfu/YatPC/lab6/heated_plate_valgrind)
  n0: 288 0x109D55: main (in /home/billyfu/YatPC/lab6/heated_plate_valgrind)
 n1: 288 0x109850: heated_plate_pthreads (in /home/billyfu/YatPC/lab6/heated_plate_valgrind)
  n0: 288 0x109D55: main (in /home/billyfu/YatPC/lab6/heated_plate_valgrind)
 n0: 96 in 2 places, all below massif's threshold (1.00%)
#-----------
snapshot=25
#-----------
time=452941
mem_heap_B=1216
mem_heap_extra_B=128
mem_stacks_B=14504
heap_tree=empty
#-----------
snapshot=26
#-----------
time=467169
mem_heap_B=1216
mem_heap_extra_B=128
mem_stacks_B=15040
heap_tree=empty
#-----------
snapshot=27
#-----------
time=481170
mem_heap_B=1216
mem_heap_extra_B=128
mem_stacks_B=17952
heap_tree=detailed
n4: 1216 (heap allocation functions) malloc/new/new[], --alloc-fns, etc.
 n1: 544 0x40145AB: calloc (rtld-malloc.h:44)
  n1: 544 0x40145AB: allocate_dtv (dl-tls.c:370)
   n1: 544 0x40145AB: _dl_allocate_tls (dl-tls.c:629)
    n1: 544 0x4900616: allocate_stack (allocatestack.c:429)
     n1: 544 0x4900616: pthread_create@@GLIBC_2.34 (pthread_create.c:655)
      n1: 544 0x48528D8: parallel_for (in /home/billyfu/YatPC/lab6/libparallel_for.so)
       n1: 544 0x1098BA: heated_plate_pthreads (in /home/billyfu/YatPC/lab6/heated_plate_valgrind)
        n0: 544 0x109D55: main (in /home/billyfu/YatPC/lab6/heated_plate_valgrind)
 n1: 288 0x109820: heated_plate_pthreads (in /home/billyfu/YatPC/lab6/heated_plate_valgrind)
  n0: 288 0x109D55: main (in /home/billyfu/YatPC/lab6/heated_plate_valgrind)
 n1: 288 0x109850: heated_plate_pthreads (in /home/billyfu/YatPC/lab6/heated_plate_valgrind)
  n0: 288 0x109D55: main (in /home/billyfu/YatPC/lab6/heated_plate_valgrind)
 n0: 96 in 2 places, all below massif's threshold (1.00%)
#-----------
snapshot=28
#-----------
time=500007
mem_heap_B=1216
mem_heap_extra_B=128
mem_stacks_B=16640
heap_tree=empty
#-----------
snapshot=29
#-----------
time=516968
mem_heap_B=1216
mem_heap_extra_B=128
mem_stacks_B=17512
heap_tree=empty
#-----------
snapshot=30
#-----------
time=542541
mem_heap_B=1216
mem_heap_extra_B=128
mem_stacks_B=20992
heap_tree=empty
#-----------
snapshot=31
#-----------
time=562087
mem_heap_B=1216
mem_heap_extra_B=128
mem_stacks_B=20232
heap_tree=empty
#-----------
snapshot=32
#-----------
time=579208
mem_heap_B=1216
mem_heap_extra_B=128
mem_stacks_B=22752
heap_tree=detailed
n4: 1216 (heap allocation functions) malloc/new/new[], --alloc-fns, etc.
 n1: 544 0x40145AB: calloc (rtld-malloc.h:44)
  n1: 544 0x40145AB: allocate_dtv (dl-tls.c:370)
   n1: 544 0x40145AB: _dl_allocate_tls (dl-tls.c:629)
    n1: 544 0x4900616: allocate_stack (allocatestack.c:429)
     n1: 544 0x4900616: pthread_create@@GLIBC_2.34 (pthread_create.c:655)
      n1: 544 0x48528D8: parallel_for (in /home/billyfu/YatPC/lab6/libparallel_for.so)
       n1: 544 0x1098BA: heated_plate_pthreads (in /home/billyfu/YatPC/lab6/heated_plate_valgrind)
        n0: 544 0x109D55: main (in /home/billyfu/YatPC/lab6/heated_plate_valgrind)
 n1: 288 0x109820: heated_plate_pthreads (in /home/billyfu/YatPC/lab6/heated_plate_valgrind)
  n0: 288 0x109D55: main (in /home/billyfu/YatPC/lab6/heated_plate_valgrind)
 n1: 288 0x109850: heated_plate_pthreads (in /home/billyfu/YatPC/lab6/heated_plate_valgrind)
  n0: 288 0x109D55: main (in /home/billyfu/YatPC/lab6/heated_plate_valgrind)
 n0: 96 in 2 places, all below massif's threshold (1.00%)
#-----------
snapshot=33
#-----------
time=595282
mem_heap_B=1216
mem_heap_extra_B=128
mem_stacks_B=21352
heap_tree=empty
#-----------
snapshot=34
#-----------
time=614909
mem_heap_B=1216
mem_heap_extra_B=128
mem_stacks_B=22312
heap_tree=empty
#-----------
snapshot=35
#-----------
time=637251
mem_heap_B=1216
mem_heap_extra_B=128
mem_stacks_B=23360
heap_tree=empty
#-----------
snapshot=36
#-----------
time=652439
mem_heap_B=1216
mem_heap_extra_B=128
mem_stacks_B=24072
heap_tree=empty
#-----------
snapshot=37
#-----------
time=664828
mem_heap_B=1216
mem_heap_extra_B=128
mem_stacks_B=26520
heap_tree=detailed
n4: 1216 (heap allocation functions) malloc/new/new[], --alloc-fns, etc.
 n1: 544 0x40145AB: calloc (rtld-malloc.h:44)
  n1: 544 0x40145AB: allocate_dtv (dl-tls.c:370)
   n1: 544 0x40145AB: _dl_allocate_tls (dl-tls.c:629)
    n1: 544 0x4900616: allocate_stack (allocatestack.c:429)
     n1: 544 0x4900616: pthread_create@@GLIBC_2.34 (pthread_create.c:655)
      n1: 544 0x48528D8: parallel_for (in /home/billyfu/YatPC/lab6/libparallel_for.so)
       n1: 544 0x1098BA: heated_plate_pthreads (in /home/billyfu/YatPC/lab6/heated_plate_valgrind)
        n0: 544 0x109D55: main (in /home/billyfu/YatPC/lab6/heated_plate_valgrind)
 n1: 288 0x109820: heated_plate_pthreads (in /home/billyfu/YatPC/lab6/heated_plate_valgrind)
  n0: 288 0x109D55: main (in /home/billyfu/YatPC/lab6/heated_plate_valgrind)
 n1: 288 0x109850: heated_plate_pthreads (in /home/billyfu/YatPC/lab6/heated_plate_valgrind)
  n0: 288 0x109D55: main (in /home/billyfu/YatPC/lab6/heated_plate_valgrind)
 n0: 96 in 2 places, all below massif's threshold (1.00%)
#-----------
snapshot=38
#-----------
time=684746
mem_heap_B=1216
mem_heap_extra_B=128
mem_stacks_B=27480
heap_tree=detailed
n4: 1216 (heap allocation functions) malloc/new/new[], --alloc-fns, etc.
 n1: 544 0x40145AB: calloc (rtld-malloc.h:44)
  n1: 544 0x40145AB: allocate_dtv (dl-tls.c:370)
   n1: 544 0x40145AB: _dl_allocate_tls (dl-tls.c:629)
    n1: 544 0x4900616: allocate_stack (allocatestack.c:429)
     n1: 544 0x4900616: pthread_create@@GLIBC_2.34 (pthread_create.c:655)
      n1: 544 0x48528D8: parallel_for (in /home/billyfu/YatPC/lab6/libparallel_for.so)
       n1: 544 0x1098BA: heated_plate_pthreads (in /home/billyfu/YatPC/lab6/heated_plate_valgrind)
        n0: 544 0x109D55: main (in /home/billyfu/YatPC/lab6/heated_plate_valgrind)
 n1: 288 0x109820: heated_plate_pthreads (in /home/billyfu/YatPC/lab6/heated_plate_valgrind)
  n0: 288 0x109D55: main (in /home/billyfu/YatPC/lab6/heated_plate_valgrind)
 n1: 288 0x109850: heated_plate_pthreads (in /home/billyfu/YatPC/lab6/heated_plate_valgrind)
  n0: 288 0x109D55: main (in /home/billyfu/YatPC/lab6/heated_plate_valgrind)
 n0: 96 in 2 places, all below massif's threshold (1.00%)
#-----------
snapshot=39
#-----------
time=697945
mem_heap_B=1216
mem_heap_extra_B=128
mem_stacks_B=28120
heap_tree=detailed
n2: 1216 (heap allocation functions) malloc/new/new[], --alloc-fns, etc.
 n0: 672 in 4 places, all below massif's threshold (1.00%)
 n1: 544 0x40145AB: calloc (rtld-malloc.h:44)
  n1: 544 0x40145AB: allocate_dtv (dl-tls.c:370)
   n1: 544 0x40145AB: _dl_allocate_tls (dl-tls.c:629)
    n1: 544 0x4900616: allocate_stack (allocatestack.c:429)
     n1: 544 0x4900616: pthread_create@@GLIBC_2.34 (pthread_create.c:655)
      n1: 544 0x48528D8: parallel_for (in /home/billyfu/YatPC/lab6/libparallel_for.so)
       n1: 544 0x1098BA: heated_plate_pthreads (in /home/billyfu/YatPC/lab6/heated_plate_valgrind)
        n0: 544 0x109D55: main (in /home/billyfu/YatPC/lab6/heated_plate_valgrind)
#-----------
snapshot=40
#-----------
time=713917
mem_heap_B=1216
mem_heap_extra_B=128
mem_stacks_B=27112
heap_tree=empty
#-----------
snapshot=41
#-----------
time=728495
mem_heap_B=1216
mem_heap_extra_B=128
mem_stacks_B=27944
heap_tree=empty
#-----------
snapshot=42
#-----------
time=750684
mem_heap_B=1216
mem_heap_extra_B=128
mem_stacks_B=29272
heap_tree=empty
#-----------
snapshot=43
#-----------
time=762861
mem_heap_B=1216
mem_heap_extra_B=128
mem_stacks_B=31712
heap_tree=detailed
n2: 1216 (heap allocation functions) malloc/new/new[], --alloc-fns, etc.
 n0: 672 in 4 places, all below massif's threshold (1.00%)
 n1: 544 0x40145AB: calloc (rtld-malloc.h:44)
  n1: 544 0x40145AB: allocate_dtv (dl-tls.c:370)
   n1: 544 0x40145AB: _dl_allocate_tls (dl-tls.c:629)
    n1: 544 0x4900616: allocate_stack (allocatestack.c:429)
     n1: 544 0x4900616: pthread_create@@GLIBC_2.34 (pthread_create.c:655)
      n1: 544 0x48528D8: parallel_for (in /home/billyfu/YatPC/lab6/libparallel_for.so)
       n1: 544 0x1098BA: heated_plate_pthreads (in /home/billyfu/YatPC/lab6/heated_plate_valgrind)
        n0: 544 0x109D55: main (in /home/billyfu/YatPC/lab6/heated_plate_valgrind)
#-----------
snapshot=44
#-----------
time=782488
mem_heap_B=1216
mem_heap_extra_B=128
mem_stacks_B=32672
heap_tree=detailed
n2: 1216 (heap allocation functions) malloc/new/new[], --alloc-fns, etc.
 n0: 672 in 4 places, all below massif's threshold (1.00%)
 n1: 544 0x40145AB: calloc (rtld-malloc.h:44)
  n1: 544 0x40145AB: allocate_dtv (dl-tls.c:370)
   n1: 544 0x40145AB: _dl_allocate_tls (dl-tls.c:629)
    n1: 544 0x4900616: allocate_stack (allocatestack.c:429)
     n1: 544 0x4900616: pthread_create@@GLIBC_2.34 (pthread_create.c:655)
      n1: 544 0x48528D8: parallel_for (in /home/billyfu/YatPC/lab6/libparallel_for.so)
       n1: 544 0x1098BA: heated_plate_pthreads (in /home/billyfu/YatPC/lab6/heated_plate_valgrind)
        n0: 544 0x109D55: main (in /home/billyfu/YatPC/lab6/heated_plate_valgrind)
#-----------
snapshot=45
#-----------
time=804392
mem_heap_B=1216
mem_heap_extra_B=128
mem_stacks_B=33400
heap_tree=empty
#-----------
snapshot=46
#-----------
time=817628
mem_heap_B=1216
mem_heap_extra_B=128
mem_stacks_B=32712
heap_tree=empty
#-----------
snapshot=47
#-----------
time=832913
mem_heap_B=1216
mem_heap_extra_B=128
mem_stacks_B=32960
heap_tree=detailed
n2: 1216 (heap allocation functions) malloc/new/new[], --alloc-fns, etc.
 n0: 672 in 4 places, all below massif's threshold (1.00%)
 n1: 544 0x40145AB: calloc (rtld-malloc.h:44)
  n1: 544 0x40145AB: allocate_dtv (dl-tls.c:370)
   n1: 544 0x40145AB: _dl_allocate_tls (dl-tls.c:629)
    n1: 544 0x4900616: allocate_stack (allocatestack.c:429)
     n1: 544 0x4900616: pthread_create@@GLIBC_2.34 (pthread_create.c:655)
      n1: 544 0x48528D8: parallel_for (in /home/billyfu/YatPC/lab6/libparallel_for.so)
       n1: 544 0x1098BA: heated_plate_pthreads (in /home/billyfu/YatPC/lab6/heated_plate_valgrind)
        n0: 544 0x109D55: main (in /home/billyfu/YatPC/lab6/heated_plate_valgrind)
#-----------
snapshot=48
#-----------
time=848266
mem_heap_B=5312
mem_heap_extra_B=136
mem_stacks_B=33808
heap_tree=peak
n3: 5312 (heap allocation functions) malloc/new/new[], --alloc-fns, etc.
 n1: 4096 0x48E81B4: _IO_file_doallocate (filedoalloc.c:101)
  n1: 4096 0x48F8523: _IO_doallocbuf (genops.c:347)
   n1: 4096 0x48F5F8F: _IO_file_overflow@@GLIBC_2.2.5 (fileops.c:745)
    n1: 4096 0x48F6AAE: _IO_new_file_xsputn (fileops.c:1244)
     n1: 4096 0x48F6AAE: _IO_file_xsputn@@GLIBC_2.2.5 (fileops.c:1197)
      n1: 4096 0x48C3CC8: __printf_buffer_flush_to_file (printf_buffer_to_file.c:59)
       n1: 4096 0x48C3CC8: __printf_buffer_to_file_done (printf_buffer_to_file.c:120)
        n1: 4096 0x48CE5A9: __vfprintf_internal (vfprintf-internal.c:1560)
         n1: 4096 0x48C31B2: printf (printf.c:33)
          n1: 4096 0x109C61: print_result (in /home/billyfu/YatPC/lab6/heated_plate_valgrind)
           n0: 4096 0x109D7B: main (in /home/billyfu/YatPC/lab6/heated_plate_valgrind)
 n0: 672 in 4 places, all below massif's threshold (1.00%)
 n1: 544 0x40145AB: calloc (rtld-malloc.h:44)
  n1: 544 0x40145AB: allocate_dtv (dl-tls.c:370)
   n1: 544 0x40145AB: _dl_allocate_tls (dl-tls.c:629)
    n1: 544 0x4900616: allocate_stack (allocatestack.c:429)
     n1: 544 0x4900616: pthread_create@@GLIBC_2.34 (pthread_create.c:655)
      n1: 544 0x48528D8: parallel_for (in /home/billyfu/YatPC/lab6/libparallel_for.so)
       n1: 544 0x1098BA: heated_plate_pthreads (in /home/billyfu/YatPC/lab6/heated_plate_valgrind)
        n0: 544 0x109D55: main (in /home/billyfu/YatPC/lab6/heated_plate_valgrind)
#-----------
snapshot=49
#-----------
time=849428
mem_heap_B=4640
mem_heap_extra_B=24
mem_stacks_B=33072
heap_tree=empty
#-----------
snapshot=50
#-----------
time=850529
mem_heap_B=4640
mem_heap_extra_B=24
mem_stacks_B=32888
heap_tree=empty
#-----------
snapshot=51
#-----------
time=851655
mem_heap_B=4640
mem_heap_extra_B=24
mem_stacks_B=33080
heap_tree=empty
#-----------
snapshot=52
#-----------
time=852752
mem_heap_B=544
mem_heap_extra_B=16
mem_stacks_B=32848
heap_tree=empty
#-----------
snapshot=53
#-----------
time=853849
mem_heap_B=544
mem_heap_extra_B=16
mem_stacks_B=32936
heap_tree=empty
#-----------
snapshot=54
#-----------
time=854950
mem_heap_B=0
mem_heap_extra_B=0
mem_stacks_B=32832
heap_tree=empty
