desc: --massif-out-file=valgrind_logs/massif_M64_N64_T2_S1.out --stacks=yes
cmd: ./heated_plate_valgrind 64 64 2 1
time_unit: i
#-----------
snapshot=0
#-----------
time=0
mem_heap_B=0
mem_heap_extra_B=0
mem_stacks_B=0
heap_tree=empty
#-----------
snapshot=1
#-----------
time=40177538
mem_heap_B=67104
mem_heap_extra_B=1056
mem_stacks_B=70544
heap_tree=empty
#-----------
snapshot=2
#-----------
time=61017470
mem_heap_B=67104
mem_heap_extra_B=1056
mem_stacks_B=105424
heap_tree=empty
#-----------
snapshot=3
#-----------
time=96355213
mem_heap_B=67104
mem_heap_extra_B=1056
mem_stacks_B=166912
heap_tree=detailed
n3: 67104 (heap allocation functions) malloc/new/new[], --alloc-fns, etc.
 n1: 32768 0x109820: heated_plate_pthreads (in /home/billyfu/YatPC/lab6/heated_plate_valgrind)
  n0: 32768 0x109D55: main (in /home/billyfu/YatPC/lab6/heated_plate_valgrind)
 n1: 32768 0x109850: heated_plate_pthreads (in /home/billyfu/YatPC/lab6/heated_plate_valgrind)
  n0: 32768 0x109D55: main (in /home/billyfu/YatPC/lab6/heated_plate_valgrind)
 n0: 1568 in 3 places, all below massif's threshold (1.00%)
#-----------
snapshot=4
#-----------
time=142561094
mem_heap_B=67104
mem_heap_extra_B=1056
mem_stacks_B=243024
heap_tree=empty
#-----------
snapshot=5
#-----------
time=190035516
mem_heap_B=67104
mem_heap_extra_B=1056
mem_stacks_B=324832
heap_tree=detailed
n3: 67104 (heap allocation functions) malloc/new/new[], --alloc-fns, etc.
 n1: 32768 0x109820: heated_plate_pthreads (in /home/billyfu/YatPC/lab6/heated_plate_valgrind)
  n0: 32768 0x109D55: main (in /home/billyfu/YatPC/lab6/heated_plate_valgrind)
 n1: 32768 0x109850: heated_plate_pthreads (in /home/billyfu/YatPC/lab6/heated_plate_valgrind)
  n0: 32768 0x109D55: main (in /home/billyfu/YatPC/lab6/heated_plate_valgrind)
 n0: 1568 in 3 places, all below massif's threshold (1.00%)
#-----------
snapshot=6
#-----------
time=242967051
mem_heap_B=67104
mem_heap_extra_B=1056
mem_stacks_B=411144
heap_tree=empty
#-----------
snapshot=7
#-----------
time=270655201
mem_heap_B=67104
mem_heap_extra_B=1056
mem_stacks_B=460008
heap_tree=detailed
n3: 67104 (heap allocation functions) malloc/new/new[], --alloc-fns, etc.
 n1: 32768 0x109820: heated_plate_pthreads (in /home/billyfu/YatPC/lab6/heated_plate_valgrind)
  n0: 32768 0x109D55: main (in /home/billyfu/YatPC/lab6/heated_plate_valgrind)
 n1: 32768 0x109850: heated_plate_pthreads (in /home/billyfu/YatPC/lab6/heated_plate_valgrind)
  n0: 32768 0x109D55: main (in /home/billyfu/YatPC/lab6/heated_plate_valgrind)
 n0: 1568 in 3 places, all below massif's threshold (1.00%)
#-----------
snapshot=8
#-----------
time=306770735
mem_heap_B=67104
mem_heap_extra_B=1056
mem_stacks_B=519184
heap_tree=empty
#-----------
snapshot=9
#-----------
time=329350545
mem_heap_B=67104
mem_heap_extra_B=1056
mem_stacks_B=559072
heap_tree=detailed
n3: 67104 (heap allocation functions) malloc/new/new[], --alloc-fns, etc.
 n1: 32768 0x109820: heated_plate_pthreads (in /home/billyfu/YatPC/lab6/heated_plate_valgrind)
  n0: 32768 0x109D55: main (in /home/billyfu/YatPC/lab6/heated_plate_valgrind)
 n1: 32768 0x109850: heated_plate_pthreads (in /home/billyfu/YatPC/lab6/heated_plate_valgrind)
  n0: 32768 0x109D55: main (in /home/billyfu/YatPC/lab6/heated_plate_valgrind)
 n0: 1568 in 3 places, all below massif's threshold (1.00%)
#-----------
snapshot=10
#-----------
time=360884893
mem_heap_B=67104
mem_heap_extra_B=1056
mem_stacks_B=612240
heap_tree=detailed
n3: 67104 (heap allocation functions) malloc/new/new[], --alloc-fns, etc.
 n1: 32768 0x109820: heated_plate_pthreads (in /home/billyfu/YatPC/lab6/heated_plate_valgrind)
  n0: 32768 0x109D55: main (in /home/billyfu/YatPC/lab6/heated_plate_valgrind)
 n1: 32768 0x109850: heated_plate_pthreads (in /home/billyfu/YatPC/lab6/heated_plate_valgrind)
  n0: 32768 0x109D55: main (in /home/billyfu/YatPC/lab6/heated_plate_valgrind)
 n0: 1568 in 3 places, all below massif's threshold (1.00%)
#-----------
snapshot=11
#-----------
time=386304794
mem_heap_B=67104
mem_heap_extra_B=1056
mem_stacks_B=654752
heap_tree=detailed
n3: 67104 (heap allocation functions) malloc/new/new[], --alloc-fns, etc.
 n1: 32768 0x109820: heated_plate_pthreads (in /home/billyfu/YatPC/lab6/heated_plate_valgrind)
  n0: 32768 0x109D55: main (in /home/billyfu/YatPC/lab6/heated_plate_valgrind)
 n1: 32768 0x109850: heated_plate_pthreads (in /home/billyfu/YatPC/lab6/heated_plate_valgrind)
  n0: 32768 0x109D55: main (in /home/billyfu/YatPC/lab6/heated_plate_valgrind)
 n0: 1568 in 3 places, all below massif's threshold (1.00%)
#-----------
snapshot=12
#-----------
time=422563704
mem_heap_B=67104
mem_heap_extra_B=1056
mem_stacks_B=715872
heap_tree=detailed
n3: 67104 (heap allocation functions) malloc/new/new[], --alloc-fns, etc.
 n1: 32768 0x109820: heated_plate_pthreads (in /home/billyfu/YatPC/lab6/heated_plate_valgrind)
  n0: 32768 0x109D55: main (in /home/billyfu/YatPC/lab6/heated_plate_valgrind)
 n1: 32768 0x109850: heated_plate_pthreads (in /home/billyfu/YatPC/lab6/heated_plate_valgrind)
  n0: 32768 0x109D55: main (in /home/billyfu/YatPC/lab6/heated_plate_valgrind)
 n0: 1568 in 3 places, all below massif's threshold (1.00%)
#-----------
snapshot=13
#-----------
time=452136603
mem_heap_B=67104
mem_heap_extra_B=1056
mem_stacks_B=765128
heap_tree=detailed
n3: 67104 (heap allocation functions) malloc/new/new[], --alloc-fns, etc.
 n1: 32768 0x109820: heated_plate_pthreads (in /home/billyfu/YatPC/lab6/heated_plate_valgrind)
  n0: 32768 0x109D55: main (in /home/billyfu/YatPC/lab6/heated_plate_valgrind)
 n1: 32768 0x109850: heated_plate_pthreads (in /home/billyfu/YatPC/lab6/heated_plate_valgrind)
  n0: 32768 0x109D55: main (in /home/billyfu/YatPC/lab6/heated_plate_valgrind)
 n0: 1568 in 3 places, all below massif's threshold (1.00%)
#-----------
snapshot=14
#-----------
time=482818378
mem_heap_B=67104
mem_heap_extra_B=1056
mem_stacks_B=816880
heap_tree=detailed
n3: 67104 (heap allocation functions) malloc/new/new[], --alloc-fns, etc.
 n1: 32768 0x109820: heated_plate_pthreads (in /home/billyfu/YatPC/lab6/heated_plate_valgrind)
  n0: 32768 0x109D55: main (in /home/billyfu/YatPC/lab6/heated_plate_valgrind)
 n1: 32768 0x109850: heated_plate_pthreads (in /home/billyfu/YatPC/lab6/heated_plate_valgrind)
  n0: 32768 0x109D55: main (in /home/billyfu/YatPC/lab6/heated_plate_valgrind)
 n0: 1568 in 3 places, all below massif's threshold (1.00%)
#-----------
snapshot=15
#-----------
time=521239354
mem_heap_B=67104
mem_heap_extra_B=1056
mem_stacks_B=881632
heap_tree=detailed
n3: 67104 (heap allocation functions) malloc/new/new[], --alloc-fns, etc.
 n1: 32768 0x109820: heated_plate_pthreads (in /home/billyfu/YatPC/lab6/heated_plate_valgrind)
  n0: 32768 0x109D55: main (in /home/billyfu/YatPC/lab6/heated_plate_valgrind)
 n1: 32768 0x109850: heated_plate_pthreads (in /home/billyfu/YatPC/lab6/heated_plate_valgrind)
  n0: 32768 0x109D55: main (in /home/billyfu/YatPC/lab6/heated_plate_valgrind)
 n0: 1568 in 3 places, all below massif's threshold (1.00%)
#-----------
snapshot=16
#-----------
time=556493482
mem_heap_B=67104
mem_heap_extra_B=1056
mem_stacks_B=940832
heap_tree=detailed
n3: 67104 (heap allocation functions) malloc/new/new[], --alloc-fns, etc.
 n1: 32768 0x109820: heated_plate_pthreads (in /home/billyfu/YatPC/lab6/heated_plate_valgrind)
  n0: 32768 0x109D55: main (in /home/billyfu/YatPC/lab6/heated_plate_valgrind)
 n1: 32768 0x109850: heated_plate_pthreads (in /home/billyfu/YatPC/lab6/heated_plate_valgrind)
  n0: 32768 0x109D55: main (in /home/billyfu/YatPC/lab6/heated_plate_valgrind)
 n0: 1568 in 3 places, all below massif's threshold (1.00%)
#-----------
snapshot=17
#-----------
time=586657179
mem_heap_B=67104
mem_heap_extra_B=1056
mem_stacks_B=989584
heap_tree=empty
#-----------
snapshot=18
#-----------
time=613601946
mem_heap_B=67104
mem_heap_extra_B=1056
mem_stacks_B=1036832
heap_tree=detailed
n3: 67104 (heap allocation functions) malloc/new/new[], --alloc-fns, etc.
 n1: 32768 0x109820: heated_plate_pthreads (in /home/billyfu/YatPC/lab6/heated_plate_valgrind)
  n0: 32768 0x109D55: main (in /home/billyfu/YatPC/lab6/heated_plate_valgrind)
 n1: 32768 0x109850: heated_plate_pthreads (in /home/billyfu/YatPC/lab6/heated_plate_valgrind)
  n0: 32768 0x109D55: main (in /home/billyfu/YatPC/lab6/heated_plate_valgrind)
 n0: 1568 in 3 places, all below massif's threshold (1.00%)
#-----------
snapshot=19
#-----------
time=654302150
mem_heap_B=67104
mem_heap_extra_B=1056
mem_stacks_B=1105312
heap_tree=detailed
n3: 67104 (heap allocation functions) malloc/new/new[], --alloc-fns, etc.
 n1: 32768 0x109820: heated_plate_pthreads (in /home/billyfu/YatPC/lab6/heated_plate_valgrind)
  n0: 32768 0x109D55: main (in /home/billyfu/YatPC/lab6/heated_plate_valgrind)
 n1: 32768 0x109850: heated_plate_pthreads (in /home/billyfu/YatPC/lab6/heated_plate_valgrind)
  n0: 32768 0x109D55: main (in /home/billyfu/YatPC/lab6/heated_plate_valgrind)
 n0: 1568 in 3 places, all below massif's threshold (1.00%)
#-----------
snapshot=20
#-----------
time=697708337
mem_heap_B=67104
mem_heap_extra_B=1056
mem_stacks_B=1178272
heap_tree=detailed
n3: 67104 (heap allocation functions) malloc/new/new[], --alloc-fns, etc.
 n1: 32768 0x109820: heated_plate_pthreads (in /home/billyfu/YatPC/lab6/heated_plate_valgrind)
  n0: 32768 0x109D55: main (in /home/billyfu/YatPC/lab6/heated_plate_valgrind)
 n1: 32768 0x109850: heated_plate_pthreads (in /home/billyfu/YatPC/lab6/heated_plate_valgrind)
  n0: 32768 0x109D55: main (in /home/billyfu/YatPC/lab6/heated_plate_valgrind)
 n0: 1568 in 3 places, all below massif's threshold (1.00%)
#-----------
snapshot=21
#-----------
time=726681458
mem_heap_B=67104
mem_heap_extra_B=1056
mem_stacks_B=1224744
heap_tree=empty
#-----------
snapshot=22
#-----------
time=751518018
mem_heap_B=67104
mem_heap_extra_B=1056
mem_stacks_B=1268832
heap_tree=detailed
n3: 67104 (heap allocation functions) malloc/new/new[], --alloc-fns, etc.
 n1: 32768 0x109820: heated_plate_pthreads (in /home/billyfu/YatPC/lab6/heated_plate_valgrind)
  n0: 32768 0x109D55: main (in /home/billyfu/YatPC/lab6/heated_plate_valgrind)
 n1: 32768 0x109850: heated_plate_pthreads (in /home/billyfu/YatPC/lab6/heated_plate_valgrind)
  n0: 32768 0x109D55: main (in /home/billyfu/YatPC/lab6/heated_plate_valgrind)
 n0: 1568 in 3 places, all below massif's threshold (1.00%)
#-----------
snapshot=23
#-----------
time=784070614
mem_heap_B=67104
mem_heap_extra_B=1056
mem_stacks_B=1323552
heap_tree=detailed
n3: 67104 (heap allocation functions) malloc/new/new[], --alloc-fns, etc.
 n1: 32768 0x109820: heated_plate_pthreads (in /home/billyfu/YatPC/lab6/heated_plate_valgrind)
  n0: 32768 0x109D55: main (in /home/billyfu/YatPC/lab6/heated_plate_valgrind)
 n1: 32768 0x109850: heated_plate_pthreads (in /home/billyfu/YatPC/lab6/heated_plate_valgrind)
  n0: 32768 0x109D55: main (in /home/billyfu/YatPC/lab6/heated_plate_valgrind)
 n0: 1568 in 3 places, all below massif's threshold (1.00%)
#-----------
snapshot=24
#-----------
time=818212221
mem_heap_B=67104
mem_heap_extra_B=1056
mem_stacks_B=1380832
heap_tree=detailed
n3: 67104 (heap allocation functions) malloc/new/new[], --alloc-fns, etc.
 n1: 32768 0x109820: heated_plate_pthreads (in /home/billyfu/YatPC/lab6/heated_plate_valgrind)
  n0: 32768 0x109D55: main (in /home/billyfu/YatPC/lab6/heated_plate_valgrind)
 n1: 32768 0x109850: heated_plate_pthreads (in /home/billyfu/YatPC/lab6/heated_plate_valgrind)
  n0: 32768 0x109D55: main (in /home/billyfu/YatPC/lab6/heated_plate_valgrind)
 n0: 1568 in 3 places, all below massif's threshold (1.00%)
#-----------
snapshot=25
#-----------
time=862601518
mem_heap_B=67104
mem_heap_extra_B=1056
mem_stacks_B=1455392
heap_tree=detailed
n3: 67104 (heap allocation functions) malloc/new/new[], --alloc-fns, etc.
 n1: 32768 0x109820: heated_plate_pthreads (in /home/billyfu/YatPC/lab6/heated_plate_valgrind)
  n0: 32768 0x109D55: main (in /home/billyfu/YatPC/lab6/heated_plate_valgrind)
 n1: 32768 0x109850: heated_plate_pthreads (in /home/billyfu/YatPC/lab6/heated_plate_valgrind)
  n0: 32768 0x109D55: main (in /home/billyfu/YatPC/lab6/heated_plate_valgrind)
 n0: 1568 in 3 places, all below massif's threshold (1.00%)
#-----------
snapshot=26
#-----------
time=899429650
mem_heap_B=67104
mem_heap_extra_B=1056
mem_stacks_B=1517520
heap_tree=detailed
n3: 67104 (heap allocation functions) malloc/new/new[], --alloc-fns, etc.
 n1: 32768 0x109820: heated_plate_pthreads (in /home/billyfu/YatPC/lab6/heated_plate_valgrind)
  n0: 32768 0x109D55: main (in /home/billyfu/YatPC/lab6/heated_plate_valgrind)
 n1: 32768 0x109850: heated_plate_pthreads (in /home/billyfu/YatPC/lab6/heated_plate_valgrind)
  n0: 32768 0x109D55: main (in /home/billyfu/YatPC/lab6/heated_plate_valgrind)
 n0: 1568 in 3 places, all below massif's threshold (1.00%)
#-----------
snapshot=27
#-----------
time=928429018
mem_heap_B=67104
mem_heap_extra_B=1056
mem_stacks_B=1566112
heap_tree=detailed
n3: 67104 (heap allocation functions) malloc/new/new[], --alloc-fns, etc.
 n1: 32768 0x109820: heated_plate_pthreads (in /home/billyfu/YatPC/lab6/heated_plate_valgrind)
  n0: 32768 0x109D55: main (in /home/billyfu/YatPC/lab6/heated_plate_valgrind)
 n1: 32768 0x109850: heated_plate_pthreads (in /home/billyfu/YatPC/lab6/heated_plate_valgrind)
  n0: 32768 0x109D55: main (in /home/billyfu/YatPC/lab6/heated_plate_valgrind)
 n0: 1568 in 3 places, all below massif's threshold (1.00%)
#-----------
snapshot=28
#-----------
time=957974766
mem_heap_B=67104
mem_heap_extra_B=1056
mem_stacks_B=1615760
heap_tree=detailed
n3: 67104 (heap allocation functions) malloc/new/new[], --alloc-fns, etc.
 n1: 32768 0x109820: heated_plate_pthreads (in /home/billyfu/YatPC/lab6/heated_plate_valgrind)
  n0: 32768 0x109D55: main (in /home/billyfu/YatPC/lab6/heated_plate_valgrind)
 n1: 32768 0x109850: heated_plate_pthreads (in /home/billyfu/YatPC/lab6/heated_plate_valgrind)
  n0: 32768 0x109D55: main (in /home/billyfu/YatPC/lab6/heated_plate_valgrind)
 n0: 1568 in 3 places, all below massif's threshold (1.00%)
#-----------
snapshot=29
#-----------
time=999088479
mem_heap_B=67104
mem_heap_extra_B=1056
mem_stacks_B=1684672
heap_tree=detailed
n3: 67104 (heap allocation functions) malloc/new/new[], --alloc-fns, etc.
 n1: 32768 0x109820: heated_plate_pthreads (in /home/billyfu/YatPC/lab6/heated_plate_valgrind)
  n0: 32768 0x109D55: main (in /home/billyfu/YatPC/lab6/heated_plate_valgrind)
 n1: 32768 0x109850: heated_plate_pthreads (in /home/billyfu/YatPC/lab6/heated_plate_valgrind)
  n0: 32768 0x109D55: main (in /home/billyfu/YatPC/lab6/heated_plate_valgrind)
 n0: 1568 in 3 places, all below massif's threshold (1.00%)
#-----------
snapshot=30
#-----------
time=1041632474
mem_heap_B=67104
mem_heap_extra_B=1056
mem_stacks_B=1756512
heap_tree=detailed
n3: 67104 (heap allocation functions) malloc/new/new[], --alloc-fns, etc.
 n1: 32768 0x109820: heated_plate_pthreads (in /home/billyfu/YatPC/lab6/heated_plate_valgrind)
  n0: 32768 0x109D55: main (in /home/billyfu/YatPC/lab6/heated_plate_valgrind)
 n1: 32768 0x109850: heated_plate_pthreads (in /home/billyfu/YatPC/lab6/heated_plate_valgrind)
  n0: 32768 0x109D55: main (in /home/billyfu/YatPC/lab6/heated_plate_valgrind)
 n0: 1568 in 3 places, all below massif's threshold (1.00%)
#-----------
snapshot=31
#-----------
time=1086050050
mem_heap_B=67104
mem_heap_extra_B=1056
mem_stacks_B=1831072
heap_tree=detailed
n3: 67104 (heap allocation functions) malloc/new/new[], --alloc-fns, etc.
 n1: 32768 0x109820: heated_plate_pthreads (in /home/billyfu/YatPC/lab6/heated_plate_valgrind)
  n0: 32768 0x109D55: main (in /home/billyfu/YatPC/lab6/heated_plate_valgrind)
 n1: 32768 0x109850: heated_plate_pthreads (in /home/billyfu/YatPC/lab6/heated_plate_valgrind)
  n0: 32768 0x109D55: main (in /home/billyfu/YatPC/lab6/heated_plate_valgrind)
 n0: 1568 in 3 places, all below massif's threshold (1.00%)
#-----------
snapshot=32
#-----------
time=1120733801
mem_heap_B=67104
mem_heap_extra_B=1056
mem_stacks_B=1888920
heap_tree=detailed
n3: 67104 (heap allocation functions) malloc/new/new[], --alloc-fns, etc.
 n1: 32768 0x109820: heated_plate_pthreads (in /home/billyfu/YatPC/lab6/heated_plate_valgrind)
  n0: 32768 0x109D55: main (in /home/billyfu/YatPC/lab6/heated_plate_valgrind)
 n1: 32768 0x109850: heated_plate_pthreads (in /home/billyfu/YatPC/lab6/heated_plate_valgrind)
  n0: 32768 0x109D55: main (in /home/billyfu/YatPC/lab6/heated_plate_valgrind)
 n0: 1568 in 3 places, all below massif's threshold (1.00%)
#-----------
snapshot=33
#-----------
time=1143856437
mem_heap_B=67104
mem_heap_extra_B=1056
mem_stacks_B=1928352
heap_tree=detailed
n3: 67104 (heap allocation functions) malloc/new/new[], --alloc-fns, etc.
 n1: 32768 0x109820: heated_plate_pthreads (in /home/billyfu/YatPC/lab6/heated_plate_valgrind)
  n0: 32768 0x109D55: main (in /home/billyfu/YatPC/lab6/heated_plate_valgrind)
 n1: 32768 0x109850: heated_plate_pthreads (in /home/billyfu/YatPC/lab6/heated_plate_valgrind)
  n0: 32768 0x109D55: main (in /home/billyfu/YatPC/lab6/heated_plate_valgrind)
 n0: 1568 in 3 places, all below massif's threshold (1.00%)
#-----------
snapshot=34
#-----------
time=1180281761
mem_heap_B=67104
mem_heap_extra_B=1056
mem_stacks_B=1989128
heap_tree=detailed
n3: 67104 (heap allocation functions) malloc/new/new[], --alloc-fns, etc.
 n1: 32768 0x109820: heated_plate_pthreads (in /home/billyfu/YatPC/lab6/heated_plate_valgrind)
  n0: 32768 0x109D55: main (in /home/billyfu/YatPC/lab6/heated_plate_valgrind)
 n1: 32768 0x109850: heated_plate_pthreads (in /home/billyfu/YatPC/lab6/heated_plate_valgrind)
  n0: 32768 0x109D55: main (in /home/billyfu/YatPC/lab6/heated_plate_valgrind)
 n0: 1568 in 3 places, all below massif's threshold (1.00%)
#-----------
snapshot=35
#-----------
time=1230092981
mem_heap_B=67104
mem_heap_extra_B=1056
mem_stacks_B=2073312
heap_tree=detailed
n3: 67104 (heap allocation functions) malloc/new/new[], --alloc-fns, etc.
 n1: 32768 0x109820: heated_plate_pthreads (in /home/billyfu/YatPC/lab6/heated_plate_valgrind)
  n0: 32768 0x109D55: main (in /home/billyfu/YatPC/lab6/heated_plate_valgrind)
 n1: 32768 0x109850: heated_plate_pthreads (in /home/billyfu/YatPC/lab6/heated_plate_valgrind)
  n0: 32768 0x109D55: main (in /home/billyfu/YatPC/lab6/heated_plate_valgrind)
 n0: 1568 in 3 places, all below massif's threshold (1.00%)
#-----------
snapshot=36
#-----------
time=1282065733
mem_heap_B=67104
mem_heap_extra_B=1056
mem_stacks_B=2160672
heap_tree=detailed
n3: 67104 (heap allocation functions) malloc/new/new[], --alloc-fns, etc.
 n1: 32768 0x109820: heated_plate_pthreads (in /home/billyfu/YatPC/lab6/heated_plate_valgrind)
  n0: 32768 0x109D55: main (in /home/billyfu/YatPC/lab6/heated_plate_valgrind)
 n1: 32768 0x109850: heated_plate_pthreads (in /home/billyfu/YatPC/lab6/heated_plate_valgrind)
  n0: 32768 0x109D55: main (in /home/billyfu/YatPC/lab6/heated_plate_valgrind)
 n0: 1568 in 3 places, all below massif's threshold (1.00%)
#-----------
snapshot=37
#-----------
time=1308908725
mem_heap_B=67104
mem_heap_extra_B=1056
mem_stacks_B=2205792
heap_tree=detailed
n3: 67104 (heap allocation functions) malloc/new/new[], --alloc-fns, etc.
 n1: 32768 0x109820: heated_plate_pthreads (in /home/billyfu/YatPC/lab6/heated_plate_valgrind)
  n0: 32768 0x109D55: main (in /home/billyfu/YatPC/lab6/heated_plate_valgrind)
 n1: 32768 0x109850: heated_plate_pthreads (in /home/billyfu/YatPC/lab6/heated_plate_valgrind)
  n0: 32768 0x109D55: main (in /home/billyfu/YatPC/lab6/heated_plate_valgrind)
 n0: 1568 in 3 places, all below massif's threshold (1.00%)
#-----------
snapshot=38
#-----------
time=1336194346
mem_heap_B=67104
mem_heap_extra_B=1056
mem_stacks_B=2251552
heap_tree=detailed
n3: 67104 (heap allocation functions) malloc/new/new[], --alloc-fns, etc.
 n1: 32768 0x109820: heated_plate_pthreads (in /home/billyfu/YatPC/lab6/heated_plate_valgrind)
  n0: 32768 0x109D55: main (in /home/billyfu/YatPC/lab6/heated_plate_valgrind)
 n1: 32768 0x109850: heated_plate_pthreads (in /home/billyfu/YatPC/lab6/heated_plate_valgrind)
  n0: 32768 0x109D55: main (in /home/billyfu/YatPC/lab6/heated_plate_valgrind)
 n0: 1568 in 3 places, all below massif's threshold (1.00%)
#-----------
snapshot=39
#-----------
time=1364178438
mem_heap_B=67104
mem_heap_extra_B=1056
mem_stacks_B=2298592
heap_tree=detailed
n3: 67104 (heap allocation functions) malloc/new/new[], --alloc-fns, etc.
 n1: 32768 0x109820: heated_plate_pthreads (in /home/billyfu/YatPC/lab6/heated_plate_valgrind)
  n0: 32768 0x109D55: main (in /home/billyfu/YatPC/lab6/heated_plate_valgrind)
 n1: 32768 0x109850: heated_plate_pthreads (in /home/billyfu/YatPC/lab6/heated_plate_valgrind)
  n0: 32768 0x109D55: main (in /home/billyfu/YatPC/lab6/heated_plate_valgrind)
 n0: 1568 in 3 places, all below massif's threshold (1.00%)
#-----------
snapshot=40
#-----------
time=1392859689
mem_heap_B=67104
mem_heap_extra_B=1056
mem_stacks_B=2346912
heap_tree=detailed
n3: 67104 (heap allocation functions) malloc/new/new[], --alloc-fns, etc.
 n1: 32768 0x109820: heated_plate_pthreads (in /home/billyfu/YatPC/lab6/heated_plate_valgrind)
  n0: 32768 0x109D55: main (in /home/billyfu/YatPC/lab6/heated_plate_valgrind)
 n1: 32768 0x109850: heated_plate_pthreads (in /home/billyfu/YatPC/lab6/heated_plate_valgrind)
  n0: 32768 0x109D55: main (in /home/billyfu/YatPC/lab6/heated_plate_valgrind)
 n0: 1568 in 3 places, all below massif's threshold (1.00%)
#-----------
snapshot=41
#-----------
time=1421986760
mem_heap_B=67104
mem_heap_extra_B=1056
mem_stacks_B=2395872
heap_tree=detailed
n3: 67104 (heap allocation functions) malloc/new/new[], --alloc-fns, etc.
 n1: 32768 0x109820: heated_plate_pthreads (in /home/billyfu/YatPC/lab6/heated_plate_valgrind)
  n0: 32768 0x109D55: main (in /home/billyfu/YatPC/lab6/heated_plate_valgrind)
 n1: 32768 0x109850: heated_plate_pthreads (in /home/billyfu/YatPC/lab6/heated_plate_valgrind)
  n0: 32768 0x109D55: main (in /home/billyfu/YatPC/lab6/heated_plate_valgrind)
 n0: 1568 in 3 places, all below massif's threshold (1.00%)
#-----------
snapshot=42
#-----------
time=1451558636
mem_heap_B=67104
mem_heap_extra_B=1056
mem_stacks_B=2445472
heap_tree=detailed
n3: 67104 (heap allocation functions) malloc/new/new[], --alloc-fns, etc.
 n1: 32768 0x109820: heated_plate_pthreads (in /home/billyfu/YatPC/lab6/heated_plate_valgrind)
  n0: 32768 0x109D55: main (in /home/billyfu/YatPC/lab6/heated_plate_valgrind)
 n1: 32768 0x109850: heated_plate_pthreads (in /home/billyfu/YatPC/lab6/heated_plate_valgrind)
  n0: 32768 0x109D55: main (in /home/billyfu/YatPC/lab6/heated_plate_valgrind)
 n0: 1568 in 3 places, all below massif's threshold (1.00%)
#-----------
snapshot=43
#-----------
time=1481823706
mem_heap_B=67104
mem_heap_extra_B=1056
mem_stacks_B=2496352
heap_tree=detailed
n3: 67104 (heap allocation functions) malloc/new/new[], --alloc-fns, etc.
 n1: 32768 0x109820: heated_plate_pthreads (in /home/billyfu/YatPC/lab6/heated_plate_valgrind)
  n0: 32768 0x109D55: main (in /home/billyfu/YatPC/lab6/heated_plate_valgrind)
 n1: 32768 0x109850: heated_plate_pthreads (in /home/billyfu/YatPC/lab6/heated_plate_valgrind)
  n0: 32768 0x109D55: main (in /home/billyfu/YatPC/lab6/heated_plate_valgrind)
 n0: 1568 in 3 places, all below massif's threshold (1.00%)
#-----------
snapshot=44
#-----------
time=1512508989
mem_heap_B=67104
mem_heap_extra_B=1056
mem_stacks_B=2547920
heap_tree=detailed
n3: 67104 (heap allocation functions) malloc/new/new[], --alloc-fns, etc.
 n1: 32768 0x109820: heated_plate_pthreads (in /home/billyfu/YatPC/lab6/heated_plate_valgrind)
  n0: 32768 0x109D55: main (in /home/billyfu/YatPC/lab6/heated_plate_valgrind)
 n1: 32768 0x109850: heated_plate_pthreads (in /home/billyfu/YatPC/lab6/heated_plate_valgrind)
  n0: 32768 0x109D55: main (in /home/billyfu/YatPC/lab6/heated_plate_valgrind)
 n0: 1568 in 3 places, all below massif's threshold (1.00%)
#-----------
snapshot=45
#-----------
time=1544073849
mem_heap_B=67104
mem_heap_extra_B=1056
mem_stacks_B=2600992
heap_tree=detailed
n3: 67104 (heap allocation functions) malloc/new/new[], --alloc-fns, etc.
 n1: 32768 0x109820: heated_plate_pthreads (in /home/billyfu/YatPC/lab6/heated_plate_valgrind)
  n0: 32768 0x109D55: main (in /home/billyfu/YatPC/lab6/heated_plate_valgrind)
 n1: 32768 0x109850: heated_plate_pthreads (in /home/billyfu/YatPC/lab6/heated_plate_valgrind)
  n0: 32768 0x109D55: main (in /home/billyfu/YatPC/lab6/heated_plate_valgrind)
 n0: 1568 in 3 places, all below massif's threshold (1.00%)
#-----------
snapshot=46
#-----------
time=1576469914
mem_heap_B=67104
mem_heap_extra_B=1056
mem_stacks_B=2654840
heap_tree=detailed
n3: 67104 (heap allocation functions) malloc/new/new[], --alloc-fns, etc.
 n1: 32768 0x109820: heated_plate_pthreads (in /home/billyfu/YatPC/lab6/heated_plate_valgrind)
  n0: 32768 0x109D55: main (in /home/billyfu/YatPC/lab6/heated_plate_valgrind)
 n1: 32768 0x109850: heated_plate_pthreads (in /home/billyfu/YatPC/lab6/heated_plate_valgrind)
  n0: 32768 0x109D55: main (in /home/billyfu/YatPC/lab6/heated_plate_valgrind)
 n0: 1568 in 3 places, all below massif's threshold (1.00%)
#-----------
snapshot=47
#-----------
time=1608333889
mem_heap_B=67104
mem_heap_extra_B=1056
mem_stacks_B=2706632
heap_tree=empty
#-----------
snapshot=48
#-----------
time=1658985513
mem_heap_B=67104
mem_heap_extra_B=1056
mem_stacks_B=2794160
heap_tree=detailed
n3: 67104 (heap allocation functions) malloc/new/new[], --alloc-fns, etc.
 n1: 32768 0x109820: heated_plate_pthreads (in /home/billyfu/YatPC/lab6/heated_plate_valgrind)
  n0: 32768 0x109D55: main (in /home/billyfu/YatPC/lab6/heated_plate_valgrind)
 n1: 32768 0x109850: heated_plate_pthreads (in /home/billyfu/YatPC/lab6/heated_plate_valgrind)
  n0: 32768 0x109D55: main (in /home/billyfu/YatPC/lab6/heated_plate_valgrind)
 n0: 1568 in 3 places, all below massif's threshold (1.00%)
#-----------
snapshot=49
#-----------
time=1674851184
mem_heap_B=67104
mem_heap_extra_B=1056
mem_stacks_B=2818344
heap_tree=empty
#-----------
snapshot=50
#-----------
time=1675996243
mem_heap_B=67104
mem_heap_extra_B=1056
mem_stacks_B=2822800
heap_tree=detailed
n3: 67104 (heap allocation functions) malloc/new/new[], --alloc-fns, etc.
 n1: 32768 0x109820: heated_plate_pthreads (in /home/billyfu/YatPC/lab6/heated_plate_valgrind)
  n0: 32768 0x109D55: main (in /home/billyfu/YatPC/lab6/heated_plate_valgrind)
 n1: 32768 0x109850: heated_plate_pthreads (in /home/billyfu/YatPC/lab6/heated_plate_valgrind)
  n0: 32768 0x109D55: main (in /home/billyfu/YatPC/lab6/heated_plate_valgrind)
 n0: 1568 in 3 places, all below massif's threshold (1.00%)
#-----------
snapshot=51
#-----------
time=1693253982
mem_heap_B=67104
mem_heap_extra_B=1056
mem_stacks_B=2851872
heap_tree=detailed
n3: 67104 (heap allocation functions) malloc/new/new[], --alloc-fns, etc.
 n1: 32768 0x109820: heated_plate_pthreads (in /home/billyfu/YatPC/lab6/heated_plate_valgrind)
  n0: 32768 0x109D55: main (in /home/billyfu/YatPC/lab6/heated_plate_valgrind)
 n1: 32768 0x109850: heated_plate_pthreads (in /home/billyfu/YatPC/lab6/heated_plate_valgrind)
  n0: 32768 0x109D55: main (in /home/billyfu/YatPC/lab6/heated_plate_valgrind)
 n0: 1568 in 3 places, all below massif's threshold (1.00%)
#-----------
snapshot=52
#-----------
time=1710827759
mem_heap_B=67104
mem_heap_extra_B=1056
mem_stacks_B=2881152
heap_tree=detailed
n3: 67104 (heap allocation functions) malloc/new/new[], --alloc-fns, etc.
 n1: 32768 0x109820: heated_plate_pthreads (in /home/billyfu/YatPC/lab6/heated_plate_valgrind)
  n0: 32768 0x109D55: main (in /home/billyfu/YatPC/lab6/heated_plate_valgrind)
 n1: 32768 0x109850: heated_plate_pthreads (in /home/billyfu/YatPC/lab6/heated_plate_valgrind)
  n0: 32768 0x109D55: main (in /home/billyfu/YatPC/lab6/heated_plate_valgrind)
 n0: 1568 in 3 places, all below massif's threshold (1.00%)
#-----------
snapshot=53
#-----------
time=1728379527
mem_heap_B=67104
mem_heap_extra_B=1056
mem_stacks_B=2910752
heap_tree=detailed
n3: 67104 (heap allocation functions) malloc/new/new[], --alloc-fns, etc.
 n1: 32768 0x109820: heated_plate_pthreads (in /home/billyfu/YatPC/lab6/heated_plate_valgrind)
  n0: 32768 0x109D55: main (in /home/billyfu/YatPC/lab6/heated_plate_valgrind)
 n1: 32768 0x109850: heated_plate_pthreads (in /home/billyfu/YatPC/lab6/heated_plate_valgrind)
  n0: 32768 0x109D55: main (in /home/billyfu/YatPC/lab6/heated_plate_valgrind)
 n0: 1568 in 3 places, all below massif's threshold (1.00%)
#-----------
snapshot=54
#-----------
time=1746233879
mem_heap_B=67104
mem_heap_extra_B=1056
mem_stacks_B=2940832
heap_tree=detailed
n3: 67104 (heap allocation functions) malloc/new/new[], --alloc-fns, etc.
 n1: 32768 0x109820: heated_plate_pthreads (in /home/billyfu/YatPC/lab6/heated_plate_valgrind)
  n0: 32768 0x109D55: main (in /home/billyfu/YatPC/lab6/heated_plate_valgrind)
 n1: 32768 0x109850: heated_plate_pthreads (in /home/billyfu/YatPC/lab6/heated_plate_valgrind)
  n0: 32768 0x109D55: main (in /home/billyfu/YatPC/lab6/heated_plate_valgrind)
 n0: 1568 in 3 places, all below massif's threshold (1.00%)
#-----------
snapshot=55
#-----------
time=1763938927
mem_heap_B=71200
mem_heap_extra_B=1064
mem_stacks_B=2968528
heap_tree=peak
n3: 71200 (heap allocation functions) malloc/new/new[], --alloc-fns, etc.
 n1: 32768 0x109820: heated_plate_pthreads (in /home/billyfu/YatPC/lab6/heated_plate_valgrind)
  n0: 32768 0x109D55: main (in /home/billyfu/YatPC/lab6/heated_plate_valgrind)
 n1: 32768 0x109850: heated_plate_pthreads (in /home/billyfu/YatPC/lab6/heated_plate_valgrind)
  n0: 32768 0x109D55: main (in /home/billyfu/YatPC/lab6/heated_plate_valgrind)
 n0: 5664 in 4 places, all below massif's threshold (1.00%)
