desc: --massif-out-file=valgrind_logs/massif_M4_N4_T4_S0.out --stacks=yes
cmd: ./heated_plate_valgrind 4 4 4 0
time_unit: i
#-----------
snapshot=0
#-----------
time=0
mem_heap_B=0
mem_heap_extra_B=0
mem_stacks_B=0
heap_tree=empty
#-----------
snapshot=1
#-----------
time=1097
mem_heap_B=0
mem_heap_extra_B=0
mem_stacks_B=368
heap_tree=empty
#-----------
snapshot=2
#-----------
time=30919
mem_heap_B=0
mem_heap_extra_B=0
mem_stacks_B=312
heap_tree=empty
#-----------
snapshot=3
#-----------
time=44037
mem_heap_B=0
mem_heap_extra_B=0
mem_stacks_B=1368
heap_tree=empty
#-----------
snapshot=4
#-----------
time=50004
mem_heap_B=0
mem_heap_extra_B=0
mem_stacks_B=7680
heap_tree=detailed
n0: 0 (heap allocation functions) malloc/new/new[], --alloc-fns, etc.
#-----------
snapshot=5
#-----------
time=58110
mem_heap_B=0
mem_heap_extra_B=0
mem_stacks_B=4776
heap_tree=empty
#-----------
snapshot=6
#-----------
time=64061
mem_heap_B=0
mem_heap_extra_B=0
mem_stacks_B=5768
heap_tree=empty
#-----------
snapshot=7
#-----------
time=75227
mem_heap_B=0
mem_heap_extra_B=0
mem_stacks_B=1080
heap_tree=empty
#-----------
snapshot=8
#-----------
time=85615
mem_heap_B=0
mem_heap_extra_B=0
mem_stacks_B=1304
heap_tree=empty
#-----------
snapshot=9
#-----------
time=96257
mem_heap_B=0
mem_heap_extra_B=0
mem_stacks_B=1768
heap_tree=empty
#-----------
snapshot=10
#-----------
time=103652
mem_heap_B=0
mem_heap_extra_B=0
mem_stacks_B=1768
heap_tree=empty
#-----------
snapshot=11
#-----------
time=114443
mem_heap_B=0
mem_heap_extra_B=0
mem_stacks_B=1768
heap_tree=empty
#-----------
snapshot=12
#-----------
time=121246
mem_heap_B=0
mem_heap_extra_B=0
mem_stacks_B=1304
heap_tree=empty
#-----------
snapshot=13
#-----------
time=131288
mem_heap_B=0
mem_heap_extra_B=0
mem_stacks_B=1528
heap_tree=empty
#-----------
snapshot=14
#-----------
time=139094
mem_heap_B=0
mem_heap_extra_B=0
mem_stacks_B=1584
heap_tree=empty
#-----------
snapshot=15
#-----------
time=145958
mem_heap_B=0
mem_heap_extra_B=0
mem_stacks_B=1304
heap_tree=empty
#-----------
snapshot=16
#-----------
time=156819
mem_heap_B=0
mem_heap_extra_B=0
mem_stacks_B=1528
heap_tree=empty
#-----------
snapshot=17
#-----------
time=164459
mem_heap_B=0
mem_heap_extra_B=0
mem_stacks_B=1872
heap_tree=empty
#-----------
snapshot=18
#-----------
time=177420
mem_heap_B=0
mem_heap_extra_B=0
mem_stacks_B=1528
heap_tree=empty
#-----------
snapshot=19
#-----------
time=186433
mem_heap_B=864
mem_heap_extra_B=96
mem_stacks_B=1992
heap_tree=empty
#-----------
snapshot=20
#-----------
time=196451
mem_heap_B=1408
mem_heap_extra_B=112
mem_stacks_B=2128
heap_tree=detailed
n4: 1408 (heap allocation functions) malloc/new/new[], --alloc-fns, etc.
 n1: 1088 0x40145AB: calloc (rtld-malloc.h:44)
  n1: 1088 0x40145AB: allocate_dtv (dl-tls.c:370)
   n1: 1088 0x40145AB: _dl_allocate_tls (dl-tls.c:629)
    n1: 1088 0x4900616: allocate_stack (allocatestack.c:429)
     n1: 1088 0x4900616: pthread_create@@GLIBC_2.34 (pthread_create.c:655)
      n1: 1088 0x48526B6: parallel_for (in /home/billyfu/YatPC/lab6/libparallel_for.so)
       n1: 1088 0x1098BA: heated_plate_pthreads (in /home/billyfu/YatPC/lab6/heated_plate_valgrind)
        n0: 1088 0x109D55: main (in /home/billyfu/YatPC/lab6/heated_plate_valgrind)
 n1: 128 0x109820: heated_plate_pthreads (in /home/billyfu/YatPC/lab6/heated_plate_valgrind)
  n0: 128 0x109D55: main (in /home/billyfu/YatPC/lab6/heated_plate_valgrind)
 n1: 128 0x109850: heated_plate_pthreads (in /home/billyfu/YatPC/lab6/heated_plate_valgrind)
  n0: 128 0x109D55: main (in /home/billyfu/YatPC/lab6/heated_plate_valgrind)
 n0: 64 in 2 places, all below massif's threshold (1.00%)
#-----------
snapshot=21
#-----------
time=204223
mem_heap_B=1408
mem_heap_extra_B=112
mem_stacks_B=2680
heap_tree=empty
#-----------
snapshot=22
#-----------
time=217556
mem_heap_B=1408
mem_heap_extra_B=112
mem_stacks_B=3320
heap_tree=empty
#-----------
snapshot=23
#-----------
time=227784
mem_heap_B=1408
mem_heap_extra_B=112
mem_stacks_B=6400
heap_tree=detailed
n4: 1408 (heap allocation functions) malloc/new/new[], --alloc-fns, etc.
 n1: 1088 0x40145AB: calloc (rtld-malloc.h:44)
  n1: 1088 0x40145AB: allocate_dtv (dl-tls.c:370)
   n1: 1088 0x40145AB: _dl_allocate_tls (dl-tls.c:629)
    n1: 1088 0x4900616: allocate_stack (allocatestack.c:429)
     n1: 1088 0x4900616: pthread_create@@GLIBC_2.34 (pthread_create.c:655)
      n1: 1088 0x48526B6: parallel_for (in /home/billyfu/YatPC/lab6/libparallel_for.so)
       n1: 1088 0x1098BA: heated_plate_pthreads (in /home/billyfu/YatPC/lab6/heated_plate_valgrind)
        n0: 1088 0x109D55: main (in /home/billyfu/YatPC/lab6/heated_plate_valgrind)
 n1: 128 0x109820: heated_plate_pthreads (in /home/billyfu/YatPC/lab6/heated_plate_valgrind)
  n0: 128 0x109D55: main (in /home/billyfu/YatPC/lab6/heated_plate_valgrind)
 n1: 128 0x109850: heated_plate_pthreads (in /home/billyfu/YatPC/lab6/heated_plate_valgrind)
  n0: 128 0x109D55: main (in /home/billyfu/YatPC/lab6/heated_plate_valgrind)
 n0: 64 in 2 places, all below massif's threshold (1.00%)
#-----------
snapshot=24
#-----------
time=235609
mem_heap_B=1408
mem_heap_extra_B=112
mem_stacks_B=4264
heap_tree=empty
#-----------
snapshot=25
#-----------
time=241583
mem_heap_B=1408
mem_heap_extra_B=112
mem_stacks_B=5112
heap_tree=empty
#-----------
snapshot=26
#-----------
time=254047
mem_heap_B=1408
mem_heap_extra_B=112
mem_stacks_B=5888
heap_tree=empty
#-----------
snapshot=27
#-----------
time=261887
mem_heap_B=1408
mem_heap_extra_B=112
mem_stacks_B=8640
heap_tree=detailed
n4: 1408 (heap allocation functions) malloc/new/new[], --alloc-fns, etc.
 n1: 1088 0x40145AB: calloc (rtld-malloc.h:44)
  n1: 1088 0x40145AB: allocate_dtv (dl-tls.c:370)
   n1: 1088 0x40145AB: _dl_allocate_tls (dl-tls.c:629)
    n1: 1088 0x4900616: allocate_stack (allocatestack.c:429)
     n1: 1088 0x4900616: pthread_create@@GLIBC_2.34 (pthread_create.c:655)
      n1: 1088 0x48526B6: parallel_for (in /home/billyfu/YatPC/lab6/libparallel_for.so)
       n1: 1088 0x1098BA: heated_plate_pthreads (in /home/billyfu/YatPC/lab6/heated_plate_valgrind)
        n0: 1088 0x109D55: main (in /home/billyfu/YatPC/lab6/heated_plate_valgrind)
 n1: 128 0x109820: heated_plate_pthreads (in /home/billyfu/YatPC/lab6/heated_plate_valgrind)
  n0: 128 0x109D55: main (in /home/billyfu/YatPC/lab6/heated_plate_valgrind)
 n1: 128 0x109850: heated_plate_pthreads (in /home/billyfu/YatPC/lab6/heated_plate_valgrind)
  n0: 128 0x109D55: main (in /home/billyfu/YatPC/lab6/heated_plate_valgrind)
 n0: 64 in 2 places, all below massif's threshold (1.00%)
#-----------
snapshot=28
#-----------
time=268646
mem_heap_B=1408
mem_heap_extra_B=112
mem_stacks_B=8960
heap_tree=detailed
n4: 1408 (heap allocation functions) malloc/new/new[], --alloc-fns, etc.
 n1: 1088 0x40145AB: calloc (rtld-malloc.h:44)
  n1: 1088 0x40145AB: allocate_dtv (dl-tls.c:370)
   n1: 1088 0x40145AB: _dl_allocate_tls (dl-tls.c:629)
    n1: 1088 0x4900616: allocate_stack (allocatestack.c:429)
     n1: 1088 0x4900616: pthread_create@@GLIBC_2.34 (pthread_create.c:655)
      n1: 1088 0x48526B6: parallel_for (in /home/billyfu/YatPC/lab6/libparallel_for.so)
       n1: 1088 0x1098BA: heated_plate_pthreads (in /home/billyfu/YatPC/lab6/heated_plate_valgrind)
        n0: 1088 0x109D55: main (in /home/billyfu/YatPC/lab6/heated_plate_valgrind)
 n1: 128 0x109820: heated_plate_pthreads (in /home/billyfu/YatPC/lab6/heated_plate_valgrind)
  n0: 128 0x109D55: main (in /home/billyfu/YatPC/lab6/heated_plate_valgrind)
 n1: 128 0x109850: heated_plate_pthreads (in /home/billyfu/YatPC/lab6/heated_plate_valgrind)
  n0: 128 0x109D55: main (in /home/billyfu/YatPC/lab6/heated_plate_valgrind)
 n0: 64 in 2 places, all below massif's threshold (1.00%)
#-----------
snapshot=29
#-----------
time=278949
mem_heap_B=1408
mem_heap_extra_B=112
mem_stacks_B=9600
heap_tree=detailed
n4: 1408 (heap allocation functions) malloc/new/new[], --alloc-fns, etc.
 n1: 1088 0x40145AB: calloc (rtld-malloc.h:44)
  n1: 1088 0x40145AB: allocate_dtv (dl-tls.c:370)
   n1: 1088 0x40145AB: _dl_allocate_tls (dl-tls.c:629)
    n1: 1088 0x4900616: allocate_stack (allocatestack.c:429)
     n1: 1088 0x4900616: pthread_create@@GLIBC_2.34 (pthread_create.c:655)
      n1: 1088 0x48526B6: parallel_for (in /home/billyfu/YatPC/lab6/libparallel_for.so)
       n1: 1088 0x1098BA: heated_plate_pthreads (in /home/billyfu/YatPC/lab6/heated_plate_valgrind)
        n0: 1088 0x109D55: main (in /home/billyfu/YatPC/lab6/heated_plate_valgrind)
 n1: 128 0x109820: heated_plate_pthreads (in /home/billyfu/YatPC/lab6/heated_plate_valgrind)
  n0: 128 0x109D55: main (in /home/billyfu/YatPC/lab6/heated_plate_valgrind)
 n1: 128 0x109850: heated_plate_pthreads (in /home/billyfu/YatPC/lab6/heated_plate_valgrind)
  n0: 128 0x109D55: main (in /home/billyfu/YatPC/lab6/heated_plate_valgrind)
 n0: 64 in 2 places, all below massif's threshold (1.00%)
#-----------
snapshot=30
#-----------
time=289048
mem_heap_B=1408
mem_heap_extra_B=112
mem_stacks_B=10240
heap_tree=detailed
n4: 1408 (heap allocation functions) malloc/new/new[], --alloc-fns, etc.
 n1: 1088 0x40145AB: calloc (rtld-malloc.h:44)
  n1: 1088 0x40145AB: allocate_dtv (dl-tls.c:370)
   n1: 1088 0x40145AB: _dl_allocate_tls (dl-tls.c:629)
    n1: 1088 0x4900616: allocate_stack (allocatestack.c:429)
     n1: 1088 0x4900616: pthread_create@@GLIBC_2.34 (pthread_create.c:655)
      n1: 1088 0x48526B6: parallel_for (in /home/billyfu/YatPC/lab6/libparallel_for.so)
       n1: 1088 0x1098BA: heated_plate_pthreads (in /home/billyfu/YatPC/lab6/heated_plate_valgrind)
        n0: 1088 0x109D55: main (in /home/billyfu/YatPC/lab6/heated_plate_valgrind)
 n1: 128 0x109820: heated_plate_pthreads (in /home/billyfu/YatPC/lab6/heated_plate_valgrind)
  n0: 128 0x109D55: main (in /home/billyfu/YatPC/lab6/heated_plate_valgrind)
 n1: 128 0x109850: heated_plate_pthreads (in /home/billyfu/YatPC/lab6/heated_plate_valgrind)
  n0: 128 0x109D55: main (in /home/billyfu/YatPC/lab6/heated_plate_valgrind)
 n0: 64 in 2 places, all below massif's threshold (1.00%)
#-----------
snapshot=31
#-----------
time=298065
mem_heap_B=1408
mem_heap_extra_B=112
mem_stacks_B=8264
heap_tree=empty
#-----------
snapshot=32
#-----------
time=302864
mem_heap_B=1408
mem_heap_extra_B=112
mem_stacks_B=8952
heap_tree=empty
#-----------
snapshot=33
#-----------
time=311902
mem_heap_B=1408
mem_heap_extra_B=112
mem_stacks_B=11680
heap_tree=detailed
n2: 1408 (heap allocation functions) malloc/new/new[], --alloc-fns, etc.
 n1: 1088 0x40145AB: calloc (rtld-malloc.h:44)
  n1: 1088 0x40145AB: allocate_dtv (dl-tls.c:370)
   n1: 1088 0x40145AB: _dl_allocate_tls (dl-tls.c:629)
    n1: 1088 0x4900616: allocate_stack (allocatestack.c:429)
     n1: 1088 0x4900616: pthread_create@@GLIBC_2.34 (pthread_create.c:655)
      n1: 1088 0x48526B6: parallel_for (in /home/billyfu/YatPC/lab6/libparallel_for.so)
       n1: 1088 0x1098BA: heated_plate_pthreads (in /home/billyfu/YatPC/lab6/heated_plate_valgrind)
        n0: 1088 0x109D55: main (in /home/billyfu/YatPC/lab6/heated_plate_valgrind)
 n0: 320 in 4 places, all below massif's threshold (1.00%)
#-----------
snapshot=34
#-----------
time=320954
mem_heap_B=1408
mem_heap_extra_B=112
mem_stacks_B=10128
heap_tree=empty
#-----------
snapshot=35
#-----------
time=328862
mem_heap_B=1408
mem_heap_extra_B=112
mem_stacks_B=12800
heap_tree=detailed
n2: 1408 (heap allocation functions) malloc/new/new[], --alloc-fns, etc.
 n1: 1088 0x40145AB: calloc (rtld-malloc.h:44)
  n1: 1088 0x40145AB: allocate_dtv (dl-tls.c:370)
   n1: 1088 0x40145AB: _dl_allocate_tls (dl-tls.c:629)
    n1: 1088 0x4900616: allocate_stack (allocatestack.c:429)
     n1: 1088 0x4900616: pthread_create@@GLIBC_2.34 (pthread_create.c:655)
      n1: 1088 0x48526B6: parallel_for (in /home/billyfu/YatPC/lab6/libparallel_for.so)
       n1: 1088 0x1098BA: heated_plate_pthreads (in /home/billyfu/YatPC/lab6/heated_plate_valgrind)
        n0: 1088 0x109D55: main (in /home/billyfu/YatPC/lab6/heated_plate_valgrind)
 n0: 320 in 4 places, all below massif's threshold (1.00%)
#-----------
snapshot=36
#-----------
time=339262
mem_heap_B=1408
mem_heap_extra_B=112
mem_stacks_B=11248
heap_tree=empty
#-----------
snapshot=37
#-----------
time=348232
mem_heap_B=1408
mem_heap_extra_B=112
mem_stacks_B=13920
heap_tree=detailed
n2: 1408 (heap allocation functions) malloc/new/new[], --alloc-fns, etc.
 n1: 1088 0x40145AB: calloc (rtld-malloc.h:44)
  n1: 1088 0x40145AB: allocate_dtv (dl-tls.c:370)
   n1: 1088 0x40145AB: _dl_allocate_tls (dl-tls.c:629)
    n1: 1088 0x4900616: allocate_stack (allocatestack.c:429)
     n1: 1088 0x4900616: pthread_create@@GLIBC_2.34 (pthread_create.c:655)
      n1: 1088 0x48526B6: parallel_for (in /home/billyfu/YatPC/lab6/libparallel_for.so)
       n1: 1088 0x1098BA: heated_plate_pthreads (in /home/billyfu/YatPC/lab6/heated_plate_valgrind)
        n0: 1088 0x109D55: main (in /home/billyfu/YatPC/lab6/heated_plate_valgrind)
 n0: 320 in 4 places, all below massif's threshold (1.00%)
#-----------
snapshot=38
#-----------
time=360829
mem_heap_B=1408
mem_heap_extra_B=112
mem_stacks_B=14768
heap_tree=detailed
n2: 1408 (heap allocation functions) malloc/new/new[], --alloc-fns, etc.
 n1: 1088 0x40145AB: calloc (rtld-malloc.h:44)
  n1: 1088 0x40145AB: allocate_dtv (dl-tls.c:370)
   n1: 1088 0x40145AB: _dl_allocate_tls (dl-tls.c:629)
    n1: 1088 0x4900616: allocate_stack (allocatestack.c:429)
     n1: 1088 0x4900616: pthread_create@@GLIBC_2.34 (pthread_create.c:655)
      n1: 1088 0x48526B6: parallel_for (in /home/billyfu/YatPC/lab6/libparallel_for.so)
       n1: 1088 0x1098BA: heated_plate_pthreads (in /home/billyfu/YatPC/lab6/heated_plate_valgrind)
        n0: 1088 0x109D55: main (in /home/billyfu/YatPC/lab6/heated_plate_valgrind)
 n0: 320 in 4 places, all below massif's threshold (1.00%)
#-----------
snapshot=39
#-----------
time=371057
mem_heap_B=1408
mem_heap_extra_B=112
mem_stacks_B=12744
heap_tree=empty
#-----------
snapshot=40
#-----------
time=380059
mem_heap_B=1408
mem_heap_extra_B=112
mem_stacks_B=13720
heap_tree=empty
#-----------
snapshot=41
#-----------
time=386813
mem_heap_B=1408
mem_heap_extra_B=112
mem_stacks_B=14200
heap_tree=empty
#-----------
snapshot=42
#-----------
time=397037
mem_heap_B=1408
mem_heap_extra_B=112
mem_stacks_B=14840
heap_tree=empty
#-----------
snapshot=43
#-----------
time=406183
mem_heap_B=1408
mem_heap_extra_B=112
mem_stacks_B=15880
heap_tree=empty
#-----------
snapshot=44
#-----------
time=415267
mem_heap_B=1408
mem_heap_extra_B=112
mem_stacks_B=18240
heap_tree=detailed
n2: 1408 (heap allocation functions) malloc/new/new[], --alloc-fns, etc.
 n1: 1088 0x40145AB: calloc (rtld-malloc.h:44)
  n1: 1088 0x40145AB: allocate_dtv (dl-tls.c:370)
   n1: 1088 0x40145AB: _dl_allocate_tls (dl-tls.c:629)
    n1: 1088 0x4900616: allocate_stack (allocatestack.c:429)
     n1: 1088 0x4900616: pthread_create@@GLIBC_2.34 (pthread_create.c:655)
      n1: 1088 0x48526B6: parallel_for (in /home/billyfu/YatPC/lab6/libparallel_for.so)
       n1: 1088 0x1098BA: heated_plate_pthreads (in /home/billyfu/YatPC/lab6/heated_plate_valgrind)
        n0: 1088 0x109D55: main (in /home/billyfu/YatPC/lab6/heated_plate_valgrind)
 n0: 320 in 4 places, all below massif's threshold (1.00%)
#-----------
snapshot=45
#-----------
time=425672
mem_heap_B=1408
mem_heap_extra_B=112
mem_stacks_B=16632
heap_tree=empty
#-----------
snapshot=46
#-----------
time=437971
mem_heap_B=1408
mem_heap_extra_B=112
mem_stacks_B=17400
heap_tree=empty
#-----------
snapshot=47
#-----------
time=451447
mem_heap_B=1408
mem_heap_extra_B=112
mem_stacks_B=17864
heap_tree=empty
#-----------
snapshot=48
#-----------
time=460738
mem_heap_B=1408
mem_heap_extra_B=112
mem_stacks_B=20960
heap_tree=detailed
n2: 1408 (heap allocation functions) malloc/new/new[], --alloc-fns, etc.
 n1: 1088 0x40145AB: calloc (rtld-malloc.h:44)
  n1: 1088 0x40145AB: allocate_dtv (dl-tls.c:370)
   n1: 1088 0x40145AB: _dl_allocate_tls (dl-tls.c:629)
    n1: 1088 0x4900616: allocate_stack (allocatestack.c:429)
     n1: 1088 0x4900616: pthread_create@@GLIBC_2.34 (pthread_create.c:655)
      n1: 1088 0x48526B6: parallel_for (in /home/billyfu/YatPC/lab6/libparallel_for.so)
       n1: 1088 0x1098BA: heated_plate_pthreads (in /home/billyfu/YatPC/lab6/heated_plate_valgrind)
        n0: 1088 0x109D55: main (in /home/billyfu/YatPC/lab6/heated_plate_valgrind)
 n0: 320 in 4 places, all below massif's threshold (1.00%)
#-----------
snapshot=49
#-----------
time=465251
mem_heap_B=1408
mem_heap_extra_B=112
mem_stacks_B=18792
heap_tree=empty
#-----------
snapshot=50
#-----------
time=466353
mem_heap_B=1408
mem_heap_extra_B=112
mem_stacks_B=19056
heap_tree=empty
#-----------
snapshot=51
#-----------
time=467472
mem_heap_B=1408
mem_heap_extra_B=112
mem_stacks_B=19192
heap_tree=empty
#-----------
snapshot=52
#-----------
time=468642
mem_heap_B=1408
mem_heap_extra_B=112
mem_stacks_B=19320
heap_tree=empty
#-----------
snapshot=53
#-----------
time=469750
mem_heap_B=1408
mem_heap_extra_B=112
mem_stacks_B=19368
heap_tree=empty
#-----------
snapshot=54
#-----------
time=470905
mem_heap_B=1408
mem_heap_extra_B=112
mem_stacks_B=18984
heap_tree=empty
#-----------
snapshot=55
#-----------
time=472015
mem_heap_B=1408
mem_heap_extra_B=112
mem_stacks_B=19568
heap_tree=detailed
n2: 1408 (heap allocation functions) malloc/new/new[], --alloc-fns, etc.
 n1: 1088 0x40145AB: calloc (rtld-malloc.h:44)
  n1: 1088 0x40145AB: allocate_dtv (dl-tls.c:370)
   n1: 1088 0x40145AB: _dl_allocate_tls (dl-tls.c:629)
    n1: 1088 0x4900616: allocate_stack (allocatestack.c:429)
     n1: 1088 0x4900616: pthread_create@@GLIBC_2.34 (pthread_create.c:655)
      n1: 1088 0x48526B6: parallel_for (in /home/billyfu/YatPC/lab6/libparallel_for.so)
       n1: 1088 0x1098BA: heated_plate_pthreads (in /home/billyfu/YatPC/lab6/heated_plate_valgrind)
        n0: 1088 0x109D55: main (in /home/billyfu/YatPC/lab6/heated_plate_valgrind)
 n0: 320 in 4 places, all below massif's threshold (1.00%)
#-----------
snapshot=56
#-----------
time=472175
mem_heap_B=1408
mem_heap_extra_B=112
mem_stacks_B=21600
heap_tree=detailed
n2: 1408 (heap allocation functions) malloc/new/new[], --alloc-fns, etc.
 n1: 1088 0x40145AB: calloc (rtld-malloc.h:44)
  n1: 1088 0x40145AB: allocate_dtv (dl-tls.c:370)
   n1: 1088 0x40145AB: _dl_allocate_tls (dl-tls.c:629)
    n1: 1088 0x4900616: allocate_stack (allocatestack.c:429)
     n1: 1088 0x4900616: pthread_create@@GLIBC_2.34 (pthread_create.c:655)
      n1: 1088 0x48526B6: parallel_for (in /home/billyfu/YatPC/lab6/libparallel_for.so)
       n1: 1088 0x1098BA: heated_plate_pthreads (in /home/billyfu/YatPC/lab6/heated_plate_valgrind)
        n0: 1088 0x109D55: main (in /home/billyfu/YatPC/lab6/heated_plate_valgrind)
 n0: 320 in 4 places, all below massif's threshold (1.00%)
#-----------
snapshot=57
#-----------
time=473342
mem_heap_B=1408
mem_heap_extra_B=112
mem_stacks_B=21760
heap_tree=empty
#-----------
snapshot=58
#-----------
time=474239
mem_heap_B=1408
mem_heap_extra_B=112
mem_stacks_B=21920
heap_tree=detailed
n2: 1408 (heap allocation functions) malloc/new/new[], --alloc-fns, etc.
 n1: 1088 0x40145AB: calloc (rtld-malloc.h:44)
  n1: 1088 0x40145AB: allocate_dtv (dl-tls.c:370)
   n1: 1088 0x40145AB: _dl_allocate_tls (dl-tls.c:629)
    n1: 1088 0x4900616: allocate_stack (allocatestack.c:429)
     n1: 1088 0x4900616: pthread_create@@GLIBC_2.34 (pthread_create.c:655)
      n1: 1088 0x48526B6: parallel_for (in /home/billyfu/YatPC/lab6/libparallel_for.so)
       n1: 1088 0x1098BA: heated_plate_pthreads (in /home/billyfu/YatPC/lab6/heated_plate_valgrind)
        n0: 1088 0x109D55: main (in /home/billyfu/YatPC/lab6/heated_plate_valgrind)
 n0: 320 in 4 places, all below massif's threshold (1.00%)
#-----------
snapshot=59
#-----------
time=475359
mem_heap_B=1408
mem_heap_extra_B=112
mem_stacks_B=19464
heap_tree=empty
#-----------
snapshot=60
#-----------
time=476478
mem_heap_B=1408
mem_heap_extra_B=112
mem_stacks_B=20048
heap_tree=empty
#-----------
snapshot=61
#-----------
time=477602
mem_heap_B=1408
mem_heap_extra_B=112
mem_stacks_B=21688
heap_tree=empty
#-----------
snapshot=62
#-----------
time=478750
mem_heap_B=1408
mem_heap_extra_B=112
mem_stacks_B=20840
heap_tree=empty
#-----------
snapshot=63
#-----------
time=479847
mem_heap_B=1408
mem_heap_extra_B=112
mem_stacks_B=20872
heap_tree=empty
#-----------
snapshot=64
#-----------
time=480963
mem_heap_B=1408
mem_heap_extra_B=112
mem_stacks_B=21672
heap_tree=empty
#-----------
snapshot=65
#-----------
time=481828
mem_heap_B=5504
mem_heap_extra_B=120
mem_stacks_B=20048
heap_tree=peak
n3: 5504 (heap allocation functions) malloc/new/new[], --alloc-fns, etc.
 n1: 4096 0x48E81B4: _IO_file_doallocate (filedoalloc.c:101)
  n1: 4096 0x48F8523: _IO_doallocbuf (genops.c:347)
   n1: 4096 0x48F5F8F: _IO_file_overflow@@GLIBC_2.2.5 (fileops.c:745)
    n1: 4096 0x48F6AAE: _IO_new_file_xsputn (fileops.c:1244)
     n1: 4096 0x48F6AAE: _IO_file_xsputn@@GLIBC_2.2.5 (fileops.c:1197)
      n1: 4096 0x48C3CC8: __printf_buffer_flush_to_file (printf_buffer_to_file.c:59)
       n1: 4096 0x48C3CC8: __printf_buffer_to_file_done (printf_buffer_to_file.c:120)
        n1: 4096 0x48CE5A9: __vfprintf_internal (vfprintf-internal.c:1560)
         n1: 4096 0x48C31B2: printf (printf.c:33)
          n1: 4096 0x109C61: print_result (in /home/billyfu/YatPC/lab6/heated_plate_valgrind)
           n0: 4096 0x109D7B: main (in /home/billyfu/YatPC/lab6/heated_plate_valgrind)
 n1: 1088 0x40145AB: calloc (rtld-malloc.h:44)
  n1: 1088 0x40145AB: allocate_dtv (dl-tls.c:370)
   n1: 1088 0x40145AB: _dl_allocate_tls (dl-tls.c:629)
    n1: 1088 0x4900616: allocate_stack (allocatestack.c:429)
     n1: 1088 0x4900616: pthread_create@@GLIBC_2.34 (pthread_create.c:655)
      n1: 1088 0x48526B6: parallel_for (in /home/billyfu/YatPC/lab6/libparallel_for.so)
       n1: 1088 0x1098BA: heated_plate_pthreads (in /home/billyfu/YatPC/lab6/heated_plate_valgrind)
        n0: 1088 0x109D55: main (in /home/billyfu/YatPC/lab6/heated_plate_valgrind)
 n0: 320 in 4 places, all below massif's threshold (1.00%)
#-----------
snapshot=66
#-----------
time=482936
mem_heap_B=5184
mem_heap_extra_B=40
mem_stacks_B=19352
heap_tree=empty
#-----------
snapshot=67
#-----------
time=484060
mem_heap_B=5184
mem_heap_extra_B=40
mem_stacks_B=18952
heap_tree=empty
#-----------
snapshot=68
#-----------
time=485243
mem_heap_B=5184
mem_heap_extra_B=40
mem_stacks_B=19192
heap_tree=empty
#-----------
snapshot=69
#-----------
time=486344
mem_heap_B=1088
mem_heap_extra_B=32
mem_stacks_B=19072
heap_tree=empty
#-----------
snapshot=70
#-----------
time=487447
mem_heap_B=816
mem_heap_extra_B=24
mem_stacks_B=19184
heap_tree=empty
#-----------
snapshot=71
#-----------
time=488554
mem_heap_B=0
mem_heap_extra_B=0
mem_stacks_B=19248
heap_tree=empty
