desc: --massif-out-file=valgrind_logs/massif_M2_N2_T8_S1.out --stacks=yes
cmd: ./heated_plate_valgrind 2 2 8 1
time_unit: i
#-----------
snapshot=0
#-----------
time=0
mem_heap_B=0
mem_heap_extra_B=0
mem_stacks_B=0
heap_tree=empty
#-----------
snapshot=1
#-----------
time=1097
mem_heap_B=0
mem_heap_extra_B=0
mem_stacks_B=368
heap_tree=empty
#-----------
snapshot=2
#-----------
time=30919
mem_heap_B=0
mem_heap_extra_B=0
mem_stacks_B=312
heap_tree=empty
#-----------
snapshot=3
#-----------
time=35920
mem_heap_B=0
mem_heap_extra_B=0
mem_stacks_B=656
heap_tree=empty
#-----------
snapshot=4
#-----------
time=44037
mem_heap_B=0
mem_heap_extra_B=0
mem_stacks_B=1368
heap_tree=empty
#-----------
snapshot=5
#-----------
time=50004
mem_heap_B=0
mem_heap_extra_B=0
mem_stacks_B=7680
heap_tree=detailed
n0: 0 (heap allocation functions) malloc/new/new[], --alloc-fns, etc.
#-----------
snapshot=6
#-----------
time=58110
mem_heap_B=0
mem_heap_extra_B=0
mem_stacks_B=4776
heap_tree=empty
#-----------
snapshot=7
#-----------
time=64061
mem_heap_B=0
mem_heap_extra_B=0
mem_stacks_B=5768
heap_tree=empty
#-----------
snapshot=8
#-----------
time=70107
mem_heap_B=0
mem_heap_extra_B=0
mem_stacks_B=1336
heap_tree=empty
#-----------
snapshot=9
#-----------
time=75227
mem_heap_B=0
mem_heap_extra_B=0
mem_stacks_B=1080
heap_tree=empty
#-----------
snapshot=10
#-----------
time=85615
mem_heap_B=0
mem_heap_extra_B=0
mem_stacks_B=1304
heap_tree=empty
#-----------
snapshot=11
#-----------
time=90640
mem_heap_B=0
mem_heap_extra_B=0
mem_stacks_B=1768
heap_tree=empty
#-----------
snapshot=12
#-----------
time=96257
mem_heap_B=0
mem_heap_extra_B=0
mem_stacks_B=1768
heap_tree=empty
#-----------
snapshot=13
#-----------
time=103652
mem_heap_B=0
mem_heap_extra_B=0
mem_stacks_B=1768
heap_tree=empty
#-----------
snapshot=14
#-----------
time=107655
mem_heap_B=0
mem_heap_extra_B=0
mem_stacks_B=1768
heap_tree=empty
#-----------
snapshot=15
#-----------
time=114443
mem_heap_B=0
mem_heap_extra_B=0
mem_stacks_B=1768
heap_tree=empty
#-----------
snapshot=16
#-----------
time=121246
mem_heap_B=0
mem_heap_extra_B=0
mem_stacks_B=1304
heap_tree=empty
#-----------
snapshot=17
#-----------
time=126323
mem_heap_B=0
mem_heap_extra_B=0
mem_stacks_B=1768
heap_tree=empty
#-----------
snapshot=18
#-----------
time=131288
mem_heap_B=0
mem_heap_extra_B=0
mem_stacks_B=1528
heap_tree=empty
#-----------
snapshot=19
#-----------
time=139094
mem_heap_B=0
mem_heap_extra_B=0
mem_stacks_B=1584
heap_tree=empty
#-----------
snapshot=20
#-----------
time=145958
mem_heap_B=0
mem_heap_extra_B=0
mem_stacks_B=1304
heap_tree=empty
#-----------
snapshot=21
#-----------
time=152732
mem_heap_B=0
mem_heap_extra_B=0
mem_stacks_B=1584
heap_tree=detailed
n0: 0 (heap allocation functions) malloc/new/new[], --alloc-fns, etc.
#-----------
snapshot=22
#-----------
time=156819
mem_heap_B=0
mem_heap_extra_B=0
mem_stacks_B=1528
heap_tree=empty
#-----------
snapshot=23
#-----------
time=164459
mem_heap_B=0
mem_heap_extra_B=0
mem_stacks_B=1872
heap_tree=empty
#-----------
snapshot=24
#-----------
time=170542
mem_heap_B=0
mem_heap_extra_B=0
mem_stacks_B=1528
heap_tree=empty
#-----------
snapshot=25
#-----------
time=177420
mem_heap_B=0
mem_heap_extra_B=0
mem_stacks_B=1528
heap_tree=empty
#-----------
snapshot=26
#-----------
time=183122
mem_heap_B=96
mem_heap_extra_B=48
mem_stacks_B=2912
heap_tree=empty
#-----------
snapshot=27
#-----------
time=192015
mem_heap_B=2272
mem_heap_extra_B=112
mem_stacks_B=2008
heap_tree=empty
#-----------
snapshot=28
#-----------
time=198807
mem_heap_B=2272
mem_heap_extra_B=112
mem_stacks_B=2400
heap_tree=empty
#-----------
snapshot=29
#-----------
time=203231
mem_heap_B=2272
mem_heap_extra_B=112
mem_stacks_B=2728
heap_tree=empty
#-----------
snapshot=30
#-----------
time=210947
mem_heap_B=1184
mem_heap_extra_B=80
mem_stacks_B=5208
heap_tree=empty
#-----------
snapshot=31
#-----------
time=216531
mem_heap_B=1456
mem_heap_extra_B=88
mem_stacks_B=5696
heap_tree=empty
#-----------
snapshot=32
#-----------
time=221048
mem_heap_B=2272
mem_heap_extra_B=112
mem_stacks_B=3736
heap_tree=empty
#-----------
snapshot=33
#-----------
time=229460
mem_heap_B=1184
mem_heap_extra_B=80
mem_stacks_B=4216
heap_tree=empty
#-----------
snapshot=34
#-----------
time=233891
mem_heap_B=1184
mem_heap_extra_B=80
mem_stacks_B=4200
heap_tree=empty
#-----------
snapshot=35
#-----------
time=241366
mem_heap_B=2000
mem_heap_extra_B=104
mem_stacks_B=4688
heap_tree=empty
#-----------
snapshot=36
#-----------
time=250011
mem_heap_B=1184
mem_heap_extra_B=80
mem_stacks_B=5744
heap_tree=empty
#-----------
snapshot=37
#-----------
time=255576
mem_heap_B=1184
mem_heap_extra_B=80
mem_stacks_B=6608
heap_tree=empty
#-----------
snapshot=38
#-----------
time=260394
mem_heap_B=1728
mem_heap_extra_B=96
mem_stacks_B=8416
heap_tree=detailed
n2: 1728 (heap allocation functions) malloc/new/new[], --alloc-fns, etc.
 n1: 1632 0x40145AB: calloc (rtld-malloc.h:44)
  n1: 1632 0x40145AB: allocate_dtv (dl-tls.c:370)
   n1: 1632 0x40145AB: _dl_allocate_tls (dl-tls.c:629)
    n1: 1632 0x4900616: allocate_stack (allocatestack.c:429)
     n1: 1632 0x4900616: pthread_create@@GLIBC_2.34 (pthread_create.c:655)
      n3: 1632 0x48528D8: parallel_for (in /home/billyfu/YatPC/lab6/libparallel_for.so)
       n1: 1088 0x10995F: heated_plate_pthreads (in /home/billyfu/YatPC/lab6/heated_plate_valgrind)
        n0: 1088 0x109D55: main (in /home/billyfu/YatPC/lab6/heated_plate_valgrind)
       n1: 544 0x1099A2: heated_plate_pthreads (in /home/billyfu/YatPC/lab6/heated_plate_valgrind)
        n0: 544 0x109D55: main (in /home/billyfu/YatPC/lab6/heated_plate_valgrind)
       n0: 0 in 2 places, all below massif's threshold (1.00%)
 n0: 96 in 4 places, all below massif's threshold (1.00%)
#-----------
snapshot=39
#-----------
time=268054
mem_heap_B=1456
mem_heap_extra_B=88
mem_stacks_B=6472
heap_tree=empty
#-----------
snapshot=40
#-----------
time=274791
mem_heap_B=1184
mem_heap_extra_B=80
mem_stacks_B=6776
heap_tree=detailed
n2: 1184 (heap allocation functions) malloc/new/new[], --alloc-fns, etc.
 n1: 1088 0x40145AB: calloc (rtld-malloc.h:44)
  n1: 1088 0x40145AB: allocate_dtv (dl-tls.c:370)
   n1: 1088 0x40145AB: _dl_allocate_tls (dl-tls.c:629)
    n1: 1088 0x4900616: allocate_stack (allocatestack.c:429)
     n1: 1088 0x4900616: pthread_create@@GLIBC_2.34 (pthread_create.c:655)
      n2: 1088 0x48528D8: parallel_for (in /home/billyfu/YatPC/lab6/libparallel_for.so)
       n1: 1088 0x1099A2: heated_plate_pthreads (in /home/billyfu/YatPC/lab6/heated_plate_valgrind)
        n0: 1088 0x109D55: main (in /home/billyfu/YatPC/lab6/heated_plate_valgrind)
       n0: 0 in 3 places, all below massif's threshold (1.00%)
 n0: 96 in 4 places, all below massif's threshold (1.00%)
#-----------
snapshot=41
#-----------
time=279158
mem_heap_B=1728
mem_heap_extra_B=96
mem_stacks_B=9376
heap_tree=detailed
n2: 1728 (heap allocation functions) malloc/new/new[], --alloc-fns, etc.
 n1: 1632 0x40145AB: calloc (rtld-malloc.h:44)
  n1: 1632 0x40145AB: allocate_dtv (dl-tls.c:370)
   n1: 1632 0x40145AB: _dl_allocate_tls (dl-tls.c:629)
    n1: 1632 0x4900616: allocate_stack (allocatestack.c:429)
     n1: 1632 0x4900616: pthread_create@@GLIBC_2.34 (pthread_create.c:655)
      n3: 1632 0x48528D8: parallel_for (in /home/billyfu/YatPC/lab6/libparallel_for.so)
       n1: 1088 0x1099A2: heated_plate_pthreads (in /home/billyfu/YatPC/lab6/heated_plate_valgrind)
        n0: 1088 0x109D55: main (in /home/billyfu/YatPC/lab6/heated_plate_valgrind)
       n1: 544 0x109A23: heated_plate_pthreads (in /home/billyfu/YatPC/lab6/heated_plate_valgrind)
        n0: 544 0x109D55: main (in /home/billyfu/YatPC/lab6/heated_plate_valgrind)
       n0: 0 in 3 places, all below massif's threshold (1.00%)
 n0: 96 in 4 places, all below massif's threshold (1.00%)
#-----------
snapshot=42
#-----------
time=286620
mem_heap_B=2272
mem_heap_extra_B=112
mem_stacks_B=10176
heap_tree=detailed
n2: 2272 (heap allocation functions) malloc/new/new[], --alloc-fns, etc.
 n1: 2176 0x40145AB: calloc (rtld-malloc.h:44)
  n1: 2176 0x40145AB: allocate_dtv (dl-tls.c:370)
   n1: 2176 0x40145AB: _dl_allocate_tls (dl-tls.c:629)
    n1: 2176 0x4900616: allocate_stack (allocatestack.c:429)
     n1: 2176 0x4900616: pthread_create@@GLIBC_2.34 (pthread_create.c:655)
      n3: 2176 0x48528D8: parallel_for (in /home/billyfu/YatPC/lab6/libparallel_for.so)
       n1: 1088 0x1099A2: heated_plate_pthreads (in /home/billyfu/YatPC/lab6/heated_plate_valgrind)
        n0: 1088 0x109D55: main (in /home/billyfu/YatPC/lab6/heated_plate_valgrind)
       n1: 1088 0x109A23: heated_plate_pthreads (in /home/billyfu/YatPC/lab6/heated_plate_valgrind)
        n0: 1088 0x109D55: main (in /home/billyfu/YatPC/lab6/heated_plate_valgrind)
       n0: 0 in 3 places, all below massif's threshold (1.00%)
 n0: 96 in 4 places, all below massif's threshold (1.00%)
#-----------
snapshot=43
#-----------
time=291025
mem_heap_B=1184
mem_heap_extra_B=80
mem_stacks_B=8056
heap_tree=empty
#-----------
snapshot=44
#-----------
time=296544
mem_heap_B=1184
mem_heap_extra_B=80
mem_stacks_B=8368
heap_tree=empty
#-----------
snapshot=45
#-----------
time=304553
mem_heap_B=2000
mem_heap_extra_B=104
mem_stacks_B=11136
heap_tree=detailed
n2: 2000 (heap allocation functions) malloc/new/new[], --alloc-fns, etc.
 n1: 1904 0x40145AB: calloc (rtld-malloc.h:44)
  n1: 1904 0x40145AB: allocate_dtv (dl-tls.c:370)
   n1: 1904 0x40145AB: _dl_allocate_tls (dl-tls.c:629)
    n1: 1904 0x4900616: allocate_stack (allocatestack.c:429)
     n1: 1904 0x4900616: pthread_create@@GLIBC_2.34 (pthread_create.c:655)
      n3: 1904 0x48528D8: parallel_for (in /home/billyfu/YatPC/lab6/libparallel_for.so)
       n1: 1088 0x109A23: heated_plate_pthreads (in /home/billyfu/YatPC/lab6/heated_plate_valgrind)
        n0: 1088 0x109D55: main (in /home/billyfu/YatPC/lab6/heated_plate_valgrind)
       n1: 816 0x109A9E: heated_plate_pthreads (in /home/billyfu/YatPC/lab6/heated_plate_valgrind)
        n0: 816 0x109D55: main (in /home/billyfu/YatPC/lab6/heated_plate_valgrind)
       n0: 0 in 4 places, all below massif's threshold (1.00%)
 n0: 96 in 4 places, all below massif's threshold (1.00%)
#-----------
snapshot=46
#-----------
time=309380
mem_heap_B=2272
mem_heap_extra_B=112
mem_stacks_B=9128
heap_tree=empty
#-----------
snapshot=47
#-----------
time=316032
mem_heap_B=1184
mem_heap_extra_B=80
mem_stacks_B=11776
heap_tree=empty
#-----------
snapshot=48
#-----------
time=320480
mem_heap_B=1184
mem_heap_extra_B=80
mem_stacks_B=12088
heap_tree=empty
#-----------
snapshot=49
#-----------
time=327610
mem_heap_B=2272
mem_heap_extra_B=112
mem_stacks_B=12576
heap_tree=detailed
n2: 2272 (heap allocation functions) malloc/new/new[], --alloc-fns, etc.
 n1: 2176 0x40145AB: calloc (rtld-malloc.h:44)
  n1: 2176 0x40145AB: allocate_dtv (dl-tls.c:370)
   n1: 2176 0x40145AB: _dl_allocate_tls (dl-tls.c:629)
    n1: 2176 0x4900616: allocate_stack (allocatestack.c:429)
     n1: 2176 0x4900616: pthread_create@@GLIBC_2.34 (pthread_create.c:655)
      n3: 2176 0x48528D8: parallel_for (in /home/billyfu/YatPC/lab6/libparallel_for.so)
       n1: 1088 0x109A9E: heated_plate_pthreads (in /home/billyfu/YatPC/lab6/heated_plate_valgrind)
        n0: 1088 0x109D55: main (in /home/billyfu/YatPC/lab6/heated_plate_valgrind)
       n1: 1088 0x109AE1: heated_plate_pthreads (in /home/billyfu/YatPC/lab6/heated_plate_valgrind)
        n0: 1088 0x109D55: main (in /home/billyfu/YatPC/lab6/heated_plate_valgrind)
       n0: 0 in 5 places, all below massif's threshold (1.00%)
 n0: 96 in 4 places, all below massif's threshold (1.00%)
#-----------
snapshot=50
#-----------
time=328726
mem_heap_B=2272
mem_heap_extra_B=112
mem_stacks_B=12736
heap_tree=detailed
n2: 2272 (heap allocation functions) malloc/new/new[], --alloc-fns, etc.
 n1: 2176 0x40145AB: calloc (rtld-malloc.h:44)
  n1: 2176 0x40145AB: allocate_dtv (dl-tls.c:370)
   n1: 2176 0x40145AB: _dl_allocate_tls (dl-tls.c:629)
    n1: 2176 0x4900616: allocate_stack (allocatestack.c:429)
     n1: 2176 0x4900616: pthread_create@@GLIBC_2.34 (pthread_create.c:655)
      n3: 2176 0x48528D8: parallel_for (in /home/billyfu/YatPC/lab6/libparallel_for.so)
       n1: 1088 0x109A9E: heated_plate_pthreads (in /home/billyfu/YatPC/lab6/heated_plate_valgrind)
        n0: 1088 0x109D55: main (in /home/billyfu/YatPC/lab6/heated_plate_valgrind)
       n1: 1088 0x109AE1: heated_plate_pthreads (in /home/billyfu/YatPC/lab6/heated_plate_valgrind)
        n0: 1088 0x109D55: main (in /home/billyfu/YatPC/lab6/heated_plate_valgrind)
       n0: 0 in 5 places, all below massif's threshold (1.00%)
 n0: 96 in 4 places, all below massif's threshold (1.00%)
#-----------
snapshot=51
#-----------
time=329823
mem_heap_B=2272
mem_heap_extra_B=112
mem_stacks_B=10408
heap_tree=empty
#-----------
snapshot=52
#-----------
time=330921
mem_heap_B=2000
mem_heap_extra_B=104
mem_stacks_B=10536
heap_tree=empty
#-----------
snapshot=53
#-----------
time=332028
mem_heap_B=1728
mem_heap_extra_B=96
mem_stacks_B=10560
heap_tree=empty
#-----------
snapshot=54
#-----------
time=333143
mem_heap_B=1184
mem_heap_extra_B=80
mem_stacks_B=10704
heap_tree=empty
#-----------
snapshot=55
#-----------
time=334265
mem_heap_B=1184
mem_heap_extra_B=80
mem_stacks_B=10280
heap_tree=empty
#-----------
snapshot=56
#-----------
time=335382
mem_heap_B=1184
mem_heap_extra_B=80
mem_stacks_B=10864
heap_tree=empty
#-----------
snapshot=57
#-----------
time=336483
mem_heap_B=1184
mem_heap_extra_B=80
mem_stacks_B=11072
heap_tree=empty
#-----------
snapshot=58
#-----------
time=337599
mem_heap_B=1184
mem_heap_extra_B=80
mem_stacks_B=11232
heap_tree=empty
#-----------
snapshot=59
#-----------
time=338742
mem_heap_B=1184
mem_heap_extra_B=80
mem_stacks_B=10936
heap_tree=empty
#-----------
snapshot=60
#-----------
time=339863
mem_heap_B=1184
mem_heap_extra_B=80
mem_stacks_B=11040
heap_tree=detailed
n2: 1184 (heap allocation functions) malloc/new/new[], --alloc-fns, etc.
 n1: 1088 0x40145AB: calloc (rtld-malloc.h:44)
  n1: 1088 0x40145AB: allocate_dtv (dl-tls.c:370)
   n1: 1088 0x40145AB: _dl_allocate_tls (dl-tls.c:629)
    n1: 1088 0x4900616: allocate_stack (allocatestack.c:429)
     n1: 1088 0x4900616: pthread_create@@GLIBC_2.34 (pthread_create.c:655)
      n2: 1088 0x48528D8: parallel_for (in /home/billyfu/YatPC/lab6/libparallel_for.so)
       n1: 1088 0x109AE1: heated_plate_pthreads (in /home/billyfu/YatPC/lab6/heated_plate_valgrind)
        n0: 1088 0x109D55: main (in /home/billyfu/YatPC/lab6/heated_plate_valgrind)
       n0: 0 in 6 places, all below massif's threshold (1.00%)
 n0: 96 in 4 places, all below massif's threshold (1.00%)
#-----------
snapshot=61
#-----------
time=340960
mem_heap_B=1184
mem_heap_extra_B=80
mem_stacks_B=11384
heap_tree=empty
#-----------
snapshot=62
#-----------
time=342060
mem_heap_B=1184
mem_heap_extra_B=80
mem_stacks_B=11536
heap_tree=empty
#-----------
snapshot=63
#-----------
time=343170
mem_heap_B=1456
mem_heap_extra_B=88
mem_stacks_B=11256
heap_tree=empty
#-----------
snapshot=64
#-----------
time=344277
mem_heap_B=1728
mem_heap_extra_B=96
mem_stacks_B=11680
heap_tree=empty
#-----------
snapshot=65
#-----------
time=344398
mem_heap_B=1728
mem_heap_extra_B=96
mem_stacks_B=13536
heap_tree=detailed
n2: 1728 (heap allocation functions) malloc/new/new[], --alloc-fns, etc.
 n1: 1632 0x40145AB: calloc (rtld-malloc.h:44)
  n1: 1632 0x40145AB: allocate_dtv (dl-tls.c:370)
   n1: 1632 0x40145AB: _dl_allocate_tls (dl-tls.c:629)
    n1: 1632 0x4900616: allocate_stack (allocatestack.c:429)
     n1: 1632 0x4900616: pthread_create@@GLIBC_2.34 (pthread_create.c:655)
      n3: 1632 0x48528D8: parallel_for (in /home/billyfu/YatPC/lab6/libparallel_for.so)
       n1: 1088 0x109AE1: heated_plate_pthreads (in /home/billyfu/YatPC/lab6/heated_plate_valgrind)
        n0: 1088 0x109D55: main (in /home/billyfu/YatPC/lab6/heated_plate_valgrind)
       n1: 544 0x109B4B: heated_plate_pthreads (in /home/billyfu/YatPC/lab6/heated_plate_valgrind)
        n0: 544 0x109D55: main (in /home/billyfu/YatPC/lab6/heated_plate_valgrind)
       n0: 0 in 6 places, all below massif's threshold (1.00%)
 n0: 96 in 4 places, all below massif's threshold (1.00%)
#-----------
snapshot=66
#-----------
time=345514
mem_heap_B=1728
mem_heap_extra_B=96
mem_stacks_B=13696
heap_tree=detailed
n2: 1728 (heap allocation functions) malloc/new/new[], --alloc-fns, etc.
 n1: 1632 0x40145AB: calloc (rtld-malloc.h:44)
  n1: 1632 0x40145AB: allocate_dtv (dl-tls.c:370)
   n1: 1632 0x40145AB: _dl_allocate_tls (dl-tls.c:629)
    n1: 1632 0x4900616: allocate_stack (allocatestack.c:429)
     n1: 1632 0x4900616: pthread_create@@GLIBC_2.34 (pthread_create.c:655)
      n3: 1632 0x48528D8: parallel_for (in /home/billyfu/YatPC/lab6/libparallel_for.so)
       n1: 1088 0x109AE1: heated_plate_pthreads (in /home/billyfu/YatPC/lab6/heated_plate_valgrind)
        n0: 1088 0x109D55: main (in /home/billyfu/YatPC/lab6/heated_plate_valgrind)
       n1: 544 0x109B4B: heated_plate_pthreads (in /home/billyfu/YatPC/lab6/heated_plate_valgrind)
        n0: 544 0x109D55: main (in /home/billyfu/YatPC/lab6/heated_plate_valgrind)
       n0: 0 in 6 places, all below massif's threshold (1.00%)
 n0: 96 in 4 places, all below massif's threshold (1.00%)
#-----------
snapshot=67
#-----------
time=346657
mem_heap_B=1728
mem_heap_extra_B=96
mem_stacks_B=11248
heap_tree=empty
#-----------
snapshot=68
#-----------
time=347772
mem_heap_B=2000
mem_heap_extra_B=104
mem_stacks_B=11576
heap_tree=empty
#-----------
snapshot=69
#-----------
time=348521
mem_heap_B=2272
mem_heap_extra_B=112
mem_stacks_B=13856
heap_tree=detailed
n2: 2272 (heap allocation functions) malloc/new/new[], --alloc-fns, etc.
 n1: 2176 0x40145AB: calloc (rtld-malloc.h:44)
  n1: 2176 0x40145AB: allocate_dtv (dl-tls.c:370)
   n1: 2176 0x40145AB: _dl_allocate_tls (dl-tls.c:629)
    n1: 2176 0x4900616: allocate_stack (allocatestack.c:429)
     n1: 2176 0x4900616: pthread_create@@GLIBC_2.34 (pthread_create.c:655)
      n3: 2176 0x48528D8: parallel_for (in /home/billyfu/YatPC/lab6/libparallel_for.so)
       n1: 1088 0x109AE1: heated_plate_pthreads (in /home/billyfu/YatPC/lab6/heated_plate_valgrind)
        n0: 1088 0x109D55: main (in /home/billyfu/YatPC/lab6/heated_plate_valgrind)
       n1: 1088 0x109B4B: heated_plate_pthreads (in /home/billyfu/YatPC/lab6/heated_plate_valgrind)
        n0: 1088 0x109D55: main (in /home/billyfu/YatPC/lab6/heated_plate_valgrind)
       n0: 0 in 6 places, all below massif's threshold (1.00%)
 n0: 96 in 4 places, all below massif's threshold (1.00%)
#-----------
snapshot=70
#-----------
time=349618
mem_heap_B=2272
mem_heap_extra_B=112
mem_stacks_B=11528
heap_tree=empty
#-----------
snapshot=71
#-----------
time=350716
mem_heap_B=2000
mem_heap_extra_B=104
mem_stacks_B=11656
heap_tree=empty
#-----------
snapshot=72
#-----------
time=351852
mem_heap_B=1728
mem_heap_extra_B=96
mem_stacks_B=13616
heap_tree=empty
#-----------
snapshot=73
#-----------
time=352952
mem_heap_B=1728
mem_heap_extra_B=96
mem_stacks_B=11840
heap_tree=empty
#-----------
snapshot=74
#-----------
time=354053
mem_heap_B=1184
mem_heap_extra_B=80
mem_stacks_B=12528
heap_tree=empty
#-----------
snapshot=75
#-----------
time=355157
mem_heap_B=1184
mem_heap_extra_B=80
mem_stacks_B=12568
heap_tree=empty
#-----------
snapshot=76
#-----------
time=356257
mem_heap_B=1184
mem_heap_extra_B=80
mem_stacks_B=13320
heap_tree=empty
#-----------
snapshot=77
#-----------
time=357257
mem_heap_B=5280
mem_heap_extra_B=88
mem_stacks_B=11728
heap_tree=peak
n3: 5280 (heap allocation functions) malloc/new/new[], --alloc-fns, etc.
 n1: 4096 0x48E81B4: _IO_file_doallocate (filedoalloc.c:101)
  n1: 4096 0x48F8523: _IO_doallocbuf (genops.c:347)
   n1: 4096 0x48F5F8F: _IO_file_overflow@@GLIBC_2.2.5 (fileops.c:745)
    n1: 4096 0x48F6AAE: _IO_new_file_xsputn (fileops.c:1244)
     n1: 4096 0x48F6AAE: _IO_file_xsputn@@GLIBC_2.2.5 (fileops.c:1197)
      n1: 4096 0x48C3CC8: __printf_buffer_flush_to_file (printf_buffer_to_file.c:59)
       n1: 4096 0x48C3CC8: __printf_buffer_to_file_done (printf_buffer_to_file.c:120)
        n1: 4096 0x48CE5A9: __vfprintf_internal (vfprintf-internal.c:1560)
         n1: 4096 0x48C31B2: printf (printf.c:33)
          n1: 4096 0x109C61: print_result (in /home/billyfu/YatPC/lab6/heated_plate_valgrind)
           n0: 4096 0x109D7B: main (in /home/billyfu/YatPC/lab6/heated_plate_valgrind)
 n1: 1088 0x40145AB: calloc (rtld-malloc.h:44)
  n1: 1088 0x40145AB: allocate_dtv (dl-tls.c:370)
   n1: 1088 0x40145AB: _dl_allocate_tls (dl-tls.c:629)
    n1: 1088 0x4900616: allocate_stack (allocatestack.c:429)
     n1: 1088 0x4900616: pthread_create@@GLIBC_2.34 (pthread_create.c:655)
      n2: 1088 0x48528D8: parallel_for (in /home/billyfu/YatPC/lab6/libparallel_for.so)
       n1: 1088 0x109B4B: heated_plate_pthreads (in /home/billyfu/YatPC/lab6/heated_plate_valgrind)
        n0: 1088 0x109D55: main (in /home/billyfu/YatPC/lab6/heated_plate_valgrind)
       n0: 0 in 7 places, all below massif's threshold (1.00%)
 n0: 96 in 4 places, all below massif's threshold (1.00%)
#-----------
snapshot=78
#-----------
time=358369
mem_heap_B=5184
mem_heap_extra_B=40
mem_stacks_B=11032
heap_tree=empty
#-----------
snapshot=79
#-----------
time=359473
mem_heap_B=5184
mem_heap_extra_B=40
mem_stacks_B=10888
heap_tree=empty
#-----------
snapshot=80
#-----------
time=360587
mem_heap_B=5184
mem_heap_extra_B=40
mem_stacks_B=10936
heap_tree=empty
#-----------
snapshot=81
#-----------
time=361698
mem_heap_B=1088
mem_heap_extra_B=32
mem_stacks_B=10904
heap_tree=empty
#-----------
snapshot=82
#-----------
time=362796
mem_heap_B=816
mem_heap_extra_B=24
mem_stacks_B=10864
heap_tree=empty
#-----------
snapshot=83
#-----------
time=363899
mem_heap_B=0
mem_heap_extra_B=0
mem_stacks_B=10752
heap_tree=empty
