desc: --massif-out-file=valgrind_logs/massif_M16_N16_T8_S1.out --stacks=yes
cmd: ./heated_plate_valgrind 16 16 8 1
time_unit: i
#-----------
snapshot=0
#-----------
time=0
mem_heap_B=0
mem_heap_extra_B=0
mem_stacks_B=0
heap_tree=empty
#-----------
snapshot=1
#-----------
time=289516
mem_heap_B=5984
mem_heap_extra_B=320
mem_stacks_B=7248
heap_tree=empty
#-----------
snapshot=2
#-----------
time=941922
mem_heap_B=5440
mem_heap_extra_B=304
mem_stacks_B=34128
heap_tree=empty
#-----------
snapshot=3
#-----------
time=1382459
mem_heap_B=5440
mem_heap_extra_B=304
mem_stacks_B=52048
heap_tree=empty
#-----------
snapshot=4
#-----------
time=1977010
mem_heap_B=5984
mem_heap_extra_B=320
mem_stacks_B=77464
heap_tree=empty
#-----------
snapshot=5
#-----------
time=2313122
mem_heap_B=5712
mem_heap_extra_B=312
mem_stacks_B=89336
heap_tree=empty
#-----------
snapshot=6
#-----------
time=2720672
mem_heap_B=5440
mem_heap_extra_B=304
mem_stacks_B=105808
heap_tree=empty
#-----------
snapshot=7
#-----------
time=3336678
mem_heap_B=5712
mem_heap_extra_B=312
mem_stacks_B=130880
heap_tree=empty
#-----------
snapshot=8
#-----------
time=3962948
mem_heap_B=5712
mem_heap_extra_B=312
mem_stacks_B=155896
heap_tree=empty
#-----------
snapshot=9
#-----------
time=4418345
mem_heap_B=5440
mem_heap_extra_B=304
mem_stacks_B=174928
heap_tree=empty
#-----------
snapshot=10
#-----------
time=5068974
mem_heap_B=5984
mem_heap_extra_B=320
mem_stacks_B=202976
heap_tree=detailed
n1: 5984 (heap allocation functions) malloc/new/new[], --alloc-fns, etc.
 n0: 5984 in 5 places, all below massif's threshold (1.00%)
#-----------
snapshot=11
#-----------
time=5801009
mem_heap_B=5984
mem_heap_extra_B=320
mem_stacks_B=232416
heap_tree=detailed
n1: 5984 (heap allocation functions) malloc/new/new[], --alloc-fns, etc.
 n0: 5984 in 5 places, all below massif's threshold (1.00%)
#-----------
snapshot=12
#-----------
time=6309827
mem_heap_B=6528
mem_heap_extra_B=336
mem_stacks_B=253264
heap_tree=detailed
n1: 6528 (heap allocation functions) malloc/new/new[], --alloc-fns, etc.
 n0: 6528 in 5 places, all below massif's threshold (1.00%)
#-----------
snapshot=13
#-----------
time=6935435
mem_heap_B=5440
mem_heap_extra_B=304
mem_stacks_B=275896
heap_tree=empty
#-----------
snapshot=14
#-----------
time=7672593
mem_heap_B=6256
mem_heap_extra_B=328
mem_stacks_B=305816
heap_tree=empty
#-----------
snapshot=15
#-----------
time=8175608
mem_heap_B=5984
mem_heap_extra_B=320
mem_stacks_B=326088
heap_tree=empty
#-----------
snapshot=16
#-----------
time=8878077
mem_heap_B=6528
mem_heap_extra_B=336
mem_stacks_B=356944
heap_tree=detailed
n1: 6528 (heap allocation functions) malloc/new/new[], --alloc-fns, etc.
 n0: 6528 in 5 places, all below massif's threshold (1.00%)
#-----------
snapshot=17
#-----------
time=9476418
mem_heap_B=5440
mem_heap_extra_B=304
mem_stacks_B=380568
heap_tree=empty
#-----------
snapshot=18
#-----------
time=9894524
mem_heap_B=6528
mem_heap_extra_B=336
mem_stacks_B=397856
heap_tree=detailed
n1: 6528 (heap allocation functions) malloc/new/new[], --alloc-fns, etc.
 n0: 6528 in 5 places, all below massif's threshold (1.00%)
#-----------
snapshot=19
#-----------
time=10435746
mem_heap_B=6528
mem_heap_extra_B=336
mem_stacks_B=419616
heap_tree=detailed
n1: 6528 (heap allocation functions) malloc/new/new[], --alloc-fns, etc.
 n0: 6528 in 5 places, all below massif's threshold (1.00%)
#-----------
snapshot=20
#-----------
time=10778373
mem_heap_B=6256
mem_heap_extra_B=328
mem_stacks_B=433536
heap_tree=detailed
n1: 6256 (heap allocation functions) malloc/new/new[], --alloc-fns, etc.
 n0: 6256 in 5 places, all below massif's threshold (1.00%)
#-----------
snapshot=21
#-----------
time=11226467
mem_heap_B=6528
mem_heap_extra_B=336
mem_stacks_B=451616
heap_tree=detailed
n1: 6528 (heap allocation functions) malloc/new/new[], --alloc-fns, etc.
 n0: 6528 in 5 places, all below massif's threshold (1.00%)
#-----------
snapshot=22
#-----------
time=11598549
mem_heap_B=5440
mem_heap_extra_B=304
mem_stacks_B=465016
heap_tree=empty
#-----------
snapshot=23
#-----------
time=12200536
mem_heap_B=5712
mem_heap_extra_B=312
mem_stacks_B=490808
heap_tree=empty
#-----------
snapshot=24
#-----------
time=12582940
mem_heap_B=5984
mem_heap_extra_B=320
mem_stacks_B=504576
heap_tree=empty
#-----------
snapshot=25
#-----------
time=13276539
mem_heap_B=5440
mem_heap_extra_B=304
mem_stacks_B=532048
heap_tree=empty
#-----------
snapshot=26
#-----------
time=13724002
mem_heap_B=5984
mem_heap_extra_B=320
mem_stacks_B=552432
heap_tree=detailed
n1: 5984 (heap allocation functions) malloc/new/new[], --alloc-fns, etc.
 n0: 5984 in 5 places, all below massif's threshold (1.00%)
#-----------
snapshot=27
#-----------
time=14145993
mem_heap_B=6528
mem_heap_extra_B=336
mem_stacks_B=569544
heap_tree=detailed
n1: 6528 (heap allocation functions) malloc/new/new[], --alloc-fns, etc.
 n0: 6528 in 5 places, all below massif's threshold (1.00%)
#-----------
snapshot=28
#-----------
time=14736251
mem_heap_B=5440
mem_heap_extra_B=304
mem_stacks_B=590896
heap_tree=empty
#-----------
snapshot=29
#-----------
time=15371454
mem_heap_B=5440
mem_heap_extra_B=304
mem_stacks_B=616320
heap_tree=empty
#-----------
snapshot=30
#-----------
time=15847024
mem_heap_B=5440
mem_heap_extra_B=304
mem_stacks_B=635688
heap_tree=empty
#-----------
snapshot=31
#-----------
time=16513035
mem_heap_B=5440
mem_heap_extra_B=304
mem_stacks_B=662576
heap_tree=empty
#-----------
snapshot=32
#-----------
time=17207576
mem_heap_B=5440
mem_heap_extra_B=304
mem_stacks_B=690880
heap_tree=empty
#-----------
snapshot=33
#-----------
time=17758655
mem_heap_B=6528
mem_heap_extra_B=336
mem_stacks_B=715136
heap_tree=detailed
n1: 6528 (heap allocation functions) malloc/new/new[], --alloc-fns, etc.
 n0: 6528 in 5 places, all below massif's threshold (1.00%)
#-----------
snapshot=34
#-----------
time=18326109
mem_heap_B=5984
mem_heap_extra_B=320
mem_stacks_B=738024
heap_tree=detailed
n1: 5984 (heap allocation functions) malloc/new/new[], --alloc-fns, etc.
 n0: 5984 in 5 places, all below massif's threshold (1.00%)
#-----------
snapshot=35
#-----------
time=18897833
mem_heap_B=6256
mem_heap_extra_B=328
mem_stacks_B=761056
heap_tree=detailed
n1: 6256 (heap allocation functions) malloc/new/new[], --alloc-fns, etc.
 n0: 6256 in 5 places, all below massif's threshold (1.00%)
#-----------
snapshot=36
#-----------
time=19282527
mem_heap_B=6528
mem_heap_extra_B=336
mem_stacks_B=776896
heap_tree=detailed
n1: 6528 (heap allocation functions) malloc/new/new[], --alloc-fns, etc.
 n0: 6528 in 5 places, all below massif's threshold (1.00%)
#-----------
snapshot=37
#-----------
time=19689734
mem_heap_B=6528
mem_heap_extra_B=336
mem_stacks_B=793216
heap_tree=detailed
n1: 6528 (heap allocation functions) malloc/new/new[], --alloc-fns, etc.
 n0: 6528 in 5 places, all below massif's threshold (1.00%)
#-----------
snapshot=38
#-----------
time=20320349
mem_heap_B=5440
mem_heap_extra_B=304
mem_stacks_B=815880
heap_tree=empty
#-----------
snapshot=39
#-----------
time=20734407
mem_heap_B=6256
mem_heap_extra_B=328
mem_stacks_B=835296
heap_tree=detailed
n1: 6256 (heap allocation functions) malloc/new/new[], --alloc-fns, etc.
 n0: 6256 in 5 places, all below massif's threshold (1.00%)
#-----------
snapshot=40
#-----------
time=21175366
mem_heap_B=5440
mem_heap_extra_B=304
mem_stacks_B=852928
heap_tree=empty
#-----------
snapshot=41
#-----------
time=21841113
mem_heap_B=5440
mem_heap_extra_B=304
mem_stacks_B=879816
heap_tree=empty
#-----------
snapshot=42
#-----------
time=22286868
mem_heap_B=6256
mem_heap_extra_B=328
mem_stacks_B=898176
heap_tree=detailed
n1: 6256 (heap allocation functions) malloc/new/new[], --alloc-fns, etc.
 n0: 6256 in 5 places, all below massif's threshold (1.00%)
#-----------
snapshot=43
#-----------
time=22759276
mem_heap_B=5984
mem_heap_extra_B=320
mem_stacks_B=917056
heap_tree=detailed
n1: 5984 (heap allocation functions) malloc/new/new[], --alloc-fns, etc.
 n0: 5984 in 5 places, all below massif's threshold (1.00%)
#-----------
snapshot=44
#-----------
time=23208136
mem_heap_B=6256
mem_heap_extra_B=328
mem_stacks_B=933336
heap_tree=empty
#-----------
snapshot=45
#-----------
time=23709266
mem_heap_B=5984
mem_heap_extra_B=320
mem_stacks_B=955344
heap_tree=detailed
n1: 5984 (heap allocation functions) malloc/new/new[], --alloc-fns, etc.
 n0: 5984 in 5 places, all below massif's threshold (1.00%)
#-----------
snapshot=46
#-----------
time=24160414
mem_heap_B=6528
mem_heap_extra_B=336
mem_stacks_B=973152
heap_tree=empty
#-----------
snapshot=47
#-----------
time=24663521
mem_heap_B=5984
mem_heap_extra_B=320
mem_stacks_B=994064
heap_tree=empty
#-----------
snapshot=48
#-----------
time=24946020
mem_heap_B=6256
mem_heap_extra_B=328
mem_stacks_B=1005056
heap_tree=detailed
n1: 6256 (heap allocation functions) malloc/new/new[], --alloc-fns, etc.
 n0: 6256 in 5 places, all below massif's threshold (1.00%)
#-----------
snapshot=49
#-----------
time=25167156
mem_heap_B=6256
mem_heap_extra_B=328
mem_stacks_B=1012048
heap_tree=empty
#-----------
snapshot=50
#-----------
time=25192433
mem_heap_B=6256
mem_heap_extra_B=328
mem_stacks_B=1015184
heap_tree=detailed
n1: 6256 (heap allocation functions) malloc/new/new[], --alloc-fns, etc.
 n0: 6256 in 5 places, all below massif's threshold (1.00%)
#-----------
snapshot=51
#-----------
time=25460294
mem_heap_B=5984
mem_heap_extra_B=320
mem_stacks_B=1026016
heap_tree=detailed
n1: 5984 (heap allocation functions) malloc/new/new[], --alloc-fns, etc.
 n0: 5984 in 5 places, all below massif's threshold (1.00%)
#-----------
snapshot=52
#-----------
time=25711790
mem_heap_B=6256
mem_heap_extra_B=328
mem_stacks_B=1036416
heap_tree=detailed
n1: 6256 (heap allocation functions) malloc/new/new[], --alloc-fns, etc.
 n0: 6256 in 5 places, all below massif's threshold (1.00%)
#-----------
snapshot=53
#-----------
time=25969708
mem_heap_B=6528
mem_heap_extra_B=336
mem_stacks_B=1046816
heap_tree=detailed
n1: 6528 (heap allocation functions) malloc/new/new[], --alloc-fns, etc.
 n0: 6528 in 5 places, all below massif's threshold (1.00%)
#-----------
snapshot=54
#-----------
time=26251042
mem_heap_B=5984
mem_heap_extra_B=320
mem_stacks_B=1058016
heap_tree=detailed
n1: 5984 (heap allocation functions) malloc/new/new[], --alloc-fns, etc.
 n0: 5984 in 5 places, all below massif's threshold (1.00%)
#-----------
snapshot=55
#-----------
time=26509126
mem_heap_B=6256
mem_heap_extra_B=328
mem_stacks_B=1068416
heap_tree=detailed
n1: 6256 (heap allocation functions) malloc/new/new[], --alloc-fns, etc.
 n0: 6256 in 5 places, all below massif's threshold (1.00%)
#-----------
snapshot=56
#-----------
time=26791343
mem_heap_B=5984
mem_heap_extra_B=320
mem_stacks_B=1079616
heap_tree=detailed
n1: 5984 (heap allocation functions) malloc/new/new[], --alloc-fns, etc.
 n0: 5984 in 5 places, all below massif's threshold (1.00%)
#-----------
snapshot=57
#-----------
time=27043768
mem_heap_B=6256
mem_heap_extra_B=328
mem_stacks_B=1090224
heap_tree=detailed
n1: 6256 (heap allocation functions) malloc/new/new[], --alloc-fns, etc.
 n0: 6256 in 5 places, all below massif's threshold (1.00%)
#-----------
snapshot=58
#-----------
time=27310421
mem_heap_B=9536
mem_heap_extra_B=312
mem_stacks_B=1098448
heap_tree=peak
n1: 9536 (heap allocation functions) malloc/new/new[], --alloc-fns, etc.
 n0: 9536 in 6 places, all below massif's threshold (1.00%)
