desc: --massif-out-file=valgrind_logs/massif_M32_N32_T8_S0.out --stacks=yes
cmd: ./heated_plate_valgrind 32 32 8 0
time_unit: i
#-----------
snapshot=0
#-----------
time=0
mem_heap_B=0
mem_heap_extra_B=0
mem_stacks_B=0
heap_tree=empty
#-----------
snapshot=1
#-----------
time=3056969
mem_heap_B=19072
mem_heap_extra_B=592
mem_stacks_B=64136
heap_tree=empty
#-----------
snapshot=2
#-----------
time=6062524
mem_heap_B=19072
mem_heap_extra_B=592
mem_stacks_B=127776
heap_tree=detailed
n4: 19072 (heap allocation functions) malloc/new/new[], --alloc-fns, etc.
 n1: 8192 0x109820: heated_plate_pthreads (in /home/billyfu/YatPC/lab6/heated_plate_valgrind)
  n0: 8192 0x109D55: main (in /home/billyfu/YatPC/lab6/heated_plate_valgrind)
 n1: 8192 0x109850: heated_plate_pthreads (in /home/billyfu/YatPC/lab6/heated_plate_valgrind)
  n0: 8192 0x109D55: main (in /home/billyfu/YatPC/lab6/heated_plate_valgrind)
 n1: 2176 0x40145AB: calloc (rtld-malloc.h:44)
  n1: 2176 0x40145AB: allocate_dtv (dl-tls.c:370)
   n1: 2176 0x40145AB: _dl_allocate_tls (dl-tls.c:629)
    n1: 2176 0x4900616: allocate_stack (allocatestack.c:429)
     n1: 2176 0x4900616: pthread_create@@GLIBC_2.34 (pthread_create.c:655)
      n1: 2176 0x48526B6: parallel_for (in /home/billyfu/YatPC/lab6/libparallel_for.so)
       n0: 2176 in 8 places, all below massif's threshold (1.00%)
 n0: 512 in 2 places, all below massif's threshold (1.00%)
#-----------
snapshot=3
#-----------
time=10070083
mem_heap_B=18800
mem_heap_extra_B=584
mem_stacks_B=209536
heap_tree=detailed
n3: 18800 (heap allocation functions) malloc/new/new[], --alloc-fns, etc.
 n1: 8192 0x109820: heated_plate_pthreads (in /home/billyfu/YatPC/lab6/heated_plate_valgrind)
  n0: 8192 0x109D55: main (in /home/billyfu/YatPC/lab6/heated_plate_valgrind)
 n1: 8192 0x109850: heated_plate_pthreads (in /home/billyfu/YatPC/lab6/heated_plate_valgrind)
  n0: 8192 0x109D55: main (in /home/billyfu/YatPC/lab6/heated_plate_valgrind)
 n0: 2416 in 3 places, all below massif's threshold (1.00%)
#-----------
snapshot=4
#-----------
time=13468925
mem_heap_B=19072
mem_heap_extra_B=592
mem_stacks_B=278976
heap_tree=empty
#-----------
snapshot=5
#-----------
time=16012814
mem_heap_B=18800
mem_heap_extra_B=584
mem_stacks_B=330816
heap_tree=detailed
n3: 18800 (heap allocation functions) malloc/new/new[], --alloc-fns, etc.
 n1: 8192 0x109820: heated_plate_pthreads (in /home/billyfu/YatPC/lab6/heated_plate_valgrind)
  n0: 8192 0x109D55: main (in /home/billyfu/YatPC/lab6/heated_plate_valgrind)
 n1: 8192 0x109850: heated_plate_pthreads (in /home/billyfu/YatPC/lab6/heated_plate_valgrind)
  n0: 8192 0x109D55: main (in /home/billyfu/YatPC/lab6/heated_plate_valgrind)
 n0: 2416 in 3 places, all below massif's threshold (1.00%)
#-----------
snapshot=6
#-----------
time=19907365
mem_heap_B=18256
mem_heap_extra_B=568
mem_stacks_B=408056
heap_tree=empty
#-----------
snapshot=7
#-----------
time=23499812
mem_heap_B=19072
mem_heap_extra_B=592
mem_stacks_B=483616
heap_tree=detailed
n3: 19072 (heap allocation functions) malloc/new/new[], --alloc-fns, etc.
 n1: 8192 0x109820: heated_plate_pthreads (in /home/billyfu/YatPC/lab6/heated_plate_valgrind)
  n0: 8192 0x109D55: main (in /home/billyfu/YatPC/lab6/heated_plate_valgrind)
 n1: 8192 0x109850: heated_plate_pthreads (in /home/billyfu/YatPC/lab6/heated_plate_valgrind)
  n0: 8192 0x109D55: main (in /home/billyfu/YatPC/lab6/heated_plate_valgrind)
 n0: 2688 in 3 places, all below massif's threshold (1.00%)
#-----------
snapshot=8
#-----------
time=26742256
mem_heap_B=18528
mem_heap_extra_B=576
mem_stacks_B=549536
heap_tree=detailed
n3: 18528 (heap allocation functions) malloc/new/new[], --alloc-fns, etc.
 n1: 8192 0x109820: heated_plate_pthreads (in /home/billyfu/YatPC/lab6/heated_plate_valgrind)
  n0: 8192 0x109D55: main (in /home/billyfu/YatPC/lab6/heated_plate_valgrind)
 n1: 8192 0x109850: heated_plate_pthreads (in /home/billyfu/YatPC/lab6/heated_plate_valgrind)
  n0: 8192 0x109D55: main (in /home/billyfu/YatPC/lab6/heated_plate_valgrind)
 n0: 2144 in 3 places, all below massif's threshold (1.00%)
#-----------
snapshot=9
#-----------
time=30719808
mem_heap_B=18528
mem_heap_extra_B=576
mem_stacks_B=630496
heap_tree=detailed
n3: 18528 (heap allocation functions) malloc/new/new[], --alloc-fns, etc.
 n1: 8192 0x109820: heated_plate_pthreads (in /home/billyfu/YatPC/lab6/heated_plate_valgrind)
  n0: 8192 0x109D55: main (in /home/billyfu/YatPC/lab6/heated_plate_valgrind)
 n1: 8192 0x109850: heated_plate_pthreads (in /home/billyfu/YatPC/lab6/heated_plate_valgrind)
  n0: 8192 0x109D55: main (in /home/billyfu/YatPC/lab6/heated_plate_valgrind)
 n0: 2144 in 3 places, all below massif's threshold (1.00%)
#-----------
snapshot=10
#-----------
time=33053398
mem_heap_B=18528
mem_heap_extra_B=576
mem_stacks_B=678016
heap_tree=detailed
n3: 18528 (heap allocation functions) malloc/new/new[], --alloc-fns, etc.
 n1: 8192 0x109820: heated_plate_pthreads (in /home/billyfu/YatPC/lab6/heated_plate_valgrind)
  n0: 8192 0x109D55: main (in /home/billyfu/YatPC/lab6/heated_plate_valgrind)
 n1: 8192 0x109850: heated_plate_pthreads (in /home/billyfu/YatPC/lab6/heated_plate_valgrind)
  n0: 8192 0x109D55: main (in /home/billyfu/YatPC/lab6/heated_plate_valgrind)
 n0: 2144 in 3 places, all below massif's threshold (1.00%)
#-----------
snapshot=11
#-----------
time=37062644
mem_heap_B=18800
mem_heap_extra_B=584
mem_stacks_B=759984
heap_tree=detailed
n3: 18800 (heap allocation functions) malloc/new/new[], --alloc-fns, etc.
 n1: 8192 0x109820: heated_plate_pthreads (in /home/billyfu/YatPC/lab6/heated_plate_valgrind)
  n0: 8192 0x109D55: main (in /home/billyfu/YatPC/lab6/heated_plate_valgrind)
 n1: 8192 0x109850: heated_plate_pthreads (in /home/billyfu/YatPC/lab6/heated_plate_valgrind)
  n0: 8192 0x109D55: main (in /home/billyfu/YatPC/lab6/heated_plate_valgrind)
 n0: 2416 in 3 places, all below massif's threshold (1.00%)
#-----------
snapshot=12
#-----------
time=39852800
mem_heap_B=19072
mem_heap_extra_B=592
mem_stacks_B=814376
heap_tree=empty
#-----------
snapshot=13
#-----------
time=43683424
mem_heap_B=17984
mem_heap_extra_B=560
mem_stacks_B=893008
heap_tree=empty
#-----------
snapshot=14
#-----------
time=46062722
mem_heap_B=19072
mem_heap_extra_B=592
mem_stacks_B=943136
heap_tree=detailed
n1: 19072 (heap allocation functions) malloc/new/new[], --alloc-fns, etc.
 n0: 19072 in 5 places, all below massif's threshold (1.00%)
#-----------
snapshot=15
#-----------
time=48557596
mem_heap_B=18800
mem_heap_extra_B=584
mem_stacks_B=994176
heap_tree=detailed
n1: 18800 (heap allocation functions) malloc/new/new[], --alloc-fns, etc.
 n0: 18800 in 5 places, all below massif's threshold (1.00%)
#-----------
snapshot=16
#-----------
time=52147689
mem_heap_B=19072
mem_heap_extra_B=592
mem_stacks_B=1067456
heap_tree=detailed
n1: 19072 (heap allocation functions) malloc/new/new[], --alloc-fns, etc.
 n0: 19072 in 5 places, all below massif's threshold (1.00%)
#-----------
snapshot=17
#-----------
time=54906087
mem_heap_B=18256
mem_heap_extra_B=568
mem_stacks_B=1121328
heap_tree=empty
#-----------
snapshot=18
#-----------
time=57225818
mem_heap_B=18800
mem_heap_extra_B=584
mem_stacks_B=1170816
heap_tree=detailed
n1: 18800 (heap allocation functions) malloc/new/new[], --alloc-fns, etc.
 n0: 18800 in 5 places, all below massif's threshold (1.00%)
#-----------
snapshot=19
#-----------
time=60232290
mem_heap_B=19072
mem_heap_extra_B=592
mem_stacks_B=1231936
heap_tree=detailed
n1: 19072 (heap allocation functions) malloc/new/new[], --alloc-fns, etc.
 n0: 19072 in 5 places, all below massif's threshold (1.00%)
#-----------
snapshot=20
#-----------
time=62822980
mem_heap_B=18528
mem_heap_extra_B=576
mem_stacks_B=1284576
heap_tree=detailed
n1: 18528 (heap allocation functions) malloc/new/new[], --alloc-fns, etc.
 n0: 18528 in 5 places, all below massif's threshold (1.00%)
#-----------
snapshot=21
#-----------
time=66779091
mem_heap_B=18256
mem_heap_extra_B=568
mem_stacks_B=1362600
heap_tree=empty
#-----------
snapshot=22
#-----------
time=69610871
mem_heap_B=18528
mem_heap_extra_B=576
mem_stacks_B=1423024
heap_tree=detailed
n1: 18528 (heap allocation functions) malloc/new/new[], --alloc-fns, etc.
 n0: 18528 in 5 places, all below massif's threshold (1.00%)
#-----------
snapshot=23
#-----------
time=72491295
mem_heap_B=18528
mem_heap_extra_B=576
mem_stacks_B=1480048
heap_tree=empty
#-----------
snapshot=24
#-----------
time=74693583
mem_heap_B=19072
mem_heap_extra_B=592
mem_stacks_B=1524528
heap_tree=empty
#-----------
snapshot=25
#-----------
time=77143966
mem_heap_B=18528
mem_heap_extra_B=576
mem_stacks_B=1576464
heap_tree=detailed
n1: 18528 (heap allocation functions) malloc/new/new[], --alloc-fns, etc.
 n0: 18528 in 5 places, all below massif's threshold (1.00%)
#-----------
snapshot=26
#-----------
time=80219524
mem_heap_B=18800
mem_heap_extra_B=584
mem_stacks_B=1637488
heap_tree=empty
#-----------
snapshot=27
#-----------
time=81848889
mem_heap_B=18256
mem_heap_extra_B=568
mem_stacks_B=1672248
heap_tree=empty
#-----------
snapshot=28
#-----------
time=84373223
mem_heap_B=19072
mem_heap_extra_B=592
mem_stacks_B=1721896
heap_tree=empty
#-----------
snapshot=29
#-----------
time=87181456
mem_heap_B=18528
mem_heap_extra_B=576
mem_stacks_B=1781216
heap_tree=detailed
n1: 18528 (heap allocation functions) malloc/new/new[], --alloc-fns, etc.
 n0: 18528 in 5 places, all below massif's threshold (1.00%)
#-----------
snapshot=30
#-----------
time=89655305
mem_heap_B=17984
mem_heap_extra_B=560
mem_stacks_B=1829600
heap_tree=empty
#-----------
snapshot=31
#-----------
time=93343831
mem_heap_B=18256
mem_heap_extra_B=568
mem_stacks_B=1904688
heap_tree=empty
#-----------
snapshot=32
#-----------
time=95480926
mem_heap_B=19072
mem_heap_extra_B=592
mem_stacks_B=1950544
heap_tree=detailed
n1: 19072 (heap allocation functions) malloc/new/new[], --alloc-fns, etc.
 n0: 19072 in 5 places, all below massif's threshold (1.00%)
#-----------
snapshot=33
#-----------
time=99130954
mem_heap_B=19072
mem_heap_extra_B=592
mem_stacks_B=2022928
heap_tree=empty
#-----------
snapshot=34
#-----------
time=101488359
mem_heap_B=18800
mem_heap_extra_B=584
mem_stacks_B=2073216
heap_tree=detailed
n1: 18800 (heap allocation functions) malloc/new/new[], --alloc-fns, etc.
 n0: 18800 in 5 places, all below massif's threshold (1.00%)
#-----------
snapshot=35
#-----------
time=103200871
mem_heap_B=17984
mem_heap_extra_B=560
mem_stacks_B=2105984
heap_tree=empty
#-----------
snapshot=36
#-----------
time=105670236
mem_heap_B=18800
mem_heap_extra_B=584
mem_stacks_B=2158496
heap_tree=detailed
n1: 18800 (heap allocation functions) malloc/new/new[], --alloc-fns, etc.
 n0: 18800 in 5 places, all below massif's threshold (1.00%)
#-----------
snapshot=37
#-----------
time=108964363
mem_heap_B=18800
mem_heap_extra_B=584
mem_stacks_B=2225536
heap_tree=detailed
n1: 18800 (heap allocation functions) malloc/new/new[], --alloc-fns, etc.
 n0: 18800 in 5 places, all below massif's threshold (1.00%)
#-----------
snapshot=38
#-----------
time=112342681
mem_heap_B=18528
mem_heap_extra_B=576
mem_stacks_B=2294496
heap_tree=detailed
n1: 18528 (heap allocation functions) malloc/new/new[], --alloc-fns, etc.
 n0: 18528 in 5 places, all below massif's threshold (1.00%)
#-----------
snapshot=39
#-----------
time=114643742
mem_heap_B=18256
mem_heap_extra_B=568
mem_stacks_B=2341696
heap_tree=detailed
n1: 18256 (heap allocation functions) malloc/new/new[], --alloc-fns, etc.
 n0: 18256 in 5 places, all below massif's threshold (1.00%)
#-----------
snapshot=40
#-----------
time=116985757
mem_heap_B=18800
mem_heap_extra_B=584
mem_stacks_B=2389376
heap_tree=detailed
n1: 18800 (heap allocation functions) malloc/new/new[], --alloc-fns, etc.
 n0: 18800 in 5 places, all below massif's threshold (1.00%)
#-----------
snapshot=41
#-----------
time=119257166
mem_heap_B=19072
mem_heap_extra_B=592
mem_stacks_B=2433808
heap_tree=empty
#-----------
snapshot=42
#-----------
time=123065033
mem_heap_B=18528
mem_heap_extra_B=576
mem_stacks_B=2513376
heap_tree=detailed
n1: 18528 (heap allocation functions) malloc/new/new[], --alloc-fns, etc.
 n0: 18528 in 5 places, all below massif's threshold (1.00%)
#-----------
snapshot=43
#-----------
time=125560647
mem_heap_B=18528
mem_heap_extra_B=576
mem_stacks_B=2564576
heap_tree=detailed
n1: 18528 (heap allocation functions) malloc/new/new[], --alloc-fns, etc.
 n0: 18528 in 5 places, all below massif's threshold (1.00%)
#-----------
snapshot=44
#-----------
time=129221507
mem_heap_B=19072
mem_heap_extra_B=592
mem_stacks_B=2637168
heap_tree=empty
#-----------
snapshot=45
#-----------
time=131803491
mem_heap_B=17984
mem_heap_extra_B=560
mem_stacks_B=2690128
heap_tree=empty
#-----------
snapshot=46
#-----------
time=133411396
mem_heap_B=18528
mem_heap_extra_B=576
mem_stacks_B=2724576
heap_tree=detailed
n1: 18528 (heap allocation functions) malloc/new/new[], --alloc-fns, etc.
 n0: 18528 in 5 places, all below massif's threshold (1.00%)
#-----------
snapshot=47
#-----------
time=135817330
mem_heap_B=19072
mem_heap_extra_B=592
mem_stacks_B=2771496
heap_tree=empty
#-----------
snapshot=48
#-----------
time=137490386
mem_heap_B=18800
mem_heap_extra_B=584
mem_stacks_B=2807936
heap_tree=detailed
n1: 18800 (heap allocation functions) malloc/new/new[], --alloc-fns, etc.
 n0: 18800 in 5 places, all below massif's threshold (1.00%)
#-----------
snapshot=49
#-----------
time=138566841
mem_heap_B=17984
mem_heap_extra_B=560
mem_stacks_B=2827896
heap_tree=empty
#-----------
snapshot=50
#-----------
time=138877232
mem_heap_B=19072
mem_heap_extra_B=592
mem_stacks_B=2836256
heap_tree=detailed
n1: 19072 (heap allocation functions) malloc/new/new[], --alloc-fns, etc.
 n0: 19072 in 5 places, all below massif's threshold (1.00%)
#-----------
snapshot=51
#-----------
time=140302060
mem_heap_B=18800
mem_heap_extra_B=584
mem_stacks_B=2865376
heap_tree=detailed
n1: 18800 (heap allocation functions) malloc/new/new[], --alloc-fns, etc.
 n0: 18800 in 5 places, all below massif's threshold (1.00%)
#-----------
snapshot=52
#-----------
time=141704135
mem_heap_B=19072
mem_heap_extra_B=592
mem_stacks_B=2894016
heap_tree=detailed
n1: 19072 (heap allocation functions) malloc/new/new[], --alloc-fns, etc.
 n0: 19072 in 5 places, all below massif's threshold (1.00%)
#-----------
snapshot=53
#-----------
time=143142029
mem_heap_B=19072
mem_heap_extra_B=592
mem_stacks_B=2923296
heap_tree=detailed
n1: 19072 (heap allocation functions) malloc/new/new[], --alloc-fns, etc.
 n0: 19072 in 5 places, all below massif's threshold (1.00%)
#-----------
snapshot=54
#-----------
time=144570497
mem_heap_B=19072
mem_heap_extra_B=592
mem_stacks_B=2952736
heap_tree=detailed
n1: 19072 (heap allocation functions) malloc/new/new[], --alloc-fns, etc.
 n0: 19072 in 5 places, all below massif's threshold (1.00%)
#-----------
snapshot=55
#-----------
time=146064032
mem_heap_B=18528
mem_heap_extra_B=576
mem_stacks_B=2983136
heap_tree=detailed
n1: 18528 (heap allocation functions) malloc/new/new[], --alloc-fns, etc.
 n0: 18528 in 5 places, all below massif's threshold (1.00%)
#-----------
snapshot=56
#-----------
time=147529713
mem_heap_B=19072
mem_heap_extra_B=592
mem_stacks_B=3012896
heap_tree=detailed
n1: 19072 (heap allocation functions) malloc/new/new[], --alloc-fns, etc.
 n0: 19072 in 5 places, all below massif's threshold (1.00%)
#-----------
snapshot=57
#-----------
time=149029285
mem_heap_B=18800
mem_heap_extra_B=584
mem_stacks_B=3043504
heap_tree=detailed
n1: 18800 (heap allocation functions) malloc/new/new[], --alloc-fns, etc.
 n0: 18800 in 5 places, all below massif's threshold (1.00%)
#-----------
snapshot=58
#-----------
time=150533948
mem_heap_B=18800
mem_heap_extra_B=584
mem_stacks_B=3074176
heap_tree=detailed
n1: 18800 (heap allocation functions) malloc/new/new[], --alloc-fns, etc.
 n0: 18800 in 5 places, all below massif's threshold (1.00%)
#-----------
snapshot=59
#-----------
time=152077924
mem_heap_B=18256
mem_heap_extra_B=568
mem_stacks_B=3105856
heap_tree=detailed
n1: 18256 (heap allocation functions) malloc/new/new[], --alloc-fns, etc.
 n0: 18256 in 5 places, all below massif's threshold (1.00%)
#-----------
snapshot=60
#-----------
time=153596005
mem_heap_B=19072
mem_heap_extra_B=592
mem_stacks_B=3136504
heap_tree=detailed
n1: 19072 (heap allocation functions) malloc/new/new[], --alloc-fns, etc.
 n0: 19072 in 5 places, all below massif's threshold (1.00%)
#-----------
snapshot=61
#-----------
time=155163291
mem_heap_B=18528
mem_heap_extra_B=576
mem_stacks_B=3168736
heap_tree=detailed
n1: 18528 (heap allocation functions) malloc/new/new[], --alloc-fns, etc.
 n0: 18528 in 5 places, all below massif's threshold (1.00%)
#-----------
snapshot=62
#-----------
time=156735648
mem_heap_B=18528
mem_heap_extra_B=576
mem_stacks_B=3200736
heap_tree=detailed
n1: 18528 (heap allocation functions) malloc/new/new[], --alloc-fns, etc.
 n0: 18528 in 5 places, all below massif's threshold (1.00%)
#-----------
snapshot=63
#-----------
time=158296427
mem_heap_B=18800
mem_heap_extra_B=584
mem_stacks_B=3232896
heap_tree=detailed
n1: 18800 (heap allocation functions) malloc/new/new[], --alloc-fns, etc.
 n0: 18800 in 5 places, all below massif's threshold (1.00%)
#-----------
snapshot=64
#-----------
time=159904351
mem_heap_B=17984
mem_heap_extra_B=560
mem_stacks_B=3263096
heap_tree=empty
#-----------
snapshot=65
#-----------
time=159933722
mem_heap_B=18528
mem_heap_extra_B=576
mem_stacks_B=3266016
heap_tree=detailed
n1: 18528 (heap allocation functions) malloc/new/new[], --alloc-fns, etc.
 n0: 18528 in 5 places, all below massif's threshold (1.00%)
#-----------
snapshot=66
#-----------
time=161499860
mem_heap_B=19072
mem_heap_extra_B=592
mem_stacks_B=3298336
heap_tree=detailed
n1: 19072 (heap allocation functions) malloc/new/new[], --alloc-fns, etc.
 n0: 19072 in 5 places, all below massif's threshold (1.00%)
#-----------
snapshot=67
#-----------
time=163108266
mem_heap_B=17984
mem_heap_extra_B=560
mem_stacks_B=3328848
heap_tree=empty
#-----------
snapshot=68
#-----------
time=163143185
mem_heap_B=19072
mem_heap_extra_B=592
mem_stacks_B=3331616
heap_tree=detailed
n1: 19072 (heap allocation functions) malloc/new/new[], --alloc-fns, etc.
 n0: 19072 in 5 places, all below massif's threshold (1.00%)
#-----------
snapshot=69
#-----------
time=164752075
mem_heap_B=18256
mem_heap_extra_B=568
mem_stacks_B=3362608
heap_tree=empty
#-----------
snapshot=70
#-----------
time=164823686
mem_heap_B=18528
mem_heap_extra_B=576
mem_stacks_B=3365856
heap_tree=detailed
n1: 18528 (heap allocation functions) malloc/new/new[], --alloc-fns, etc.
 n0: 18528 in 5 places, all below massif's threshold (1.00%)
#-----------
snapshot=71
#-----------
time=166431706
mem_heap_B=17984
mem_heap_extra_B=560
mem_stacks_B=3397008
heap_tree=empty
#-----------
snapshot=72
#-----------
time=166468313
mem_heap_B=19072
mem_heap_extra_B=592
mem_stacks_B=3399456
heap_tree=detailed
n1: 19072 (heap allocation functions) malloc/new/new[], --alloc-fns, etc.
 n0: 19072 in 5 places, all below massif's threshold (1.00%)
#-----------
snapshot=73
#-----------
time=168077109
mem_heap_B=18528
mem_heap_extra_B=576
mem_stacks_B=3430768
heap_tree=empty
#-----------
snapshot=74
#-----------
time=168158397
mem_heap_B=19072
mem_heap_extra_B=592
mem_stacks_B=3434016
heap_tree=detailed
n1: 19072 (heap allocation functions) malloc/new/new[], --alloc-fns, etc.
 n0: 19072 in 5 places, all below massif's threshold (1.00%)
#-----------
snapshot=75
#-----------
time=169766999
mem_heap_B=18528
mem_heap_extra_B=576
mem_stacks_B=3465168
heap_tree=empty
#-----------
snapshot=76
#-----------
time=169895313
mem_heap_B=18256
mem_heap_extra_B=568
mem_stacks_B=3469424
heap_tree=detailed
n1: 18256 (heap allocation functions) malloc/new/new[], --alloc-fns, etc.
 n0: 18256 in 5 places, all below massif's threshold (1.00%)
#-----------
snapshot=77
#-----------
time=171503754
mem_heap_B=17984
mem_heap_extra_B=560
mem_stacks_B=3500528
heap_tree=empty
#-----------
snapshot=78
#-----------
time=171596833
mem_heap_B=18528
mem_heap_extra_B=576
mem_stacks_B=3504096
heap_tree=detailed
n1: 18528 (heap allocation functions) malloc/new/new[], --alloc-fns, etc.
 n0: 18528 in 5 places, all below massif's threshold (1.00%)
#-----------
snapshot=79
#-----------
time=173205808
mem_heap_B=17984
mem_heap_extra_B=560
mem_stacks_B=3535248
heap_tree=empty
#-----------
snapshot=80
#-----------
time=173303886
mem_heap_B=19072
mem_heap_extra_B=592
mem_stacks_B=3538976
heap_tree=detailed
n1: 19072 (heap allocation functions) malloc/new/new[], --alloc-fns, etc.
 n0: 19072 in 5 places, all below massif's threshold (1.00%)
#-----------
snapshot=81
#-----------
time=174911999
mem_heap_B=17984
mem_heap_extra_B=560
mem_stacks_B=3569968
heap_tree=empty
#-----------
snapshot=82
#-----------
time=175050591
mem_heap_B=19072
mem_heap_extra_B=592
mem_stacks_B=3574816
heap_tree=detailed
n1: 19072 (heap allocation functions) malloc/new/new[], --alloc-fns, etc.
 n0: 19072 in 5 places, all below massif's threshold (1.00%)
#-----------
snapshot=83
#-----------
time=176658506
mem_heap_B=17984
mem_heap_extra_B=560
mem_stacks_B=3605408
heap_tree=empty
#-----------
snapshot=84
#-----------
time=176873498
mem_heap_B=18528
mem_heap_extra_B=576
mem_stacks_B=3611616
heap_tree=detailed
n1: 18528 (heap allocation functions) malloc/new/new[], --alloc-fns, etc.
 n0: 18528 in 5 places, all below massif's threshold (1.00%)
#-----------
snapshot=85
#-----------
time=178482085
mem_heap_B=17984
mem_heap_extra_B=560
mem_stacks_B=3642768
heap_tree=empty
#-----------
snapshot=86
#-----------
time=178625159
mem_heap_B=18800
mem_heap_extra_B=584
mem_stacks_B=3647664
heap_tree=detailed
n1: 18800 (heap allocation functions) malloc/new/new[], --alloc-fns, etc.
 n0: 18800 in 5 places, all below massif's threshold (1.00%)
#-----------
snapshot=87
#-----------
time=180233074
mem_heap_B=19072
mem_heap_extra_B=592
mem_stacks_B=3677688
heap_tree=empty
#-----------
snapshot=88
#-----------
time=180453941
mem_heap_B=18528
mem_heap_extra_B=576
mem_stacks_B=3684624
heap_tree=detailed
n1: 18528 (heap allocation functions) malloc/new/new[], --alloc-fns, etc.
 n0: 18528 in 5 places, all below massif's threshold (1.00%)
#-----------
snapshot=89
#-----------
time=182062568
mem_heap_B=17984
mem_heap_extra_B=560
mem_stacks_B=3715728
heap_tree=empty
#-----------
snapshot=90
#-----------
time=182270257
mem_heap_B=18528
mem_heap_extra_B=576
mem_stacks_B=3721696
heap_tree=detailed
n1: 18528 (heap allocation functions) malloc/new/new[], --alloc-fns, etc.
 n0: 18528 in 5 places, all below massif's threshold (1.00%)
#-----------
snapshot=91
#-----------
time=183878349
mem_heap_B=17984
mem_heap_extra_B=560
mem_stacks_B=3752688
heap_tree=empty
#-----------
snapshot=92
#-----------
time=184095133
mem_heap_B=19072
mem_heap_extra_B=592
mem_stacks_B=3759136
heap_tree=detailed
n1: 19072 (heap allocation functions) malloc/new/new[], --alloc-fns, etc.
 n0: 19072 in 5 places, all below massif's threshold (1.00%)
#-----------
snapshot=93
#-----------
time=185703044
mem_heap_B=17984
mem_heap_extra_B=560
mem_stacks_B=3789648
heap_tree=empty
#-----------
snapshot=94
#-----------
time=185965041
mem_heap_B=19072
mem_heap_extra_B=592
mem_stacks_B=3797056
heap_tree=detailed
n1: 19072 (heap allocation functions) malloc/new/new[], --alloc-fns, etc.
 n0: 19072 in 5 places, all below massif's threshold (1.00%)
#-----------
snapshot=95
#-----------
time=187574567
mem_heap_B=19072
mem_heap_extra_B=592
mem_stacks_B=3827496
heap_tree=empty
#-----------
snapshot=96
#-----------
time=187858266
mem_heap_B=18800
mem_heap_extra_B=584
mem_stacks_B=3835776
heap_tree=peak
n1: 18800 (heap allocation functions) malloc/new/new[], --alloc-fns, etc.
 n0: 18800 in 5 places, all below massif's threshold (1.00%)
