desc: --massif-out-file=valgrind_logs/massif_M8_N8_T8_S1.out --stacks=yes
cmd: ./heated_plate_valgrind 8 8 8 1
time_unit: i
#-----------
snapshot=0
#-----------
time=0
mem_heap_B=0
mem_heap_extra_B=0
mem_stacks_B=0
heap_tree=empty
#-----------
snapshot=1
#-----------
time=64061
mem_heap_B=0
mem_heap_extra_B=0
mem_stacks_B=5768
heap_tree=empty
#-----------
snapshot=2
#-----------
time=131288
mem_heap_B=0
mem_heap_extra_B=0
mem_stacks_B=1528
heap_tree=empty
#-----------
snapshot=3
#-----------
time=220332
mem_heap_B=2784
mem_heap_extra_B=192
mem_stacks_B=5864
heap_tree=detailed
n4: 2784 (heap allocation functions) malloc/new/new[], --alloc-fns, etc.
 n1: 1632 0x40145AB: calloc (rtld-malloc.h:44)
  n1: 1632 0x40145AB: allocate_dtv (dl-tls.c:370)
   n1: 1632 0x40145AB: _dl_allocate_tls (dl-tls.c:629)
    n1: 1632 0x4900616: allocate_stack (allocatestack.c:429)
     n1: 1632 0x4900616: pthread_create@@GLIBC_2.34 (pthread_create.c:655)
      n2: 1632 0x48528D8: parallel_for (in /home/billyfu/YatPC/lab6/libparallel_for.so)
       n1: 1088 0x1098BA: heated_plate_pthreads (in /home/billyfu/YatPC/lab6/heated_plate_valgrind)
        n0: 1088 0x109D55: main (in /home/billyfu/YatPC/lab6/heated_plate_valgrind)
       n1: 544 0x1098FD: heated_plate_pthreads (in /home/billyfu/YatPC/lab6/heated_plate_valgrind)
        n0: 544 0x109D55: main (in /home/billyfu/YatPC/lab6/heated_plate_valgrind)
 n1: 512 0x109820: heated_plate_pthreads (in /home/billyfu/YatPC/lab6/heated_plate_valgrind)
  n0: 512 0x109D55: main (in /home/billyfu/YatPC/lab6/heated_plate_valgrind)
 n1: 512 0x109850: heated_plate_pthreads (in /home/billyfu/YatPC/lab6/heated_plate_valgrind)
  n0: 512 0x109D55: main (in /home/billyfu/YatPC/lab6/heated_plate_valgrind)
 n0: 128 in 2 places, all below massif's threshold (1.00%)
#-----------
snapshot=4
#-----------
time=333579
mem_heap_B=2784
mem_heap_extra_B=192
mem_stacks_B=10072
heap_tree=empty
#-----------
snapshot=5
#-----------
time=444737
mem_heap_B=2240
mem_heap_extra_B=176
mem_stacks_B=16016
heap_tree=empty
#-----------
snapshot=6
#-----------
time=510750
mem_heap_B=2240
mem_heap_extra_B=176
mem_stacks_B=20048
heap_tree=empty
#-----------
snapshot=7
#-----------
time=602867
mem_heap_B=2240
mem_heap_extra_B=176
mem_stacks_B=24696
heap_tree=empty
#-----------
snapshot=8
#-----------
time=715377
mem_heap_B=3328
mem_heap_extra_B=208
mem_stacks_B=31040
heap_tree=empty
#-----------
snapshot=9
#-----------
time=784670
mem_heap_B=3328
mem_heap_extra_B=208
mem_stacks_B=34728
heap_tree=empty
#-----------
snapshot=10
#-----------
time=851417
mem_heap_B=3328
mem_heap_extra_B=208
mem_stacks_B=40576
heap_tree=detailed
n4: 3328 (heap allocation functions) malloc/new/new[], --alloc-fns, etc.
 n1: 2176 0x40145AB: calloc (rtld-malloc.h:44)
  n1: 2176 0x40145AB: allocate_dtv (dl-tls.c:370)
   n1: 2176 0x40145AB: _dl_allocate_tls (dl-tls.c:629)
    n1: 2176 0x4900616: allocate_stack (allocatestack.c:429)
     n1: 2176 0x4900616: pthread_create@@GLIBC_2.34 (pthread_create.c:655)
      n3: 2176 0x48528D8: parallel_for (in /home/billyfu/YatPC/lab6/libparallel_for.so)
       n1: 1088 0x109AE1: heated_plate_pthreads (in /home/billyfu/YatPC/lab6/heated_plate_valgrind)
        n0: 1088 0x109D55: main (in /home/billyfu/YatPC/lab6/heated_plate_valgrind)
       n1: 1088 0x109B4B: heated_plate_pthreads (in /home/billyfu/YatPC/lab6/heated_plate_valgrind)
        n0: 1088 0x109D55: main (in /home/billyfu/YatPC/lab6/heated_plate_valgrind)
       n0: 0 in 6 places, all below massif's threshold (1.00%)
 n1: 512 0x109820: heated_plate_pthreads (in /home/billyfu/YatPC/lab6/heated_plate_valgrind)
  n0: 512 0x109D55: main (in /home/billyfu/YatPC/lab6/heated_plate_valgrind)
 n1: 512 0x109850: heated_plate_pthreads (in /home/billyfu/YatPC/lab6/heated_plate_valgrind)
  n0: 512 0x109D55: main (in /home/billyfu/YatPC/lab6/heated_plate_valgrind)
 n0: 128 in 2 places, all below massif's threshold (1.00%)
#-----------
snapshot=11
#-----------
time=964988
mem_heap_B=2784
mem_heap_extra_B=192
mem_stacks_B=46656
heap_tree=detailed
n4: 2784 (heap allocation functions) malloc/new/new[], --alloc-fns, etc.
 n1: 1632 0x40145AB: calloc (rtld-malloc.h:44)
  n1: 1632 0x40145AB: allocate_dtv (dl-tls.c:370)
   n1: 1632 0x40145AB: _dl_allocate_tls (dl-tls.c:629)
    n1: 1632 0x4900616: allocate_stack (allocatestack.c:429)
     n1: 1632 0x4900616: pthread_create@@GLIBC_2.34 (pthread_create.c:655)
      n3: 1632 0x48528D8: parallel_for (in /home/billyfu/YatPC/lab6/libparallel_for.so)
       n1: 1088 0x109A9E: heated_plate_pthreads (in /home/billyfu/YatPC/lab6/heated_plate_valgrind)
        n0: 1088 0x109D55: main (in /home/billyfu/YatPC/lab6/heated_plate_valgrind)
       n1: 544 0x109AE1: heated_plate_pthreads (in /home/billyfu/YatPC/lab6/heated_plate_valgrind)
        n0: 544 0x109D55: main (in /home/billyfu/YatPC/lab6/heated_plate_valgrind)
       n0: 0 in 6 places, all below massif's threshold (1.00%)
 n1: 512 0x109820: heated_plate_pthreads (in /home/billyfu/YatPC/lab6/heated_plate_valgrind)
  n0: 512 0x109D55: main (in /home/billyfu/YatPC/lab6/heated_plate_valgrind)
 n1: 512 0x109850: heated_plate_pthreads (in /home/billyfu/YatPC/lab6/heated_plate_valgrind)
  n0: 512 0x109D55: main (in /home/billyfu/YatPC/lab6/heated_plate_valgrind)
 n0: 128 in 2 places, all below massif's threshold (1.00%)
#-----------
snapshot=12
#-----------
time=1052601
mem_heap_B=2240
mem_heap_extra_B=176
mem_stacks_B=49424
heap_tree=empty
#-----------
snapshot=13
#-----------
time=1130239
mem_heap_B=2784
mem_heap_extra_B=192
mem_stacks_B=55992
heap_tree=detailed
n2: 2784 (heap allocation functions) malloc/new/new[], --alloc-fns, etc.
 n1: 1632 0x40145AB: calloc (rtld-malloc.h:44)
  n1: 1632 0x40145AB: allocate_dtv (dl-tls.c:370)
   n1: 1632 0x40145AB: _dl_allocate_tls (dl-tls.c:629)
    n1: 1632 0x4900616: allocate_stack (allocatestack.c:429)
     n1: 1632 0x4900616: pthread_create@@GLIBC_2.34 (pthread_create.c:655)
      n2: 1632 0x48528D8: parallel_for (in /home/billyfu/YatPC/lab6/libparallel_for.so)
       n1: 1088 0x109AE1: heated_plate_pthreads (in /home/billyfu/YatPC/lab6/heated_plate_valgrind)
        n0: 1088 0x109D55: main (in /home/billyfu/YatPC/lab6/heated_plate_valgrind)
       n0: 544 in 7 places, all below massif's threshold (1.00%)
 n0: 1152 in 4 places, all below massif's threshold (1.00%)
#-----------
snapshot=14
#-----------
time=1192950
mem_heap_B=2240
mem_heap_extra_B=176
mem_stacks_B=57024
heap_tree=empty
#-----------
snapshot=15
#-----------
time=1272440
mem_heap_B=3328
mem_heap_extra_B=208
mem_stacks_B=63616
heap_tree=detailed
n2: 3328 (heap allocation functions) malloc/new/new[], --alloc-fns, etc.
 n1: 2176 0x40145AB: calloc (rtld-malloc.h:44)
  n1: 2176 0x40145AB: allocate_dtv (dl-tls.c:370)
   n1: 2176 0x40145AB: _dl_allocate_tls (dl-tls.c:629)
    n1: 2176 0x4900616: allocate_stack (allocatestack.c:429)
     n1: 2176 0x4900616: pthread_create@@GLIBC_2.34 (pthread_create.c:655)
      n3: 2176 0x48528D8: parallel_for (in /home/billyfu/YatPC/lab6/libparallel_for.so)
       n1: 1088 0x109AE1: heated_plate_pthreads (in /home/billyfu/YatPC/lab6/heated_plate_valgrind)
        n0: 1088 0x109D55: main (in /home/billyfu/YatPC/lab6/heated_plate_valgrind)
       n1: 1088 0x109B4B: heated_plate_pthreads (in /home/billyfu/YatPC/lab6/heated_plate_valgrind)
        n0: 1088 0x109D55: main (in /home/billyfu/YatPC/lab6/heated_plate_valgrind)
       n0: 0 in 6 places, all below massif's threshold (1.00%)
 n0: 1152 in 4 places, all below massif's threshold (1.00%)
#-----------
snapshot=16
#-----------
time=1377456
mem_heap_B=2240
mem_heap_extra_B=176
mem_stacks_B=67056
heap_tree=empty
#-----------
snapshot=17
#-----------
time=1459312
mem_heap_B=3056
mem_heap_extra_B=200
mem_stacks_B=73856
heap_tree=detailed
n2: 3056 (heap allocation functions) malloc/new/new[], --alloc-fns, etc.
 n1: 1904 0x40145AB: calloc (rtld-malloc.h:44)
  n1: 1904 0x40145AB: allocate_dtv (dl-tls.c:370)
   n1: 1904 0x40145AB: _dl_allocate_tls (dl-tls.c:629)
    n1: 1904 0x4900616: allocate_stack (allocatestack.c:429)
     n1: 1904 0x4900616: pthread_create@@GLIBC_2.34 (pthread_create.c:655)
      n3: 1904 0x48528D8: parallel_for (in /home/billyfu/YatPC/lab6/libparallel_for.so)
       n1: 1088 0x109A9E: heated_plate_pthreads (in /home/billyfu/YatPC/lab6/heated_plate_valgrind)
        n0: 1088 0x109D55: main (in /home/billyfu/YatPC/lab6/heated_plate_valgrind)
       n1: 816 0x109AE1: heated_plate_pthreads (in /home/billyfu/YatPC/lab6/heated_plate_valgrind)
        n0: 816 0x109D55: main (in /home/billyfu/YatPC/lab6/heated_plate_valgrind)
       n0: 0 in 6 places, all below massif's threshold (1.00%)
 n0: 1152 in 4 places, all below massif's threshold (1.00%)
#-----------
snapshot=18
#-----------
time=1571744
mem_heap_B=2240
mem_heap_extra_B=176
mem_stacks_B=78072
heap_tree=empty
#-----------
snapshot=19
#-----------
time=1644187
mem_heap_B=2784
mem_heap_extra_B=192
mem_stacks_B=83928
heap_tree=empty
#-----------
snapshot=20
#-----------
time=1740119
mem_heap_B=3056
mem_heap_extra_B=200
mem_stacks_B=89216
heap_tree=detailed
n2: 3056 (heap allocation functions) malloc/new/new[], --alloc-fns, etc.
 n1: 1904 0x40145AB: calloc (rtld-malloc.h:44)
  n1: 1904 0x40145AB: allocate_dtv (dl-tls.c:370)
   n1: 1904 0x40145AB: _dl_allocate_tls (dl-tls.c:629)
    n1: 1904 0x4900616: allocate_stack (allocatestack.c:429)
     n1: 1904 0x4900616: pthread_create@@GLIBC_2.34 (pthread_create.c:655)
      n2: 1904 0x48528D8: parallel_for (in /home/billyfu/YatPC/lab6/libparallel_for.so)
       n1: 1088 0x109A9E: heated_plate_pthreads (in /home/billyfu/YatPC/lab6/heated_plate_valgrind)
        n0: 1088 0x109D55: main (in /home/billyfu/YatPC/lab6/heated_plate_valgrind)
       n0: 816 in 7 places, all below massif's threshold (1.00%)
 n0: 1152 in 4 places, all below massif's threshold (1.00%)
#-----------
snapshot=21
#-----------
time=1854604
mem_heap_B=3328
mem_heap_extra_B=208
mem_stacks_B=93128
heap_tree=empty
#-----------
snapshot=22
#-----------
time=1924552
mem_heap_B=3056
mem_heap_extra_B=200
mem_stacks_B=99136
heap_tree=detailed
n2: 3056 (heap allocation functions) malloc/new/new[], --alloc-fns, etc.
 n1: 1904 0x40145AB: calloc (rtld-malloc.h:44)
  n1: 1904 0x40145AB: allocate_dtv (dl-tls.c:370)
   n1: 1904 0x40145AB: _dl_allocate_tls (dl-tls.c:629)
    n1: 1904 0x4900616: allocate_stack (allocatestack.c:429)
     n1: 1904 0x4900616: pthread_create@@GLIBC_2.34 (pthread_create.c:655)
      n2: 1904 0x48528D8: parallel_for (in /home/billyfu/YatPC/lab6/libparallel_for.so)
       n1: 1088 0x109B4B: heated_plate_pthreads (in /home/billyfu/YatPC/lab6/heated_plate_valgrind)
        n0: 1088 0x109D55: main (in /home/billyfu/YatPC/lab6/heated_plate_valgrind)
       n0: 816 in 7 places, all below massif's threshold (1.00%)
 n0: 1152 in 4 places, all below massif's threshold (1.00%)
#-----------
snapshot=23
#-----------
time=1989807
mem_heap_B=2240
mem_heap_extra_B=176
mem_stacks_B=100536
heap_tree=empty
#-----------
snapshot=24
#-----------
time=2091141
mem_heap_B=3056
mem_heap_extra_B=200
mem_stacks_B=106136
heap_tree=empty
#-----------
snapshot=25
#-----------
time=2162583
mem_heap_B=3328
mem_heap_extra_B=208
mem_stacks_B=109840
heap_tree=empty
#-----------
snapshot=26
#-----------
time=2274874
mem_heap_B=2784
mem_heap_extra_B=192
mem_stacks_B=118344
heap_tree=detailed
n2: 2784 (heap allocation functions) malloc/new/new[], --alloc-fns, etc.
 n1: 1632 0x40145AB: calloc (rtld-malloc.h:44)
  n1: 1632 0x40145AB: allocate_dtv (dl-tls.c:370)
   n1: 1632 0x40145AB: _dl_allocate_tls (dl-tls.c:629)
    n1: 1632 0x4900616: allocate_stack (allocatestack.c:429)
     n1: 1632 0x4900616: pthread_create@@GLIBC_2.34 (pthread_create.c:655)
      n1: 1632 0x48528D8: parallel_for (in /home/billyfu/YatPC/lab6/libparallel_for.so)
       n0: 1632 in 8 places, all below massif's threshold (1.00%)
 n0: 1152 in 4 places, all below massif's threshold (1.00%)
#-----------
snapshot=27
#-----------
time=2324791
mem_heap_B=3328
mem_heap_extra_B=208
mem_stacks_B=118584
heap_tree=empty
#-----------
snapshot=28
#-----------
time=2397015
mem_heap_B=3328
mem_heap_extra_B=208
mem_stacks_B=124664
heap_tree=empty
#-----------
snapshot=29
#-----------
time=2485726
mem_heap_B=2784
mem_heap_extra_B=192
mem_stacks_B=129904
heap_tree=detailed
n2: 2784 (heap allocation functions) malloc/new/new[], --alloc-fns, etc.
 n1: 1632 0x40145AB: calloc (rtld-malloc.h:44)
  n1: 1632 0x40145AB: allocate_dtv (dl-tls.c:370)
   n1: 1632 0x40145AB: _dl_allocate_tls (dl-tls.c:629)
    n1: 1632 0x4900616: allocate_stack (allocatestack.c:429)
     n1: 1632 0x4900616: pthread_create@@GLIBC_2.34 (pthread_create.c:655)
      n1: 1632 0x48528D8: parallel_for (in /home/billyfu/YatPC/lab6/libparallel_for.so)
       n0: 1632 in 8 places, all below massif's threshold (1.00%)
 n0: 1152 in 4 places, all below massif's threshold (1.00%)
#-----------
snapshot=30
#-----------
time=2584846
mem_heap_B=3328
mem_heap_extra_B=208
mem_stacks_B=133416
heap_tree=empty
#-----------
snapshot=31
#-----------
time=2700796
mem_heap_B=3056
mem_heap_extra_B=200
mem_stacks_B=139584
heap_tree=empty
#-----------
snapshot=32
#-----------
time=2767525
mem_heap_B=2784
mem_heap_extra_B=192
mem_stacks_B=145424
heap_tree=detailed
n2: 2784 (heap allocation functions) malloc/new/new[], --alloc-fns, etc.
 n1: 1632 0x40145AB: calloc (rtld-malloc.h:44)
  n1: 1632 0x40145AB: allocate_dtv (dl-tls.c:370)
   n1: 1632 0x40145AB: _dl_allocate_tls (dl-tls.c:629)
    n1: 1632 0x4900616: allocate_stack (allocatestack.c:429)
     n1: 1632 0x4900616: pthread_create@@GLIBC_2.34 (pthread_create.c:655)
      n1: 1632 0x48528D8: parallel_for (in /home/billyfu/YatPC/lab6/libparallel_for.so)
       n0: 1632 in 8 places, all below massif's threshold (1.00%)
 n0: 1152 in 4 places, all below massif's threshold (1.00%)
#-----------
snapshot=33
#-----------
time=2820450
mem_heap_B=3328
mem_heap_extra_B=208
mem_stacks_B=146080
heap_tree=empty
#-----------
snapshot=34
#-----------
time=2910005
mem_heap_B=3056
mem_heap_extra_B=200
mem_stacks_B=153216
heap_tree=detailed
n2: 3056 (heap allocation functions) malloc/new/new[], --alloc-fns, etc.
 n1: 1904 0x40145AB: calloc (rtld-malloc.h:44)
  n1: 1904 0x40145AB: allocate_dtv (dl-tls.c:370)
   n1: 1904 0x40145AB: _dl_allocate_tls (dl-tls.c:629)
    n1: 1904 0x4900616: allocate_stack (allocatestack.c:429)
     n1: 1904 0x4900616: pthread_create@@GLIBC_2.34 (pthread_create.c:655)
      n1: 1904 0x48528D8: parallel_for (in /home/billyfu/YatPC/lab6/libparallel_for.so)
       n0: 1904 in 8 places, all below massif's threshold (1.00%)
 n0: 1152 in 4 places, all below massif's threshold (1.00%)
#-----------
snapshot=35
#-----------
time=3005211
mem_heap_B=3056
mem_heap_extra_B=200
mem_stacks_B=158496
heap_tree=detailed
n2: 3056 (heap allocation functions) malloc/new/new[], --alloc-fns, etc.
 n1: 1904 0x40145AB: calloc (rtld-malloc.h:44)
  n1: 1904 0x40145AB: allocate_dtv (dl-tls.c:370)
   n1: 1904 0x40145AB: _dl_allocate_tls (dl-tls.c:629)
    n1: 1904 0x4900616: allocate_stack (allocatestack.c:429)
     n1: 1904 0x4900616: pthread_create@@GLIBC_2.34 (pthread_create.c:655)
      n1: 1904 0x48528D8: parallel_for (in /home/billyfu/YatPC/lab6/libparallel_for.so)
       n0: 1904 in 8 places, all below massif's threshold (1.00%)
 n0: 1152 in 4 places, all below massif's threshold (1.00%)
#-----------
snapshot=36
#-----------
time=3064052
mem_heap_B=2240
mem_heap_extra_B=176
mem_stacks_B=159576
heap_tree=empty
#-----------
snapshot=37
#-----------
time=3134280
mem_heap_B=2240
mem_heap_extra_B=176
mem_stacks_B=163416
heap_tree=empty
#-----------
snapshot=38
#-----------
time=3217124
mem_heap_B=3328
mem_heap_extra_B=208
mem_stacks_B=170016
heap_tree=detailed
n2: 3328 (heap allocation functions) malloc/new/new[], --alloc-fns, etc.
 n1: 2176 0x40145AB: calloc (rtld-malloc.h:44)
  n1: 2176 0x40145AB: allocate_dtv (dl-tls.c:370)
   n1: 2176 0x40145AB: _dl_allocate_tls (dl-tls.c:629)
    n1: 2176 0x4900616: allocate_stack (allocatestack.c:429)
     n1: 2176 0x4900616: pthread_create@@GLIBC_2.34 (pthread_create.c:655)
      n1: 2176 0x48528D8: parallel_for (in /home/billyfu/YatPC/lab6/libparallel_for.so)
       n0: 2176 in 8 places, all below massif's threshold (1.00%)
 n0: 1152 in 4 places, all below massif's threshold (1.00%)
#-----------
snapshot=39
#-----------
time=3331381
mem_heap_B=3056
mem_heap_extra_B=200
mem_stacks_B=176256
heap_tree=detailed
n2: 3056 (heap allocation functions) malloc/new/new[], --alloc-fns, etc.
 n1: 1904 0x40145AB: calloc (rtld-malloc.h:44)
  n1: 1904 0x40145AB: allocate_dtv (dl-tls.c:370)
   n1: 1904 0x40145AB: _dl_allocate_tls (dl-tls.c:629)
    n1: 1904 0x4900616: allocate_stack (allocatestack.c:429)
     n1: 1904 0x4900616: pthread_create@@GLIBC_2.34 (pthread_create.c:655)
      n1: 1904 0x48528D8: parallel_for (in /home/billyfu/YatPC/lab6/libparallel_for.so)
       n0: 1904 in 8 places, all below massif's threshold (1.00%)
 n0: 1152 in 4 places, all below massif's threshold (1.00%)
#-----------
snapshot=40
#-----------
time=3403721
mem_heap_B=3328
mem_heap_extra_B=208
mem_stacks_B=180256
heap_tree=detailed
n2: 3328 (heap allocation functions) malloc/new/new[], --alloc-fns, etc.
 n1: 2176 0x40145AB: calloc (rtld-malloc.h:44)
  n1: 2176 0x40145AB: allocate_dtv (dl-tls.c:370)
   n1: 2176 0x40145AB: _dl_allocate_tls (dl-tls.c:629)
    n1: 2176 0x4900616: allocate_stack (allocatestack.c:429)
     n1: 2176 0x4900616: pthread_create@@GLIBC_2.34 (pthread_create.c:655)
      n1: 2176 0x48528D8: parallel_for (in /home/billyfu/YatPC/lab6/libparallel_for.so)
       n0: 2176 in 8 places, all below massif's threshold (1.00%)
 n0: 1152 in 4 places, all below massif's threshold (1.00%)
#-----------
snapshot=41
#-----------
time=3507756
mem_heap_B=2240
mem_heap_extra_B=176
mem_stacks_B=183888
heap_tree=empty
#-----------
snapshot=42
#-----------
time=3599863
mem_heap_B=2240
mem_heap_extra_B=176
mem_stacks_B=189008
heap_tree=empty
#-----------
snapshot=43
#-----------
time=3681293
mem_heap_B=3056
mem_heap_extra_B=200
mem_stacks_B=195344
heap_tree=detailed
n1: 3056 (heap allocation functions) malloc/new/new[], --alloc-fns, etc.
 n0: 3056 in 5 places, all below massif's threshold (1.00%)
#-----------
snapshot=44
#-----------
time=3753536
mem_heap_B=3328
mem_heap_extra_B=208
mem_stacks_B=199344
heap_tree=detailed
n2: 3328 (heap allocation functions) malloc/new/new[], --alloc-fns, etc.
 n1: 2176 0x40145AB: calloc (rtld-malloc.h:44)
  n1: 2176 0x40145AB: allocate_dtv (dl-tls.c:370)
   n1: 2176 0x40145AB: _dl_allocate_tls (dl-tls.c:629)
    n1: 2176 0x4900616: allocate_stack (allocatestack.c:429)
     n1: 2176 0x4900616: pthread_create@@GLIBC_2.34 (pthread_create.c:655)
      n1: 2176 0x48528D8: parallel_for (in /home/billyfu/YatPC/lab6/libparallel_for.so)
       n0: 2176 in 8 places, all below massif's threshold (1.00%)
 n0: 1152 in 4 places, all below massif's threshold (1.00%)
#-----------
snapshot=45
#-----------
time=3799219
mem_heap_B=3056
mem_heap_extra_B=200
mem_stacks_B=201856
heap_tree=detailed
n1: 3056 (heap allocation functions) malloc/new/new[], --alloc-fns, etc.
 n0: 3056 in 5 places, all below massif's threshold (1.00%)
#-----------
snapshot=46
#-----------
time=3871356
mem_heap_B=3328
mem_heap_extra_B=208
mem_stacks_B=205856
heap_tree=detailed
n2: 3328 (heap allocation functions) malloc/new/new[], --alloc-fns, etc.
 n1: 2176 0x40145AB: calloc (rtld-malloc.h:44)
  n1: 2176 0x40145AB: allocate_dtv (dl-tls.c:370)
   n1: 2176 0x40145AB: _dl_allocate_tls (dl-tls.c:629)
    n1: 2176 0x4900616: allocate_stack (allocatestack.c:429)
     n1: 2176 0x4900616: pthread_create@@GLIBC_2.34 (pthread_create.c:655)
      n1: 2176 0x48528D8: parallel_for (in /home/billyfu/YatPC/lab6/libparallel_for.so)
       n0: 2176 in 8 places, all below massif's threshold (1.00%)
 n0: 1152 in 4 places, all below massif's threshold (1.00%)
#-----------
snapshot=47
#-----------
time=3950514
mem_heap_B=2240
mem_heap_extra_B=176
mem_stacks_B=208216
heap_tree=empty
#-----------
snapshot=48
#-----------
time=4034923
mem_heap_B=3328
mem_heap_extra_B=208
mem_stacks_B=214816
heap_tree=detailed
n1: 3328 (heap allocation functions) malloc/new/new[], --alloc-fns, etc.
 n0: 3328 in 5 places, all below massif's threshold (1.00%)
#-----------
snapshot=49
#-----------
time=4080657
mem_heap_B=3056
mem_heap_extra_B=200
mem_stacks_B=217376
heap_tree=detailed
n1: 3056 (heap allocation functions) malloc/new/new[], --alloc-fns, etc.
 n0: 3056 in 5 places, all below massif's threshold (1.00%)
#-----------
snapshot=50
#-----------
time=4126348
mem_heap_B=3056
mem_heap_extra_B=200
mem_stacks_B=217592
heap_tree=empty
#-----------
snapshot=51
#-----------
time=4126849
mem_heap_B=3056
mem_heap_extra_B=200
mem_stacks_B=219776
heap_tree=detailed
n1: 3056 (heap allocation functions) malloc/new/new[], --alloc-fns, etc.
 n0: 3056 in 5 places, all below massif's threshold (1.00%)
#-----------
snapshot=52
#-----------
time=4172251
mem_heap_B=2784
mem_heap_extra_B=192
mem_stacks_B=222336
heap_tree=detailed
n1: 2784 (heap allocation functions) malloc/new/new[], --alloc-fns, etc.
 n0: 2784 in 5 places, all below massif's threshold (1.00%)
#-----------
snapshot=53
#-----------
time=4217811
mem_heap_B=2784
mem_heap_extra_B=192
mem_stacks_B=224736
heap_tree=detailed
n1: 2784 (heap allocation functions) malloc/new/new[], --alloc-fns, etc.
 n0: 2784 in 5 places, all below massif's threshold (1.00%)
#-----------
snapshot=54
#-----------
time=4263499
mem_heap_B=2240
mem_heap_extra_B=176
mem_stacks_B=225024
heap_tree=empty
#-----------
snapshot=55
#-----------
time=4265115
mem_heap_B=2784
mem_heap_extra_B=192
mem_stacks_B=227296
heap_tree=detailed
n1: 2784 (heap allocation functions) malloc/new/new[], --alloc-fns, etc.
 n0: 2784 in 5 places, all below massif's threshold (1.00%)
#-----------
snapshot=56
#-----------
time=4310805
mem_heap_B=2784
mem_heap_extra_B=192
mem_stacks_B=227680
heap_tree=empty
#-----------
snapshot=57
#-----------
time=4311388
mem_heap_B=2784
mem_heap_extra_B=192
mem_stacks_B=229856
heap_tree=detailed
n1: 2784 (heap allocation functions) malloc/new/new[], --alloc-fns, etc.
 n0: 2784 in 5 places, all below massif's threshold (1.00%)
#-----------
snapshot=58
#-----------
time=4357074
mem_heap_B=2512
mem_heap_extra_B=184
mem_stacks_B=230384
heap_tree=empty
#-----------
snapshot=59
#-----------
time=4358175
mem_heap_B=2784
mem_heap_extra_B=192
mem_stacks_B=232416
heap_tree=detailed
n1: 2784 (heap allocation functions) malloc/new/new[], --alloc-fns, etc.
 n0: 2784 in 5 places, all below massif's threshold (1.00%)
#-----------
snapshot=60
#-----------
time=4403884
mem_heap_B=2240
mem_heap_extra_B=176
mem_stacks_B=232784
heap_tree=empty
#-----------
snapshot=61
#-----------
time=4407555
mem_heap_B=3328
mem_heap_extra_B=208
mem_stacks_B=234976
heap_tree=detailed
n1: 3328 (heap allocation functions) malloc/new/new[], --alloc-fns, etc.
 n0: 3328 in 5 places, all below massif's threshold (1.00%)
#-----------
snapshot=62
#-----------
time=4453275
mem_heap_B=2784
mem_heap_extra_B=192
mem_stacks_B=235504
heap_tree=empty
#-----------
snapshot=63
#-----------
time=4454114
mem_heap_B=3056
mem_heap_extra_B=200
mem_stacks_B=237696
heap_tree=detailed
n1: 3056 (heap allocation functions) malloc/new/new[], --alloc-fns, etc.
 n0: 3056 in 5 places, all below massif's threshold (1.00%)
#-----------
snapshot=64
#-----------
time=4499800
mem_heap_B=2784
mem_heap_extra_B=192
mem_stacks_B=238224
heap_tree=empty
#-----------
snapshot=65
#-----------
time=4502981
mem_heap_B=3328
mem_heap_extra_B=208
mem_stacks_B=240416
heap_tree=detailed
n1: 3328 (heap allocation functions) malloc/new/new[], --alloc-fns, etc.
 n0: 3328 in 5 places, all below massif's threshold (1.00%)
#-----------
snapshot=66
#-----------
time=4548665
mem_heap_B=3056
mem_heap_extra_B=200
mem_stacks_B=240984
heap_tree=empty
#-----------
snapshot=67
#-----------
time=4551306
mem_heap_B=3328
mem_heap_extra_B=208
mem_stacks_B=243152
heap_tree=detailed
n1: 3328 (heap allocation functions) malloc/new/new[], --alloc-fns, etc.
 n0: 3328 in 5 places, all below massif's threshold (1.00%)
#-----------
snapshot=68
#-----------
time=4596989
mem_heap_B=3328
mem_heap_extra_B=208
mem_stacks_B=245544
heap_tree=empty
#-----------
snapshot=69
#-----------
time=4597812
mem_heap_B=3328
mem_heap_extra_B=208
mem_stacks_B=245696
heap_tree=detailed
n1: 3328 (heap allocation functions) malloc/new/new[], --alloc-fns, etc.
 n0: 3328 in 5 places, all below massif's threshold (1.00%)
#-----------
snapshot=70
#-----------
time=4643556
mem_heap_B=3328
mem_heap_extra_B=208
mem_stacks_B=248096
heap_tree=empty
#-----------
snapshot=71
#-----------
time=4644387
mem_heap_B=3328
mem_heap_extra_B=208
mem_stacks_B=248256
heap_tree=detailed
n1: 3328 (heap allocation functions) malloc/new/new[], --alloc-fns, etc.
 n0: 3328 in 5 places, all below massif's threshold (1.00%)
#-----------
snapshot=72
#-----------
time=4690085
mem_heap_B=3056
mem_heap_extra_B=200
mem_stacks_B=249320
heap_tree=empty
#-----------
snapshot=73
#-----------
time=4709305
mem_heap_B=2784
mem_heap_extra_B=192
mem_stacks_B=251616
heap_tree=detailed
n1: 2784 (heap allocation functions) malloc/new/new[], --alloc-fns, etc.
 n0: 2784 in 5 places, all below massif's threshold (1.00%)
#-----------
snapshot=74
#-----------
time=4754997
mem_heap_B=2512
mem_heap_extra_B=184
mem_stacks_B=252000
heap_tree=empty
#-----------
snapshot=75
#-----------
time=4756530
mem_heap_B=2784
mem_heap_extra_B=192
mem_stacks_B=254176
heap_tree=detailed
n1: 2784 (heap allocation functions) malloc/new/new[], --alloc-fns, etc.
 n0: 2784 in 5 places, all below massif's threshold (1.00%)
#-----------
snapshot=76
#-----------
time=4802213
mem_heap_B=2784
mem_heap_extra_B=192
mem_stacks_B=254560
heap_tree=empty
#-----------
snapshot=77
#-----------
time=4802860
mem_heap_B=2784
mem_heap_extra_B=192
mem_stacks_B=256784
heap_tree=detailed
n1: 2784 (heap allocation functions) malloc/new/new[], --alloc-fns, etc.
 n0: 2784 in 5 places, all below massif's threshold (1.00%)
#-----------
snapshot=78
#-----------
time=4848579
mem_heap_B=2512
mem_heap_extra_B=184
mem_stacks_B=257024
heap_tree=empty
#-----------
snapshot=79
#-----------
time=4851399
mem_heap_B=3056
mem_heap_extra_B=200
mem_stacks_B=259464
heap_tree=detailed
n1: 3056 (heap allocation functions) malloc/new/new[], --alloc-fns, etc.
 n0: 3056 in 5 places, all below massif's threshold (1.00%)
#-----------
snapshot=80
#-----------
time=4897090
mem_heap_B=2784
mem_heap_extra_B=192
mem_stacks_B=261848
heap_tree=empty
#-----------
snapshot=81
#-----------
time=4916558
mem_heap_B=2240
mem_heap_extra_B=176
mem_stacks_B=262976
heap_tree=detailed
n1: 2240 (heap allocation functions) malloc/new/new[], --alloc-fns, etc.
 n0: 2240 in 5 places, all below massif's threshold (1.00%)
#-----------
snapshot=82
#-----------
time=4947241
mem_heap_B=3328
mem_heap_extra_B=208
mem_stacks_B=264736
heap_tree=detailed
n1: 3328 (heap allocation functions) malloc/new/new[], --alloc-fns, etc.
 n0: 3328 in 5 places, all below massif's threshold (1.00%)
#-----------
snapshot=83
#-----------
time=4992935
mem_heap_B=3056
mem_heap_extra_B=200
mem_stacks_B=264680
heap_tree=empty
#-----------
snapshot=84
#-----------
time=4995037
mem_heap_B=3328
mem_heap_extra_B=208
mem_stacks_B=267456
heap_tree=peak
n1: 3328 (heap allocation functions) malloc/new/new[], --alloc-fns, etc.
 n0: 3328 in 5 places, all below massif's threshold (1.00%)
