desc: --massif-out-file=valgrind_logs/massif_M64_N64_T2_S0.out --stacks=yes
cmd: ./heated_plate_valgrind 64 64 2 0
time_unit: i
#-----------
snapshot=0
#-----------
time=0
mem_heap_B=0
mem_heap_extra_B=0
mem_stacks_B=0
heap_tree=empty
#-----------
snapshot=1
#-----------
time=24639893
mem_heap_B=67104
mem_heap_extra_B=1056
mem_stacks_B=47600
heap_tree=detailed
n3: 67104 (heap allocation functions) malloc/new/new[], --alloc-fns, etc.
 n1: 32768 0x109820: heated_plate_pthreads (in /home/billyfu/YatPC/lab6/heated_plate_valgrind)
  n0: 32768 0x109D55: main (in /home/billyfu/YatPC/lab6/heated_plate_valgrind)
 n1: 32768 0x109850: heated_plate_pthreads (in /home/billyfu/YatPC/lab6/heated_plate_valgrind)
  n0: 32768 0x109D55: main (in /home/billyfu/YatPC/lab6/heated_plate_valgrind)
 n0: 1568 in 3 places, all below massif's threshold (1.00%)
#-----------
snapshot=2
#-----------
time=47652722
mem_heap_B=67104
mem_heap_extra_B=1056
mem_stacks_B=85584
heap_tree=empty
#-----------
snapshot=3
#-----------
time=76135004
mem_heap_B=67104
mem_heap_extra_B=1056
mem_stacks_B=135184
heap_tree=empty
#-----------
snapshot=4
#-----------
time=96604036
mem_heap_B=67104
mem_heap_extra_B=1056
mem_stacks_B=170544
heap_tree=empty
#-----------
snapshot=5
#-----------
time=122078020
mem_heap_B=67104
mem_heap_extra_B=1056
mem_stacks_B=216672
heap_tree=detailed
n3: 67104 (heap allocation functions) malloc/new/new[], --alloc-fns, etc.
 n1: 32768 0x109820: heated_plate_pthreads (in /home/billyfu/YatPC/lab6/heated_plate_valgrind)
  n0: 32768 0x109D55: main (in /home/billyfu/YatPC/lab6/heated_plate_valgrind)
 n1: 32768 0x109850: heated_plate_pthreads (in /home/billyfu/YatPC/lab6/heated_plate_valgrind)
  n0: 32768 0x109D55: main (in /home/billyfu/YatPC/lab6/heated_plate_valgrind)
 n0: 1568 in 3 places, all below massif's threshold (1.00%)
#-----------
snapshot=6
#-----------
time=157822776
mem_heap_B=67104
mem_heap_extra_B=1056
mem_stacks_B=278432
heap_tree=detailed
n3: 67104 (heap allocation functions) malloc/new/new[], --alloc-fns, etc.
 n1: 32768 0x109820: heated_plate_pthreads (in /home/billyfu/YatPC/lab6/heated_plate_valgrind)
  n0: 32768 0x109D55: main (in /home/billyfu/YatPC/lab6/heated_plate_valgrind)
 n1: 32768 0x109850: heated_plate_pthreads (in /home/billyfu/YatPC/lab6/heated_plate_valgrind)
  n0: 32768 0x109D55: main (in /home/billyfu/YatPC/lab6/heated_plate_valgrind)
 n0: 1568 in 3 places, all below massif's threshold (1.00%)
#-----------
snapshot=7
#-----------
time=184164822
mem_heap_B=67104
mem_heap_extra_B=1056
mem_stacks_B=322384
heap_tree=empty
#-----------
snapshot=8
#-----------
time=222759614
mem_heap_B=67104
mem_heap_extra_B=1056
mem_stacks_B=390912
heap_tree=detailed
n3: 67104 (heap allocation functions) malloc/new/new[], --alloc-fns, etc.
 n1: 32768 0x109820: heated_plate_pthreads (in /home/billyfu/YatPC/lab6/heated_plate_valgrind)
  n0: 32768 0x109D55: main (in /home/billyfu/YatPC/lab6/heated_plate_valgrind)
 n1: 32768 0x109850: heated_plate_pthreads (in /home/billyfu/YatPC/lab6/heated_plate_valgrind)
  n0: 32768 0x109D55: main (in /home/billyfu/YatPC/lab6/heated_plate_valgrind)
 n0: 1568 in 3 places, all below massif's threshold (1.00%)
#-----------
snapshot=9
#-----------
time=256404255
mem_heap_B=67104
mem_heap_extra_B=1056
mem_stacks_B=446952
heap_tree=empty
#-----------
snapshot=10
#-----------
time=285918789
mem_heap_B=67104
mem_heap_extra_B=1056
mem_stacks_B=500192
heap_tree=detailed
n3: 67104 (heap allocation functions) malloc/new/new[], --alloc-fns, etc.
 n1: 32768 0x109820: heated_plate_pthreads (in /home/billyfu/YatPC/lab6/heated_plate_valgrind)
  n0: 32768 0x109D55: main (in /home/billyfu/YatPC/lab6/heated_plate_valgrind)
 n1: 32768 0x109850: heated_plate_pthreads (in /home/billyfu/YatPC/lab6/heated_plate_valgrind)
  n0: 32768 0x109D55: main (in /home/billyfu/YatPC/lab6/heated_plate_valgrind)
 n0: 1568 in 3 places, all below massif's threshold (1.00%)
#-----------
snapshot=11
#-----------
time=317150317
mem_heap_B=67104
mem_heap_extra_B=1056
mem_stacks_B=552464
heap_tree=empty
#-----------
snapshot=12
#-----------
time=354866400
mem_heap_B=67104
mem_heap_extra_B=1056
mem_stacks_B=617352
heap_tree=empty
#-----------
snapshot=13
#-----------
time=376039260
mem_heap_B=67104
mem_heap_extra_B=1056
mem_stacks_B=656352
heap_tree=detailed
n3: 67104 (heap allocation functions) malloc/new/new[], --alloc-fns, etc.
 n1: 32768 0x109820: heated_plate_pthreads (in /home/billyfu/YatPC/lab6/heated_plate_valgrind)
  n0: 32768 0x109D55: main (in /home/billyfu/YatPC/lab6/heated_plate_valgrind)
 n1: 32768 0x109850: heated_plate_pthreads (in /home/billyfu/YatPC/lab6/heated_plate_valgrind)
  n0: 32768 0x109D55: main (in /home/billyfu/YatPC/lab6/heated_plate_valgrind)
 n0: 1568 in 3 places, all below massif's threshold (1.00%)
#-----------
snapshot=14
#-----------
time=402393392
mem_heap_B=67104
mem_heap_extra_B=1056
mem_stacks_B=701792
heap_tree=detailed
n3: 67104 (heap allocation functions) malloc/new/new[], --alloc-fns, etc.
 n1: 32768 0x109820: heated_plate_pthreads (in /home/billyfu/YatPC/lab6/heated_plate_valgrind)
  n0: 32768 0x109D55: main (in /home/billyfu/YatPC/lab6/heated_plate_valgrind)
 n1: 32768 0x109850: heated_plate_pthreads (in /home/billyfu/YatPC/lab6/heated_plate_valgrind)
  n0: 32768 0x109D55: main (in /home/billyfu/YatPC/lab6/heated_plate_valgrind)
 n0: 1568 in 3 places, all below massif's threshold (1.00%)
#-----------
snapshot=15
#-----------
time=425400449
mem_heap_B=67104
mem_heap_extra_B=1056
mem_stacks_B=741840
heap_tree=detailed
n3: 67104 (heap allocation functions) malloc/new/new[], --alloc-fns, etc.
 n1: 32768 0x109820: heated_plate_pthreads (in /home/billyfu/YatPC/lab6/heated_plate_valgrind)
  n0: 32768 0x109D55: main (in /home/billyfu/YatPC/lab6/heated_plate_valgrind)
 n1: 32768 0x109850: heated_plate_pthreads (in /home/billyfu/YatPC/lab6/heated_plate_valgrind)
  n0: 32768 0x109D55: main (in /home/billyfu/YatPC/lab6/heated_plate_valgrind)
 n0: 1568 in 3 places, all below massif's threshold (1.00%)
#-----------
snapshot=16
#-----------
time=454676206
mem_heap_B=67104
mem_heap_extra_B=1056
mem_stacks_B=792400
heap_tree=detailed
n3: 67104 (heap allocation functions) malloc/new/new[], --alloc-fns, etc.
 n1: 32768 0x109820: heated_plate_pthreads (in /home/billyfu/YatPC/lab6/heated_plate_valgrind)
  n0: 32768 0x109D55: main (in /home/billyfu/YatPC/lab6/heated_plate_valgrind)
 n1: 32768 0x109850: heated_plate_pthreads (in /home/billyfu/YatPC/lab6/heated_plate_valgrind)
  n0: 32768 0x109D55: main (in /home/billyfu/YatPC/lab6/heated_plate_valgrind)
 n0: 1568 in 3 places, all below massif's threshold (1.00%)
#-----------
snapshot=17
#-----------
time=496680693
mem_heap_B=67104
mem_heap_extra_B=1056
mem_stacks_B=864992
heap_tree=detailed
n3: 67104 (heap allocation functions) malloc/new/new[], --alloc-fns, etc.
 n1: 32768 0x109820: heated_plate_pthreads (in /home/billyfu/YatPC/lab6/heated_plate_valgrind)
  n0: 32768 0x109D55: main (in /home/billyfu/YatPC/lab6/heated_plate_valgrind)
 n1: 32768 0x109850: heated_plate_pthreads (in /home/billyfu/YatPC/lab6/heated_plate_valgrind)
  n0: 32768 0x109D55: main (in /home/billyfu/YatPC/lab6/heated_plate_valgrind)
 n0: 1568 in 3 places, all below massif's threshold (1.00%)
#-----------
snapshot=18
#-----------
time=530225648
mem_heap_B=67104
mem_heap_extra_B=1056
mem_stacks_B=923232
heap_tree=detailed
n3: 67104 (heap allocation functions) malloc/new/new[], --alloc-fns, etc.
 n1: 32768 0x109820: heated_plate_pthreads (in /home/billyfu/YatPC/lab6/heated_plate_valgrind)
  n0: 32768 0x109D55: main (in /home/billyfu/YatPC/lab6/heated_plate_valgrind)
 n1: 32768 0x109850: heated_plate_pthreads (in /home/billyfu/YatPC/lab6/heated_plate_valgrind)
  n0: 32768 0x109D55: main (in /home/billyfu/YatPC/lab6/heated_plate_valgrind)
 n0: 1568 in 3 places, all below massif's threshold (1.00%)
#-----------
snapshot=19
#-----------
time=553805227
mem_heap_B=67104
mem_heap_extra_B=1056
mem_stacks_B=963872
heap_tree=detailed
n3: 67104 (heap allocation functions) malloc/new/new[], --alloc-fns, etc.
 n1: 32768 0x109820: heated_plate_pthreads (in /home/billyfu/YatPC/lab6/heated_plate_valgrind)
  n0: 32768 0x109D55: main (in /home/billyfu/YatPC/lab6/heated_plate_valgrind)
 n1: 32768 0x109850: heated_plate_pthreads (in /home/billyfu/YatPC/lab6/heated_plate_valgrind)
  n0: 32768 0x109D55: main (in /home/billyfu/YatPC/lab6/heated_plate_valgrind)
 n0: 1568 in 3 places, all below massif's threshold (1.00%)
#-----------
snapshot=20
#-----------
time=578355002
mem_heap_B=67104
mem_heap_extra_B=1056
mem_stacks_B=1006432
heap_tree=detailed
n3: 67104 (heap allocation functions) malloc/new/new[], --alloc-fns, etc.
 n1: 32768 0x109820: heated_plate_pthreads (in /home/billyfu/YatPC/lab6/heated_plate_valgrind)
  n0: 32768 0x109D55: main (in /home/billyfu/YatPC/lab6/heated_plate_valgrind)
 n1: 32768 0x109850: heated_plate_pthreads (in /home/billyfu/YatPC/lab6/heated_plate_valgrind)
  n0: 32768 0x109D55: main (in /home/billyfu/YatPC/lab6/heated_plate_valgrind)
 n0: 1568 in 3 places, all below massif's threshold (1.00%)
#-----------
snapshot=21
#-----------
time=603789875
mem_heap_B=67104
mem_heap_extra_B=1056
mem_stacks_B=1050480
heap_tree=detailed
n3: 67104 (heap allocation functions) malloc/new/new[], --alloc-fns, etc.
 n1: 32768 0x109820: heated_plate_pthreads (in /home/billyfu/YatPC/lab6/heated_plate_valgrind)
  n0: 32768 0x109D55: main (in /home/billyfu/YatPC/lab6/heated_plate_valgrind)
 n1: 32768 0x109850: heated_plate_pthreads (in /home/billyfu/YatPC/lab6/heated_plate_valgrind)
  n0: 32768 0x109D55: main (in /home/billyfu/YatPC/lab6/heated_plate_valgrind)
 n0: 1568 in 3 places, all below massif's threshold (1.00%)
#-----------
snapshot=22
#-----------
time=630486430
mem_heap_B=67104
mem_heap_extra_B=1056
mem_stacks_B=1096720
heap_tree=detailed
n3: 67104 (heap allocation functions) malloc/new/new[], --alloc-fns, etc.
 n1: 32768 0x109820: heated_plate_pthreads (in /home/billyfu/YatPC/lab6/heated_plate_valgrind)
  n0: 32768 0x109D55: main (in /home/billyfu/YatPC/lab6/heated_plate_valgrind)
 n1: 32768 0x109850: heated_plate_pthreads (in /home/billyfu/YatPC/lab6/heated_plate_valgrind)
  n0: 32768 0x109D55: main (in /home/billyfu/YatPC/lab6/heated_plate_valgrind)
 n0: 1568 in 3 places, all below massif's threshold (1.00%)
#-----------
snapshot=23
#-----------
time=658100521
mem_heap_B=67104
mem_heap_extra_B=1056
mem_stacks_B=1142152
heap_tree=empty
#-----------
snapshot=24
#-----------
time=686791012
mem_heap_B=67104
mem_heap_extra_B=1056
mem_stacks_B=1191912
heap_tree=empty
#-----------
snapshot=25
#-----------
time=716860026
mem_heap_B=67104
mem_heap_extra_B=1056
mem_stacks_B=1246112
heap_tree=detailed
n3: 67104 (heap allocation functions) malloc/new/new[], --alloc-fns, etc.
 n1: 32768 0x109820: heated_plate_pthreads (in /home/billyfu/YatPC/lab6/heated_plate_valgrind)
  n0: 32768 0x109D55: main (in /home/billyfu/YatPC/lab6/heated_plate_valgrind)
 n1: 32768 0x109850: heated_plate_pthreads (in /home/billyfu/YatPC/lab6/heated_plate_valgrind)
  n0: 32768 0x109D55: main (in /home/billyfu/YatPC/lab6/heated_plate_valgrind)
 n0: 1568 in 3 places, all below massif's threshold (1.00%)
#-----------
snapshot=26
#-----------
time=747919183
mem_heap_B=67104
mem_heap_extra_B=1056
mem_stacks_B=1299872
heap_tree=detailed
n3: 67104 (heap allocation functions) malloc/new/new[], --alloc-fns, etc.
 n1: 32768 0x109820: heated_plate_pthreads (in /home/billyfu/YatPC/lab6/heated_plate_valgrind)
  n0: 32768 0x109D55: main (in /home/billyfu/YatPC/lab6/heated_plate_valgrind)
 n1: 32768 0x109850: heated_plate_pthreads (in /home/billyfu/YatPC/lab6/heated_plate_valgrind)
  n0: 32768 0x109D55: main (in /home/billyfu/YatPC/lab6/heated_plate_valgrind)
 n0: 1568 in 3 places, all below massif's threshold (1.00%)
#-----------
snapshot=27
#-----------
time=780233712
mem_heap_B=67104
mem_heap_extra_B=1056
mem_stacks_B=1355920
heap_tree=detailed
n3: 67104 (heap allocation functions) malloc/new/new[], --alloc-fns, etc.
 n1: 32768 0x109820: heated_plate_pthreads (in /home/billyfu/YatPC/lab6/heated_plate_valgrind)
  n0: 32768 0x109D55: main (in /home/billyfu/YatPC/lab6/heated_plate_valgrind)
 n1: 32768 0x109850: heated_plate_pthreads (in /home/billyfu/YatPC/lab6/heated_plate_valgrind)
  n0: 32768 0x109D55: main (in /home/billyfu/YatPC/lab6/heated_plate_valgrind)
 n0: 1568 in 3 places, all below massif's threshold (1.00%)
#-----------
snapshot=28
#-----------
time=813916661
mem_heap_B=67104
mem_heap_extra_B=1056
mem_stacks_B=1414112
heap_tree=detailed
n3: 67104 (heap allocation functions) malloc/new/new[], --alloc-fns, etc.
 n1: 32768 0x109820: heated_plate_pthreads (in /home/billyfu/YatPC/lab6/heated_plate_valgrind)
  n0: 32768 0x109D55: main (in /home/billyfu/YatPC/lab6/heated_plate_valgrind)
 n1: 32768 0x109850: heated_plate_pthreads (in /home/billyfu/YatPC/lab6/heated_plate_valgrind)
  n0: 32768 0x109D55: main (in /home/billyfu/YatPC/lab6/heated_plate_valgrind)
 n0: 1568 in 3 places, all below massif's threshold (1.00%)
#-----------
snapshot=29
#-----------
time=831257855
mem_heap_B=67104
mem_heap_extra_B=1056
mem_stacks_B=1444192
heap_tree=detailed
n3: 67104 (heap allocation functions) malloc/new/new[], --alloc-fns, etc.
 n1: 32768 0x109820: heated_plate_pthreads (in /home/billyfu/YatPC/lab6/heated_plate_valgrind)
  n0: 32768 0x109D55: main (in /home/billyfu/YatPC/lab6/heated_plate_valgrind)
 n1: 32768 0x109850: heated_plate_pthreads (in /home/billyfu/YatPC/lab6/heated_plate_valgrind)
  n0: 32768 0x109D55: main (in /home/billyfu/YatPC/lab6/heated_plate_valgrind)
 n0: 1568 in 3 places, all below massif's threshold (1.00%)
#-----------
snapshot=30
#-----------
time=857040865
mem_heap_B=67104
mem_heap_extra_B=1056
mem_stacks_B=1486632
heap_tree=empty
#-----------
snapshot=31
#-----------
time=885730813
mem_heap_B=67104
mem_heap_extra_B=1056
mem_stacks_B=1538592
heap_tree=detailed
n3: 67104 (heap allocation functions) malloc/new/new[], --alloc-fns, etc.
 n1: 32768 0x109820: heated_plate_pthreads (in /home/billyfu/YatPC/lab6/heated_plate_valgrind)
  n0: 32768 0x109D55: main (in /home/billyfu/YatPC/lab6/heated_plate_valgrind)
 n1: 32768 0x109850: heated_plate_pthreads (in /home/billyfu/YatPC/lab6/heated_plate_valgrind)
  n0: 32768 0x109D55: main (in /home/billyfu/YatPC/lab6/heated_plate_valgrind)
 n0: 1568 in 3 places, all below massif's threshold (1.00%)
#-----------
snapshot=32
#-----------
time=923730631
mem_heap_B=67104
mem_heap_extra_B=1056
mem_stacks_B=1604192
heap_tree=detailed
n3: 67104 (heap allocation functions) malloc/new/new[], --alloc-fns, etc.
 n1: 32768 0x109820: heated_plate_pthreads (in /home/billyfu/YatPC/lab6/heated_plate_valgrind)
  n0: 32768 0x109D55: main (in /home/billyfu/YatPC/lab6/heated_plate_valgrind)
 n1: 32768 0x109850: heated_plate_pthreads (in /home/billyfu/YatPC/lab6/heated_plate_valgrind)
  n0: 32768 0x109D55: main (in /home/billyfu/YatPC/lab6/heated_plate_valgrind)
 n0: 1568 in 3 places, all below massif's threshold (1.00%)
#-----------
snapshot=33
#-----------
time=943290126
mem_heap_B=67104
mem_heap_extra_B=1056
mem_stacks_B=1638112
heap_tree=detailed
n3: 67104 (heap allocation functions) malloc/new/new[], --alloc-fns, etc.
 n1: 32768 0x109820: heated_plate_pthreads (in /home/billyfu/YatPC/lab6/heated_plate_valgrind)
  n0: 32768 0x109D55: main (in /home/billyfu/YatPC/lab6/heated_plate_valgrind)
 n1: 32768 0x109850: heated_plate_pthreads (in /home/billyfu/YatPC/lab6/heated_plate_valgrind)
  n0: 32768 0x109D55: main (in /home/billyfu/YatPC/lab6/heated_plate_valgrind)
 n0: 1568 in 3 places, all below massif's threshold (1.00%)
#-----------
snapshot=34
#-----------
time=971218103
mem_heap_B=67104
mem_heap_extra_B=1056
mem_stacks_B=1684624
heap_tree=empty
#-----------
snapshot=35
#-----------
time=1004154919
mem_heap_B=67104
mem_heap_extra_B=1056
mem_stacks_B=1743392
heap_tree=detailed
n3: 67104 (heap allocation functions) malloc/new/new[], --alloc-fns, etc.
 n1: 32768 0x109820: heated_plate_pthreads (in /home/billyfu/YatPC/lab6/heated_plate_valgrind)
  n0: 32768 0x109D55: main (in /home/billyfu/YatPC/lab6/heated_plate_valgrind)
 n1: 32768 0x109850: heated_plate_pthreads (in /home/billyfu/YatPC/lab6/heated_plate_valgrind)
  n0: 32768 0x109D55: main (in /home/billyfu/YatPC/lab6/heated_plate_valgrind)
 n0: 1568 in 3 places, all below massif's threshold (1.00%)
#-----------
snapshot=36
#-----------
time=1047007746
mem_heap_B=67104
mem_heap_extra_B=1056
mem_stacks_B=1817632
heap_tree=detailed
n3: 67104 (heap allocation functions) malloc/new/new[], --alloc-fns, etc.
 n1: 32768 0x109820: heated_plate_pthreads (in /home/billyfu/YatPC/lab6/heated_plate_valgrind)
  n0: 32768 0x109D55: main (in /home/billyfu/YatPC/lab6/heated_plate_valgrind)
 n1: 32768 0x109850: heated_plate_pthreads (in /home/billyfu/YatPC/lab6/heated_plate_valgrind)
  n0: 32768 0x109D55: main (in /home/billyfu/YatPC/lab6/heated_plate_valgrind)
 n0: 1568 in 3 places, all below massif's threshold (1.00%)
#-----------
snapshot=37
#-----------
time=1069191299
mem_heap_B=67104
mem_heap_extra_B=1056
mem_stacks_B=1856032
heap_tree=detailed
n3: 67104 (heap allocation functions) malloc/new/new[], --alloc-fns, etc.
 n1: 32768 0x109820: heated_plate_pthreads (in /home/billyfu/YatPC/lab6/heated_plate_valgrind)
  n0: 32768 0x109D55: main (in /home/billyfu/YatPC/lab6/heated_plate_valgrind)
 n1: 32768 0x109850: heated_plate_pthreads (in /home/billyfu/YatPC/lab6/heated_plate_valgrind)
  n0: 32768 0x109D55: main (in /home/billyfu/YatPC/lab6/heated_plate_valgrind)
 n0: 1568 in 3 places, all below massif's threshold (1.00%)
#-----------
snapshot=38
#-----------
time=1091489462
mem_heap_B=67104
mem_heap_extra_B=1056
mem_stacks_B=1894752
heap_tree=detailed
n3: 67104 (heap allocation functions) malloc/new/new[], --alloc-fns, etc.
 n1: 32768 0x109820: heated_plate_pthreads (in /home/billyfu/YatPC/lab6/heated_plate_valgrind)
  n0: 32768 0x109D55: main (in /home/billyfu/YatPC/lab6/heated_plate_valgrind)
 n1: 32768 0x109850: heated_plate_pthreads (in /home/billyfu/YatPC/lab6/heated_plate_valgrind)
  n0: 32768 0x109D55: main (in /home/billyfu/YatPC/lab6/heated_plate_valgrind)
 n0: 1568 in 3 places, all below massif's threshold (1.00%)
#-----------
snapshot=39
#-----------
time=1114506672
mem_heap_B=67104
mem_heap_extra_B=1056
mem_stacks_B=1934432
heap_tree=detailed
n3: 67104 (heap allocation functions) malloc/new/new[], --alloc-fns, etc.
 n1: 32768 0x109820: heated_plate_pthreads (in /home/billyfu/YatPC/lab6/heated_plate_valgrind)
  n0: 32768 0x109D55: main (in /home/billyfu/YatPC/lab6/heated_plate_valgrind)
 n1: 32768 0x109850: heated_plate_pthreads (in /home/billyfu/YatPC/lab6/heated_plate_valgrind)
  n0: 32768 0x109D55: main (in /home/billyfu/YatPC/lab6/heated_plate_valgrind)
 n0: 1568 in 3 places, all below massif's threshold (1.00%)
#-----------
snapshot=40
#-----------
time=1138000521
mem_heap_B=67104
mem_heap_extra_B=1056
mem_stacks_B=1975232
heap_tree=detailed
n3: 67104 (heap allocation functions) malloc/new/new[], --alloc-fns, etc.
 n1: 32768 0x109820: heated_plate_pthreads (in /home/billyfu/YatPC/lab6/heated_plate_valgrind)
  n0: 32768 0x109D55: main (in /home/billyfu/YatPC/lab6/heated_plate_valgrind)
 n1: 32768 0x109850: heated_plate_pthreads (in /home/billyfu/YatPC/lab6/heated_plate_valgrind)
  n0: 32768 0x109D55: main (in /home/billyfu/YatPC/lab6/heated_plate_valgrind)
 n0: 1568 in 3 places, all below massif's threshold (1.00%)
#-----------
snapshot=41
#-----------
time=1161907649
mem_heap_B=67104
mem_heap_extra_B=1056
mem_stacks_B=2016672
heap_tree=detailed
n3: 67104 (heap allocation functions) malloc/new/new[], --alloc-fns, etc.
 n1: 32768 0x109820: heated_plate_pthreads (in /home/billyfu/YatPC/lab6/heated_plate_valgrind)
  n0: 32768 0x109D55: main (in /home/billyfu/YatPC/lab6/heated_plate_valgrind)
 n1: 32768 0x109850: heated_plate_pthreads (in /home/billyfu/YatPC/lab6/heated_plate_valgrind)
  n0: 32768 0x109D55: main (in /home/billyfu/YatPC/lab6/heated_plate_valgrind)
 n0: 1568 in 3 places, all below massif's threshold (1.00%)
#-----------
snapshot=42
#-----------
time=1186305251
mem_heap_B=67104
mem_heap_extra_B=1056
mem_stacks_B=2058912
heap_tree=detailed
n3: 67104 (heap allocation functions) malloc/new/new[], --alloc-fns, etc.
 n1: 32768 0x109820: heated_plate_pthreads (in /home/billyfu/YatPC/lab6/heated_plate_valgrind)
  n0: 32768 0x109D55: main (in /home/billyfu/YatPC/lab6/heated_plate_valgrind)
 n1: 32768 0x109850: heated_plate_pthreads (in /home/billyfu/YatPC/lab6/heated_plate_valgrind)
  n0: 32768 0x109D55: main (in /home/billyfu/YatPC/lab6/heated_plate_valgrind)
 n0: 1568 in 3 places, all below massif's threshold (1.00%)
#-----------
snapshot=43
#-----------
time=1211112369
mem_heap_B=67104
mem_heap_extra_B=1056
mem_stacks_B=2099432
heap_tree=empty
#-----------
snapshot=44
#-----------
time=1249403454
mem_heap_B=67104
mem_heap_extra_B=1056
mem_stacks_B=2168032
heap_tree=detailed
n3: 67104 (heap allocation functions) malloc/new/new[], --alloc-fns, etc.
 n1: 32768 0x109820: heated_plate_pthreads (in /home/billyfu/YatPC/lab6/heated_plate_valgrind)
  n0: 32768 0x109D55: main (in /home/billyfu/YatPC/lab6/heated_plate_valgrind)
 n1: 32768 0x109850: heated_plate_pthreads (in /home/billyfu/YatPC/lab6/heated_plate_valgrind)
  n0: 32768 0x109D55: main (in /home/billyfu/YatPC/lab6/heated_plate_valgrind)
 n0: 1568 in 3 places, all below massif's threshold (1.00%)
#-----------
snapshot=45
#-----------
time=1274598601
mem_heap_B=67104
mem_heap_extra_B=1056
mem_stacks_B=2209744
heap_tree=empty
#-----------
snapshot=46
#-----------
time=1301156948
mem_heap_B=67104
mem_heap_extra_B=1056
mem_stacks_B=2255824
heap_tree=empty
#-----------
snapshot=47
#-----------
time=1329378908
mem_heap_B=67104
mem_heap_extra_B=1056
mem_stacks_B=2306592
heap_tree=detailed
n3: 67104 (heap allocation functions) malloc/new/new[], --alloc-fns, etc.
 n1: 32768 0x109820: heated_plate_pthreads (in /home/billyfu/YatPC/lab6/heated_plate_valgrind)
  n0: 32768 0x109D55: main (in /home/billyfu/YatPC/lab6/heated_plate_valgrind)
 n1: 32768 0x109850: heated_plate_pthreads (in /home/billyfu/YatPC/lab6/heated_plate_valgrind)
  n0: 32768 0x109D55: main (in /home/billyfu/YatPC/lab6/heated_plate_valgrind)
 n0: 1568 in 3 places, all below massif's threshold (1.00%)
#-----------
snapshot=48
#-----------
time=1371404352
mem_heap_B=67104
mem_heap_extra_B=1056
mem_stacks_B=2378840
heap_tree=detailed
n3: 67104 (heap allocation functions) malloc/new/new[], --alloc-fns, etc.
 n1: 32768 0x109820: heated_plate_pthreads (in /home/billyfu/YatPC/lab6/heated_plate_valgrind)
  n0: 32768 0x109D55: main (in /home/billyfu/YatPC/lab6/heated_plate_valgrind)
 n1: 32768 0x109850: heated_plate_pthreads (in /home/billyfu/YatPC/lab6/heated_plate_valgrind)
  n0: 32768 0x109D55: main (in /home/billyfu/YatPC/lab6/heated_plate_valgrind)
 n0: 1568 in 3 places, all below massif's threshold (1.00%)
#-----------
snapshot=49
#-----------
time=1414159852
mem_heap_B=67104
mem_heap_extra_B=1056
mem_stacks_B=2453360
heap_tree=detailed
n3: 67104 (heap allocation functions) malloc/new/new[], --alloc-fns, etc.
 n1: 32768 0x109820: heated_plate_pthreads (in /home/billyfu/YatPC/lab6/heated_plate_valgrind)
  n0: 32768 0x109D55: main (in /home/billyfu/YatPC/lab6/heated_plate_valgrind)
 n1: 32768 0x109850: heated_plate_pthreads (in /home/billyfu/YatPC/lab6/heated_plate_valgrind)
  n0: 32768 0x109D55: main (in /home/billyfu/YatPC/lab6/heated_plate_valgrind)
 n0: 1568 in 3 places, all below massif's threshold (1.00%)
#-----------
snapshot=50
#-----------
time=1428926199
mem_heap_B=67104
mem_heap_extra_B=1056
mem_stacks_B=2478752
heap_tree=detailed
n3: 67104 (heap allocation functions) malloc/new/new[], --alloc-fns, etc.
 n1: 32768 0x109820: heated_plate_pthreads (in /home/billyfu/YatPC/lab6/heated_plate_valgrind)
  n0: 32768 0x109D55: main (in /home/billyfu/YatPC/lab6/heated_plate_valgrind)
 n1: 32768 0x109850: heated_plate_pthreads (in /home/billyfu/YatPC/lab6/heated_plate_valgrind)
  n0: 32768 0x109D55: main (in /home/billyfu/YatPC/lab6/heated_plate_valgrind)
 n0: 1568 in 3 places, all below massif's threshold (1.00%)
#-----------
snapshot=51
#-----------
time=1443548423
mem_heap_B=67104
mem_heap_extra_B=1056
mem_stacks_B=2504240
heap_tree=detailed
n3: 67104 (heap allocation functions) malloc/new/new[], --alloc-fns, etc.
 n1: 32768 0x109820: heated_plate_pthreads (in /home/billyfu/YatPC/lab6/heated_plate_valgrind)
  n0: 32768 0x109D55: main (in /home/billyfu/YatPC/lab6/heated_plate_valgrind)
 n1: 32768 0x109850: heated_plate_pthreads (in /home/billyfu/YatPC/lab6/heated_plate_valgrind)
  n0: 32768 0x109D55: main (in /home/billyfu/YatPC/lab6/heated_plate_valgrind)
 n0: 1568 in 3 places, all below massif's threshold (1.00%)
#-----------
snapshot=52
#-----------
time=1458461768
mem_heap_B=67104
mem_heap_extra_B=1056
mem_stacks_B=2530000
heap_tree=detailed
n3: 67104 (heap allocation functions) malloc/new/new[], --alloc-fns, etc.
 n1: 32768 0x109820: heated_plate_pthreads (in /home/billyfu/YatPC/lab6/heated_plate_valgrind)
  n0: 32768 0x109D55: main (in /home/billyfu/YatPC/lab6/heated_plate_valgrind)
 n1: 32768 0x109850: heated_plate_pthreads (in /home/billyfu/YatPC/lab6/heated_plate_valgrind)
  n0: 32768 0x109D55: main (in /home/billyfu/YatPC/lab6/heated_plate_valgrind)
 n0: 1568 in 3 places, all below massif's threshold (1.00%)
#-----------
snapshot=53
#-----------
time=1473553978
mem_heap_B=67104
mem_heap_extra_B=1056
mem_stacks_B=2556192
heap_tree=detailed
n3: 67104 (heap allocation functions) malloc/new/new[], --alloc-fns, etc.
 n1: 32768 0x109820: heated_plate_pthreads (in /home/billyfu/YatPC/lab6/heated_plate_valgrind)
  n0: 32768 0x109D55: main (in /home/billyfu/YatPC/lab6/heated_plate_valgrind)
 n1: 32768 0x109850: heated_plate_pthreads (in /home/billyfu/YatPC/lab6/heated_plate_valgrind)
  n0: 32768 0x109D55: main (in /home/billyfu/YatPC/lab6/heated_plate_valgrind)
 n0: 1568 in 3 places, all below massif's threshold (1.00%)
#-----------
snapshot=54
#-----------
time=1488959643
mem_heap_B=67104
mem_heap_extra_B=1056
mem_stacks_B=2582752
heap_tree=detailed
n3: 67104 (heap allocation functions) malloc/new/new[], --alloc-fns, etc.
 n1: 32768 0x109820: heated_plate_pthreads (in /home/billyfu/YatPC/lab6/heated_plate_valgrind)
  n0: 32768 0x109D55: main (in /home/billyfu/YatPC/lab6/heated_plate_valgrind)
 n1: 32768 0x109850: heated_plate_pthreads (in /home/billyfu/YatPC/lab6/heated_plate_valgrind)
  n0: 32768 0x109D55: main (in /home/billyfu/YatPC/lab6/heated_plate_valgrind)
 n0: 1568 in 3 places, all below massif's threshold (1.00%)
#-----------
snapshot=55
#-----------
time=1504340726
mem_heap_B=67104
mem_heap_extra_B=1056
mem_stacks_B=2609312
heap_tree=detailed
n3: 67104 (heap allocation functions) malloc/new/new[], --alloc-fns, etc.
 n1: 32768 0x109820: heated_plate_pthreads (in /home/billyfu/YatPC/lab6/heated_plate_valgrind)
  n0: 32768 0x109D55: main (in /home/billyfu/YatPC/lab6/heated_plate_valgrind)
 n1: 32768 0x109850: heated_plate_pthreads (in /home/billyfu/YatPC/lab6/heated_plate_valgrind)
  n0: 32768 0x109D55: main (in /home/billyfu/YatPC/lab6/heated_plate_valgrind)
 n0: 1568 in 3 places, all below massif's threshold (1.00%)
#-----------
snapshot=56
#-----------
time=1519868360
mem_heap_B=67104
mem_heap_extra_B=1056
mem_stacks_B=2636192
heap_tree=detailed
n3: 67104 (heap allocation functions) malloc/new/new[], --alloc-fns, etc.
 n1: 32768 0x109820: heated_plate_pthreads (in /home/billyfu/YatPC/lab6/heated_plate_valgrind)
  n0: 32768 0x109D55: main (in /home/billyfu/YatPC/lab6/heated_plate_valgrind)
 n1: 32768 0x109850: heated_plate_pthreads (in /home/billyfu/YatPC/lab6/heated_plate_valgrind)
  n0: 32768 0x109D55: main (in /home/billyfu/YatPC/lab6/heated_plate_valgrind)
 n0: 1568 in 3 places, all below massif's threshold (1.00%)
#-----------
snapshot=57
#-----------
time=1535465622
mem_heap_B=67104
mem_heap_extra_B=1056
mem_stacks_B=2663280
heap_tree=detailed
n3: 67104 (heap allocation functions) malloc/new/new[], --alloc-fns, etc.
 n1: 32768 0x109820: heated_plate_pthreads (in /home/billyfu/YatPC/lab6/heated_plate_valgrind)
  n0: 32768 0x109D55: main (in /home/billyfu/YatPC/lab6/heated_plate_valgrind)
 n1: 32768 0x109850: heated_plate_pthreads (in /home/billyfu/YatPC/lab6/heated_plate_valgrind)
  n0: 32768 0x109D55: main (in /home/billyfu/YatPC/lab6/heated_plate_valgrind)
 n0: 1568 in 3 places, all below massif's threshold (1.00%)
#-----------
snapshot=58
#-----------
time=1551475890
mem_heap_B=67104
mem_heap_extra_B=1056
mem_stacks_B=2690912
heap_tree=detailed
n3: 67104 (heap allocation functions) malloc/new/new[], --alloc-fns, etc.
 n1: 32768 0x109820: heated_plate_pthreads (in /home/billyfu/YatPC/lab6/heated_plate_valgrind)
  n0: 32768 0x109D55: main (in /home/billyfu/YatPC/lab6/heated_plate_valgrind)
 n1: 32768 0x109850: heated_plate_pthreads (in /home/billyfu/YatPC/lab6/heated_plate_valgrind)
  n0: 32768 0x109D55: main (in /home/billyfu/YatPC/lab6/heated_plate_valgrind)
 n0: 1568 in 3 places, all below massif's threshold (1.00%)
#-----------
snapshot=59
#-----------
time=1567557306
mem_heap_B=67104
mem_heap_extra_B=1056
mem_stacks_B=2718752
heap_tree=detailed
n3: 67104 (heap allocation functions) malloc/new/new[], --alloc-fns, etc.
 n1: 32768 0x109820: heated_plate_pthreads (in /home/billyfu/YatPC/lab6/heated_plate_valgrind)
  n0: 32768 0x109D55: main (in /home/billyfu/YatPC/lab6/heated_plate_valgrind)
 n1: 32768 0x109850: heated_plate_pthreads (in /home/billyfu/YatPC/lab6/heated_plate_valgrind)
  n0: 32768 0x109D55: main (in /home/billyfu/YatPC/lab6/heated_plate_valgrind)
 n0: 1568 in 3 places, all below massif's threshold (1.00%)
#-----------
snapshot=60
#-----------
time=1583639495
mem_heap_B=67104
mem_heap_extra_B=1056
mem_stacks_B=2746640
heap_tree=detailed
n3: 67104 (heap allocation functions) malloc/new/new[], --alloc-fns, etc.
 n1: 32768 0x109820: heated_plate_pthreads (in /home/billyfu/YatPC/lab6/heated_plate_valgrind)
  n0: 32768 0x109D55: main (in /home/billyfu/YatPC/lab6/heated_plate_valgrind)
 n1: 32768 0x109850: heated_plate_pthreads (in /home/billyfu/YatPC/lab6/heated_plate_valgrind)
  n0: 32768 0x109D55: main (in /home/billyfu/YatPC/lab6/heated_plate_valgrind)
 n0: 1568 in 3 places, all below massif's threshold (1.00%)
#-----------
snapshot=61
#-----------
time=1599866917
mem_heap_B=67104
mem_heap_extra_B=1056
mem_stacks_B=2774800
heap_tree=detailed
n3: 67104 (heap allocation functions) malloc/new/new[], --alloc-fns, etc.
 n1: 32768 0x109820: heated_plate_pthreads (in /home/billyfu/YatPC/lab6/heated_plate_valgrind)
  n0: 32768 0x109D55: main (in /home/billyfu/YatPC/lab6/heated_plate_valgrind)
 n1: 32768 0x109850: heated_plate_pthreads (in /home/billyfu/YatPC/lab6/heated_plate_valgrind)
  n0: 32768 0x109D55: main (in /home/billyfu/YatPC/lab6/heated_plate_valgrind)
 n0: 1568 in 3 places, all below massif's threshold (1.00%)
#-----------
snapshot=62
#-----------
time=1616562777
mem_heap_B=67104
mem_heap_extra_B=1056
mem_stacks_B=2803320
heap_tree=detailed
n3: 67104 (heap allocation functions) malloc/new/new[], --alloc-fns, etc.
 n1: 32768 0x109820: heated_plate_pthreads (in /home/billyfu/YatPC/lab6/heated_plate_valgrind)
  n0: 32768 0x109D55: main (in /home/billyfu/YatPC/lab6/heated_plate_valgrind)
 n1: 32768 0x109850: heated_plate_pthreads (in /home/billyfu/YatPC/lab6/heated_plate_valgrind)
  n0: 32768 0x109D55: main (in /home/billyfu/YatPC/lab6/heated_plate_valgrind)
 n0: 1568 in 3 places, all below massif's threshold (1.00%)
#-----------
snapshot=63
#-----------
time=1632994486
mem_heap_B=67104
mem_heap_extra_B=1056
mem_stacks_B=2832080
heap_tree=detailed
n3: 67104 (heap allocation functions) malloc/new/new[], --alloc-fns, etc.
 n1: 32768 0x109820: heated_plate_pthreads (in /home/billyfu/YatPC/lab6/heated_plate_valgrind)
  n0: 32768 0x109D55: main (in /home/billyfu/YatPC/lab6/heated_plate_valgrind)
 n1: 32768 0x109850: heated_plate_pthreads (in /home/billyfu/YatPC/lab6/heated_plate_valgrind)
  n0: 32768 0x109D55: main (in /home/billyfu/YatPC/lab6/heated_plate_valgrind)
 n0: 1568 in 3 places, all below massif's threshold (1.00%)
#-----------
snapshot=64
#-----------
time=1649779280
mem_heap_B=67104
mem_heap_extra_B=1056
mem_stacks_B=2861152
heap_tree=detailed
n3: 67104 (heap allocation functions) malloc/new/new[], --alloc-fns, etc.
 n1: 32768 0x109820: heated_plate_pthreads (in /home/billyfu/YatPC/lab6/heated_plate_valgrind)
  n0: 32768 0x109D55: main (in /home/billyfu/YatPC/lab6/heated_plate_valgrind)
 n1: 32768 0x109850: heated_plate_pthreads (in /home/billyfu/YatPC/lab6/heated_plate_valgrind)
  n0: 32768 0x109D55: main (in /home/billyfu/YatPC/lab6/heated_plate_valgrind)
 n0: 1568 in 3 places, all below massif's threshold (1.00%)
#-----------
snapshot=65
#-----------
time=1666821605
mem_heap_B=67104
mem_heap_extra_B=1056
mem_stacks_B=2890592
heap_tree=detailed
n3: 67104 (heap allocation functions) malloc/new/new[], --alloc-fns, etc.
 n1: 32768 0x109820: heated_plate_pthreads (in /home/billyfu/YatPC/lab6/heated_plate_valgrind)
  n0: 32768 0x109D55: main (in /home/billyfu/YatPC/lab6/heated_plate_valgrind)
 n1: 32768 0x109850: heated_plate_pthreads (in /home/billyfu/YatPC/lab6/heated_plate_valgrind)
  n0: 32768 0x109D55: main (in /home/billyfu/YatPC/lab6/heated_plate_valgrind)
 n0: 1568 in 3 places, all below massif's threshold (1.00%)
#-----------
snapshot=66
#-----------
time=1684160324
mem_heap_B=67104
mem_heap_extra_B=1056
mem_stacks_B=2920280
heap_tree=detailed
n3: 67104 (heap allocation functions) malloc/new/new[], --alloc-fns, etc.
 n1: 32768 0x109820: heated_plate_pthreads (in /home/billyfu/YatPC/lab6/heated_plate_valgrind)
  n0: 32768 0x109D55: main (in /home/billyfu/YatPC/lab6/heated_plate_valgrind)
 n1: 32768 0x109850: heated_plate_pthreads (in /home/billyfu/YatPC/lab6/heated_plate_valgrind)
  n0: 32768 0x109D55: main (in /home/billyfu/YatPC/lab6/heated_plate_valgrind)
 n0: 1568 in 3 places, all below massif's threshold (1.00%)
#-----------
snapshot=67
#-----------
time=1701351576
mem_heap_B=67104
mem_heap_extra_B=1056
mem_stacks_B=2950432
heap_tree=peak
n3: 67104 (heap allocation functions) malloc/new/new[], --alloc-fns, etc.
 n1: 32768 0x109820: heated_plate_pthreads (in /home/billyfu/YatPC/lab6/heated_plate_valgrind)
  n0: 32768 0x109D55: main (in /home/billyfu/YatPC/lab6/heated_plate_valgrind)
 n1: 32768 0x109850: heated_plate_pthreads (in /home/billyfu/YatPC/lab6/heated_plate_valgrind)
  n0: 32768 0x109D55: main (in /home/billyfu/YatPC/lab6/heated_plate_valgrind)
 n0: 1568 in 3 places, all below massif's threshold (1.00%)
