desc: --massif-out-file=valgrind_logs/massif_M16_N16_T16_S0.out --stacks=yes
cmd: ./heated_plate_valgrind 16 16 16 0
time_unit: i
#-----------
snapshot=0
#-----------
time=0
mem_heap_B=0
mem_heap_extra_B=0
mem_stacks_B=0
heap_tree=empty
#-----------
snapshot=1
#-----------
time=798639
mem_heap_B=5712
mem_heap_extra_B=312
mem_stacks_B=35392
heap_tree=empty
#-----------
snapshot=2
#-----------
time=1263085
mem_heap_B=5712
mem_heap_extra_B=312
mem_stacks_B=59424
heap_tree=empty
#-----------
snapshot=3
#-----------
time=1866097
mem_heap_B=5712
mem_heap_extra_B=312
mem_stacks_B=90160
heap_tree=empty
#-----------
snapshot=4
#-----------
time=2765302
mem_heap_B=5440
mem_heap_extra_B=304
mem_stacks_B=135272
heap_tree=empty
#-----------
snapshot=5
#-----------
time=3390165
mem_heap_B=7616
mem_heap_extra_B=368
mem_stacks_B=167120
heap_tree=empty
#-----------
snapshot=6
#-----------
time=3849280
mem_heap_B=8704
mem_heap_extra_B=400
mem_stacks_B=193088
heap_tree=detailed
n4: 8704 (heap allocation functions) malloc/new/new[], --alloc-fns, etc.
 n1: 4352 0x40145AB: calloc (rtld-malloc.h:44)
  n1: 4352 0x40145AB: allocate_dtv (dl-tls.c:370)
   n1: 4352 0x40145AB: _dl_allocate_tls (dl-tls.c:629)
    n1: 4352 0x4900616: allocate_stack (allocatestack.c:429)
     n1: 4352 0x4900616: pthread_create@@GLIBC_2.34 (pthread_create.c:655)
      n2: 4352 0x48526B6: parallel_for (in /home/billyfu/YatPC/lab6/libparallel_for.so)
       n1: 3264 0x109B4B: heated_plate_pthreads (in /home/billyfu/YatPC/lab6/heated_plate_valgrind)
        n0: 3264 0x109D55: main (in /home/billyfu/YatPC/lab6/heated_plate_valgrind)
       n0: 1088 in 7 places, all below massif's threshold (1.00%)
 n1: 2048 0x109820: heated_plate_pthreads (in /home/billyfu/YatPC/lab6/heated_plate_valgrind)
  n0: 2048 0x109D55: main (in /home/billyfu/YatPC/lab6/heated_plate_valgrind)
 n1: 2048 0x109850: heated_plate_pthreads (in /home/billyfu/YatPC/lab6/heated_plate_valgrind)
  n0: 2048 0x109D55: main (in /home/billyfu/YatPC/lab6/heated_plate_valgrind)
 n0: 256 in 2 places, all below massif's threshold (1.00%)
#-----------
snapshot=7
#-----------
time=4397562
mem_heap_B=7616
mem_heap_extra_B=368
mem_stacks_B=218976
heap_tree=empty
#-----------
snapshot=8
#-----------
time=5061090
mem_heap_B=8432
mem_heap_extra_B=392
mem_stacks_B=252880
heap_tree=empty
#-----------
snapshot=9
#-----------
time=5611497
mem_heap_B=8160
mem_heap_extra_B=384
mem_stacks_B=282848
heap_tree=detailed
n2: 8160 (heap allocation functions) malloc/new/new[], --alloc-fns, etc.
 n0: 4352 in 4 places, all below massif's threshold (1.00%)
 n1: 3808 0x40145AB: calloc (rtld-malloc.h:44)
  n1: 3808 0x40145AB: allocate_dtv (dl-tls.c:370)
   n1: 3808 0x40145AB: _dl_allocate_tls (dl-tls.c:629)
    n1: 3808 0x4900616: allocate_stack (allocatestack.c:429)
     n1: 3808 0x4900616: pthread_create@@GLIBC_2.34 (pthread_create.c:655)
      n1: 3808 0x48526B6: parallel_for (in /home/billyfu/YatPC/lab6/libparallel_for.so)
       n0: 3808 in 8 places, all below massif's threshold (1.00%)
#-----------
snapshot=10
#-----------
time=6461593
mem_heap_B=8160
mem_heap_extra_B=384
mem_stacks_B=326368
heap_tree=detailed
n2: 8160 (heap allocation functions) malloc/new/new[], --alloc-fns, etc.
 n0: 4352 in 4 places, all below massif's threshold (1.00%)
 n1: 3808 0x40145AB: calloc (rtld-malloc.h:44)
  n1: 3808 0x40145AB: allocate_dtv (dl-tls.c:370)
   n1: 3808 0x40145AB: _dl_allocate_tls (dl-tls.c:629)
    n1: 3808 0x4900616: allocate_stack (allocatestack.c:429)
     n1: 3808 0x4900616: pthread_create@@GLIBC_2.34 (pthread_create.c:655)
      n1: 3808 0x48526B6: parallel_for (in /home/billyfu/YatPC/lab6/libparallel_for.so)
       n0: 3808 in 8 places, all below massif's threshold (1.00%)
#-----------
snapshot=11
#-----------
time=7030613
mem_heap_B=6256
mem_heap_extra_B=328
mem_stacks_B=352832
heap_tree=empty
#-----------
snapshot=12
#-----------
time=7671159
mem_heap_B=8432
mem_heap_extra_B=392
mem_stacks_B=387968
heap_tree=detailed
n2: 8432 (heap allocation functions) malloc/new/new[], --alloc-fns, etc.
 n0: 4352 in 4 places, all below massif's threshold (1.00%)
 n1: 4080 0x40145AB: calloc (rtld-malloc.h:44)
  n1: 4080 0x40145AB: allocate_dtv (dl-tls.c:370)
   n1: 4080 0x40145AB: _dl_allocate_tls (dl-tls.c:629)
    n1: 4080 0x4900616: allocate_stack (allocatestack.c:429)
     n1: 4080 0x4900616: pthread_create@@GLIBC_2.34 (pthread_create.c:655)
      n1: 4080 0x48526B6: parallel_for (in /home/billyfu/YatPC/lab6/libparallel_for.so)
       n0: 4080 in 8 places, all below massif's threshold (1.00%)
#-----------
snapshot=13
#-----------
time=8114136
mem_heap_B=7344
mem_heap_extra_B=360
mem_stacks_B=410368
heap_tree=detailed
n1: 7344 (heap allocation functions) malloc/new/new[], --alloc-fns, etc.
 n0: 7344 in 5 places, all below massif's threshold (1.00%)
#-----------
snapshot=14
#-----------
time=8719892
mem_heap_B=7616
mem_heap_extra_B=368
mem_stacks_B=441248
heap_tree=detailed
n1: 7616 (heap allocation functions) malloc/new/new[], --alloc-fns, etc.
 n0: 7616 in 5 places, all below massif's threshold (1.00%)
#-----------
snapshot=15
#-----------
time=9377625
mem_heap_B=7616
mem_heap_extra_B=368
mem_stacks_B=473200
heap_tree=empty
#-----------
snapshot=16
#-----------
time=9778078
mem_heap_B=7888
mem_heap_extra_B=376
mem_stacks_B=493064
heap_tree=empty
#-----------
snapshot=17
#-----------
time=10386679
mem_heap_B=8432
mem_heap_extra_B=392
mem_stacks_B=526208
heap_tree=detailed
n1: 8432 (heap allocation functions) malloc/new/new[], --alloc-fns, etc.
 n0: 8432 in 5 places, all below massif's threshold (1.00%)
#-----------
snapshot=18
#-----------
time=11046970
mem_heap_B=8704
mem_heap_extra_B=400
mem_stacks_B=559648
heap_tree=detailed
n1: 8704 (heap allocation functions) malloc/new/new[], --alloc-fns, etc.
 n0: 8704 in 5 places, all below massif's threshold (1.00%)
#-----------
snapshot=19
#-----------
time=11671107
mem_heap_B=5440
mem_heap_extra_B=304
mem_stacks_B=589200
heap_tree=empty
#-----------
snapshot=20
#-----------
time=12148299
mem_heap_B=8160
mem_heap_extra_B=384
mem_stacks_B=615648
heap_tree=detailed
n1: 8160 (heap allocation functions) malloc/new/new[], --alloc-fns, etc.
 n0: 8160 in 5 places, all below massif's threshold (1.00%)
#-----------
snapshot=21
#-----------
time=12681525
mem_heap_B=6256
mem_heap_extra_B=328
mem_stacks_B=640408
heap_tree=empty
#-----------
snapshot=22
#-----------
time=13204387
mem_heap_B=8160
mem_heap_extra_B=384
mem_stacks_B=669408
heap_tree=detailed
n1: 8160 (heap allocation functions) malloc/new/new[], --alloc-fns, etc.
 n0: 8160 in 5 places, all below massif's threshold (1.00%)
#-----------
snapshot=23
#-----------
time=14037634
mem_heap_B=5712
mem_heap_extra_B=312
mem_stacks_B=709840
heap_tree=empty
#-----------
snapshot=24
#-----------
time=14595249
mem_heap_B=6528
mem_heap_extra_B=336
mem_stacks_B=737848
heap_tree=empty
#-----------
snapshot=25
#-----------
time=15262753
mem_heap_B=7616
mem_heap_extra_B=368
mem_stacks_B=774048
heap_tree=detailed
n1: 7616 (heap allocation functions) malloc/new/new[], --alloc-fns, etc.
 n0: 7616 in 5 places, all below massif's threshold (1.00%)
#-----------
snapshot=26
#-----------
time=16220488
mem_heap_B=7888
mem_heap_extra_B=376
mem_stacks_B=822848
heap_tree=detailed
n1: 7888 (heap allocation functions) malloc/new/new[], --alloc-fns, etc.
 n0: 7888 in 5 places, all below massif's threshold (1.00%)
#-----------
snapshot=27
#-----------
time=16878732
mem_heap_B=8704
mem_heap_extra_B=400
mem_stacks_B=856608
heap_tree=detailed
n1: 8704 (heap allocation functions) malloc/new/new[], --alloc-fns, etc.
 n0: 8704 in 5 places, all below massif's threshold (1.00%)
#-----------
snapshot=28
#-----------
time=17583131
mem_heap_B=8704
mem_heap_extra_B=400
mem_stacks_B=892128
heap_tree=detailed
n1: 8704 (heap allocation functions) malloc/new/new[], --alloc-fns, etc.
 n0: 8704 in 5 places, all below massif's threshold (1.00%)
#-----------
snapshot=29
#-----------
time=18332222
mem_heap_B=7616
mem_heap_extra_B=368
mem_stacks_B=930368
heap_tree=detailed
n1: 7616 (heap allocation functions) malloc/new/new[], --alloc-fns, etc.
 n0: 7616 in 5 places, all below massif's threshold (1.00%)
#-----------
snapshot=30
#-----------
time=18893837
mem_heap_B=8432
mem_heap_extra_B=392
mem_stacks_B=958848
heap_tree=detailed
n1: 8432 (heap allocation functions) malloc/new/new[], --alloc-fns, etc.
 n0: 8432 in 5 places, all below massif's threshold (1.00%)
#-----------
snapshot=31
#-----------
time=19693287
mem_heap_B=8432
mem_heap_extra_B=392
mem_stacks_B=999488
heap_tree=detailed
n1: 8432 (heap allocation functions) malloc/new/new[], --alloc-fns, etc.
 n0: 8432 in 5 places, all below massif's threshold (1.00%)
#-----------
snapshot=32
#-----------
time=20500422
mem_heap_B=8704
mem_heap_extra_B=400
mem_stacks_B=1040928
heap_tree=detailed
n1: 8704 (heap allocation functions) malloc/new/new[], --alloc-fns, etc.
 n0: 8704 in 5 places, all below massif's threshold (1.00%)
#-----------
snapshot=33
#-----------
time=21356557
mem_heap_B=8432
mem_heap_extra_B=392
mem_stacks_B=1084288
heap_tree=detailed
n1: 8432 (heap allocation functions) malloc/new/new[], --alloc-fns, etc.
 n0: 8432 in 5 places, all below massif's threshold (1.00%)
#-----------
snapshot=34
#-----------
time=22220643
mem_heap_B=6800
mem_heap_extra_B=344
mem_stacks_B=1125792
heap_tree=empty
#-----------
snapshot=35
#-----------
time=22712696
mem_heap_B=8432
mem_heap_extra_B=392
mem_stacks_B=1153248
heap_tree=detailed
n1: 8432 (heap allocation functions) malloc/new/new[], --alloc-fns, etc.
 n0: 8432 in 5 places, all below massif's threshold (1.00%)
#-----------
snapshot=36
#-----------
time=23421224
mem_heap_B=8432
mem_heap_extra_B=392
mem_stacks_B=1189248
heap_tree=detailed
n1: 8432 (heap allocation functions) malloc/new/new[], --alloc-fns, etc.
 n0: 8432 in 5 places, all below massif's threshold (1.00%)
#-----------
snapshot=37
#-----------
time=24377270
mem_heap_B=8704
mem_heap_extra_B=400
mem_stacks_B=1238216
heap_tree=detailed
n1: 8704 (heap allocation functions) malloc/new/new[], --alloc-fns, etc.
 n0: 8704 in 5 places, all below massif's threshold (1.00%)
#-----------
snapshot=38
#-----------
time=24877236
mem_heap_B=8704
mem_heap_extra_B=400
mem_stacks_B=1263648
heap_tree=detailed
n1: 8704 (heap allocation functions) malloc/new/new[], --alloc-fns, etc.
 n0: 8704 in 5 places, all below massif's threshold (1.00%)
#-----------
snapshot=39
#-----------
time=25419467
mem_heap_B=7344
mem_heap_extra_B=360
mem_stacks_B=1290848
heap_tree=detailed
n1: 7344 (heap allocation functions) malloc/new/new[], --alloc-fns, etc.
 n0: 7344 in 5 places, all below massif's threshold (1.00%)
#-----------
snapshot=40
#-----------
time=26181932
mem_heap_B=8160
mem_heap_extra_B=384
mem_stacks_B=1329736
heap_tree=detailed
n1: 8160 (heap allocation functions) malloc/new/new[], --alloc-fns, etc.
 n0: 8160 in 5 places, all below massif's threshold (1.00%)
#-----------
snapshot=41
#-----------
time=26691147
mem_heap_B=7072
mem_heap_extra_B=352
mem_stacks_B=1353312
heap_tree=empty
#-----------
snapshot=42
#-----------
time=27279198
mem_heap_B=7072
mem_heap_extra_B=352
mem_stacks_B=1385776
heap_tree=detailed
n1: 7072 (heap allocation functions) malloc/new/new[], --alloc-fns, etc.
 n0: 7072 in 5 places, all below massif's threshold (1.00%)
#-----------
snapshot=43
#-----------
time=27801305
mem_heap_B=8704
mem_heap_extra_B=400
mem_stacks_B=1412296
heap_tree=detailed
n1: 8704 (heap allocation functions) malloc/new/new[], --alloc-fns, etc.
 n0: 8704 in 5 places, all below massif's threshold (1.00%)
#-----------
snapshot=44
#-----------
time=28394603
mem_heap_B=7616
mem_heap_extra_B=368
mem_stacks_B=1442376
heap_tree=detailed
n1: 7616 (heap allocation functions) malloc/new/new[], --alloc-fns, etc.
 n0: 7616 in 5 places, all below massif's threshold (1.00%)
#-----------
snapshot=45
#-----------
time=28952107
mem_heap_B=8704
mem_heap_extra_B=400
mem_stacks_B=1471008
heap_tree=detailed
n1: 8704 (heap allocation functions) malloc/new/new[], --alloc-fns, etc.
 n0: 8704 in 5 places, all below massif's threshold (1.00%)
#-----------
snapshot=46
#-----------
time=29503893
mem_heap_B=7888
mem_heap_extra_B=376
mem_stacks_B=1497040
heap_tree=empty
#-----------
snapshot=47
#-----------
time=30107663
mem_heap_B=7888
mem_heap_extra_B=376
mem_stacks_B=1527760
heap_tree=empty
#-----------
snapshot=48
#-----------
time=31109178
mem_heap_B=7616
mem_heap_extra_B=368
mem_stacks_B=1580448
heap_tree=detailed
n1: 7616 (heap allocation functions) malloc/new/new[], --alloc-fns, etc.
 n0: 7616 in 5 places, all below massif's threshold (1.00%)
#-----------
snapshot=49
#-----------
time=31361482
mem_heap_B=8160
mem_heap_extra_B=384
mem_stacks_B=1591384
heap_tree=empty
#-----------
snapshot=50
#-----------
time=31450489
mem_heap_B=6528
mem_heap_extra_B=336
mem_stacks_B=1597728
heap_tree=detailed
n1: 6528 (heap allocation functions) malloc/new/new[], --alloc-fns, etc.
 n0: 6528 in 5 places, all below massif's threshold (1.00%)
#-----------
snapshot=51
#-----------
time=31724057
mem_heap_B=8704
mem_heap_extra_B=400
mem_stacks_B=1611808
heap_tree=detailed
n1: 8704 (heap allocation functions) malloc/new/new[], --alloc-fns, etc.
 n0: 8704 in 5 places, all below massif's threshold (1.00%)
#-----------
snapshot=52
#-----------
time=32074926
mem_heap_B=7616
mem_heap_extra_B=368
mem_stacks_B=1629176
heap_tree=detailed
n1: 7616 (heap allocation functions) malloc/new/new[], --alloc-fns, etc.
 n0: 7616 in 5 places, all below massif's threshold (1.00%)
#-----------
snapshot=53
#-----------
time=32373194
mem_heap_B=8432
mem_heap_extra_B=392
mem_stacks_B=1644928
heap_tree=detailed
n1: 8432 (heap allocation functions) malloc/new/new[], --alloc-fns, etc.
 n0: 8432 in 5 places, all below massif's threshold (1.00%)
#-----------
snapshot=54
#-----------
time=32715204
mem_heap_B=7616
mem_heap_extra_B=368
mem_stacks_B=1662368
heap_tree=detailed
n1: 7616 (heap allocation functions) malloc/new/new[], --alloc-fns, etc.
 n0: 7616 in 5 places, all below massif's threshold (1.00%)
#-----------
snapshot=55
#-----------
time=33024527
mem_heap_B=8432
mem_heap_extra_B=392
mem_stacks_B=1678256
heap_tree=detailed
n1: 8432 (heap allocation functions) malloc/new/new[], --alloc-fns, etc.
 n0: 8432 in 5 places, all below massif's threshold (1.00%)
#-----------
snapshot=56
#-----------
time=33378982
mem_heap_B=8160
mem_heap_extra_B=384
mem_stacks_B=1695968
heap_tree=detailed
n1: 8160 (heap allocation functions) malloc/new/new[], --alloc-fns, etc.
 n0: 8160 in 5 places, all below massif's threshold (1.00%)
#-----------
snapshot=57
#-----------
time=33725026
mem_heap_B=7888
mem_heap_extra_B=376
mem_stacks_B=1713568
heap_tree=detailed
n1: 7888 (heap allocation functions) malloc/new/new[], --alloc-fns, etc.
 n0: 7888 in 5 places, all below massif's threshold (1.00%)
#-----------
snapshot=58
#-----------
time=34070644
mem_heap_B=7344
mem_heap_extra_B=360
mem_stacks_B=1731376
heap_tree=detailed
n1: 7344 (heap allocation functions) malloc/new/new[], --alloc-fns, etc.
 n0: 7344 in 5 places, all below massif's threshold (1.00%)
#-----------
snapshot=59
#-----------
time=34384658
mem_heap_B=8704
mem_heap_extra_B=400
mem_stacks_B=1747488
heap_tree=detailed
n1: 8704 (heap allocation functions) malloc/new/new[], --alloc-fns, etc.
 n0: 8704 in 5 places, all below massif's threshold (1.00%)
#-----------
snapshot=60
#-----------
time=34740601
mem_heap_B=8704
mem_heap_extra_B=400
mem_stacks_B=1765408
heap_tree=detailed
n1: 8704 (heap allocation functions) malloc/new/new[], --alloc-fns, etc.
 n0: 8704 in 5 places, all below massif's threshold (1.00%)
#-----------
snapshot=61
#-----------
time=35124101
mem_heap_B=7072
mem_heap_extra_B=352
mem_stacks_B=1784928
heap_tree=detailed
n1: 7072 (heap allocation functions) malloc/new/new[], --alloc-fns, etc.
 n0: 7072 in 5 places, all below massif's threshold (1.00%)
#-----------
snapshot=62
#-----------
time=35440784
mem_heap_B=8704
mem_heap_extra_B=400
mem_stacks_B=1801248
heap_tree=detailed
n1: 8704 (heap allocation functions) malloc/new/new[], --alloc-fns, etc.
 n0: 8704 in 5 places, all below massif's threshold (1.00%)
#-----------
snapshot=63
#-----------
time=35832209
mem_heap_B=7344
mem_heap_extra_B=360
mem_stacks_B=1820768
heap_tree=detailed
n1: 7344 (heap allocation functions) malloc/new/new[], --alloc-fns, etc.
 n0: 7344 in 5 places, all below massif's threshold (1.00%)
#-----------
snapshot=64
#-----------
time=36184524
mem_heap_B=7344
mem_heap_extra_B=360
mem_stacks_B=1839056
heap_tree=detailed
n1: 7344 (heap allocation functions) malloc/new/new[], --alloc-fns, etc.
 n0: 7344 in 5 places, all below massif's threshold (1.00%)
#-----------
snapshot=65
#-----------
time=36547154
mem_heap_B=8160
mem_heap_extra_B=384
mem_stacks_B=1857248
heap_tree=detailed
n1: 8160 (heap allocation functions) malloc/new/new[], --alloc-fns, etc.
 n0: 8160 in 5 places, all below massif's threshold (1.00%)
#-----------
snapshot=66
#-----------
time=36934685
mem_heap_B=7072
mem_heap_extra_B=352
mem_stacks_B=1877088
heap_tree=detailed
n1: 7072 (heap allocation functions) malloc/new/new[], --alloc-fns, etc.
 n0: 7072 in 5 places, all below massif's threshold (1.00%)
#-----------
snapshot=67
#-----------
time=37295297
mem_heap_B=7616
mem_heap_extra_B=368
mem_stacks_B=1895376
heap_tree=detailed
n1: 7616 (heap allocation functions) malloc/new/new[], --alloc-fns, etc.
 n0: 7616 in 5 places, all below massif's threshold (1.00%)
#-----------
snapshot=68
#-----------
time=37653766
mem_heap_B=8432
mem_heap_extra_B=392
mem_stacks_B=1913728
heap_tree=detailed
n1: 8432 (heap allocation functions) malloc/new/new[], --alloc-fns, etc.
 n0: 8432 in 5 places, all below massif's threshold (1.00%)
#-----------
snapshot=69
#-----------
time=38052891
mem_heap_B=7888
mem_heap_extra_B=376
mem_stacks_B=1933888
heap_tree=detailed
n1: 7888 (heap allocation functions) malloc/new/new[], --alloc-fns, etc.
 n0: 7888 in 5 places, all below massif's threshold (1.00%)
#-----------
snapshot=70
#-----------
time=38447054
mem_heap_B=7616
mem_heap_extra_B=368
mem_stacks_B=1954048
heap_tree=detailed
n1: 7616 (heap allocation functions) malloc/new/new[], --alloc-fns, etc.
 n0: 7616 in 5 places, all below massif's threshold (1.00%)
#-----------
snapshot=71
#-----------
time=38847509
mem_heap_B=6800
mem_heap_extra_B=344
mem_stacks_B=1972368
heap_tree=empty
#-----------
snapshot=72
#-----------
time=38848892
mem_heap_B=7072
mem_heap_extra_B=352
mem_stacks_B=1974368
heap_tree=detailed
n1: 7072 (heap allocation functions) malloc/new/new[], --alloc-fns, etc.
 n0: 7072 in 5 places, all below massif's threshold (1.00%)
#-----------
snapshot=73
#-----------
time=39209619
mem_heap_B=8160
mem_heap_extra_B=384
mem_stacks_B=1993088
heap_tree=detailed
n1: 8160 (heap allocation functions) malloc/new/new[], --alloc-fns, etc.
 n0: 8160 in 5 places, all below massif's threshold (1.00%)
#-----------
snapshot=74
#-----------
time=39610445
mem_heap_B=7888
mem_heap_extra_B=376
mem_stacks_B=2011280
heap_tree=empty
#-----------
snapshot=75
#-----------
time=39611854
mem_heap_B=8160
mem_heap_extra_B=384
mem_stacks_B=2013248
heap_tree=detailed
n1: 8160 (heap allocation functions) malloc/new/new[], --alloc-fns, etc.
 n0: 8160 in 5 places, all below massif's threshold (1.00%)
#-----------
snapshot=76
#-----------
time=40013053
mem_heap_B=7616
mem_heap_extra_B=368
mem_stacks_B=2031760
heap_tree=empty
#-----------
snapshot=77
#-----------
time=40014508
mem_heap_B=7888
mem_heap_extra_B=376
mem_stacks_B=2033776
heap_tree=detailed
n1: 7888 (heap allocation functions) malloc/new/new[], --alloc-fns, etc.
 n0: 7888 in 5 places, all below massif's threshold (1.00%)
#-----------
snapshot=78
#-----------
time=40414878
mem_heap_B=8160
mem_heap_extra_B=384
mem_stacks_B=2054368
heap_tree=detailed
n1: 8160 (heap allocation functions) malloc/new/new[], --alloc-fns, etc.
 n0: 8160 in 5 places, all below massif's threshold (1.00%)
#-----------
snapshot=79
#-----------
time=40815615
mem_heap_B=7344
mem_heap_extra_B=360
mem_stacks_B=2072720
heap_tree=empty
#-----------
snapshot=80
#-----------
time=40823060
mem_heap_B=8432
mem_heap_extra_B=392
mem_stacks_B=2075008
heap_tree=detailed
n1: 8432 (heap allocation functions) malloc/new/new[], --alloc-fns, etc.
 n0: 8432 in 5 places, all below massif's threshold (1.00%)
#-----------
snapshot=81
#-----------
time=41223515
mem_heap_B=8704
mem_heap_extra_B=400
mem_stacks_B=2093640
heap_tree=empty
#-----------
snapshot=82
#-----------
time=41228338
mem_heap_B=8704
mem_heap_extra_B=400
mem_stacks_B=2095648
heap_tree=detailed
n1: 8704 (heap allocation functions) malloc/new/new[], --alloc-fns, etc.
 n0: 8704 in 5 places, all below massif's threshold (1.00%)
#-----------
snapshot=83
#-----------
time=41628824
mem_heap_B=7888
mem_heap_extra_B=376
mem_stacks_B=2113672
heap_tree=empty
#-----------
snapshot=84
#-----------
time=41672823
mem_heap_B=8160
mem_heap_extra_B=384
mem_stacks_B=2118048
heap_tree=detailed
n1: 8160 (heap allocation functions) malloc/new/new[], --alloc-fns, etc.
 n0: 8160 in 5 places, all below massif's threshold (1.00%)
#-----------
snapshot=85
#-----------
time=42073328
mem_heap_B=8160
mem_heap_extra_B=384
mem_stacks_B=2138680
heap_tree=empty
#-----------
snapshot=86
#-----------
time=42077130
mem_heap_B=8432
mem_heap_extra_B=392
mem_stacks_B=2139056
heap_tree=detailed
n1: 8432 (heap allocation functions) malloc/new/new[], --alloc-fns, etc.
 n0: 8432 in 5 places, all below massif's threshold (1.00%)
#-----------
snapshot=87
#-----------
time=42477588
mem_heap_B=7888
mem_heap_extra_B=376
mem_stacks_B=2156888
heap_tree=empty
#-----------
snapshot=88
#-----------
time=42522180
mem_heap_B=7616
mem_heap_extra_B=368
mem_stacks_B=2161568
heap_tree=detailed
n1: 7616 (heap allocation functions) malloc/new/new[], --alloc-fns, etc.
 n0: 7616 in 5 places, all below massif's threshold (1.00%)
#-----------
snapshot=89
#-----------
time=42922664
mem_heap_B=7072
mem_heap_extra_B=352
mem_stacks_B=2181728
heap_tree=empty
#-----------
snapshot=90
#-----------
time=42967575
mem_heap_B=6800
mem_heap_extra_B=344
mem_stacks_B=2184128
heap_tree=peak
n1: 6800 (heap allocation functions) malloc/new/new[], --alloc-fns, etc.
 n0: 6800 in 5 places, all below massif's threshold (1.00%)
