desc: --massif-out-file=valgrind_logs/massif_M6_N6_T8_S1.out --stacks=yes
cmd: ./heated_plate_valgrind 6 6 8 1
time_unit: i
#-----------
snapshot=0
#-----------
time=0
mem_heap_B=0
mem_heap_extra_B=0
mem_stacks_B=0
heap_tree=empty
#-----------
snapshot=1
#-----------
time=30919
mem_heap_B=0
mem_heap_extra_B=0
mem_stacks_B=312
heap_tree=empty
#-----------
snapshot=2
#-----------
time=64061
mem_heap_B=0
mem_heap_extra_B=0
mem_stacks_B=5768
heap_tree=empty
#-----------
snapshot=3
#-----------
time=103652
mem_heap_B=0
mem_heap_extra_B=0
mem_stacks_B=1768
heap_tree=empty
#-----------
snapshot=4
#-----------
time=131288
mem_heap_B=0
mem_heap_extra_B=0
mem_stacks_B=1528
heap_tree=empty
#-----------
snapshot=5
#-----------
time=170542
mem_heap_B=0
mem_heap_extra_B=0
mem_stacks_B=1528
heap_tree=empty
#-----------
snapshot=6
#-----------
time=192353
mem_heap_B=2848
mem_heap_extra_B=176
mem_stacks_B=3360
heap_tree=empty
#-----------
snapshot=7
#-----------
time=241873
mem_heap_B=2576
mem_heap_extra_B=168
mem_stacks_B=7144
heap_tree=detailed
n4: 2576 (heap allocation functions) malloc/new/new[], --alloc-fns, etc.
 n1: 1904 0x40145AB: calloc (rtld-malloc.h:44)
  n1: 1904 0x40145AB: allocate_dtv (dl-tls.c:370)
   n1: 1904 0x40145AB: _dl_allocate_tls (dl-tls.c:629)
    n1: 1904 0x4900616: allocate_stack (allocatestack.c:429)
     n1: 1904 0x4900616: pthread_create@@GLIBC_2.34 (pthread_create.c:655)
      n3: 1904 0x48528D8: parallel_for (in /home/billyfu/YatPC/lab6/libparallel_for.so)
       n1: 1088 0x1098FD: heated_plate_pthreads (in /home/billyfu/YatPC/lab6/heated_plate_valgrind)
        n0: 1088 0x109D55: main (in /home/billyfu/YatPC/lab6/heated_plate_valgrind)
       n1: 816 0x10995F: heated_plate_pthreads (in /home/billyfu/YatPC/lab6/heated_plate_valgrind)
        n0: 816 0x109D55: main (in /home/billyfu/YatPC/lab6/heated_plate_valgrind)
       n0: 0 in 1 place, below massif's threshold (1.00%)
 n1: 288 0x109820: heated_plate_pthreads (in /home/billyfu/YatPC/lab6/heated_plate_valgrind)
  n0: 288 0x109D55: main (in /home/billyfu/YatPC/lab6/heated_plate_valgrind)
 n1: 288 0x109850: heated_plate_pthreads (in /home/billyfu/YatPC/lab6/heated_plate_valgrind)
  n0: 288 0x109D55: main (in /home/billyfu/YatPC/lab6/heated_plate_valgrind)
 n0: 96 in 2 places, all below massif's threshold (1.00%)
#-----------
snapshot=8
#-----------
time=273456
mem_heap_B=1760
mem_heap_extra_B=144
mem_stacks_B=6776
heap_tree=empty
#-----------
snapshot=9
#-----------
time=328989
mem_heap_B=2848
mem_heap_extra_B=176
mem_stacks_B=9936
heap_tree=empty
#-----------
snapshot=10
#-----------
time=357120
mem_heap_B=2848
mem_heap_extra_B=176
mem_stacks_B=11768
heap_tree=empty
#-----------
snapshot=11
#-----------
time=396380
mem_heap_B=2304
mem_heap_extra_B=160
mem_stacks_B=14216
heap_tree=empty
#-----------
snapshot=12
#-----------
time=449367
mem_heap_B=1760
mem_heap_extra_B=144
mem_stacks_B=16688
heap_tree=empty
#-----------
snapshot=13
#-----------
time=486663
mem_heap_B=2848
mem_heap_extra_B=176
mem_stacks_B=21384
heap_tree=detailed
n4: 2848 (heap allocation functions) malloc/new/new[], --alloc-fns, etc.
 n1: 2176 0x40145AB: calloc (rtld-malloc.h:44)
  n1: 2176 0x40145AB: allocate_dtv (dl-tls.c:370)
   n1: 2176 0x40145AB: _dl_allocate_tls (dl-tls.c:629)
    n1: 2176 0x4900616: allocate_stack (allocatestack.c:429)
     n1: 2176 0x4900616: pthread_create@@GLIBC_2.34 (pthread_create.c:655)
      n3: 2176 0x48528D8: parallel_for (in /home/billyfu/YatPC/lab6/libparallel_for.so)
       n1: 1088 0x109AE1: heated_plate_pthreads (in /home/billyfu/YatPC/lab6/heated_plate_valgrind)
        n0: 1088 0x109D55: main (in /home/billyfu/YatPC/lab6/heated_plate_valgrind)
       n1: 1088 0x109B4B: heated_plate_pthreads (in /home/billyfu/YatPC/lab6/heated_plate_valgrind)
        n0: 1088 0x109D55: main (in /home/billyfu/YatPC/lab6/heated_plate_valgrind)
       n0: 0 in 6 places, all below massif's threshold (1.00%)
 n1: 288 0x109820: heated_plate_pthreads (in /home/billyfu/YatPC/lab6/heated_plate_valgrind)
  n0: 288 0x109D55: main (in /home/billyfu/YatPC/lab6/heated_plate_valgrind)
 n1: 288 0x109850: heated_plate_pthreads (in /home/billyfu/YatPC/lab6/heated_plate_valgrind)
  n0: 288 0x109D55: main (in /home/billyfu/YatPC/lab6/heated_plate_valgrind)
 n0: 96 in 2 places, all below massif's threshold (1.00%)
#-----------
snapshot=14
#-----------
time=520821
mem_heap_B=1760
mem_heap_extra_B=144
mem_stacks_B=21328
heap_tree=empty
#-----------
snapshot=15
#-----------
time=565326
mem_heap_B=1760
mem_heap_extra_B=144
mem_stacks_B=24000
heap_tree=detailed
n4: 1760 (heap allocation functions) malloc/new/new[], --alloc-fns, etc.
 n1: 1088 0x40145AB: calloc (rtld-malloc.h:44)
  n1: 1088 0x40145AB: allocate_dtv (dl-tls.c:370)
   n1: 1088 0x40145AB: _dl_allocate_tls (dl-tls.c:629)
    n1: 1088 0x4900616: allocate_stack (allocatestack.c:429)
     n1: 1088 0x4900616: pthread_create@@GLIBC_2.34 (pthread_create.c:655)
      n2: 1088 0x48528D8: parallel_for (in /home/billyfu/YatPC/lab6/libparallel_for.so)
       n1: 1088 0x109B4B: heated_plate_pthreads (in /home/billyfu/YatPC/lab6/heated_plate_valgrind)
        n0: 1088 0x109D55: main (in /home/billyfu/YatPC/lab6/heated_plate_valgrind)
       n0: 0 in 7 places, all below massif's threshold (1.00%)
 n1: 288 0x109820: heated_plate_pthreads (in /home/billyfu/YatPC/lab6/heated_plate_valgrind)
  n0: 288 0x109D55: main (in /home/billyfu/YatPC/lab6/heated_plate_valgrind)
 n1: 288 0x109850: heated_plate_pthreads (in /home/billyfu/YatPC/lab6/heated_plate_valgrind)
  n0: 288 0x109D55: main (in /home/billyfu/YatPC/lab6/heated_plate_valgrind)
 n0: 96 in 2 places, all below massif's threshold (1.00%)
#-----------
snapshot=16
#-----------
time=592687
mem_heap_B=2032
mem_heap_extra_B=152
mem_stacks_B=27456
heap_tree=detailed
n2: 2032 (heap allocation functions) malloc/new/new[], --alloc-fns, etc.
 n1: 1360 0x40145AB: calloc (rtld-malloc.h:44)
  n1: 1360 0x40145AB: allocate_dtv (dl-tls.c:370)
   n1: 1360 0x40145AB: _dl_allocate_tls (dl-tls.c:629)
    n1: 1360 0x4900616: allocate_stack (allocatestack.c:429)
     n1: 1360 0x4900616: pthread_create@@GLIBC_2.34 (pthread_create.c:655)
      n2: 1360 0x48528D8: parallel_for (in /home/billyfu/YatPC/lab6/libparallel_for.so)
       n1: 1088 0x109A9E: heated_plate_pthreads (in /home/billyfu/YatPC/lab6/heated_plate_valgrind)
        n0: 1088 0x109D55: main (in /home/billyfu/YatPC/lab6/heated_plate_valgrind)
       n0: 272 in 7 places, all below massif's threshold (1.00%)
 n0: 672 in 4 places, all below massif's threshold (1.00%)
#-----------
snapshot=17
#-----------
time=643103
mem_heap_B=2848
mem_heap_extra_B=176
mem_stacks_B=30496
heap_tree=detailed
n2: 2848 (heap allocation functions) malloc/new/new[], --alloc-fns, etc.
 n1: 2176 0x40145AB: calloc (rtld-malloc.h:44)
  n1: 2176 0x40145AB: allocate_dtv (dl-tls.c:370)
   n1: 2176 0x40145AB: _dl_allocate_tls (dl-tls.c:629)
    n1: 2176 0x4900616: allocate_stack (allocatestack.c:429)
     n1: 2176 0x4900616: pthread_create@@GLIBC_2.34 (pthread_create.c:655)
      n3: 2176 0x48528D8: parallel_for (in /home/billyfu/YatPC/lab6/libparallel_for.so)
       n1: 1088 0x109A9E: heated_plate_pthreads (in /home/billyfu/YatPC/lab6/heated_plate_valgrind)
        n0: 1088 0x109D55: main (in /home/billyfu/YatPC/lab6/heated_plate_valgrind)
       n1: 1088 0x109B4B: heated_plate_pthreads (in /home/billyfu/YatPC/lab6/heated_plate_valgrind)
        n0: 1088 0x109D55: main (in /home/billyfu/YatPC/lab6/heated_plate_valgrind)
       n0: 0 in 6 places, all below massif's threshold (1.00%)
 n0: 672 in 4 places, all below massif's threshold (1.00%)
#-----------
snapshot=18
#-----------
time=701520
mem_heap_B=1760
mem_heap_extra_B=144
mem_stacks_B=33696
heap_tree=empty
#-----------
snapshot=19
#-----------
time=753508
mem_heap_B=2848
mem_heap_extra_B=176
mem_stacks_B=36896
heap_tree=detailed
n2: 2848 (heap allocation functions) malloc/new/new[], --alloc-fns, etc.
 n1: 2176 0x40145AB: calloc (rtld-malloc.h:44)
  n1: 2176 0x40145AB: allocate_dtv (dl-tls.c:370)
   n1: 2176 0x40145AB: _dl_allocate_tls (dl-tls.c:629)
    n1: 2176 0x4900616: allocate_stack (allocatestack.c:429)
     n1: 2176 0x4900616: pthread_create@@GLIBC_2.34 (pthread_create.c:655)
      n3: 2176 0x48528D8: parallel_for (in /home/billyfu/YatPC/lab6/libparallel_for.so)
       n1: 1088 0x109AE1: heated_plate_pthreads (in /home/billyfu/YatPC/lab6/heated_plate_valgrind)
        n0: 1088 0x109D55: main (in /home/billyfu/YatPC/lab6/heated_plate_valgrind)
       n1: 1088 0x109B4B: heated_plate_pthreads (in /home/billyfu/YatPC/lab6/heated_plate_valgrind)
        n0: 1088 0x109D55: main (in /home/billyfu/YatPC/lab6/heated_plate_valgrind)
       n0: 0 in 6 places, all below massif's threshold (1.00%)
 n0: 672 in 4 places, all below massif's threshold (1.00%)
#-----------
snapshot=20
#-----------
time=796130
mem_heap_B=2576
mem_heap_extra_B=168
mem_stacks_B=39344
heap_tree=detailed
n2: 2576 (heap allocation functions) malloc/new/new[], --alloc-fns, etc.
 n1: 1904 0x40145AB: calloc (rtld-malloc.h:44)
  n1: 1904 0x40145AB: allocate_dtv (dl-tls.c:370)
   n1: 1904 0x40145AB: _dl_allocate_tls (dl-tls.c:629)
    n1: 1904 0x4900616: allocate_stack (allocatestack.c:429)
     n1: 1904 0x4900616: pthread_create@@GLIBC_2.34 (pthread_create.c:655)
      n3: 1904 0x48528D8: parallel_for (in /home/billyfu/YatPC/lab6/libparallel_for.so)
       n1: 1088 0x109A9E: heated_plate_pthreads (in /home/billyfu/YatPC/lab6/heated_plate_valgrind)
        n0: 1088 0x109D55: main (in /home/billyfu/YatPC/lab6/heated_plate_valgrind)
       n1: 816 0x109AE1: heated_plate_pthreads (in /home/billyfu/YatPC/lab6/heated_plate_valgrind)
        n0: 816 0x109D55: main (in /home/billyfu/YatPC/lab6/heated_plate_valgrind)
       n0: 0 in 6 places, all below massif's threshold (1.00%)
 n0: 672 in 4 places, all below massif's threshold (1.00%)
#-----------
snapshot=21
#-----------
time=834681
mem_heap_B=2032
mem_heap_extra_B=152
mem_stacks_B=39376
heap_tree=empty
#-----------
snapshot=22
#-----------
time=893198
mem_heap_B=1760
mem_heap_extra_B=144
mem_stacks_B=42616
heap_tree=empty
#-----------
snapshot=23
#-----------
time=930247
mem_heap_B=2576
mem_heap_extra_B=168
mem_stacks_B=44528
heap_tree=empty
#-----------
snapshot=24
#-----------
time=984379
mem_heap_B=1760
mem_heap_extra_B=144
mem_stacks_B=48208
heap_tree=empty
#-----------
snapshot=25
#-----------
time=1019424
mem_heap_B=2848
mem_heap_extra_B=176
mem_stacks_B=52256
heap_tree=detailed
n2: 2848 (heap allocation functions) malloc/new/new[], --alloc-fns, etc.
 n1: 2176 0x40145AB: calloc (rtld-malloc.h:44)
  n1: 2176 0x40145AB: allocate_dtv (dl-tls.c:370)
   n1: 2176 0x40145AB: _dl_allocate_tls (dl-tls.c:629)
    n1: 2176 0x4900616: allocate_stack (allocatestack.c:429)
     n1: 2176 0x4900616: pthread_create@@GLIBC_2.34 (pthread_create.c:655)
      n3: 2176 0x48528D8: parallel_for (in /home/billyfu/YatPC/lab6/libparallel_for.so)
       n1: 1088 0x109AE1: heated_plate_pthreads (in /home/billyfu/YatPC/lab6/heated_plate_valgrind)
        n0: 1088 0x109D55: main (in /home/billyfu/YatPC/lab6/heated_plate_valgrind)
       n1: 1088 0x109B4B: heated_plate_pthreads (in /home/billyfu/YatPC/lab6/heated_plate_valgrind)
        n0: 1088 0x109D55: main (in /home/billyfu/YatPC/lab6/heated_plate_valgrind)
       n0: 0 in 6 places, all below massif's threshold (1.00%)
 n0: 672 in 4 places, all below massif's threshold (1.00%)
#-----------
snapshot=26
#-----------
time=1076233
mem_heap_B=1760
mem_heap_extra_B=144
mem_stacks_B=53176
heap_tree=empty
#-----------
snapshot=27
#-----------
time=1108390
mem_heap_B=2848
mem_heap_extra_B=176
mem_stacks_B=57376
heap_tree=detailed
n2: 2848 (heap allocation functions) malloc/new/new[], --alloc-fns, etc.
 n1: 2176 0x40145AB: calloc (rtld-malloc.h:44)
  n1: 2176 0x40145AB: allocate_dtv (dl-tls.c:370)
   n1: 2176 0x40145AB: _dl_allocate_tls (dl-tls.c:629)
    n1: 2176 0x4900616: allocate_stack (allocatestack.c:429)
     n1: 2176 0x4900616: pthread_create@@GLIBC_2.34 (pthread_create.c:655)
      n3: 2176 0x48528D8: parallel_for (in /home/billyfu/YatPC/lab6/libparallel_for.so)
       n1: 1088 0x109A9E: heated_plate_pthreads (in /home/billyfu/YatPC/lab6/heated_plate_valgrind)
        n0: 1088 0x109D55: main (in /home/billyfu/YatPC/lab6/heated_plate_valgrind)
       n1: 1088 0x109B4B: heated_plate_pthreads (in /home/billyfu/YatPC/lab6/heated_plate_valgrind)
        n0: 1088 0x109D55: main (in /home/billyfu/YatPC/lab6/heated_plate_valgrind)
       n0: 0 in 6 places, all below massif's threshold (1.00%)
 n0: 672 in 4 places, all below massif's threshold (1.00%)
#-----------
snapshot=28
#-----------
time=1152426
mem_heap_B=2848
mem_heap_extra_B=176
mem_stacks_B=59936
heap_tree=detailed
n2: 2848 (heap allocation functions) malloc/new/new[], --alloc-fns, etc.
 n1: 2176 0x40145AB: calloc (rtld-malloc.h:44)
  n1: 2176 0x40145AB: allocate_dtv (dl-tls.c:370)
   n1: 2176 0x40145AB: _dl_allocate_tls (dl-tls.c:629)
    n1: 2176 0x4900616: allocate_stack (allocatestack.c:429)
     n1: 2176 0x4900616: pthread_create@@GLIBC_2.34 (pthread_create.c:655)
      n3: 2176 0x48528D8: parallel_for (in /home/billyfu/YatPC/lab6/libparallel_for.so)
       n1: 1088 0x109AE1: heated_plate_pthreads (in /home/billyfu/YatPC/lab6/heated_plate_valgrind)
        n0: 1088 0x109D55: main (in /home/billyfu/YatPC/lab6/heated_plate_valgrind)
       n1: 1088 0x109B4B: heated_plate_pthreads (in /home/billyfu/YatPC/lab6/heated_plate_valgrind)
        n0: 1088 0x109D55: main (in /home/billyfu/YatPC/lab6/heated_plate_valgrind)
       n0: 0 in 6 places, all below massif's threshold (1.00%)
 n0: 672 in 4 places, all below massif's threshold (1.00%)
#-----------
snapshot=29
#-----------
time=1184852
mem_heap_B=1760
mem_heap_extra_B=144
mem_stacks_B=59736
heap_tree=empty
#-----------
snapshot=30
#-----------
time=1232734
mem_heap_B=1760
mem_heap_extra_B=144
mem_stacks_B=62240
heap_tree=empty
#-----------
snapshot=31
#-----------
time=1275683
mem_heap_B=1760
mem_heap_extra_B=144
mem_stacks_B=64696
heap_tree=empty
#-----------
snapshot=32
#-----------
time=1307822
mem_heap_B=2848
mem_heap_extra_B=176
mem_stacks_B=68896
heap_tree=detailed
n2: 2848 (heap allocation functions) malloc/new/new[], --alloc-fns, etc.
 n1: 2176 0x40145AB: calloc (rtld-malloc.h:44)
  n1: 2176 0x40145AB: allocate_dtv (dl-tls.c:370)
   n1: 2176 0x40145AB: _dl_allocate_tls (dl-tls.c:629)
    n1: 2176 0x4900616: allocate_stack (allocatestack.c:429)
     n1: 2176 0x4900616: pthread_create@@GLIBC_2.34 (pthread_create.c:655)
      n3: 2176 0x48528D8: parallel_for (in /home/billyfu/YatPC/lab6/libparallel_for.so)
       n1: 1088 0x109A9E: heated_plate_pthreads (in /home/billyfu/YatPC/lab6/heated_plate_valgrind)
        n0: 1088 0x109D55: main (in /home/billyfu/YatPC/lab6/heated_plate_valgrind)
       n1: 1088 0x109B4B: heated_plate_pthreads (in /home/billyfu/YatPC/lab6/heated_plate_valgrind)
        n0: 1088 0x109D55: main (in /home/billyfu/YatPC/lab6/heated_plate_valgrind)
       n0: 0 in 6 places, all below massif's threshold (1.00%)
 n0: 672 in 4 places, all below massif's threshold (1.00%)
#-----------
snapshot=33
#-----------
time=1348685
mem_heap_B=2576
mem_heap_extra_B=168
mem_stacks_B=71136
heap_tree=detailed
n2: 2576 (heap allocation functions) malloc/new/new[], --alloc-fns, etc.
 n1: 1904 0x40145AB: calloc (rtld-malloc.h:44)
  n1: 1904 0x40145AB: allocate_dtv (dl-tls.c:370)
   n1: 1904 0x40145AB: _dl_allocate_tls (dl-tls.c:629)
    n1: 1904 0x4900616: allocate_stack (allocatestack.c:429)
     n1: 1904 0x4900616: pthread_create@@GLIBC_2.34 (pthread_create.c:655)
      n3: 1904 0x48528D8: parallel_for (in /home/billyfu/YatPC/lab6/libparallel_for.so)
       n1: 1088 0x109AE1: heated_plate_pthreads (in /home/billyfu/YatPC/lab6/heated_plate_valgrind)
        n0: 1088 0x109D55: main (in /home/billyfu/YatPC/lab6/heated_plate_valgrind)
       n1: 816 0x109B4B: heated_plate_pthreads (in /home/billyfu/YatPC/lab6/heated_plate_valgrind)
        n0: 816 0x109D55: main (in /home/billyfu/YatPC/lab6/heated_plate_valgrind)
       n0: 0 in 6 places, all below massif's threshold (1.00%)
 n0: 672 in 4 places, all below massif's threshold (1.00%)
#-----------
snapshot=34
#-----------
time=1395938
mem_heap_B=2848
mem_heap_extra_B=176
mem_stacks_B=73512
heap_tree=detailed
n2: 2848 (heap allocation functions) malloc/new/new[], --alloc-fns, etc.
 n1: 2176 0x40145AB: calloc (rtld-malloc.h:44)
  n1: 2176 0x40145AB: allocate_dtv (dl-tls.c:370)
   n1: 2176 0x40145AB: _dl_allocate_tls (dl-tls.c:629)
    n1: 2176 0x4900616: allocate_stack (allocatestack.c:429)
     n1: 2176 0x4900616: pthread_create@@GLIBC_2.34 (pthread_create.c:655)
      n3: 2176 0x48528D8: parallel_for (in /home/billyfu/YatPC/lab6/libparallel_for.so)
       n1: 1088 0x109A9E: heated_plate_pthreads (in /home/billyfu/YatPC/lab6/heated_plate_valgrind)
        n0: 1088 0x109D55: main (in /home/billyfu/YatPC/lab6/heated_plate_valgrind)
       n1: 1088 0x109AE1: heated_plate_pthreads (in /home/billyfu/YatPC/lab6/heated_plate_valgrind)
        n0: 1088 0x109D55: main (in /home/billyfu/YatPC/lab6/heated_plate_valgrind)
       n0: 0 in 6 places, all below massif's threshold (1.00%)
 n0: 672 in 4 places, all below massif's threshold (1.00%)
#-----------
snapshot=35
#-----------
time=1428438
mem_heap_B=1760
mem_heap_extra_B=144
mem_stacks_B=73816
heap_tree=empty
#-----------
snapshot=36
#-----------
time=1482821
mem_heap_B=2576
mem_heap_extra_B=168
mem_stacks_B=78976
heap_tree=detailed
n2: 2576 (heap allocation functions) malloc/new/new[], --alloc-fns, etc.
 n1: 1904 0x40145AB: calloc (rtld-malloc.h:44)
  n1: 1904 0x40145AB: allocate_dtv (dl-tls.c:370)
   n1: 1904 0x40145AB: _dl_allocate_tls (dl-tls.c:629)
    n1: 1904 0x4900616: allocate_stack (allocatestack.c:429)
     n1: 1904 0x4900616: pthread_create@@GLIBC_2.34 (pthread_create.c:655)
      n2: 1904 0x48528D8: parallel_for (in /home/billyfu/YatPC/lab6/libparallel_for.so)
       n1: 1088 0x109AE1: heated_plate_pthreads (in /home/billyfu/YatPC/lab6/heated_plate_valgrind)
        n0: 1088 0x109D55: main (in /home/billyfu/YatPC/lab6/heated_plate_valgrind)
       n0: 816 in 7 places, all below massif's threshold (1.00%)
 n0: 672 in 4 places, all below massif's threshold (1.00%)
#-----------
snapshot=37
#-----------
time=1524662
mem_heap_B=2032
mem_heap_extra_B=152
mem_stacks_B=79104
heap_tree=empty
#-----------
snapshot=38
#-----------
time=1572806
mem_heap_B=2576
mem_heap_extra_B=168
mem_stacks_B=84256
heap_tree=detailed
n2: 2576 (heap allocation functions) malloc/new/new[], --alloc-fns, etc.
 n1: 1904 0x40145AB: calloc (rtld-malloc.h:44)
  n1: 1904 0x40145AB: allocate_dtv (dl-tls.c:370)
   n1: 1904 0x40145AB: _dl_allocate_tls (dl-tls.c:629)
    n1: 1904 0x4900616: allocate_stack (allocatestack.c:429)
     n1: 1904 0x4900616: pthread_create@@GLIBC_2.34 (pthread_create.c:655)
      n2: 1904 0x48528D8: parallel_for (in /home/billyfu/YatPC/lab6/libparallel_for.so)
       n1: 1088 0x109B4B: heated_plate_pthreads (in /home/billyfu/YatPC/lab6/heated_plate_valgrind)
        n0: 1088 0x109D55: main (in /home/billyfu/YatPC/lab6/heated_plate_valgrind)
       n0: 816 in 7 places, all below massif's threshold (1.00%)
 n0: 672 in 4 places, all below massif's threshold (1.00%)
#-----------
snapshot=39
#-----------
time=1613527
mem_heap_B=2304
mem_heap_extra_B=160
mem_stacks_B=84464
heap_tree=empty
#-----------
snapshot=40
#-----------
time=1659949
mem_heap_B=2848
mem_heap_extra_B=176
mem_stacks_B=86776
heap_tree=empty
#-----------
snapshot=41
#-----------
time=1702763
mem_heap_B=2304
mem_heap_extra_B=160
mem_stacks_B=91608
heap_tree=empty
#-----------
snapshot=42
#-----------
time=1747270
mem_heap_B=2848
mem_heap_extra_B=176
mem_stacks_B=94016
heap_tree=detailed
n2: 2848 (heap allocation functions) malloc/new/new[], --alloc-fns, etc.
 n1: 2176 0x40145AB: calloc (rtld-malloc.h:44)
  n1: 2176 0x40145AB: allocate_dtv (dl-tls.c:370)
   n1: 2176 0x40145AB: _dl_allocate_tls (dl-tls.c:629)
    n1: 2176 0x4900616: allocate_stack (allocatestack.c:429)
     n1: 2176 0x4900616: pthread_create@@GLIBC_2.34 (pthread_create.c:655)
      n3: 2176 0x48528D8: parallel_for (in /home/billyfu/YatPC/lab6/libparallel_for.so)
       n1: 1088 0x109AE1: heated_plate_pthreads (in /home/billyfu/YatPC/lab6/heated_plate_valgrind)
        n0: 1088 0x109D55: main (in /home/billyfu/YatPC/lab6/heated_plate_valgrind)
       n1: 1088 0x109B4B: heated_plate_pthreads (in /home/billyfu/YatPC/lab6/heated_plate_valgrind)
        n0: 1088 0x109D55: main (in /home/billyfu/YatPC/lab6/heated_plate_valgrind)
       n0: 0 in 6 places, all below massif's threshold (1.00%)
 n0: 672 in 4 places, all below massif's threshold (1.00%)
#-----------
snapshot=43
#-----------
time=1771070
mem_heap_B=2576
mem_heap_extra_B=168
mem_stacks_B=95616
heap_tree=detailed
n2: 2576 (heap allocation functions) malloc/new/new[], --alloc-fns, etc.
 n1: 1904 0x40145AB: calloc (rtld-malloc.h:44)
  n1: 1904 0x40145AB: allocate_dtv (dl-tls.c:370)
   n1: 1904 0x40145AB: _dl_allocate_tls (dl-tls.c:629)
    n1: 1904 0x4900616: allocate_stack (allocatestack.c:429)
     n1: 1904 0x4900616: pthread_create@@GLIBC_2.34 (pthread_create.c:655)
      n2: 1904 0x48528D8: parallel_for (in /home/billyfu/YatPC/lab6/libparallel_for.so)
       n1: 1088 0x109B4B: heated_plate_pthreads (in /home/billyfu/YatPC/lab6/heated_plate_valgrind)
        n0: 1088 0x109D55: main (in /home/billyfu/YatPC/lab6/heated_plate_valgrind)
       n0: 816 in 7 places, all below massif's threshold (1.00%)
 n0: 672 in 4 places, all below massif's threshold (1.00%)
#-----------
snapshot=44
#-----------
time=1814009
mem_heap_B=2304
mem_heap_extra_B=160
mem_stacks_B=98184
heap_tree=detailed
n2: 2304 (heap allocation functions) malloc/new/new[], --alloc-fns, etc.
 n1: 1632 0x40145AB: calloc (rtld-malloc.h:44)
  n1: 1632 0x40145AB: allocate_dtv (dl-tls.c:370)
   n1: 1632 0x40145AB: _dl_allocate_tls (dl-tls.c:629)
    n1: 1632 0x4900616: allocate_stack (allocatestack.c:429)
     n1: 1632 0x4900616: pthread_create@@GLIBC_2.34 (pthread_create.c:655)
      n2: 1632 0x48528D8: parallel_for (in /home/billyfu/YatPC/lab6/libparallel_for.so)
       n1: 1088 0x109AE1: heated_plate_pthreads (in /home/billyfu/YatPC/lab6/heated_plate_valgrind)
        n0: 1088 0x109D55: main (in /home/billyfu/YatPC/lab6/heated_plate_valgrind)
       n0: 544 in 7 places, all below massif's threshold (1.00%)
 n0: 672 in 4 places, all below massif's threshold (1.00%)
#-----------
snapshot=45
#-----------
time=1859627
mem_heap_B=2576
mem_heap_extra_B=168
mem_stacks_B=100784
heap_tree=detailed
n2: 2576 (heap allocation functions) malloc/new/new[], --alloc-fns, etc.
 n1: 1904 0x40145AB: calloc (rtld-malloc.h:44)
  n1: 1904 0x40145AB: allocate_dtv (dl-tls.c:370)
   n1: 1904 0x40145AB: _dl_allocate_tls (dl-tls.c:629)
    n1: 1904 0x4900616: allocate_stack (allocatestack.c:429)
     n1: 1904 0x4900616: pthread_create@@GLIBC_2.34 (pthread_create.c:655)
      n2: 1904 0x48528D8: parallel_for (in /home/billyfu/YatPC/lab6/libparallel_for.so)
       n1: 1088 0x109A9E: heated_plate_pthreads (in /home/billyfu/YatPC/lab6/heated_plate_valgrind)
        n0: 1088 0x109D55: main (in /home/billyfu/YatPC/lab6/heated_plate_valgrind)
       n0: 816 in 7 places, all below massif's threshold (1.00%)
 n0: 672 in 4 places, all below massif's threshold (1.00%)
#-----------
snapshot=46
#-----------
time=1899910
mem_heap_B=2032
mem_heap_extra_B=152
mem_stacks_B=102968
heap_tree=empty
#-----------
snapshot=47
#-----------
time=1949877
mem_heap_B=2848
mem_heap_extra_B=176
mem_stacks_B=106064
heap_tree=detailed
n2: 2848 (heap allocation functions) malloc/new/new[], --alloc-fns, etc.
 n1: 2176 0x40145AB: calloc (rtld-malloc.h:44)
  n1: 2176 0x40145AB: allocate_dtv (dl-tls.c:370)
   n1: 2176 0x40145AB: _dl_allocate_tls (dl-tls.c:629)
    n1: 2176 0x4900616: allocate_stack (allocatestack.c:429)
     n1: 2176 0x4900616: pthread_create@@GLIBC_2.34 (pthread_create.c:655)
      n1: 2176 0x48528D8: parallel_for (in /home/billyfu/YatPC/lab6/libparallel_for.so)
       n0: 2176 in 8 places, all below massif's threshold (1.00%)
 n0: 672 in 4 places, all below massif's threshold (1.00%)
#-----------
snapshot=48
#-----------
time=1991851
mem_heap_B=2576
mem_heap_extra_B=168
mem_stacks_B=106240
heap_tree=empty
#-----------
snapshot=49
#-----------
time=2038691
mem_heap_B=2848
mem_heap_extra_B=176
mem_stacks_B=111136
heap_tree=detailed
n2: 2848 (heap allocation functions) malloc/new/new[], --alloc-fns, etc.
 n1: 2176 0x40145AB: calloc (rtld-malloc.h:44)
  n1: 2176 0x40145AB: allocate_dtv (dl-tls.c:370)
   n1: 2176 0x40145AB: _dl_allocate_tls (dl-tls.c:629)
    n1: 2176 0x4900616: allocate_stack (allocatestack.c:429)
     n1: 2176 0x4900616: pthread_create@@GLIBC_2.34 (pthread_create.c:655)
      n1: 2176 0x48528D8: parallel_for (in /home/billyfu/YatPC/lab6/libparallel_for.so)
       n0: 2176 in 8 places, all below massif's threshold (1.00%)
 n0: 672 in 4 places, all below massif's threshold (1.00%)
#-----------
snapshot=50
#-----------
time=2060519
mem_heap_B=2848
mem_heap_extra_B=176
mem_stacks_B=110240
heap_tree=empty
#-----------
snapshot=51
#-----------
time=2060921
mem_heap_B=2848
mem_heap_extra_B=176
mem_stacks_B=112416
heap_tree=detailed
n2: 2848 (heap allocation functions) malloc/new/new[], --alloc-fns, etc.
 n1: 2176 0x40145AB: calloc (rtld-malloc.h:44)
  n1: 2176 0x40145AB: allocate_dtv (dl-tls.c:370)
   n1: 2176 0x40145AB: _dl_allocate_tls (dl-tls.c:629)
    n1: 2176 0x4900616: allocate_stack (allocatestack.c:429)
     n1: 2176 0x4900616: pthread_create@@GLIBC_2.34 (pthread_create.c:655)
      n1: 2176 0x48528D8: parallel_for (in /home/billyfu/YatPC/lab6/libparallel_for.so)
       n0: 2176 in 8 places, all below massif's threshold (1.00%)
 n0: 672 in 4 places, all below massif's threshold (1.00%)
#-----------
snapshot=52
#-----------
time=2082736
mem_heap_B=2848
mem_heap_extra_B=176
mem_stacks_B=113696
heap_tree=detailed
n2: 2848 (heap allocation functions) malloc/new/new[], --alloc-fns, etc.
 n1: 2176 0x40145AB: calloc (rtld-malloc.h:44)
  n1: 2176 0x40145AB: allocate_dtv (dl-tls.c:370)
   n1: 2176 0x40145AB: _dl_allocate_tls (dl-tls.c:629)
    n1: 2176 0x4900616: allocate_stack (allocatestack.c:429)
     n1: 2176 0x4900616: pthread_create@@GLIBC_2.34 (pthread_create.c:655)
      n1: 2176 0x48528D8: parallel_for (in /home/billyfu/YatPC/lab6/libparallel_for.so)
       n0: 2176 in 8 places, all below massif's threshold (1.00%)
 n0: 672 in 4 places, all below massif's threshold (1.00%)
#-----------
snapshot=53
#-----------
time=2104558
mem_heap_B=2848
mem_heap_extra_B=176
mem_stacks_B=112864
heap_tree=empty
#-----------
snapshot=54
#-----------
time=2119916
mem_heap_B=2304
mem_heap_extra_B=160
mem_stacks_B=115456
heap_tree=detailed
n2: 2304 (heap allocation functions) malloc/new/new[], --alloc-fns, etc.
 n1: 1632 0x40145AB: calloc (rtld-malloc.h:44)
  n1: 1632 0x40145AB: allocate_dtv (dl-tls.c:370)
   n1: 1632 0x40145AB: _dl_allocate_tls (dl-tls.c:629)
    n1: 1632 0x4900616: allocate_stack (allocatestack.c:429)
     n1: 1632 0x4900616: pthread_create@@GLIBC_2.34 (pthread_create.c:655)
      n1: 1632 0x48528D8: parallel_for (in /home/billyfu/YatPC/lab6/libparallel_for.so)
       n0: 1632 in 8 places, all below massif's threshold (1.00%)
 n0: 672 in 4 places, all below massif's threshold (1.00%)
#-----------
snapshot=55
#-----------
time=2126194
mem_heap_B=2848
mem_heap_extra_B=176
mem_stacks_B=116104
heap_tree=detailed
n2: 2848 (heap allocation functions) malloc/new/new[], --alloc-fns, etc.
 n1: 2176 0x40145AB: calloc (rtld-malloc.h:44)
  n1: 2176 0x40145AB: allocate_dtv (dl-tls.c:370)
   n1: 2176 0x40145AB: _dl_allocate_tls (dl-tls.c:629)
    n1: 2176 0x4900616: allocate_stack (allocatestack.c:429)
     n1: 2176 0x4900616: pthread_create@@GLIBC_2.34 (pthread_create.c:655)
      n1: 2176 0x48528D8: parallel_for (in /home/billyfu/YatPC/lab6/libparallel_for.so)
       n0: 2176 in 8 places, all below massif's threshold (1.00%)
 n0: 672 in 4 places, all below massif's threshold (1.00%)
#-----------
snapshot=56
#-----------
time=2148005
mem_heap_B=2576
mem_heap_extra_B=168
mem_stacks_B=115520
heap_tree=empty
#-----------
snapshot=57
#-----------
time=2149184
mem_heap_B=2848
mem_heap_extra_B=176
mem_stacks_B=117536
heap_tree=detailed
n2: 2848 (heap allocation functions) malloc/new/new[], --alloc-fns, etc.
 n1: 2176 0x40145AB: calloc (rtld-malloc.h:44)
  n1: 2176 0x40145AB: allocate_dtv (dl-tls.c:370)
   n1: 2176 0x40145AB: _dl_allocate_tls (dl-tls.c:629)
    n1: 2176 0x4900616: allocate_stack (allocatestack.c:429)
     n1: 2176 0x4900616: pthread_create@@GLIBC_2.34 (pthread_create.c:655)
      n1: 2176 0x48528D8: parallel_for (in /home/billyfu/YatPC/lab6/libparallel_for.so)
       n0: 2176 in 8 places, all below massif's threshold (1.00%)
 n0: 672 in 4 places, all below massif's threshold (1.00%)
#-----------
snapshot=58
#-----------
time=2170999
mem_heap_B=2576
mem_heap_extra_B=168
mem_stacks_B=118816
heap_tree=empty
#-----------
snapshot=59
#-----------
time=2188587
mem_heap_B=2304
mem_heap_extra_B=160
mem_stacks_B=119616
heap_tree=detailed
n2: 2304 (heap allocation functions) malloc/new/new[], --alloc-fns, etc.
 n1: 1632 0x40145AB: calloc (rtld-malloc.h:44)
  n1: 1632 0x40145AB: allocate_dtv (dl-tls.c:370)
   n1: 1632 0x40145AB: _dl_allocate_tls (dl-tls.c:629)
    n1: 1632 0x4900616: allocate_stack (allocatestack.c:429)
     n1: 1632 0x4900616: pthread_create@@GLIBC_2.34 (pthread_create.c:655)
      n1: 1632 0x48528D8: parallel_for (in /home/billyfu/YatPC/lab6/libparallel_for.so)
       n0: 1632 in 8 places, all below massif's threshold (1.00%)
 n0: 672 in 4 places, all below massif's threshold (1.00%)
#-----------
snapshot=60
#-----------
time=2210402
mem_heap_B=2304
mem_heap_extra_B=160
mem_stacks_B=120896
heap_tree=detailed
n2: 2304 (heap allocation functions) malloc/new/new[], --alloc-fns, etc.
 n1: 1632 0x40145AB: calloc (rtld-malloc.h:44)
  n1: 1632 0x40145AB: allocate_dtv (dl-tls.c:370)
   n1: 1632 0x40145AB: _dl_allocate_tls (dl-tls.c:629)
    n1: 1632 0x4900616: allocate_stack (allocatestack.c:429)
     n1: 1632 0x4900616: pthread_create@@GLIBC_2.34 (pthread_create.c:655)
      n1: 1632 0x48528D8: parallel_for (in /home/billyfu/YatPC/lab6/libparallel_for.so)
       n0: 1632 in 8 places, all below massif's threshold (1.00%)
 n0: 672 in 4 places, all below massif's threshold (1.00%)
#-----------
snapshot=61
#-----------
time=2232217
mem_heap_B=2032
mem_heap_extra_B=152
mem_stacks_B=122176
heap_tree=empty
#-----------
snapshot=62
#-----------
time=2235812
mem_heap_B=2848
mem_heap_extra_B=176
mem_stacks_B=122336
heap_tree=detailed
n2: 2848 (heap allocation functions) malloc/new/new[], --alloc-fns, etc.
 n1: 2176 0x40145AB: calloc (rtld-malloc.h:44)
  n1: 2176 0x40145AB: allocate_dtv (dl-tls.c:370)
   n1: 2176 0x40145AB: _dl_allocate_tls (dl-tls.c:629)
    n1: 2176 0x4900616: allocate_stack (allocatestack.c:429)
     n1: 2176 0x4900616: pthread_create@@GLIBC_2.34 (pthread_create.c:655)
      n1: 2176 0x48528D8: parallel_for (in /home/billyfu/YatPC/lab6/libparallel_for.so)
       n0: 2176 in 8 places, all below massif's threshold (1.00%)
 n0: 672 in 4 places, all below massif's threshold (1.00%)
#-----------
snapshot=63
#-----------
time=2257625
mem_heap_B=2576
mem_heap_extra_B=168
mem_stacks_B=121600
heap_tree=empty
#-----------
snapshot=64
#-----------
time=2260265
mem_heap_B=2848
mem_heap_extra_B=176
mem_stacks_B=123936
heap_tree=detailed
n2: 2848 (heap allocation functions) malloc/new/new[], --alloc-fns, etc.
 n1: 2176 0x40145AB: calloc (rtld-malloc.h:44)
  n1: 2176 0x40145AB: allocate_dtv (dl-tls.c:370)
   n1: 2176 0x40145AB: _dl_allocate_tls (dl-tls.c:629)
    n1: 2176 0x4900616: allocate_stack (allocatestack.c:429)
     n1: 2176 0x4900616: pthread_create@@GLIBC_2.34 (pthread_create.c:655)
      n1: 2176 0x48528D8: parallel_for (in /home/billyfu/YatPC/lab6/libparallel_for.so)
       n0: 2176 in 8 places, all below massif's threshold (1.00%)
 n0: 672 in 4 places, all below massif's threshold (1.00%)
#-----------
snapshot=65
#-----------
time=2282082
mem_heap_B=2848
mem_heap_extra_B=176
mem_stacks_B=125216
heap_tree=detailed
n2: 2848 (heap allocation functions) malloc/new/new[], --alloc-fns, etc.
 n1: 2176 0x40145AB: calloc (rtld-malloc.h:44)
  n1: 2176 0x40145AB: allocate_dtv (dl-tls.c:370)
   n1: 2176 0x40145AB: _dl_allocate_tls (dl-tls.c:629)
    n1: 2176 0x4900616: allocate_stack (allocatestack.c:429)
     n1: 2176 0x4900616: pthread_create@@GLIBC_2.34 (pthread_create.c:655)
      n1: 2176 0x48528D8: parallel_for (in /home/billyfu/YatPC/lab6/libparallel_for.so)
       n0: 2176 in 8 places, all below massif's threshold (1.00%)
 n0: 672 in 4 places, all below massif's threshold (1.00%)
#-----------
snapshot=66
#-----------
time=2303900
mem_heap_B=2576
mem_heap_extra_B=168
mem_stacks_B=126528
heap_tree=empty
#-----------
snapshot=67
#-----------
time=2322628
mem_heap_B=2304
mem_heap_extra_B=160
mem_stacks_B=127456
heap_tree=detailed
n2: 2304 (heap allocation functions) malloc/new/new[], --alloc-fns, etc.
 n1: 1632 0x40145AB: calloc (rtld-malloc.h:44)
  n1: 1632 0x40145AB: allocate_dtv (dl-tls.c:370)
   n1: 1632 0x40145AB: _dl_allocate_tls (dl-tls.c:629)
    n1: 1632 0x4900616: allocate_stack (allocatestack.c:429)
     n1: 1632 0x4900616: pthread_create@@GLIBC_2.34 (pthread_create.c:655)
      n1: 1632 0x48528D8: parallel_for (in /home/billyfu/YatPC/lab6/libparallel_for.so)
       n0: 1632 in 8 places, all below massif's threshold (1.00%)
 n0: 672 in 4 places, all below massif's threshold (1.00%)
#-----------
snapshot=68
#-----------
time=2344474
mem_heap_B=2304
mem_heap_extra_B=160
mem_stacks_B=126464
heap_tree=empty
#-----------
snapshot=69
#-----------
time=2345223
mem_heap_B=2576
mem_heap_extra_B=168
mem_stacks_B=128744
heap_tree=detailed
n2: 2576 (heap allocation functions) malloc/new/new[], --alloc-fns, etc.
 n1: 1904 0x40145AB: calloc (rtld-malloc.h:44)
  n1: 1904 0x40145AB: allocate_dtv (dl-tls.c:370)
   n1: 1904 0x40145AB: _dl_allocate_tls (dl-tls.c:629)
    n1: 1904 0x4900616: allocate_stack (allocatestack.c:429)
     n1: 1904 0x4900616: pthread_create@@GLIBC_2.34 (pthread_create.c:655)
      n1: 1904 0x48528D8: parallel_for (in /home/billyfu/YatPC/lab6/libparallel_for.so)
       n0: 1904 in 8 places, all below massif's threshold (1.00%)
 n0: 672 in 4 places, all below massif's threshold (1.00%)
#-----------
snapshot=70
#-----------
time=2367041
mem_heap_B=2032
mem_heap_extra_B=152
mem_stacks_B=127896
heap_tree=empty
#-----------
snapshot=71
#-----------
time=2368740
mem_heap_B=2576
mem_heap_extra_B=168
mem_stacks_B=130176
heap_tree=detailed
n2: 2576 (heap allocation functions) malloc/new/new[], --alloc-fns, etc.
 n1: 1904 0x40145AB: calloc (rtld-malloc.h:44)
  n1: 1904 0x40145AB: allocate_dtv (dl-tls.c:370)
   n1: 1904 0x40145AB: _dl_allocate_tls (dl-tls.c:629)
    n1: 1904 0x4900616: allocate_stack (allocatestack.c:429)
     n1: 1904 0x4900616: pthread_create@@GLIBC_2.34 (pthread_create.c:655)
      n1: 1904 0x48528D8: parallel_for (in /home/billyfu/YatPC/lab6/libparallel_for.so)
       n0: 1904 in 8 places, all below massif's threshold (1.00%)
 n0: 672 in 4 places, all below massif's threshold (1.00%)
#-----------
snapshot=72
#-----------
time=2390552
mem_heap_B=2576
mem_heap_extra_B=168
mem_stacks_B=129512
heap_tree=empty
#-----------
snapshot=73
#-----------
time=2392009
mem_heap_B=2576
mem_heap_extra_B=168
mem_stacks_B=131624
heap_tree=detailed
n2: 2576 (heap allocation functions) malloc/new/new[], --alloc-fns, etc.
 n1: 1904 0x40145AB: calloc (rtld-malloc.h:44)
  n1: 1904 0x40145AB: allocate_dtv (dl-tls.c:370)
   n1: 1904 0x40145AB: _dl_allocate_tls (dl-tls.c:629)
    n1: 1904 0x4900616: allocate_stack (allocatestack.c:429)
     n1: 1904 0x4900616: pthread_create@@GLIBC_2.34 (pthread_create.c:655)
      n1: 1904 0x48528D8: parallel_for (in /home/billyfu/YatPC/lab6/libparallel_for.so)
       n0: 1904 in 8 places, all below massif's threshold (1.00%)
 n0: 672 in 4 places, all below massif's threshold (1.00%)
#-----------
snapshot=74
#-----------
time=2413881
mem_heap_B=2576
mem_heap_extra_B=168
mem_stacks_B=130280
heap_tree=empty
#-----------
snapshot=75
#-----------
time=2423546
mem_heap_B=5856
mem_heap_extra_B=152
mem_stacks_B=130768
heap_tree=peak
n2: 5856 (heap allocation functions) malloc/new/new[], --alloc-fns, etc.
 n1: 4096 0x48E81B4: _IO_file_doallocate (filedoalloc.c:101)
  n1: 4096 0x48F8523: _IO_doallocbuf (genops.c:347)
   n1: 4096 0x48F5F8F: _IO_file_overflow@@GLIBC_2.2.5 (fileops.c:745)
    n1: 4096 0x48F6AAE: _IO_new_file_xsputn (fileops.c:1244)
     n1: 4096 0x48F6AAE: _IO_file_xsputn@@GLIBC_2.2.5 (fileops.c:1197)
      n1: 4096 0x48C3CC8: __printf_buffer_flush_to_file (printf_buffer_to_file.c:59)
       n1: 4096 0x48C3CC8: __printf_buffer_to_file_done (printf_buffer_to_file.c:120)
        n1: 4096 0x48CE5A9: __vfprintf_internal (vfprintf-internal.c:1560)
         n1: 4096 0x48C31B2: printf (printf.c:33)
          n1: 4096 0x109C61: print_result (in /home/billyfu/YatPC/lab6/heated_plate_valgrind)
           n0: 4096 0x109D7B: main (in /home/billyfu/YatPC/lab6/heated_plate_valgrind)
 n0: 1760 in 5 places, all below massif's threshold (1.00%)
