desc: --massif-out-file=valgrind_logs/massif_M4_N4_T1_S1.out --stacks=yes
cmd: ./heated_plate_valgrind 4 4 1 1
time_unit: i
#-----------
snapshot=0
#-----------
time=0
mem_heap_B=0
mem_heap_extra_B=0
mem_stacks_B=0
heap_tree=empty
#-----------
snapshot=1
#-----------
time=1097
mem_heap_B=0
mem_heap_extra_B=0
mem_stacks_B=368
heap_tree=empty
#-----------
snapshot=2
#-----------
time=30919
mem_heap_B=0
mem_heap_extra_B=0
mem_stacks_B=312
heap_tree=empty
#-----------
snapshot=3
#-----------
time=35920
mem_heap_B=0
mem_heap_extra_B=0
mem_stacks_B=656
heap_tree=empty
#-----------
snapshot=4
#-----------
time=39429
mem_heap_B=0
mem_heap_extra_B=0
mem_stacks_B=960
heap_tree=detailed
n0: 0 (heap allocation functions) malloc/new/new[], --alloc-fns, etc.
#-----------
snapshot=5
#-----------
time=44037
mem_heap_B=0
mem_heap_extra_B=0
mem_stacks_B=1368
heap_tree=empty
#-----------
snapshot=6
#-----------
time=50004
mem_heap_B=0
mem_heap_extra_B=0
mem_stacks_B=7680
heap_tree=detailed
n0: 0 (heap allocation functions) malloc/new/new[], --alloc-fns, etc.
#-----------
snapshot=7
#-----------
time=54375
mem_heap_B=0
mem_heap_extra_B=0
mem_stacks_B=2408
heap_tree=empty
#-----------
snapshot=8
#-----------
time=58110
mem_heap_B=0
mem_heap_extra_B=0
mem_stacks_B=4776
heap_tree=empty
#-----------
snapshot=9
#-----------
time=64061
mem_heap_B=0
mem_heap_extra_B=0
mem_stacks_B=5768
heap_tree=empty
#-----------
snapshot=10
#-----------
time=70107
mem_heap_B=0
mem_heap_extra_B=0
mem_stacks_B=1336
heap_tree=empty
#-----------
snapshot=11
#-----------
time=75227
mem_heap_B=0
mem_heap_extra_B=0
mem_stacks_B=1080
heap_tree=empty
#-----------
snapshot=12
#-----------
time=85615
mem_heap_B=0
mem_heap_extra_B=0
mem_stacks_B=1304
heap_tree=empty
#-----------
snapshot=13
#-----------
time=90640
mem_heap_B=0
mem_heap_extra_B=0
mem_stacks_B=1768
heap_tree=empty
#-----------
snapshot=14
#-----------
time=96257
mem_heap_B=0
mem_heap_extra_B=0
mem_stacks_B=1768
heap_tree=empty
#-----------
snapshot=15
#-----------
time=103652
mem_heap_B=0
mem_heap_extra_B=0
mem_stacks_B=1768
heap_tree=empty
#-----------
snapshot=16
#-----------
time=107655
mem_heap_B=0
mem_heap_extra_B=0
mem_stacks_B=1768
heap_tree=empty
#-----------
snapshot=17
#-----------
time=114443
mem_heap_B=0
mem_heap_extra_B=0
mem_stacks_B=1768
heap_tree=empty
#-----------
snapshot=18
#-----------
time=121246
mem_heap_B=0
mem_heap_extra_B=0
mem_stacks_B=1304
heap_tree=empty
#-----------
snapshot=19
#-----------
time=126323
mem_heap_B=0
mem_heap_extra_B=0
mem_stacks_B=1768
heap_tree=empty
#-----------
snapshot=20
#-----------
time=131288
mem_heap_B=0
mem_heap_extra_B=0
mem_stacks_B=1528
heap_tree=empty
#-----------
snapshot=21
#-----------
time=134338
mem_heap_B=0
mem_heap_extra_B=0
mem_stacks_B=1768
heap_tree=empty
#-----------
snapshot=22
#-----------
time=139094
mem_heap_B=0
mem_heap_extra_B=0
mem_stacks_B=1584
heap_tree=empty
#-----------
snapshot=23
#-----------
time=145958
mem_heap_B=0
mem_heap_extra_B=0
mem_stacks_B=1304
heap_tree=empty
#-----------
snapshot=24
#-----------
time=152732
mem_heap_B=0
mem_heap_extra_B=0
mem_stacks_B=1584
heap_tree=detailed
n0: 0 (heap allocation functions) malloc/new/new[], --alloc-fns, etc.
#-----------
snapshot=25
#-----------
time=156819
mem_heap_B=0
mem_heap_extra_B=0
mem_stacks_B=1528
heap_tree=empty
#-----------
snapshot=26
#-----------
time=161548
mem_heap_B=0
mem_heap_extra_B=0
mem_stacks_B=1624
heap_tree=empty
#-----------
snapshot=27
#-----------
time=164459
mem_heap_B=0
mem_heap_extra_B=0
mem_stacks_B=1872
heap_tree=empty
#-----------
snapshot=28
#-----------
time=170542
mem_heap_B=0
mem_heap_extra_B=0
mem_stacks_B=1528
heap_tree=empty
#-----------
snapshot=29
#-----------
time=175040
mem_heap_B=0
mem_heap_extra_B=0
mem_stacks_B=1728
heap_tree=empty
#-----------
snapshot=30
#-----------
time=180845
mem_heap_B=0
mem_heap_extra_B=0
mem_stacks_B=424
heap_tree=empty
#-----------
snapshot=31
#-----------
time=183314
mem_heap_B=320
mem_heap_extra_B=80
mem_stacks_B=2464
heap_tree=empty
#-----------
snapshot=32
#-----------
time=189241
mem_heap_B=592
mem_heap_extra_B=88
mem_stacks_B=2520
heap_tree=empty
#-----------
snapshot=33
#-----------
time=193660
mem_heap_B=592
mem_heap_extra_B=88
mem_stacks_B=1552
heap_tree=empty
#-----------
snapshot=34
#-----------
time=199283
mem_heap_B=592
mem_heap_extra_B=88
mem_stacks_B=1568
heap_tree=empty
#-----------
snapshot=35
#-----------
time=204911
mem_heap_B=592
mem_heap_extra_B=88
mem_stacks_B=2104
heap_tree=empty
#-----------
snapshot=36
#-----------
time=210472
mem_heap_B=592
mem_heap_extra_B=88
mem_stacks_B=2480
heap_tree=empty
#-----------
snapshot=37
#-----------
time=217167
mem_heap_B=592
mem_heap_extra_B=88
mem_stacks_B=4544
heap_tree=empty
#-----------
snapshot=38
#-----------
time=221608
mem_heap_B=592
mem_heap_extra_B=88
mem_stacks_B=2352
heap_tree=empty
#-----------
snapshot=39
#-----------
time=226020
mem_heap_B=592
mem_heap_extra_B=88
mem_stacks_B=3152
heap_tree=empty
#-----------
snapshot=40
#-----------
time=231664
mem_heap_B=592
mem_heap_extra_B=88
mem_stacks_B=3136
heap_tree=empty
#-----------
snapshot=41
#-----------
time=235006
mem_heap_B=592
mem_heap_extra_B=88
mem_stacks_B=3280
heap_tree=empty
#-----------
snapshot=42
#-----------
time=239471
mem_heap_B=592
mem_heap_extra_B=88
mem_stacks_B=3448
heap_tree=empty
#-----------
snapshot=43
#-----------
time=246125
mem_heap_B=592
mem_heap_extra_B=88
mem_stacks_B=3896
heap_tree=empty
#-----------
snapshot=44
#-----------
time=251651
mem_heap_B=592
mem_heap_extra_B=88
mem_stacks_B=4432
heap_tree=empty
#-----------
snapshot=45
#-----------
time=257214
mem_heap_B=592
mem_heap_extra_B=88
mem_stacks_B=4616
heap_tree=empty
#-----------
snapshot=46
#-----------
time=261634
mem_heap_B=592
mem_heap_extra_B=88
mem_stacks_B=5008
heap_tree=empty
#-----------
snapshot=47
#-----------
time=264944
mem_heap_B=592
mem_heap_extra_B=88
mem_stacks_B=5072
heap_tree=empty
#-----------
snapshot=48
#-----------
time=271149
mem_heap_B=592
mem_heap_extra_B=88
mem_stacks_B=5392
heap_tree=empty
#-----------
snapshot=49
#-----------
time=275553
mem_heap_B=592
mem_heap_extra_B=88
mem_stacks_B=7432
heap_tree=detailed
n4: 592 (heap allocation functions) malloc/new/new[], --alloc-fns, etc.
 n1: 272 0x40145AB: calloc (rtld-malloc.h:44)
  n1: 272 0x40145AB: allocate_dtv (dl-tls.c:370)
   n1: 272 0x40145AB: _dl_allocate_tls (dl-tls.c:629)
    n1: 272 0x4900616: allocate_stack (allocatestack.c:429)
     n1: 272 0x4900616: pthread_create@@GLIBC_2.34 (pthread_create.c:655)
      n1: 272 0x48528D8: parallel_for (in /home/billyfu/YatPC/lab6/libparallel_for.so)
       n1: 272 0x1098BA: heated_plate_pthreads (in /home/billyfu/YatPC/lab6/heated_plate_valgrind)
        n0: 272 0x109D55: main (in /home/billyfu/YatPC/lab6/heated_plate_valgrind)
 n1: 128 0x109820: heated_plate_pthreads (in /home/billyfu/YatPC/lab6/heated_plate_valgrind)
  n0: 128 0x109D55: main (in /home/billyfu/YatPC/lab6/heated_plate_valgrind)
 n1: 128 0x109850: heated_plate_pthreads (in /home/billyfu/YatPC/lab6/heated_plate_valgrind)
  n0: 128 0x109D55: main (in /home/billyfu/YatPC/lab6/heated_plate_valgrind)
 n0: 64 in 2 places, all below massif's threshold (1.00%)
#-----------
snapshot=50
#-----------
time=276676
mem_heap_B=592
mem_heap_extra_B=88
mem_stacks_B=5576
heap_tree=empty
#-----------
snapshot=51
#-----------
time=277778
mem_heap_B=592
mem_heap_extra_B=88
mem_stacks_B=5712
heap_tree=empty
#-----------
snapshot=52
#-----------
time=278680
mem_heap_B=592
mem_heap_extra_B=88
mem_stacks_B=7592
heap_tree=detailed
n4: 592 (heap allocation functions) malloc/new/new[], --alloc-fns, etc.
 n1: 272 0x40145AB: calloc (rtld-malloc.h:44)
  n1: 272 0x40145AB: allocate_dtv (dl-tls.c:370)
   n1: 272 0x40145AB: _dl_allocate_tls (dl-tls.c:629)
    n1: 272 0x4900616: allocate_stack (allocatestack.c:429)
     n1: 272 0x4900616: pthread_create@@GLIBC_2.34 (pthread_create.c:655)
      n1: 272 0x48528D8: parallel_for (in /home/billyfu/YatPC/lab6/libparallel_for.so)
       n1: 272 0x1098BA: heated_plate_pthreads (in /home/billyfu/YatPC/lab6/heated_plate_valgrind)
        n0: 272 0x109D55: main (in /home/billyfu/YatPC/lab6/heated_plate_valgrind)
 n1: 128 0x109820: heated_plate_pthreads (in /home/billyfu/YatPC/lab6/heated_plate_valgrind)
  n0: 128 0x109D55: main (in /home/billyfu/YatPC/lab6/heated_plate_valgrind)
 n1: 128 0x109850: heated_plate_pthreads (in /home/billyfu/YatPC/lab6/heated_plate_valgrind)
  n0: 128 0x109D55: main (in /home/billyfu/YatPC/lab6/heated_plate_valgrind)
 n0: 64 in 2 places, all below massif's threshold (1.00%)
#-----------
snapshot=53
#-----------
time=279778
mem_heap_B=592
mem_heap_extra_B=88
mem_stacks_B=5736
heap_tree=empty
#-----------
snapshot=54
#-----------
time=280887
mem_heap_B=592
mem_heap_extra_B=88
mem_stacks_B=6960
heap_tree=empty
#-----------
snapshot=55
#-----------
time=281857
mem_heap_B=592
mem_heap_extra_B=88
mem_stacks_B=7688
heap_tree=detailed
n4: 592 (heap allocation functions) malloc/new/new[], --alloc-fns, etc.
 n1: 272 0x40145AB: calloc (rtld-malloc.h:44)
  n1: 272 0x40145AB: allocate_dtv (dl-tls.c:370)
   n1: 272 0x40145AB: _dl_allocate_tls (dl-tls.c:629)
    n1: 272 0x4900616: allocate_stack (allocatestack.c:429)
     n1: 272 0x4900616: pthread_create@@GLIBC_2.34 (pthread_create.c:655)
      n1: 272 0x48528D8: parallel_for (in /home/billyfu/YatPC/lab6/libparallel_for.so)
       n1: 272 0x1098BA: heated_plate_pthreads (in /home/billyfu/YatPC/lab6/heated_plate_valgrind)
        n0: 272 0x109D55: main (in /home/billyfu/YatPC/lab6/heated_plate_valgrind)
 n1: 128 0x109820: heated_plate_pthreads (in /home/billyfu/YatPC/lab6/heated_plate_valgrind)
  n0: 128 0x109D55: main (in /home/billyfu/YatPC/lab6/heated_plate_valgrind)
 n1: 128 0x109850: heated_plate_pthreads (in /home/billyfu/YatPC/lab6/heated_plate_valgrind)
  n0: 128 0x109D55: main (in /home/billyfu/YatPC/lab6/heated_plate_valgrind)
 n0: 64 in 2 places, all below massif's threshold (1.00%)
#-----------
snapshot=56
#-----------
time=282042
mem_heap_B=592
mem_heap_extra_B=88
mem_stacks_B=7840
heap_tree=detailed
n4: 592 (heap allocation functions) malloc/new/new[], --alloc-fns, etc.
 n1: 272 0x40145AB: calloc (rtld-malloc.h:44)
  n1: 272 0x40145AB: allocate_dtv (dl-tls.c:370)
   n1: 272 0x40145AB: _dl_allocate_tls (dl-tls.c:629)
    n1: 272 0x4900616: allocate_stack (allocatestack.c:429)
     n1: 272 0x4900616: pthread_create@@GLIBC_2.34 (pthread_create.c:655)
      n1: 272 0x48528D8: parallel_for (in /home/billyfu/YatPC/lab6/libparallel_for.so)
       n1: 272 0x1098BA: heated_plate_pthreads (in /home/billyfu/YatPC/lab6/heated_plate_valgrind)
        n0: 272 0x109D55: main (in /home/billyfu/YatPC/lab6/heated_plate_valgrind)
 n1: 128 0x109820: heated_plate_pthreads (in /home/billyfu/YatPC/lab6/heated_plate_valgrind)
  n0: 128 0x109D55: main (in /home/billyfu/YatPC/lab6/heated_plate_valgrind)
 n1: 128 0x109850: heated_plate_pthreads (in /home/billyfu/YatPC/lab6/heated_plate_valgrind)
  n0: 128 0x109D55: main (in /home/billyfu/YatPC/lab6/heated_plate_valgrind)
 n0: 64 in 2 places, all below massif's threshold (1.00%)
#-----------
snapshot=57
#-----------
time=283158
mem_heap_B=592
mem_heap_extra_B=88
mem_stacks_B=6912
heap_tree=empty
#-----------
snapshot=58
#-----------
time=283478
mem_heap_B=4688
mem_heap_extra_B=96
mem_stacks_B=6128
heap_tree=peak
n5: 4688 (heap allocation functions) malloc/new/new[], --alloc-fns, etc.
 n1: 4096 0x48E81B4: _IO_file_doallocate (filedoalloc.c:101)
  n1: 4096 0x48F8523: _IO_doallocbuf (genops.c:347)
   n1: 4096 0x48F5F8F: _IO_file_overflow@@GLIBC_2.2.5 (fileops.c:745)
    n1: 4096 0x48F6AAE: _IO_new_file_xsputn (fileops.c:1244)
     n1: 4096 0x48F6AAE: _IO_file_xsputn@@GLIBC_2.2.5 (fileops.c:1197)
      n1: 4096 0x48C3CC8: __printf_buffer_flush_to_file (printf_buffer_to_file.c:59)
       n1: 4096 0x48C3CC8: __printf_buffer_to_file_done (printf_buffer_to_file.c:120)
        n1: 4096 0x48CE5A9: __vfprintf_internal (vfprintf-internal.c:1560)
         n1: 4096 0x48C31B2: printf (printf.c:33)
          n1: 4096 0x109C61: print_result (in /home/billyfu/YatPC/lab6/heated_plate_valgrind)
           n0: 4096 0x109D7B: main (in /home/billyfu/YatPC/lab6/heated_plate_valgrind)
 n1: 272 0x40145AB: calloc (rtld-malloc.h:44)
  n1: 272 0x40145AB: allocate_dtv (dl-tls.c:370)
   n1: 272 0x40145AB: _dl_allocate_tls (dl-tls.c:629)
    n1: 272 0x4900616: allocate_stack (allocatestack.c:429)
     n1: 272 0x4900616: pthread_create@@GLIBC_2.34 (pthread_create.c:655)
      n1: 272 0x48528D8: parallel_for (in /home/billyfu/YatPC/lab6/libparallel_for.so)
       n1: 272 0x1098BA: heated_plate_pthreads (in /home/billyfu/YatPC/lab6/heated_plate_valgrind)
        n0: 272 0x109D55: main (in /home/billyfu/YatPC/lab6/heated_plate_valgrind)
 n1: 128 0x109820: heated_plate_pthreads (in /home/billyfu/YatPC/lab6/heated_plate_valgrind)
  n0: 128 0x109D55: main (in /home/billyfu/YatPC/lab6/heated_plate_valgrind)
 n1: 128 0x109850: heated_plate_pthreads (in /home/billyfu/YatPC/lab6/heated_plate_valgrind)
  n0: 128 0x109D55: main (in /home/billyfu/YatPC/lab6/heated_plate_valgrind)
 n0: 64 in 2 places, all below massif's threshold (1.00%)
#-----------
snapshot=59
#-----------
time=284586
mem_heap_B=4368
mem_heap_extra_B=16
mem_stacks_B=5432
heap_tree=empty
#-----------
snapshot=60
#-----------
time=285710
mem_heap_B=4368
mem_heap_extra_B=16
mem_stacks_B=5032
heap_tree=empty
#-----------
snapshot=61
#-----------
time=286893
mem_heap_B=4368
mem_heap_extra_B=16
mem_stacks_B=5272
heap_tree=empty
#-----------
snapshot=62
#-----------
time=287994
mem_heap_B=272
mem_heap_extra_B=8
mem_stacks_B=5152
heap_tree=empty
#-----------
snapshot=63
#-----------
time=289092
mem_heap_B=0
mem_heap_extra_B=0
mem_stacks_B=5152
heap_tree=empty
