desc: --massif-out-file=valgrind_logs/massif_M4_N4_T2_S0.out --stacks=yes
cmd: ./heated_plate_valgrind 4 4 2 0
time_unit: i
#-----------
snapshot=0
#-----------
time=0
mem_heap_B=0
mem_heap_extra_B=0
mem_stacks_B=0
heap_tree=empty
#-----------
snapshot=1
#-----------
time=1097
mem_heap_B=0
mem_heap_extra_B=0
mem_stacks_B=368
heap_tree=empty
#-----------
snapshot=2
#-----------
time=30919
mem_heap_B=0
mem_heap_extra_B=0
mem_stacks_B=312
heap_tree=empty
#-----------
snapshot=3
#-----------
time=35920
mem_heap_B=0
mem_heap_extra_B=0
mem_stacks_B=656
heap_tree=empty
#-----------
snapshot=4
#-----------
time=44037
mem_heap_B=0
mem_heap_extra_B=0
mem_stacks_B=1368
heap_tree=empty
#-----------
snapshot=5
#-----------
time=50004
mem_heap_B=0
mem_heap_extra_B=0
mem_stacks_B=7680
heap_tree=detailed
n0: 0 (heap allocation functions) malloc/new/new[], --alloc-fns, etc.
#-----------
snapshot=6
#-----------
time=58110
mem_heap_B=0
mem_heap_extra_B=0
mem_stacks_B=4776
heap_tree=empty
#-----------
snapshot=7
#-----------
time=64061
mem_heap_B=0
mem_heap_extra_B=0
mem_stacks_B=5768
heap_tree=empty
#-----------
snapshot=8
#-----------
time=70107
mem_heap_B=0
mem_heap_extra_B=0
mem_stacks_B=1336
heap_tree=empty
#-----------
snapshot=9
#-----------
time=75227
mem_heap_B=0
mem_heap_extra_B=0
mem_stacks_B=1080
heap_tree=empty
#-----------
snapshot=10
#-----------
time=85615
mem_heap_B=0
mem_heap_extra_B=0
mem_stacks_B=1304
heap_tree=empty
#-----------
snapshot=11
#-----------
time=90640
mem_heap_B=0
mem_heap_extra_B=0
mem_stacks_B=1768
heap_tree=empty
#-----------
snapshot=12
#-----------
time=96257
mem_heap_B=0
mem_heap_extra_B=0
mem_stacks_B=1768
heap_tree=empty
#-----------
snapshot=13
#-----------
time=103652
mem_heap_B=0
mem_heap_extra_B=0
mem_stacks_B=1768
heap_tree=empty
#-----------
snapshot=14
#-----------
time=107655
mem_heap_B=0
mem_heap_extra_B=0
mem_stacks_B=1768
heap_tree=empty
#-----------
snapshot=15
#-----------
time=114443
mem_heap_B=0
mem_heap_extra_B=0
mem_stacks_B=1768
heap_tree=empty
#-----------
snapshot=16
#-----------
time=121246
mem_heap_B=0
mem_heap_extra_B=0
mem_stacks_B=1304
heap_tree=empty
#-----------
snapshot=17
#-----------
time=126323
mem_heap_B=0
mem_heap_extra_B=0
mem_stacks_B=1768
heap_tree=empty
#-----------
snapshot=18
#-----------
time=131288
mem_heap_B=0
mem_heap_extra_B=0
mem_stacks_B=1528
heap_tree=empty
#-----------
snapshot=19
#-----------
time=139094
mem_heap_B=0
mem_heap_extra_B=0
mem_stacks_B=1584
heap_tree=empty
#-----------
snapshot=20
#-----------
time=145958
mem_heap_B=0
mem_heap_extra_B=0
mem_stacks_B=1304
heap_tree=empty
#-----------
snapshot=21
#-----------
time=152732
mem_heap_B=0
mem_heap_extra_B=0
mem_stacks_B=1584
heap_tree=detailed
n0: 0 (heap allocation functions) malloc/new/new[], --alloc-fns, etc.
#-----------
snapshot=22
#-----------
time=156819
mem_heap_B=0
mem_heap_extra_B=0
mem_stacks_B=1528
heap_tree=empty
#-----------
snapshot=23
#-----------
time=164459
mem_heap_B=0
mem_heap_extra_B=0
mem_stacks_B=1872
heap_tree=empty
#-----------
snapshot=24
#-----------
time=170542
mem_heap_B=0
mem_heap_extra_B=0
mem_stacks_B=1528
heap_tree=empty
#-----------
snapshot=25
#-----------
time=177420
mem_heap_B=0
mem_heap_extra_B=0
mem_stacks_B=1528
heap_tree=empty
#-----------
snapshot=26
#-----------
time=181975
mem_heap_B=320
mem_heap_extra_B=80
mem_stacks_B=2184
heap_tree=empty
#-----------
snapshot=27
#-----------
time=189711
mem_heap_B=864
mem_heap_extra_B=96
mem_stacks_B=1592
heap_tree=empty
#-----------
snapshot=28
#-----------
time=196378
mem_heap_B=864
mem_heap_extra_B=96
mem_stacks_B=3800
heap_tree=detailed
n4: 864 (heap allocation functions) malloc/new/new[], --alloc-fns, etc.
 n1: 544 0x40145AB: calloc (rtld-malloc.h:44)
  n1: 544 0x40145AB: allocate_dtv (dl-tls.c:370)
   n1: 544 0x40145AB: _dl_allocate_tls (dl-tls.c:629)
    n1: 544 0x4900616: allocate_stack (allocatestack.c:429)
     n1: 544 0x4900616: pthread_create@@GLIBC_2.34 (pthread_create.c:655)
      n1: 544 0x48526B6: parallel_for (in /home/billyfu/YatPC/lab6/libparallel_for.so)
       n1: 544 0x1098BA: heated_plate_pthreads (in /home/billyfu/YatPC/lab6/heated_plate_valgrind)
        n0: 544 0x109D55: main (in /home/billyfu/YatPC/lab6/heated_plate_valgrind)
 n1: 128 0x109820: heated_plate_pthreads (in /home/billyfu/YatPC/lab6/heated_plate_valgrind)
  n0: 128 0x109D55: main (in /home/billyfu/YatPC/lab6/heated_plate_valgrind)
 n1: 128 0x109850: heated_plate_pthreads (in /home/billyfu/YatPC/lab6/heated_plate_valgrind)
  n0: 128 0x109D55: main (in /home/billyfu/YatPC/lab6/heated_plate_valgrind)
 n0: 64 in 2 places, all below massif's threshold (1.00%)
#-----------
snapshot=29
#-----------
time=200827
mem_heap_B=864
mem_heap_extra_B=96
mem_stacks_B=2336
heap_tree=empty
#-----------
snapshot=30
#-----------
time=206399
mem_heap_B=864
mem_heap_extra_B=96
mem_stacks_B=2800
heap_tree=empty
#-----------
snapshot=31
#-----------
time=210797
mem_heap_B=864
mem_heap_extra_B=96
mem_stacks_B=2872
heap_tree=empty
#-----------
snapshot=32
#-----------
time=216348
mem_heap_B=864
mem_heap_extra_B=96
mem_stacks_B=3280
heap_tree=empty
#-----------
snapshot=33
#-----------
time=220784
mem_heap_B=864
mem_heap_extra_B=96
mem_stacks_B=3520
heap_tree=empty
#-----------
snapshot=34
#-----------
time=227426
mem_heap_B=864
mem_heap_extra_B=96
mem_stacks_B=3840
heap_tree=empty
#-----------
snapshot=35
#-----------
time=232976
mem_heap_B=864
mem_heap_extra_B=96
mem_stacks_B=4160
heap_tree=empty
#-----------
snapshot=36
#-----------
time=239628
mem_heap_B=864
mem_heap_extra_B=96
mem_stacks_B=6360
heap_tree=empty
#-----------
snapshot=37
#-----------
time=249151
mem_heap_B=864
mem_heap_extra_B=96
mem_stacks_B=5112
heap_tree=empty
#-----------
snapshot=38
#-----------
time=257074
mem_heap_B=864
mem_heap_extra_B=96
mem_stacks_B=7480
heap_tree=detailed
n4: 864 (heap allocation functions) malloc/new/new[], --alloc-fns, etc.
 n1: 544 0x40145AB: calloc (rtld-malloc.h:44)
  n1: 544 0x40145AB: allocate_dtv (dl-tls.c:370)
   n1: 544 0x40145AB: _dl_allocate_tls (dl-tls.c:629)
    n1: 544 0x4900616: allocate_stack (allocatestack.c:429)
     n1: 544 0x4900616: pthread_create@@GLIBC_2.34 (pthread_create.c:655)
      n1: 544 0x48526B6: parallel_for (in /home/billyfu/YatPC/lab6/libparallel_for.so)
       n1: 544 0x1098BA: heated_plate_pthreads (in /home/billyfu/YatPC/lab6/heated_plate_valgrind)
        n0: 544 0x109D55: main (in /home/billyfu/YatPC/lab6/heated_plate_valgrind)
 n1: 128 0x109820: heated_plate_pthreads (in /home/billyfu/YatPC/lab6/heated_plate_valgrind)
  n0: 128 0x109D55: main (in /home/billyfu/YatPC/lab6/heated_plate_valgrind)
 n1: 128 0x109850: heated_plate_pthreads (in /home/billyfu/YatPC/lab6/heated_plate_valgrind)
  n0: 128 0x109D55: main (in /home/billyfu/YatPC/lab6/heated_plate_valgrind)
 n0: 64 in 2 places, all below massif's threshold (1.00%)
#-----------
snapshot=39
#-----------
time=262611
mem_heap_B=864
mem_heap_extra_B=96
mem_stacks_B=7800
heap_tree=detailed
n4: 864 (heap allocation functions) malloc/new/new[], --alloc-fns, etc.
 n1: 544 0x40145AB: calloc (rtld-malloc.h:44)
  n1: 544 0x40145AB: allocate_dtv (dl-tls.c:370)
   n1: 544 0x40145AB: _dl_allocate_tls (dl-tls.c:629)
    n1: 544 0x4900616: allocate_stack (allocatestack.c:429)
     n1: 544 0x4900616: pthread_create@@GLIBC_2.34 (pthread_create.c:655)
      n1: 544 0x48526B6: parallel_for (in /home/billyfu/YatPC/lab6/libparallel_for.so)
       n1: 544 0x1098BA: heated_plate_pthreads (in /home/billyfu/YatPC/lab6/heated_plate_valgrind)
        n0: 544 0x109D55: main (in /home/billyfu/YatPC/lab6/heated_plate_valgrind)
 n1: 128 0x109820: heated_plate_pthreads (in /home/billyfu/YatPC/lab6/heated_plate_valgrind)
  n0: 128 0x109D55: main (in /home/billyfu/YatPC/lab6/heated_plate_valgrind)
 n1: 128 0x109850: heated_plate_pthreads (in /home/billyfu/YatPC/lab6/heated_plate_valgrind)
  n0: 128 0x109D55: main (in /home/billyfu/YatPC/lab6/heated_plate_valgrind)
 n0: 64 in 2 places, all below massif's threshold (1.00%)
#-----------
snapshot=40
#-----------
time=267919
mem_heap_B=864
mem_heap_extra_B=96
mem_stacks_B=8120
heap_tree=detailed
n4: 864 (heap allocation functions) malloc/new/new[], --alloc-fns, etc.
 n1: 544 0x40145AB: calloc (rtld-malloc.h:44)
  n1: 544 0x40145AB: allocate_dtv (dl-tls.c:370)
   n1: 544 0x40145AB: _dl_allocate_tls (dl-tls.c:629)
    n1: 544 0x4900616: allocate_stack (allocatestack.c:429)
     n1: 544 0x4900616: pthread_create@@GLIBC_2.34 (pthread_create.c:655)
      n1: 544 0x48526B6: parallel_for (in /home/billyfu/YatPC/lab6/libparallel_for.so)
       n1: 544 0x1098BA: heated_plate_pthreads (in /home/billyfu/YatPC/lab6/heated_plate_valgrind)
        n0: 544 0x109D55: main (in /home/billyfu/YatPC/lab6/heated_plate_valgrind)
 n1: 128 0x109820: heated_plate_pthreads (in /home/billyfu/YatPC/lab6/heated_plate_valgrind)
  n0: 128 0x109D55: main (in /home/billyfu/YatPC/lab6/heated_plate_valgrind)
 n1: 128 0x109850: heated_plate_pthreads (in /home/billyfu/YatPC/lab6/heated_plate_valgrind)
  n0: 128 0x109D55: main (in /home/billyfu/YatPC/lab6/heated_plate_valgrind)
 n0: 64 in 2 places, all below massif's threshold (1.00%)
#-----------
snapshot=41
#-----------
time=275683
mem_heap_B=864
mem_heap_extra_B=96
mem_stacks_B=6704
heap_tree=empty
#-----------
snapshot=42
#-----------
time=280951
mem_heap_B=864
mem_heap_extra_B=96
mem_stacks_B=7032
heap_tree=empty
#-----------
snapshot=43
#-----------
time=286685
mem_heap_B=864
mem_heap_extra_B=96
mem_stacks_B=7344
heap_tree=empty
#-----------
snapshot=44
#-----------
time=295700
mem_heap_B=864
mem_heap_extra_B=96
mem_stacks_B=7912
heap_tree=empty
#-----------
snapshot=45
#-----------
time=302367
mem_heap_B=864
mem_heap_extra_B=96
mem_stacks_B=8320
heap_tree=empty
#-----------
snapshot=46
#-----------
time=308670
mem_heap_B=864
mem_heap_extra_B=96
mem_stacks_B=8632
heap_tree=empty
#-----------
snapshot=47
#-----------
time=316259
mem_heap_B=864
mem_heap_extra_B=96
mem_stacks_B=11392
heap_tree=detailed
n4: 864 (heap allocation functions) malloc/new/new[], --alloc-fns, etc.
 n1: 544 0x40145AB: calloc (rtld-malloc.h:44)
  n1: 544 0x40145AB: allocate_dtv (dl-tls.c:370)
   n1: 544 0x40145AB: _dl_allocate_tls (dl-tls.c:629)
    n1: 544 0x4900616: allocate_stack (allocatestack.c:429)
     n1: 544 0x4900616: pthread_create@@GLIBC_2.34 (pthread_create.c:655)
      n1: 544 0x48526B6: parallel_for (in /home/billyfu/YatPC/lab6/libparallel_for.so)
       n1: 544 0x1098BA: heated_plate_pthreads (in /home/billyfu/YatPC/lab6/heated_plate_valgrind)
        n0: 544 0x109D55: main (in /home/billyfu/YatPC/lab6/heated_plate_valgrind)
 n1: 128 0x109820: heated_plate_pthreads (in /home/billyfu/YatPC/lab6/heated_plate_valgrind)
  n0: 128 0x109D55: main (in /home/billyfu/YatPC/lab6/heated_plate_valgrind)
 n1: 128 0x109850: heated_plate_pthreads (in /home/billyfu/YatPC/lab6/heated_plate_valgrind)
  n0: 128 0x109D55: main (in /home/billyfu/YatPC/lab6/heated_plate_valgrind)
 n0: 64 in 2 places, all below massif's threshold (1.00%)
#-----------
snapshot=48
#-----------
time=320462
mem_heap_B=864
mem_heap_extra_B=96
mem_stacks_B=11552
heap_tree=detailed
n4: 864 (heap allocation functions) malloc/new/new[], --alloc-fns, etc.
 n1: 544 0x40145AB: calloc (rtld-malloc.h:44)
  n1: 544 0x40145AB: allocate_dtv (dl-tls.c:370)
   n1: 544 0x40145AB: _dl_allocate_tls (dl-tls.c:629)
    n1: 544 0x4900616: allocate_stack (allocatestack.c:429)
     n1: 544 0x4900616: pthread_create@@GLIBC_2.34 (pthread_create.c:655)
      n1: 544 0x48526B6: parallel_for (in /home/billyfu/YatPC/lab6/libparallel_for.so)
       n1: 544 0x1098BA: heated_plate_pthreads (in /home/billyfu/YatPC/lab6/heated_plate_valgrind)
        n0: 544 0x109D55: main (in /home/billyfu/YatPC/lab6/heated_plate_valgrind)
 n1: 128 0x109820: heated_plate_pthreads (in /home/billyfu/YatPC/lab6/heated_plate_valgrind)
  n0: 128 0x109D55: main (in /home/billyfu/YatPC/lab6/heated_plate_valgrind)
 n1: 128 0x109850: heated_plate_pthreads (in /home/billyfu/YatPC/lab6/heated_plate_valgrind)
  n0: 128 0x109D55: main (in /home/billyfu/YatPC/lab6/heated_plate_valgrind)
 n0: 64 in 2 places, all below massif's threshold (1.00%)
#-----------
snapshot=49
#-----------
time=321575
mem_heap_B=864
mem_heap_extra_B=96
mem_stacks_B=9464
heap_tree=empty
#-----------
snapshot=50
#-----------
time=322682
mem_heap_B=864
mem_heap_extra_B=96
mem_stacks_B=9464
heap_tree=empty
#-----------
snapshot=51
#-----------
time=323789
mem_heap_B=864
mem_heap_extra_B=96
mem_stacks_B=9600
heap_tree=empty
#-----------
snapshot=52
#-----------
time=324895
mem_heap_B=864
mem_heap_extra_B=96
mem_stacks_B=9600
heap_tree=empty
#-----------
snapshot=53
#-----------
time=326070
mem_heap_B=864
mem_heap_extra_B=96
mem_stacks_B=11480
heap_tree=empty
#-----------
snapshot=54
#-----------
time=327171
mem_heap_B=864
mem_heap_extra_B=96
mem_stacks_B=10104
heap_tree=empty
#-----------
snapshot=55
#-----------
time=327299
mem_heap_B=864
mem_heap_extra_B=96
mem_stacks_B=11688
heap_tree=detailed
n4: 864 (heap allocation functions) malloc/new/new[], --alloc-fns, etc.
 n1: 544 0x40145AB: calloc (rtld-malloc.h:44)
  n1: 544 0x40145AB: allocate_dtv (dl-tls.c:370)
   n1: 544 0x40145AB: _dl_allocate_tls (dl-tls.c:629)
    n1: 544 0x4900616: allocate_stack (allocatestack.c:429)
     n1: 544 0x4900616: pthread_create@@GLIBC_2.34 (pthread_create.c:655)
      n1: 544 0x48526B6: parallel_for (in /home/billyfu/YatPC/lab6/libparallel_for.so)
       n1: 544 0x1098BA: heated_plate_pthreads (in /home/billyfu/YatPC/lab6/heated_plate_valgrind)
        n0: 544 0x109D55: main (in /home/billyfu/YatPC/lab6/heated_plate_valgrind)
 n1: 128 0x109820: heated_plate_pthreads (in /home/billyfu/YatPC/lab6/heated_plate_valgrind)
  n0: 128 0x109D55: main (in /home/billyfu/YatPC/lab6/heated_plate_valgrind)
 n1: 128 0x109850: heated_plate_pthreads (in /home/billyfu/YatPC/lab6/heated_plate_valgrind)
  n0: 128 0x109D55: main (in /home/billyfu/YatPC/lab6/heated_plate_valgrind)
 n0: 64 in 2 places, all below massif's threshold (1.00%)
#-----------
snapshot=56
#-----------
time=328399
mem_heap_B=864
mem_heap_extra_B=96
mem_stacks_B=9576
heap_tree=empty
#-----------
snapshot=57
#-----------
time=329497
mem_heap_B=864
mem_heap_extra_B=96
mem_stacks_B=10024
heap_tree=empty
#-----------
snapshot=58
#-----------
time=330600
mem_heap_B=864
mem_heap_extra_B=96
mem_stacks_B=9920
heap_tree=empty
#-----------
snapshot=59
#-----------
time=331306
mem_heap_B=864
mem_heap_extra_B=96
mem_stacks_B=12192
heap_tree=detailed
n2: 864 (heap allocation functions) malloc/new/new[], --alloc-fns, etc.
 n1: 544 0x40145AB: calloc (rtld-malloc.h:44)
  n1: 544 0x40145AB: allocate_dtv (dl-tls.c:370)
   n1: 544 0x40145AB: _dl_allocate_tls (dl-tls.c:629)
    n1: 544 0x4900616: allocate_stack (allocatestack.c:429)
     n1: 544 0x4900616: pthread_create@@GLIBC_2.34 (pthread_create.c:655)
      n1: 544 0x48526B6: parallel_for (in /home/billyfu/YatPC/lab6/libparallel_for.so)
       n1: 544 0x1098BA: heated_plate_pthreads (in /home/billyfu/YatPC/lab6/heated_plate_valgrind)
        n0: 544 0x109D55: main (in /home/billyfu/YatPC/lab6/heated_plate_valgrind)
 n0: 320 in 4 places, all below massif's threshold (1.00%)
#-----------
snapshot=60
#-----------
time=332338
mem_heap_B=864
mem_heap_extra_B=96
mem_stacks_B=12352
heap_tree=detailed
n2: 864 (heap allocation functions) malloc/new/new[], --alloc-fns, etc.
 n1: 544 0x40145AB: calloc (rtld-malloc.h:44)
  n1: 544 0x40145AB: allocate_dtv (dl-tls.c:370)
   n1: 544 0x40145AB: _dl_allocate_tls (dl-tls.c:629)
    n1: 544 0x4900616: allocate_stack (allocatestack.c:429)
     n1: 544 0x4900616: pthread_create@@GLIBC_2.34 (pthread_create.c:655)
      n1: 544 0x48526B6: parallel_for (in /home/billyfu/YatPC/lab6/libparallel_for.so)
       n1: 544 0x1098BA: heated_plate_pthreads (in /home/billyfu/YatPC/lab6/heated_plate_valgrind)
        n0: 544 0x109D55: main (in /home/billyfu/YatPC/lab6/heated_plate_valgrind)
 n0: 320 in 4 places, all below massif's threshold (1.00%)
#-----------
snapshot=61
#-----------
time=333435
mem_heap_B=864
mem_heap_extra_B=96
mem_stacks_B=10232
heap_tree=empty
#-----------
snapshot=62
#-----------
time=334537
mem_heap_B=864
mem_heap_extra_B=96
mem_stacks_B=10240
heap_tree=empty
#-----------
snapshot=63
#-----------
time=335636
mem_heap_B=864
mem_heap_extra_B=96
mem_stacks_B=10232
heap_tree=empty
#-----------
snapshot=64
#-----------
time=336541
mem_heap_B=864
mem_heap_extra_B=96
mem_stacks_B=12512
heap_tree=detailed
n2: 864 (heap allocation functions) malloc/new/new[], --alloc-fns, etc.
 n1: 544 0x40145AB: calloc (rtld-malloc.h:44)
  n1: 544 0x40145AB: allocate_dtv (dl-tls.c:370)
   n1: 544 0x40145AB: _dl_allocate_tls (dl-tls.c:629)
    n1: 544 0x4900616: allocate_stack (allocatestack.c:429)
     n1: 544 0x4900616: pthread_create@@GLIBC_2.34 (pthread_create.c:655)
      n1: 544 0x48526B6: parallel_for (in /home/billyfu/YatPC/lab6/libparallel_for.so)
       n1: 544 0x1098BA: heated_plate_pthreads (in /home/billyfu/YatPC/lab6/heated_plate_valgrind)
        n0: 544 0x109D55: main (in /home/billyfu/YatPC/lab6/heated_plate_valgrind)
 n0: 320 in 4 places, all below massif's threshold (1.00%)
#-----------
snapshot=65
#-----------
time=337654
mem_heap_B=864
mem_heap_extra_B=96
mem_stacks_B=10424
heap_tree=empty
#-----------
snapshot=66
#-----------
time=338761
mem_heap_B=864
mem_heap_extra_B=96
mem_stacks_B=10424
heap_tree=empty
#-----------
snapshot=67
#-----------
time=339908
mem_heap_B=864
mem_heap_extra_B=96
mem_stacks_B=11560
heap_tree=empty
#-----------
snapshot=68
#-----------
time=341054
mem_heap_B=864
mem_heap_extra_B=96
mem_stacks_B=12328
heap_tree=empty
#-----------
snapshot=69
#-----------
time=342152
mem_heap_B=864
mem_heap_extra_B=96
mem_stacks_B=11560
heap_tree=empty
#-----------
snapshot=70
#-----------
time=342555
mem_heap_B=4960
mem_heap_extra_B=104
mem_stacks_B=10768
heap_tree=peak
n3: 4960 (heap allocation functions) malloc/new/new[], --alloc-fns, etc.
 n1: 4096 0x48E81B4: _IO_file_doallocate (filedoalloc.c:101)
  n1: 4096 0x48F8523: _IO_doallocbuf (genops.c:347)
   n1: 4096 0x48F5F8F: _IO_file_overflow@@GLIBC_2.2.5 (fileops.c:745)
    n1: 4096 0x48F6AAE: _IO_new_file_xsputn (fileops.c:1244)
     n1: 4096 0x48F6AAE: _IO_file_xsputn@@GLIBC_2.2.5 (fileops.c:1197)
      n1: 4096 0x48C3CC8: __printf_buffer_flush_to_file (printf_buffer_to_file.c:59)
       n1: 4096 0x48C3CC8: __printf_buffer_to_file_done (printf_buffer_to_file.c:120)
        n1: 4096 0x48CE5A9: __vfprintf_internal (vfprintf-internal.c:1560)
         n1: 4096 0x48C31B2: printf (printf.c:33)
          n1: 4096 0x109C61: print_result (in /home/billyfu/YatPC/lab6/heated_plate_valgrind)
           n0: 4096 0x109D7B: main (in /home/billyfu/YatPC/lab6/heated_plate_valgrind)
 n1: 544 0x40145AB: calloc (rtld-malloc.h:44)
  n1: 544 0x40145AB: allocate_dtv (dl-tls.c:370)
   n1: 544 0x40145AB: _dl_allocate_tls (dl-tls.c:629)
    n1: 544 0x4900616: allocate_stack (allocatestack.c:429)
     n1: 544 0x4900616: pthread_create@@GLIBC_2.34 (pthread_create.c:655)
      n1: 544 0x48526B6: parallel_for (in /home/billyfu/YatPC/lab6/libparallel_for.so)
       n1: 544 0x1098BA: heated_plate_pthreads (in /home/billyfu/YatPC/lab6/heated_plate_valgrind)
        n0: 544 0x109D55: main (in /home/billyfu/YatPC/lab6/heated_plate_valgrind)
 n0: 320 in 4 places, all below massif's threshold (1.00%)
#-----------
snapshot=71
#-----------
time=343663
mem_heap_B=4640
mem_heap_extra_B=24
mem_stacks_B=10072
heap_tree=empty
#-----------
snapshot=72
#-----------
time=344787
mem_heap_B=4640
mem_heap_extra_B=24
mem_stacks_B=9672
heap_tree=empty
#-----------
snapshot=73
#-----------
time=345970
mem_heap_B=4640
mem_heap_extra_B=24
mem_stacks_B=9912
heap_tree=empty
#-----------
snapshot=74
#-----------
time=347071
mem_heap_B=544
mem_heap_extra_B=16
mem_stacks_B=9792
heap_tree=empty
#-----------
snapshot=75
#-----------
time=348174
mem_heap_B=272
mem_heap_extra_B=8
mem_stacks_B=9904
heap_tree=empty
#-----------
snapshot=76
#-----------
time=349273
mem_heap_B=0
mem_heap_extra_B=0
mem_stacks_B=9792
heap_tree=empty
