desc: --massif-out-file=valgrind_logs/massif_M64_N64_T1_S0.out --stacks=yes
cmd: ./heated_plate_valgrind 64 64 1 0
time_unit: i
#-----------
snapshot=0
#-----------
time=0
mem_heap_B=0
mem_heap_extra_B=0
mem_stacks_B=0
heap_tree=empty
#-----------
snapshot=1
#-----------
time=21101152
mem_heap_B=66832
mem_heap_extra_B=1048
mem_stacks_B=20504
heap_tree=empty
#-----------
snapshot=2
#-----------
time=38857625
mem_heap_B=66832
mem_heap_extra_B=1048
mem_stacks_B=36024
heap_tree=empty
#-----------
snapshot=3
#-----------
time=63208262
mem_heap_B=66832
mem_heap_extra_B=1048
mem_stacks_B=57464
heap_tree=empty
#-----------
snapshot=4
#-----------
time=86225795
mem_heap_B=66832
mem_heap_extra_B=1048
mem_stacks_B=77624
heap_tree=empty
#-----------
snapshot=5
#-----------
time=104604636
mem_heap_B=66832
mem_heap_extra_B=1048
mem_stacks_B=95752
heap_tree=detailed
n3: 66832 (heap allocation functions) malloc/new/new[], --alloc-fns, etc.
 n1: 32768 0x109820: heated_plate_pthreads (in /home/billyfu/YatPC/lab6/heated_plate_valgrind)
  n0: 32768 0x109D55: main (in /home/billyfu/YatPC/lab6/heated_plate_valgrind)
 n1: 32768 0x109850: heated_plate_pthreads (in /home/billyfu/YatPC/lab6/heated_plate_valgrind)
  n0: 32768 0x109D55: main (in /home/billyfu/YatPC/lab6/heated_plate_valgrind)
 n0: 1296 in 3 places, all below massif's threshold (1.00%)
#-----------
snapshot=6
#-----------
time=142313389
mem_heap_B=66832
mem_heap_extra_B=1048
mem_stacks_B=128872
heap_tree=detailed
n3: 66832 (heap allocation functions) malloc/new/new[], --alloc-fns, etc.
 n1: 32768 0x109820: heated_plate_pthreads (in /home/billyfu/YatPC/lab6/heated_plate_valgrind)
  n0: 32768 0x109D55: main (in /home/billyfu/YatPC/lab6/heated_plate_valgrind)
 n1: 32768 0x109850: heated_plate_pthreads (in /home/billyfu/YatPC/lab6/heated_plate_valgrind)
  n0: 32768 0x109D55: main (in /home/billyfu/YatPC/lab6/heated_plate_valgrind)
 n0: 1296 in 3 places, all below massif's threshold (1.00%)
#-----------
snapshot=7
#-----------
time=171579129
mem_heap_B=66832
mem_heap_extra_B=1048
mem_stacks_B=154472
heap_tree=detailed
n3: 66832 (heap allocation functions) malloc/new/new[], --alloc-fns, etc.
 n1: 32768 0x109820: heated_plate_pthreads (in /home/billyfu/YatPC/lab6/heated_plate_valgrind)
  n0: 32768 0x109D55: main (in /home/billyfu/YatPC/lab6/heated_plate_valgrind)
 n1: 32768 0x109850: heated_plate_pthreads (in /home/billyfu/YatPC/lab6/heated_plate_valgrind)
  n0: 32768 0x109D55: main (in /home/billyfu/YatPC/lab6/heated_plate_valgrind)
 n0: 1296 in 3 places, all below massif's threshold (1.00%)
#-----------
snapshot=8
#-----------
time=197863152
mem_heap_B=66832
mem_heap_extra_B=1048
mem_stacks_B=175704
heap_tree=empty
#-----------
snapshot=9
#-----------
time=216585758
mem_heap_B=66832
mem_heap_extra_B=1048
mem_stacks_B=193992
heap_tree=detailed
n3: 66832 (heap allocation functions) malloc/new/new[], --alloc-fns, etc.
 n1: 32768 0x109820: heated_plate_pthreads (in /home/billyfu/YatPC/lab6/heated_plate_valgrind)
  n0: 32768 0x109D55: main (in /home/billyfu/YatPC/lab6/heated_plate_valgrind)
 n1: 32768 0x109850: heated_plate_pthreads (in /home/billyfu/YatPC/lab6/heated_plate_valgrind)
  n0: 32768 0x109D55: main (in /home/billyfu/YatPC/lab6/heated_plate_valgrind)
 n0: 1296 in 3 places, all below massif's threshold (1.00%)
#-----------
snapshot=10
#-----------
time=243947731
mem_heap_B=66832
mem_heap_extra_B=1048
mem_stacks_B=216024
heap_tree=empty
#-----------
snapshot=11
#-----------
time=264197357
mem_heap_B=66832
mem_heap_extra_B=1048
mem_stacks_B=233784
heap_tree=empty
#-----------
snapshot=12
#-----------
time=298796907
mem_heap_B=66832
mem_heap_extra_B=1048
mem_stacks_B=266152
heap_tree=detailed
n3: 66832 (heap allocation functions) malloc/new/new[], --alloc-fns, etc.
 n1: 32768 0x109820: heated_plate_pthreads (in /home/billyfu/YatPC/lab6/heated_plate_valgrind)
  n0: 32768 0x109D55: main (in /home/billyfu/YatPC/lab6/heated_plate_valgrind)
 n1: 32768 0x109850: heated_plate_pthreads (in /home/billyfu/YatPC/lab6/heated_plate_valgrind)
  n0: 32768 0x109D55: main (in /home/billyfu/YatPC/lab6/heated_plate_valgrind)
 n0: 1296 in 3 places, all below massif's threshold (1.00%)
#-----------
snapshot=13
#-----------
time=326591859
mem_heap_B=66832
mem_heap_extra_B=1048
mem_stacks_B=290520
heap_tree=detailed
n3: 66832 (heap allocation functions) malloc/new/new[], --alloc-fns, etc.
 n1: 32768 0x109820: heated_plate_pthreads (in /home/billyfu/YatPC/lab6/heated_plate_valgrind)
  n0: 32768 0x109D55: main (in /home/billyfu/YatPC/lab6/heated_plate_valgrind)
 n1: 32768 0x109850: heated_plate_pthreads (in /home/billyfu/YatPC/lab6/heated_plate_valgrind)
  n0: 32768 0x109D55: main (in /home/billyfu/YatPC/lab6/heated_plate_valgrind)
 n0: 1296 in 3 places, all below massif's threshold (1.00%)
#-----------
snapshot=14
#-----------
time=346696966
mem_heap_B=66832
mem_heap_extra_B=1048
mem_stacks_B=306536
heap_tree=empty
#-----------
snapshot=15
#-----------
time=383396089
mem_heap_B=66832
mem_heap_extra_B=1048
mem_stacks_B=338424
heap_tree=empty
#-----------
snapshot=16
#-----------
time=402406481
mem_heap_B=66832
mem_heap_extra_B=1048
mem_stacks_B=355064
heap_tree=empty
#-----------
snapshot=17
#-----------
time=422110725
mem_heap_B=66832
mem_heap_extra_B=1048
mem_stacks_B=372344
heap_tree=empty
#-----------
snapshot=18
#-----------
time=459592359
mem_heap_B=66832
mem_heap_extra_B=1048
mem_stacks_B=407112
heap_tree=detailed
n3: 66832 (heap allocation functions) malloc/new/new[], --alloc-fns, etc.
 n1: 32768 0x109820: heated_plate_pthreads (in /home/billyfu/YatPC/lab6/heated_plate_valgrind)
  n0: 32768 0x109D55: main (in /home/billyfu/YatPC/lab6/heated_plate_valgrind)
 n1: 32768 0x109850: heated_plate_pthreads (in /home/billyfu/YatPC/lab6/heated_plate_valgrind)
  n0: 32768 0x109D55: main (in /home/billyfu/YatPC/lab6/heated_plate_valgrind)
 n0: 1296 in 3 places, all below massif's threshold (1.00%)
#-----------
snapshot=19
#-----------
time=487361096
mem_heap_B=66832
mem_heap_extra_B=1048
mem_stacks_B=431432
heap_tree=detailed
n3: 66832 (heap allocation functions) malloc/new/new[], --alloc-fns, etc.
 n1: 32768 0x109820: heated_plate_pthreads (in /home/billyfu/YatPC/lab6/heated_plate_valgrind)
  n0: 32768 0x109D55: main (in /home/billyfu/YatPC/lab6/heated_plate_valgrind)
 n1: 32768 0x109850: heated_plate_pthreads (in /home/billyfu/YatPC/lab6/heated_plate_valgrind)
  n0: 32768 0x109D55: main (in /home/billyfu/YatPC/lab6/heated_plate_valgrind)
 n0: 1296 in 3 places, all below massif's threshold (1.00%)
#-----------
snapshot=20
#-----------
time=516514752
mem_heap_B=66832
mem_heap_extra_B=1048
mem_stacks_B=457032
heap_tree=detailed
n3: 66832 (heap allocation functions) malloc/new/new[], --alloc-fns, etc.
 n1: 32768 0x109820: heated_plate_pthreads (in /home/billyfu/YatPC/lab6/heated_plate_valgrind)
  n0: 32768 0x109D55: main (in /home/billyfu/YatPC/lab6/heated_plate_valgrind)
 n1: 32768 0x109850: heated_plate_pthreads (in /home/billyfu/YatPC/lab6/heated_plate_valgrind)
  n0: 32768 0x109D55: main (in /home/billyfu/YatPC/lab6/heated_plate_valgrind)
 n0: 1296 in 3 places, all below massif's threshold (1.00%)
#-----------
snapshot=21
#-----------
time=553588395
mem_heap_B=66832
mem_heap_extra_B=1048
mem_stacks_B=489512
heap_tree=detailed
n3: 66832 (heap allocation functions) malloc/new/new[], --alloc-fns, etc.
 n1: 32768 0x109820: heated_plate_pthreads (in /home/billyfu/YatPC/lab6/heated_plate_valgrind)
  n0: 32768 0x109D55: main (in /home/billyfu/YatPC/lab6/heated_plate_valgrind)
 n1: 32768 0x109850: heated_plate_pthreads (in /home/billyfu/YatPC/lab6/heated_plate_valgrind)
  n0: 32768 0x109D55: main (in /home/billyfu/YatPC/lab6/heated_plate_valgrind)
 n0: 1296 in 3 places, all below massif's threshold (1.00%)
#-----------
snapshot=22
#-----------
time=578629596
mem_heap_B=66832
mem_heap_extra_B=1048
mem_stacks_B=509624
heap_tree=empty
#-----------
snapshot=23
#-----------
time=599564229
mem_heap_B=66832
mem_heap_extra_B=1048
mem_stacks_B=529832
heap_tree=detailed
n3: 66832 (heap allocation functions) malloc/new/new[], --alloc-fns, etc.
 n1: 32768 0x109820: heated_plate_pthreads (in /home/billyfu/YatPC/lab6/heated_plate_valgrind)
  n0: 32768 0x109D55: main (in /home/billyfu/YatPC/lab6/heated_plate_valgrind)
 n1: 32768 0x109850: heated_plate_pthreads (in /home/billyfu/YatPC/lab6/heated_plate_valgrind)
  n0: 32768 0x109D55: main (in /home/billyfu/YatPC/lab6/heated_plate_valgrind)
 n0: 1296 in 3 places, all below massif's threshold (1.00%)
#-----------
snapshot=24
#-----------
time=626099024
mem_heap_B=66832
mem_heap_extra_B=1048
mem_stacks_B=553192
heap_tree=empty
#-----------
snapshot=25
#-----------
time=654708788
mem_heap_B=66832
mem_heap_extra_B=1048
mem_stacks_B=576344
heap_tree=empty
#-----------
snapshot=26
#-----------
time=671265079
mem_heap_B=66832
mem_heap_extra_B=1048
mem_stacks_B=592712
heap_tree=detailed
n3: 66832 (heap allocation functions) malloc/new/new[], --alloc-fns, etc.
 n1: 32768 0x109820: heated_plate_pthreads (in /home/billyfu/YatPC/lab6/heated_plate_valgrind)
  n0: 32768 0x109D55: main (in /home/billyfu/YatPC/lab6/heated_plate_valgrind)
 n1: 32768 0x109850: heated_plate_pthreads (in /home/billyfu/YatPC/lab6/heated_plate_valgrind)
  n0: 32768 0x109D55: main (in /home/billyfu/YatPC/lab6/heated_plate_valgrind)
 n0: 1296 in 3 places, all below massif's threshold (1.00%)
#-----------
snapshot=27
#-----------
time=702054153
mem_heap_B=66832
mem_heap_extra_B=1048
mem_stacks_B=617784
heap_tree=empty
#-----------
snapshot=28
#-----------
time=733923431
mem_heap_B=66832
mem_heap_extra_B=1048
mem_stacks_B=647752
heap_tree=detailed
n3: 66832 (heap allocation functions) malloc/new/new[], --alloc-fns, etc.
 n1: 32768 0x109820: heated_plate_pthreads (in /home/billyfu/YatPC/lab6/heated_plate_valgrind)
  n0: 32768 0x109D55: main (in /home/billyfu/YatPC/lab6/heated_plate_valgrind)
 n1: 32768 0x109850: heated_plate_pthreads (in /home/billyfu/YatPC/lab6/heated_plate_valgrind)
  n0: 32768 0x109D55: main (in /home/billyfu/YatPC/lab6/heated_plate_valgrind)
 n0: 1296 in 3 places, all below massif's threshold (1.00%)
#-----------
snapshot=29
#-----------
time=749935212
mem_heap_B=66832
mem_heap_extra_B=1048
mem_stacks_B=659864
heap_tree=empty
#-----------
snapshot=30
#-----------
time=775805047
mem_heap_B=66832
mem_heap_extra_B=1048
mem_stacks_B=684392
heap_tree=detailed
n3: 66832 (heap allocation functions) malloc/new/new[], --alloc-fns, etc.
 n1: 32768 0x109820: heated_plate_pthreads (in /home/billyfu/YatPC/lab6/heated_plate_valgrind)
  n0: 32768 0x109D55: main (in /home/billyfu/YatPC/lab6/heated_plate_valgrind)
 n1: 32768 0x109850: heated_plate_pthreads (in /home/billyfu/YatPC/lab6/heated_plate_valgrind)
  n0: 32768 0x109D55: main (in /home/billyfu/YatPC/lab6/heated_plate_valgrind)
 n0: 1296 in 3 places, all below massif's threshold (1.00%)
#-----------
snapshot=31
#-----------
time=809594080
mem_heap_B=66832
mem_heap_extra_B=1048
mem_stacks_B=712184
heap_tree=empty
#-----------
snapshot=32
#-----------
time=828896037
mem_heap_B=66832
mem_heap_extra_B=1048
mem_stacks_B=730952
heap_tree=detailed
n3: 66832 (heap allocation functions) malloc/new/new[], --alloc-fns, etc.
 n1: 32768 0x109820: heated_plate_pthreads (in /home/billyfu/YatPC/lab6/heated_plate_valgrind)
  n0: 32768 0x109D55: main (in /home/billyfu/YatPC/lab6/heated_plate_valgrind)
 n1: 32768 0x109850: heated_plate_pthreads (in /home/billyfu/YatPC/lab6/heated_plate_valgrind)
  n0: 32768 0x109D55: main (in /home/billyfu/YatPC/lab6/heated_plate_valgrind)
 n0: 1296 in 3 places, all below massif's threshold (1.00%)
#-----------
snapshot=33
#-----------
time=864327126
mem_heap_B=66832
mem_heap_extra_B=1048
mem_stacks_B=760184
heap_tree=empty
#-----------
snapshot=34
#-----------
time=885271147
mem_heap_B=66832
mem_heap_extra_B=1048
mem_stacks_B=780392
heap_tree=detailed
n3: 66832 (heap allocation functions) malloc/new/new[], --alloc-fns, etc.
 n1: 32768 0x109820: heated_plate_pthreads (in /home/billyfu/YatPC/lab6/heated_plate_valgrind)
  n0: 32768 0x109D55: main (in /home/billyfu/YatPC/lab6/heated_plate_valgrind)
 n1: 32768 0x109850: heated_plate_pthreads (in /home/billyfu/YatPC/lab6/heated_plate_valgrind)
  n0: 32768 0x109D55: main (in /home/billyfu/YatPC/lab6/heated_plate_valgrind)
 n0: 1296 in 3 places, all below massif's threshold (1.00%)
#-----------
snapshot=35
#-----------
time=904690548
mem_heap_B=66832
mem_heap_extra_B=1048
mem_stacks_B=797512
heap_tree=detailed
n3: 66832 (heap allocation functions) malloc/new/new[], --alloc-fns, etc.
 n1: 32768 0x109820: heated_plate_pthreads (in /home/billyfu/YatPC/lab6/heated_plate_valgrind)
  n0: 32768 0x109D55: main (in /home/billyfu/YatPC/lab6/heated_plate_valgrind)
 n1: 32768 0x109850: heated_plate_pthreads (in /home/billyfu/YatPC/lab6/heated_plate_valgrind)
  n0: 32768 0x109D55: main (in /home/billyfu/YatPC/lab6/heated_plate_valgrind)
 n0: 1296 in 3 places, all below massif's threshold (1.00%)
#-----------
snapshot=36
#-----------
time=924679008
mem_heap_B=66832
mem_heap_extra_B=1048
mem_stacks_B=814952
heap_tree=detailed
n3: 66832 (heap allocation functions) malloc/new/new[], --alloc-fns, etc.
 n1: 32768 0x109820: heated_plate_pthreads (in /home/billyfu/YatPC/lab6/heated_plate_valgrind)
  n0: 32768 0x109D55: main (in /home/billyfu/YatPC/lab6/heated_plate_valgrind)
 n1: 32768 0x109850: heated_plate_pthreads (in /home/billyfu/YatPC/lab6/heated_plate_valgrind)
  n0: 32768 0x109D55: main (in /home/billyfu/YatPC/lab6/heated_plate_valgrind)
 n0: 1296 in 3 places, all below massif's threshold (1.00%)
#-----------
snapshot=37
#-----------
time=944930410
mem_heap_B=66832
mem_heap_extra_B=1048
mem_stacks_B=832760
heap_tree=detailed
n3: 66832 (heap allocation functions) malloc/new/new[], --alloc-fns, etc.
 n1: 32768 0x109820: heated_plate_pthreads (in /home/billyfu/YatPC/lab6/heated_plate_valgrind)
  n0: 32768 0x109D55: main (in /home/billyfu/YatPC/lab6/heated_plate_valgrind)
 n1: 32768 0x109850: heated_plate_pthreads (in /home/billyfu/YatPC/lab6/heated_plate_valgrind)
  n0: 32768 0x109D55: main (in /home/billyfu/YatPC/lab6/heated_plate_valgrind)
 n0: 1296 in 3 places, all below massif's threshold (1.00%)
#-----------
snapshot=38
#-----------
time=965729161
mem_heap_B=66832
mem_heap_extra_B=1048
mem_stacks_B=850952
heap_tree=detailed
n3: 66832 (heap allocation functions) malloc/new/new[], --alloc-fns, etc.
 n1: 32768 0x109820: heated_plate_pthreads (in /home/billyfu/YatPC/lab6/heated_plate_valgrind)
  n0: 32768 0x109D55: main (in /home/billyfu/YatPC/lab6/heated_plate_valgrind)
 n1: 32768 0x109850: heated_plate_pthreads (in /home/billyfu/YatPC/lab6/heated_plate_valgrind)
  n0: 32768 0x109D55: main (in /home/billyfu/YatPC/lab6/heated_plate_valgrind)
 n0: 1296 in 3 places, all below massif's threshold (1.00%)
#-----------
snapshot=39
#-----------
time=986790909
mem_heap_B=66832
mem_heap_extra_B=1048
mem_stacks_B=869560
heap_tree=detailed
n3: 66832 (heap allocation functions) malloc/new/new[], --alloc-fns, etc.
 n1: 32768 0x109820: heated_plate_pthreads (in /home/billyfu/YatPC/lab6/heated_plate_valgrind)
  n0: 32768 0x109D55: main (in /home/billyfu/YatPC/lab6/heated_plate_valgrind)
 n1: 32768 0x109850: heated_plate_pthreads (in /home/billyfu/YatPC/lab6/heated_plate_valgrind)
  n0: 32768 0x109D55: main (in /home/billyfu/YatPC/lab6/heated_plate_valgrind)
 n0: 1296 in 3 places, all below massif's threshold (1.00%)
#-----------
snapshot=40
#-----------
time=1008421617
mem_heap_B=66832
mem_heap_extra_B=1048
mem_stacks_B=888440
heap_tree=detailed
n3: 66832 (heap allocation functions) malloc/new/new[], --alloc-fns, etc.
 n1: 32768 0x109820: heated_plate_pthreads (in /home/billyfu/YatPC/lab6/heated_plate_valgrind)
  n0: 32768 0x109D55: main (in /home/billyfu/YatPC/lab6/heated_plate_valgrind)
 n1: 32768 0x109850: heated_plate_pthreads (in /home/billyfu/YatPC/lab6/heated_plate_valgrind)
  n0: 32768 0x109D55: main (in /home/billyfu/YatPC/lab6/heated_plate_valgrind)
 n0: 1296 in 3 places, all below massif's threshold (1.00%)
#-----------
snapshot=41
#-----------
time=1030460294
mem_heap_B=66832
mem_heap_extra_B=1048
mem_stacks_B=907752
heap_tree=detailed
n3: 66832 (heap allocation functions) malloc/new/new[], --alloc-fns, etc.
 n1: 32768 0x109820: heated_plate_pthreads (in /home/billyfu/YatPC/lab6/heated_plate_valgrind)
  n0: 32768 0x109D55: main (in /home/billyfu/YatPC/lab6/heated_plate_valgrind)
 n1: 32768 0x109850: heated_plate_pthreads (in /home/billyfu/YatPC/lab6/heated_plate_valgrind)
  n0: 32768 0x109D55: main (in /home/billyfu/YatPC/lab6/heated_plate_valgrind)
 n0: 1296 in 3 places, all below massif's threshold (1.00%)
#-----------
snapshot=42
#-----------
time=1052900822
mem_heap_B=66832
mem_heap_extra_B=1048
mem_stacks_B=927432
heap_tree=detailed
n3: 66832 (heap allocation functions) malloc/new/new[], --alloc-fns, etc.
 n1: 32768 0x109820: heated_plate_pthreads (in /home/billyfu/YatPC/lab6/heated_plate_valgrind)
  n0: 32768 0x109D55: main (in /home/billyfu/YatPC/lab6/heated_plate_valgrind)
 n1: 32768 0x109850: heated_plate_pthreads (in /home/billyfu/YatPC/lab6/heated_plate_valgrind)
  n0: 32768 0x109D55: main (in /home/billyfu/YatPC/lab6/heated_plate_valgrind)
 n0: 1296 in 3 places, all below massif's threshold (1.00%)
#-----------
snapshot=43
#-----------
time=1075743629
mem_heap_B=66832
mem_heap_extra_B=1048
mem_stacks_B=947480
heap_tree=detailed
n3: 66832 (heap allocation functions) malloc/new/new[], --alloc-fns, etc.
 n1: 32768 0x109820: heated_plate_pthreads (in /home/billyfu/YatPC/lab6/heated_plate_valgrind)
  n0: 32768 0x109D55: main (in /home/billyfu/YatPC/lab6/heated_plate_valgrind)
 n1: 32768 0x109850: heated_plate_pthreads (in /home/billyfu/YatPC/lab6/heated_plate_valgrind)
  n0: 32768 0x109D55: main (in /home/billyfu/YatPC/lab6/heated_plate_valgrind)
 n0: 1296 in 3 places, all below massif's threshold (1.00%)
#-----------
snapshot=44
#-----------
time=1109941058
mem_heap_B=66832
mem_heap_extra_B=1048
mem_stacks_B=977512
heap_tree=empty
#-----------
snapshot=45
#-----------
time=1133906058
mem_heap_B=66832
mem_heap_extra_B=1048
mem_stacks_B=997144
heap_tree=empty
#-----------
snapshot=46
#-----------
time=1158106477
mem_heap_B=66832
mem_heap_extra_B=1048
mem_stacks_B=1019744
heap_tree=empty
#-----------
snapshot=47
#-----------
time=1183021149
mem_heap_B=66832
mem_heap_extra_B=1048
mem_stacks_B=1041520
heap_tree=empty
#-----------
snapshot=48
#-----------
time=1221050340
mem_heap_B=66832
mem_heap_extra_B=1048
mem_stacks_B=1073624
heap_tree=empty
#-----------
snapshot=49
#-----------
time=1249394795
mem_heap_B=66832
mem_heap_extra_B=1048
mem_stacks_B=1099800
heap_tree=detailed
n3: 66832 (heap allocation functions) malloc/new/new[], --alloc-fns, etc.
 n1: 32768 0x109820: heated_plate_pthreads (in /home/billyfu/YatPC/lab6/heated_plate_valgrind)
  n0: 32768 0x109D55: main (in /home/billyfu/YatPC/lab6/heated_plate_valgrind)
 n1: 32768 0x109850: heated_plate_pthreads (in /home/billyfu/YatPC/lab6/heated_plate_valgrind)
  n0: 32768 0x109D55: main (in /home/billyfu/YatPC/lab6/heated_plate_valgrind)
 n0: 1296 in 3 places, all below massif's threshold (1.00%)
#-----------
snapshot=50
#-----------
time=1262648532
mem_heap_B=66832
mem_heap_extra_B=1048
mem_stacks_B=1111480
heap_tree=detailed
n3: 66832 (heap allocation functions) malloc/new/new[], --alloc-fns, etc.
 n1: 32768 0x109820: heated_plate_pthreads (in /home/billyfu/YatPC/lab6/heated_plate_valgrind)
  n0: 32768 0x109D55: main (in /home/billyfu/YatPC/lab6/heated_plate_valgrind)
 n1: 32768 0x109850: heated_plate_pthreads (in /home/billyfu/YatPC/lab6/heated_plate_valgrind)
  n0: 32768 0x109D55: main (in /home/billyfu/YatPC/lab6/heated_plate_valgrind)
 n0: 1296 in 3 places, all below massif's threshold (1.00%)
#-----------
snapshot=51
#-----------
time=1276214533
mem_heap_B=66832
mem_heap_extra_B=1048
mem_stacks_B=1123320
heap_tree=detailed
n3: 66832 (heap allocation functions) malloc/new/new[], --alloc-fns, etc.
 n1: 32768 0x109820: heated_plate_pthreads (in /home/billyfu/YatPC/lab6/heated_plate_valgrind)
  n0: 32768 0x109D55: main (in /home/billyfu/YatPC/lab6/heated_plate_valgrind)
 n1: 32768 0x109850: heated_plate_pthreads (in /home/billyfu/YatPC/lab6/heated_plate_valgrind)
  n0: 32768 0x109D55: main (in /home/billyfu/YatPC/lab6/heated_plate_valgrind)
 n0: 1296 in 3 places, all below massif's threshold (1.00%)
#-----------
snapshot=52
#-----------
time=1289898127
mem_heap_B=66832
mem_heap_extra_B=1048
mem_stacks_B=1135272
heap_tree=detailed
n3: 66832 (heap allocation functions) malloc/new/new[], --alloc-fns, etc.
 n1: 32768 0x109820: heated_plate_pthreads (in /home/billyfu/YatPC/lab6/heated_plate_valgrind)
  n0: 32768 0x109D55: main (in /home/billyfu/YatPC/lab6/heated_plate_valgrind)
 n1: 32768 0x109850: heated_plate_pthreads (in /home/billyfu/YatPC/lab6/heated_plate_valgrind)
  n0: 32768 0x109D55: main (in /home/billyfu/YatPC/lab6/heated_plate_valgrind)
 n0: 1296 in 3 places, all below massif's threshold (1.00%)
#-----------
snapshot=53
#-----------
time=1303581671
mem_heap_B=66832
mem_heap_extra_B=1048
mem_stacks_B=1147320
heap_tree=detailed
n3: 66832 (heap allocation functions) malloc/new/new[], --alloc-fns, etc.
 n1: 32768 0x109820: heated_plate_pthreads (in /home/billyfu/YatPC/lab6/heated_plate_valgrind)
  n0: 32768 0x109D55: main (in /home/billyfu/YatPC/lab6/heated_plate_valgrind)
 n1: 32768 0x109850: heated_plate_pthreads (in /home/billyfu/YatPC/lab6/heated_plate_valgrind)
  n0: 32768 0x109D55: main (in /home/billyfu/YatPC/lab6/heated_plate_valgrind)
 n0: 1296 in 3 places, all below massif's threshold (1.00%)
#-----------
snapshot=54
#-----------
time=1317382760
mem_heap_B=66832
mem_heap_extra_B=1048
mem_stacks_B=1159480
heap_tree=detailed
n3: 66832 (heap allocation functions) malloc/new/new[], --alloc-fns, etc.
 n1: 32768 0x109820: heated_plate_pthreads (in /home/billyfu/YatPC/lab6/heated_plate_valgrind)
  n0: 32768 0x109D55: main (in /home/billyfu/YatPC/lab6/heated_plate_valgrind)
 n1: 32768 0x109850: heated_plate_pthreads (in /home/billyfu/YatPC/lab6/heated_plate_valgrind)
  n0: 32768 0x109D55: main (in /home/billyfu/YatPC/lab6/heated_plate_valgrind)
 n0: 1296 in 3 places, all below massif's threshold (1.00%)
#-----------
snapshot=55
#-----------
time=1331496073
mem_heap_B=66832
mem_heap_extra_B=1048
mem_stacks_B=1171800
heap_tree=detailed
n3: 66832 (heap allocation functions) malloc/new/new[], --alloc-fns, etc.
 n1: 32768 0x109820: heated_plate_pthreads (in /home/billyfu/YatPC/lab6/heated_plate_valgrind)
  n0: 32768 0x109D55: main (in /home/billyfu/YatPC/lab6/heated_plate_valgrind)
 n1: 32768 0x109850: heated_plate_pthreads (in /home/billyfu/YatPC/lab6/heated_plate_valgrind)
  n0: 32768 0x109D55: main (in /home/billyfu/YatPC/lab6/heated_plate_valgrind)
 n0: 1296 in 3 places, all below massif's threshold (1.00%)
#-----------
snapshot=56
#-----------
time=1345726889
mem_heap_B=66832
mem_heap_extra_B=1048
mem_stacks_B=1184232
heap_tree=detailed
n3: 66832 (heap allocation functions) malloc/new/new[], --alloc-fns, etc.
 n1: 32768 0x109820: heated_plate_pthreads (in /home/billyfu/YatPC/lab6/heated_plate_valgrind)
  n0: 32768 0x109D55: main (in /home/billyfu/YatPC/lab6/heated_plate_valgrind)
 n1: 32768 0x109850: heated_plate_pthreads (in /home/billyfu/YatPC/lab6/heated_plate_valgrind)
  n0: 32768 0x109D55: main (in /home/billyfu/YatPC/lab6/heated_plate_valgrind)
 n0: 1296 in 3 places, all below massif's threshold (1.00%)
#-----------
snapshot=57
#-----------
time=1359813268
mem_heap_B=66832
mem_heap_extra_B=1048
mem_stacks_B=1196944
heap_tree=detailed
n3: 66832 (heap allocation functions) malloc/new/new[], --alloc-fns, etc.
 n1: 32768 0x109820: heated_plate_pthreads (in /home/billyfu/YatPC/lab6/heated_plate_valgrind)
  n0: 32768 0x109D55: main (in /home/billyfu/YatPC/lab6/heated_plate_valgrind)
 n1: 32768 0x109850: heated_plate_pthreads (in /home/billyfu/YatPC/lab6/heated_plate_valgrind)
  n0: 32768 0x109D55: main (in /home/billyfu/YatPC/lab6/heated_plate_valgrind)
 n0: 1296 in 3 places, all below massif's threshold (1.00%)
#-----------
snapshot=58
#-----------
time=1374737924
mem_heap_B=66832
mem_heap_extra_B=1048
mem_stacks_B=1209672
heap_tree=detailed
n3: 66832 (heap allocation functions) malloc/new/new[], --alloc-fns, etc.
 n1: 32768 0x109820: heated_plate_pthreads (in /home/billyfu/YatPC/lab6/heated_plate_valgrind)
  n0: 32768 0x109D55: main (in /home/billyfu/YatPC/lab6/heated_plate_valgrind)
 n1: 32768 0x109850: heated_plate_pthreads (in /home/billyfu/YatPC/lab6/heated_plate_valgrind)
  n0: 32768 0x109D55: main (in /home/billyfu/YatPC/lab6/heated_plate_valgrind)
 n0: 1296 in 3 places, all below massif's threshold (1.00%)
#-----------
snapshot=59
#-----------
time=1389372013
mem_heap_B=66832
mem_heap_extra_B=1048
mem_stacks_B=1222472
heap_tree=detailed
n3: 66832 (heap allocation functions) malloc/new/new[], --alloc-fns, etc.
 n1: 32768 0x109820: heated_plate_pthreads (in /home/billyfu/YatPC/lab6/heated_plate_valgrind)
  n0: 32768 0x109D55: main (in /home/billyfu/YatPC/lab6/heated_plate_valgrind)
 n1: 32768 0x109850: heated_plate_pthreads (in /home/billyfu/YatPC/lab6/heated_plate_valgrind)
  n0: 32768 0x109D55: main (in /home/billyfu/YatPC/lab6/heated_plate_valgrind)
 n0: 1296 in 3 places, all below massif's threshold (1.00%)
#-----------
snapshot=60
#-----------
time=1404151379
mem_heap_B=66832
mem_heap_extra_B=1048
mem_stacks_B=1235432
heap_tree=detailed
n3: 66832 (heap allocation functions) malloc/new/new[], --alloc-fns, etc.
 n1: 32768 0x109820: heated_plate_pthreads (in /home/billyfu/YatPC/lab6/heated_plate_valgrind)
  n0: 32768 0x109D55: main (in /home/billyfu/YatPC/lab6/heated_plate_valgrind)
 n1: 32768 0x109850: heated_plate_pthreads (in /home/billyfu/YatPC/lab6/heated_plate_valgrind)
  n0: 32768 0x109D55: main (in /home/billyfu/YatPC/lab6/heated_plate_valgrind)
 n0: 1296 in 3 places, all below massif's threshold (1.00%)
#-----------
snapshot=61
#-----------
time=1419075809
mem_heap_B=66832
mem_heap_extra_B=1048
mem_stacks_B=1248552
heap_tree=detailed
n3: 66832 (heap allocation functions) malloc/new/new[], --alloc-fns, etc.
 n1: 32768 0x109820: heated_plate_pthreads (in /home/billyfu/YatPC/lab6/heated_plate_valgrind)
  n0: 32768 0x109D55: main (in /home/billyfu/YatPC/lab6/heated_plate_valgrind)
 n1: 32768 0x109850: heated_plate_pthreads (in /home/billyfu/YatPC/lab6/heated_plate_valgrind)
  n0: 32768 0x109D55: main (in /home/billyfu/YatPC/lab6/heated_plate_valgrind)
 n0: 1296 in 3 places, all below massif's threshold (1.00%)
#-----------
snapshot=62
#-----------
time=1433972718
mem_heap_B=66832
mem_heap_extra_B=1048
mem_stacks_B=1261720
heap_tree=detailed
n3: 66832 (heap allocation functions) malloc/new/new[], --alloc-fns, etc.
 n1: 32768 0x109820: heated_plate_pthreads (in /home/billyfu/YatPC/lab6/heated_plate_valgrind)
  n0: 32768 0x109D55: main (in /home/billyfu/YatPC/lab6/heated_plate_valgrind)
 n1: 32768 0x109850: heated_plate_pthreads (in /home/billyfu/YatPC/lab6/heated_plate_valgrind)
  n0: 32768 0x109D55: main (in /home/billyfu/YatPC/lab6/heated_plate_valgrind)
 n0: 1296 in 3 places, all below massif's threshold (1.00%)
#-----------
snapshot=63
#-----------
time=1449299394
mem_heap_B=66832
mem_heap_extra_B=1048
mem_stacks_B=1275112
heap_tree=detailed
n3: 66832 (heap allocation functions) malloc/new/new[], --alloc-fns, etc.
 n1: 32768 0x109820: heated_plate_pthreads (in /home/billyfu/YatPC/lab6/heated_plate_valgrind)
  n0: 32768 0x109D55: main (in /home/billyfu/YatPC/lab6/heated_plate_valgrind)
 n1: 32768 0x109850: heated_plate_pthreads (in /home/billyfu/YatPC/lab6/heated_plate_valgrind)
  n0: 32768 0x109D55: main (in /home/billyfu/YatPC/lab6/heated_plate_valgrind)
 n0: 1296 in 3 places, all below massif's threshold (1.00%)
#-----------
snapshot=64
#-----------
time=1464626176
mem_heap_B=66832
mem_heap_extra_B=1048
mem_stacks_B=1288552
heap_tree=detailed
n3: 66832 (heap allocation functions) malloc/new/new[], --alloc-fns, etc.
 n1: 32768 0x109820: heated_plate_pthreads (in /home/billyfu/YatPC/lab6/heated_plate_valgrind)
  n0: 32768 0x109D55: main (in /home/billyfu/YatPC/lab6/heated_plate_valgrind)
 n1: 32768 0x109850: heated_plate_pthreads (in /home/billyfu/YatPC/lab6/heated_plate_valgrind)
  n0: 32768 0x109D55: main (in /home/billyfu/YatPC/lab6/heated_plate_valgrind)
 n0: 1296 in 3 places, all below massif's threshold (1.00%)
#-----------
snapshot=65
#-----------
time=1480237414
mem_heap_B=66832
mem_heap_extra_B=1048
mem_stacks_B=1302152
heap_tree=detailed
n3: 66832 (heap allocation functions) malloc/new/new[], --alloc-fns, etc.
 n1: 32768 0x109820: heated_plate_pthreads (in /home/billyfu/YatPC/lab6/heated_plate_valgrind)
  n0: 32768 0x109D55: main (in /home/billyfu/YatPC/lab6/heated_plate_valgrind)
 n1: 32768 0x109850: heated_plate_pthreads (in /home/billyfu/YatPC/lab6/heated_plate_valgrind)
  n0: 32768 0x109D55: main (in /home/billyfu/YatPC/lab6/heated_plate_valgrind)
 n0: 1296 in 3 places, all below massif's threshold (1.00%)
#-----------
snapshot=66
#-----------
time=1495826782
mem_heap_B=66832
mem_heap_extra_B=1048
mem_stacks_B=1315912
heap_tree=detailed
n3: 66832 (heap allocation functions) malloc/new/new[], --alloc-fns, etc.
 n1: 32768 0x109820: heated_plate_pthreads (in /home/billyfu/YatPC/lab6/heated_plate_valgrind)
  n0: 32768 0x109D55: main (in /home/billyfu/YatPC/lab6/heated_plate_valgrind)
 n1: 32768 0x109850: heated_plate_pthreads (in /home/billyfu/YatPC/lab6/heated_plate_valgrind)
  n0: 32768 0x109D55: main (in /home/billyfu/YatPC/lab6/heated_plate_valgrind)
 n0: 1296 in 3 places, all below massif's threshold (1.00%)
#-----------
snapshot=67
#-----------
time=1511700558
mem_heap_B=66832
mem_heap_extra_B=1048
mem_stacks_B=1329832
heap_tree=detailed
n3: 66832 (heap allocation functions) malloc/new/new[], --alloc-fns, etc.
 n1: 32768 0x109820: heated_plate_pthreads (in /home/billyfu/YatPC/lab6/heated_plate_valgrind)
  n0: 32768 0x109D55: main (in /home/billyfu/YatPC/lab6/heated_plate_valgrind)
 n1: 32768 0x109850: heated_plate_pthreads (in /home/billyfu/YatPC/lab6/heated_plate_valgrind)
  n0: 32768 0x109D55: main (in /home/billyfu/YatPC/lab6/heated_plate_valgrind)
 n0: 1296 in 3 places, all below massif's threshold (1.00%)
#-----------
snapshot=68
#-----------
time=1527713529
mem_heap_B=66832
mem_heap_extra_B=1048
mem_stacks_B=1341944
heap_tree=empty
#-----------
snapshot=69
#-----------
time=1527858910
mem_heap_B=66832
mem_heap_extra_B=1048
mem_stacks_B=1343912
heap_tree=detailed
n3: 66832 (heap allocation functions) malloc/new/new[], --alloc-fns, etc.
 n1: 32768 0x109820: heated_plate_pthreads (in /home/billyfu/YatPC/lab6/heated_plate_valgrind)
  n0: 32768 0x109D55: main (in /home/billyfu/YatPC/lab6/heated_plate_valgrind)
 n1: 32768 0x109850: heated_plate_pthreads (in /home/billyfu/YatPC/lab6/heated_plate_valgrind)
  n0: 32768 0x109D55: main (in /home/billyfu/YatPC/lab6/heated_plate_valgrind)
 n0: 1296 in 3 places, all below massif's threshold (1.00%)
#-----------
snapshot=70
#-----------
time=1543871156
mem_heap_B=66832
mem_heap_extra_B=1048
mem_stacks_B=1356024
heap_tree=empty
#-----------
snapshot=71
#-----------
time=1543878033
mem_heap_B=66832
mem_heap_extra_B=1048
mem_stacks_B=1358040
heap_tree=detailed
n3: 66832 (heap allocation functions) malloc/new/new[], --alloc-fns, etc.
 n1: 32768 0x109820: heated_plate_pthreads (in /home/billyfu/YatPC/lab6/heated_plate_valgrind)
  n0: 32768 0x109D55: main (in /home/billyfu/YatPC/lab6/heated_plate_valgrind)
 n1: 32768 0x109850: heated_plate_pthreads (in /home/billyfu/YatPC/lab6/heated_plate_valgrind)
  n0: 32768 0x109D55: main (in /home/billyfu/YatPC/lab6/heated_plate_valgrind)
 n0: 1296 in 3 places, all below massif's threshold (1.00%)
#-----------
snapshot=72
#-----------
time=1559892984
mem_heap_B=66832
mem_heap_extra_B=1048
mem_stacks_B=1370264
heap_tree=empty
#-----------
snapshot=73
#-----------
time=1560299116
mem_heap_B=66832
mem_heap_extra_B=1048
mem_stacks_B=1372392
heap_tree=detailed
n3: 66832 (heap allocation functions) malloc/new/new[], --alloc-fns, etc.
 n1: 32768 0x109820: heated_plate_pthreads (in /home/billyfu/YatPC/lab6/heated_plate_valgrind)
  n0: 32768 0x109D55: main (in /home/billyfu/YatPC/lab6/heated_plate_valgrind)
 n1: 32768 0x109850: heated_plate_pthreads (in /home/billyfu/YatPC/lab6/heated_plate_valgrind)
  n0: 32768 0x109D55: main (in /home/billyfu/YatPC/lab6/heated_plate_valgrind)
 n0: 1296 in 3 places, all below massif's threshold (1.00%)
#-----------
snapshot=74
#-----------
time=1576314224
mem_heap_B=66832
mem_heap_extra_B=1048
mem_stacks_B=1384664
heap_tree=empty
#-----------
snapshot=75
#-----------
time=1576720390
mem_heap_B=66832
mem_heap_extra_B=1048
mem_stacks_B=1386840
heap_tree=detailed
n3: 66832 (heap allocation functions) malloc/new/new[], --alloc-fns, etc.
 n1: 32768 0x109820: heated_plate_pthreads (in /home/billyfu/YatPC/lab6/heated_plate_valgrind)
  n0: 32768 0x109D55: main (in /home/billyfu/YatPC/lab6/heated_plate_valgrind)
 n1: 32768 0x109850: heated_plate_pthreads (in /home/billyfu/YatPC/lab6/heated_plate_valgrind)
  n0: 32768 0x109D55: main (in /home/billyfu/YatPC/lab6/heated_plate_valgrind)
 n0: 1296 in 3 places, all below massif's threshold (1.00%)
#-----------
snapshot=76
#-----------
time=1592735440
mem_heap_B=66832
mem_heap_extra_B=1048
mem_stacks_B=1399064
heap_tree=empty
#-----------
snapshot=77
#-----------
time=1593259187
mem_heap_B=66832
mem_heap_extra_B=1048
mem_stacks_B=1401400
heap_tree=detailed
n3: 66832 (heap allocation functions) malloc/new/new[], --alloc-fns, etc.
 n1: 32768 0x109820: heated_plate_pthreads (in /home/billyfu/YatPC/lab6/heated_plate_valgrind)
  n0: 32768 0x109D55: main (in /home/billyfu/YatPC/lab6/heated_plate_valgrind)
 n1: 32768 0x109850: heated_plate_pthreads (in /home/billyfu/YatPC/lab6/heated_plate_valgrind)
  n0: 32768 0x109D55: main (in /home/billyfu/YatPC/lab6/heated_plate_valgrind)
 n0: 1296 in 3 places, all below massif's threshold (1.00%)
#-----------
snapshot=78
#-----------
time=1609272270
mem_heap_B=66832
mem_heap_extra_B=1048
mem_stacks_B=1413464
heap_tree=empty
#-----------
snapshot=79
#-----------
time=1610110332
mem_heap_B=66832
mem_heap_extra_B=1048
mem_stacks_B=1416120
heap_tree=detailed
n3: 66832 (heap allocation functions) malloc/new/new[], --alloc-fns, etc.
 n1: 32768 0x109820: heated_plate_pthreads (in /home/billyfu/YatPC/lab6/heated_plate_valgrind)
  n0: 32768 0x109D55: main (in /home/billyfu/YatPC/lab6/heated_plate_valgrind)
 n1: 32768 0x109850: heated_plate_pthreads (in /home/billyfu/YatPC/lab6/heated_plate_valgrind)
  n0: 32768 0x109D55: main (in /home/billyfu/YatPC/lab6/heated_plate_valgrind)
 n0: 1296 in 3 places, all below massif's threshold (1.00%)
#-----------
snapshot=80
#-----------
time=1626125590
mem_heap_B=66832
mem_heap_extra_B=1048
mem_stacks_B=1428344
heap_tree=empty
#-----------
snapshot=81
#-----------
time=1627079150
mem_heap_B=66832
mem_heap_extra_B=1048
mem_stacks_B=1431000
heap_tree=detailed
n3: 66832 (heap allocation functions) malloc/new/new[], --alloc-fns, etc.
 n1: 32768 0x109820: heated_plate_pthreads (in /home/billyfu/YatPC/lab6/heated_plate_valgrind)
  n0: 32768 0x109D55: main (in /home/billyfu/YatPC/lab6/heated_plate_valgrind)
 n1: 32768 0x109850: heated_plate_pthreads (in /home/billyfu/YatPC/lab6/heated_plate_valgrind)
  n0: 32768 0x109D55: main (in /home/billyfu/YatPC/lab6/heated_plate_valgrind)
 n0: 1296 in 3 places, all below massif's threshold (1.00%)
#-----------
snapshot=82
#-----------
time=1643094410
mem_heap_B=66832
mem_heap_extra_B=1048
mem_stacks_B=1443224
heap_tree=empty
#-----------
snapshot=83
#-----------
time=1644165471
mem_heap_B=66832
mem_heap_extra_B=1048
mem_stacks_B=1445992
heap_tree=detailed
n3: 66832 (heap allocation functions) malloc/new/new[], --alloc-fns, etc.
 n1: 32768 0x109820: heated_plate_pthreads (in /home/billyfu/YatPC/lab6/heated_plate_valgrind)
  n0: 32768 0x109D55: main (in /home/billyfu/YatPC/lab6/heated_plate_valgrind)
 n1: 32768 0x109850: heated_plate_pthreads (in /home/billyfu/YatPC/lab6/heated_plate_valgrind)
  n0: 32768 0x109D55: main (in /home/billyfu/YatPC/lab6/heated_plate_valgrind)
 n0: 1296 in 3 places, all below massif's threshold (1.00%)
#-----------
snapshot=84
#-----------
time=1660178336
mem_heap_B=66832
mem_heap_extra_B=1048
mem_stacks_B=1458104
heap_tree=empty
#-----------
snapshot=85
#-----------
time=1661563716
mem_heap_B=66832
mem_heap_extra_B=1048
mem_stacks_B=1461192
heap_tree=detailed
n3: 66832 (heap allocation functions) malloc/new/new[], --alloc-fns, etc.
 n1: 32768 0x109820: heated_plate_pthreads (in /home/billyfu/YatPC/lab6/heated_plate_valgrind)
  n0: 32768 0x109D55: main (in /home/billyfu/YatPC/lab6/heated_plate_valgrind)
 n1: 32768 0x109850: heated_plate_pthreads (in /home/billyfu/YatPC/lab6/heated_plate_valgrind)
  n0: 32768 0x109D55: main (in /home/billyfu/YatPC/lab6/heated_plate_valgrind)
 n0: 1296 in 3 places, all below massif's threshold (1.00%)
#-----------
snapshot=86
#-----------
time=1677578862
mem_heap_B=66832
mem_heap_extra_B=1048
mem_stacks_B=1473464
heap_tree=empty
#-----------
snapshot=87
#-----------
time=1679079766
mem_heap_B=66832
mem_heap_extra_B=1048
mem_stacks_B=1476552
heap_tree=peak
n3: 66832 (heap allocation functions) malloc/new/new[], --alloc-fns, etc.
 n1: 32768 0x109820: heated_plate_pthreads (in /home/billyfu/YatPC/lab6/heated_plate_valgrind)
  n0: 32768 0x109D55: main (in /home/billyfu/YatPC/lab6/heated_plate_valgrind)
 n1: 32768 0x109850: heated_plate_pthreads (in /home/billyfu/YatPC/lab6/heated_plate_valgrind)
  n0: 32768 0x109D55: main (in /home/billyfu/YatPC/lab6/heated_plate_valgrind)
 n0: 1296 in 3 places, all below massif's threshold (1.00%)
