desc: --massif-out-file=valgrind_logs/massif_M256_N256_T2_S1.out --stacks=yes
cmd: ./heated_plate_valgrind 256 256 2 1
time_unit: i
#-----------
snapshot=0
#-----------
time=0
mem_heap_B=0
mem_heap_extra_B=0
mem_stacks_B=0
heap_tree=empty
#-----------
snapshot=1
#-----------
time=1920908130
mem_heap_B=1053216
mem_heap_extra_B=4128
mem_stacks_B=209080
heap_tree=detailed
n3: 1053216 (heap allocation functions) malloc/new/new[], --alloc-fns, etc.
 n1: 524288 0x109820: heated_plate_pthreads (in /home/billyfu/YatPC/lab6/heated_plate_valgrind)
  n0: 524288 0x109D55: main (in /home/billyfu/YatPC/lab6/heated_plate_valgrind)
 n1: 524288 0x109850: heated_plate_pthreads (in /home/billyfu/YatPC/lab6/heated_plate_valgrind)
  n0: 524288 0x109D55: main (in /home/billyfu/YatPC/lab6/heated_plate_valgrind)
 n0: 4640 in 3 places, all below massif's threshold (1.00%)
#-----------
snapshot=2
#-----------
time=4022610727
mem_heap_B=1053216
mem_heap_extra_B=4128
mem_stacks_B=430792
heap_tree=empty
#-----------
snapshot=3
#-----------
time=5983476449
mem_heap_B=1053216
mem_heap_extra_B=4128
mem_stacks_B=639432
heap_tree=empty
#-----------
snapshot=4
#-----------
time=8693998520
mem_heap_B=1053216
mem_heap_extra_B=4128
mem_stacks_B=929560
heap_tree=detailed
n3: 1053216 (heap allocation functions) malloc/new/new[], --alloc-fns, etc.
 n1: 524288 0x109820: heated_plate_pthreads (in /home/billyfu/YatPC/lab6/heated_plate_valgrind)
  n0: 524288 0x109D55: main (in /home/billyfu/YatPC/lab6/heated_plate_valgrind)
 n1: 524288 0x109850: heated_plate_pthreads (in /home/billyfu/YatPC/lab6/heated_plate_valgrind)
  n0: 524288 0x109D55: main (in /home/billyfu/YatPC/lab6/heated_plate_valgrind)
 n0: 4640 in 3 places, all below massif's threshold (1.00%)
#-----------
snapshot=5
#-----------
time=11430354857
mem_heap_B=1053216
mem_heap_extra_B=4128
mem_stacks_B=1217992
heap_tree=empty
#-----------
snapshot=6
#-----------
time=13900370321
mem_heap_B=1053216
mem_heap_extra_B=4128
mem_stacks_B=1480392
heap_tree=empty
#-----------
snapshot=7
#-----------
time=17246780678
mem_heap_B=1053216
mem_heap_extra_B=4128
mem_stacks_B=1835984
heap_tree=empty
#-----------
snapshot=8
#-----------
time=19495049874
mem_heap_B=1053216
mem_heap_extra_B=4128
mem_stacks_B=2073992
heap_tree=empty
#-----------
snapshot=9
#-----------
time=22254741116
mem_heap_B=1053216
mem_heap_extra_B=4128
mem_stacks_B=2367184
heap_tree=empty
#-----------
snapshot=10
#-----------
time=24028746333
mem_heap_B=1053216
mem_heap_extra_B=4128
mem_stacks_B=2557520
heap_tree=detailed
n3: 1053216 (heap allocation functions) malloc/new/new[], --alloc-fns, etc.
 n1: 524288 0x109820: heated_plate_pthreads (in /home/billyfu/YatPC/lab6/heated_plate_valgrind)
  n0: 524288 0x109D55: main (in /home/billyfu/YatPC/lab6/heated_plate_valgrind)
 n1: 524288 0x109850: heated_plate_pthreads (in /home/billyfu/YatPC/lab6/heated_plate_valgrind)
  n0: 524288 0x109D55: main (in /home/billyfu/YatPC/lab6/heated_plate_valgrind)
 n0: 4640 in 3 places, all below massif's threshold (1.00%)
#-----------
snapshot=11
#-----------
time=26755362873
mem_heap_B=1053216
mem_heap_extra_B=4128
mem_stacks_B=2844624
heap_tree=empty
#-----------
snapshot=12
#-----------
time=29925963816
mem_heap_B=1053216
mem_heap_extra_B=4128
mem_stacks_B=3182520
heap_tree=detailed
n3: 1053216 (heap allocation functions) malloc/new/new[], --alloc-fns, etc.
 n1: 524288 0x109820: heated_plate_pthreads (in /home/billyfu/YatPC/lab6/heated_plate_valgrind)
  n0: 524288 0x109D55: main (in /home/billyfu/YatPC/lab6/heated_plate_valgrind)
 n1: 524288 0x109850: heated_plate_pthreads (in /home/billyfu/YatPC/lab6/heated_plate_valgrind)
  n0: 524288 0x109D55: main (in /home/billyfu/YatPC/lab6/heated_plate_valgrind)
 n0: 4640 in 3 places, all below massif's threshold (1.00%)
#-----------
snapshot=13
#-----------
time=33081445058
mem_heap_B=1053216
mem_heap_extra_B=4128
mem_stacks_B=3514952
heap_tree=empty
#-----------
snapshot=14
#-----------
time=36378139901
mem_heap_B=1053216
mem_heap_extra_B=4128
mem_stacks_B=3866408
heap_tree=detailed
n3: 1053216 (heap allocation functions) malloc/new/new[], --alloc-fns, etc.
 n1: 524288 0x109820: heated_plate_pthreads (in /home/billyfu/YatPC/lab6/heated_plate_valgrind)
  n0: 524288 0x109D55: main (in /home/billyfu/YatPC/lab6/heated_plate_valgrind)
 n1: 524288 0x109850: heated_plate_pthreads (in /home/billyfu/YatPC/lab6/heated_plate_valgrind)
  n0: 524288 0x109D55: main (in /home/billyfu/YatPC/lab6/heated_plate_valgrind)
 n0: 4640 in 3 places, all below massif's threshold (1.00%)
#-----------
snapshot=15
#-----------
time=39235560747
mem_heap_B=1053216
mem_heap_extra_B=4128
mem_stacks_B=4169952
heap_tree=detailed
n3: 1053216 (heap allocation functions) malloc/new/new[], --alloc-fns, etc.
 n1: 524288 0x109820: heated_plate_pthreads (in /home/billyfu/YatPC/lab6/heated_plate_valgrind)
  n0: 524288 0x109D55: main (in /home/billyfu/YatPC/lab6/heated_plate_valgrind)
 n1: 524288 0x109850: heated_plate_pthreads (in /home/billyfu/YatPC/lab6/heated_plate_valgrind)
  n0: 524288 0x109D55: main (in /home/billyfu/YatPC/lab6/heated_plate_valgrind)
 n0: 4640 in 3 places, all below massif's threshold (1.00%)
#-----------
snapshot=16
#-----------
time=41165461332
mem_heap_B=1053216
mem_heap_extra_B=4128
mem_stacks_B=4372624
heap_tree=empty
#-----------
snapshot=17
#-----------
time=43335373390
mem_heap_B=1053216
mem_heap_extra_B=4128
mem_stacks_B=4603800
heap_tree=detailed
n3: 1053216 (heap allocation functions) malloc/new/new[], --alloc-fns, etc.
 n1: 524288 0x109820: heated_plate_pthreads (in /home/billyfu/YatPC/lab6/heated_plate_valgrind)
  n0: 524288 0x109D55: main (in /home/billyfu/YatPC/lab6/heated_plate_valgrind)
 n1: 524288 0x109850: heated_plate_pthreads (in /home/billyfu/YatPC/lab6/heated_plate_valgrind)
  n0: 524288 0x109D55: main (in /home/billyfu/YatPC/lab6/heated_plate_valgrind)
 n0: 4640 in 3 places, all below massif's threshold (1.00%)
#-----------
snapshot=18
#-----------
time=44957405952
mem_heap_B=1053216
mem_heap_extra_B=4128
mem_stacks_B=4775480
heap_tree=detailed
n3: 1053216 (heap allocation functions) malloc/new/new[], --alloc-fns, etc.
 n1: 524288 0x109820: heated_plate_pthreads (in /home/billyfu/YatPC/lab6/heated_plate_valgrind)
  n0: 524288 0x109D55: main (in /home/billyfu/YatPC/lab6/heated_plate_valgrind)
 n1: 524288 0x109850: heated_plate_pthreads (in /home/billyfu/YatPC/lab6/heated_plate_valgrind)
  n0: 524288 0x109D55: main (in /home/billyfu/YatPC/lab6/heated_plate_valgrind)
 n0: 4640 in 3 places, all below massif's threshold (1.00%)
#-----------
snapshot=19
#-----------
time=47189223338
mem_heap_B=1053216
mem_heap_extra_B=4128
mem_stacks_B=5012512
heap_tree=detailed
n3: 1053216 (heap allocation functions) malloc/new/new[], --alloc-fns, etc.
 n1: 524288 0x109820: heated_plate_pthreads (in /home/billyfu/YatPC/lab6/heated_plate_valgrind)
  n0: 524288 0x109D55: main (in /home/billyfu/YatPC/lab6/heated_plate_valgrind)
 n1: 524288 0x109850: heated_plate_pthreads (in /home/billyfu/YatPC/lab6/heated_plate_valgrind)
  n0: 524288 0x109D55: main (in /home/billyfu/YatPC/lab6/heated_plate_valgrind)
 n0: 4640 in 3 places, all below massif's threshold (1.00%)
#-----------
snapshot=20
#-----------
time=49491302531
mem_heap_B=1053216
mem_heap_extra_B=4128
mem_stacks_B=5253832
heap_tree=empty
#-----------
snapshot=21
#-----------
time=51895204449
mem_heap_B=1053216
mem_heap_extra_B=4128
mem_stacks_B=5508944
heap_tree=empty
#-----------
snapshot=22
#-----------
time=54395356170
mem_heap_B=1053216
mem_heap_extra_B=4128
mem_stacks_B=5773192
heap_tree=empty
#-----------
snapshot=23
#-----------
time=56994939369
mem_heap_B=1053216
mem_heap_extra_B=4128
mem_stacks_B=6048784
heap_tree=empty
#-----------
snapshot=24
#-----------
time=59710302148
mem_heap_B=1053216
mem_heap_extra_B=4128
mem_stacks_B=6336464
heap_tree=empty
#-----------
snapshot=25
#-----------
time=62689753691
mem_heap_B=1053216
mem_heap_extra_B=4128
mem_stacks_B=6653400
heap_tree=detailed
n3: 1053216 (heap allocation functions) malloc/new/new[], --alloc-fns, etc.
 n1: 524288 0x109820: heated_plate_pthreads (in /home/billyfu/YatPC/lab6/heated_plate_valgrind)
  n0: 524288 0x109D55: main (in /home/billyfu/YatPC/lab6/heated_plate_valgrind)
 n1: 524288 0x109850: heated_plate_pthreads (in /home/billyfu/YatPC/lab6/heated_plate_valgrind)
  n0: 524288 0x109D55: main (in /home/billyfu/YatPC/lab6/heated_plate_valgrind)
 n0: 4640 in 3 places, all below massif's threshold (1.00%)
#-----------
snapshot=26
#-----------
time=65606020404
mem_heap_B=1053216
mem_heap_extra_B=4128
mem_stacks_B=6960784
heap_tree=empty
#-----------
snapshot=27
#-----------
time=68660156811
mem_heap_B=1053216
mem_heap_extra_B=4128
mem_stacks_B=7283592
heap_tree=empty
#-----------
snapshot=28
#-----------
time=71834047301
mem_heap_B=1053216
mem_heap_extra_B=4128
mem_stacks_B=7619592
heap_tree=empty
#-----------
snapshot=29
#-----------
time=75136802529
mem_heap_B=1053216
mem_heap_extra_B=4128
mem_stacks_B=7969352
heap_tree=empty
#-----------
snapshot=30
#-----------
time=76841640529
mem_heap_B=1053216
mem_heap_extra_B=4128
mem_stacks_B=8149832
heap_tree=empty
#-----------
snapshot=31
#-----------
time=78571849194
mem_heap_B=1053216
mem_heap_extra_B=4128
mem_stacks_B=8333264
heap_tree=empty
#-----------
snapshot=32
#-----------
time=80346840310
mem_heap_B=1053216
mem_heap_extra_B=4128
mem_stacks_B=8520712
heap_tree=empty
#-----------
snapshot=33
#-----------
time=83286328679
mem_heap_B=1053216
mem_heap_extra_B=4128
mem_stacks_B=8833768
heap_tree=detailed
n3: 1053216 (heap allocation functions) malloc/new/new[], --alloc-fns, etc.
 n1: 524288 0x109820: heated_plate_pthreads (in /home/billyfu/YatPC/lab6/heated_plate_valgrind)
  n0: 524288 0x109D55: main (in /home/billyfu/YatPC/lab6/heated_plate_valgrind)
 n1: 524288 0x109850: heated_plate_pthreads (in /home/billyfu/YatPC/lab6/heated_plate_valgrind)
  n0: 524288 0x109D55: main (in /home/billyfu/YatPC/lab6/heated_plate_valgrind)
 n0: 4640 in 3 places, all below massif's threshold (1.00%)
#-----------
snapshot=34
#-----------
time=85165345072
mem_heap_B=1053216
mem_heap_extra_B=4128
mem_stacks_B=9033312
heap_tree=detailed
n3: 1053216 (heap allocation functions) malloc/new/new[], --alloc-fns, etc.
 n1: 524288 0x109820: heated_plate_pthreads (in /home/billyfu/YatPC/lab6/heated_plate_valgrind)
  n0: 524288 0x109D55: main (in /home/billyfu/YatPC/lab6/heated_plate_valgrind)
 n1: 524288 0x109850: heated_plate_pthreads (in /home/billyfu/YatPC/lab6/heated_plate_valgrind)
  n0: 524288 0x109D55: main (in /home/billyfu/YatPC/lab6/heated_plate_valgrind)
 n0: 4640 in 3 places, all below massif's threshold (1.00%)
#-----------
snapshot=35
#-----------
time=87083577775
mem_heap_B=1053216
mem_heap_extra_B=4128
mem_stacks_B=9236192
heap_tree=detailed
n3: 1053216 (heap allocation functions) malloc/new/new[], --alloc-fns, etc.
 n1: 524288 0x109820: heated_plate_pthreads (in /home/billyfu/YatPC/lab6/heated_plate_valgrind)
  n0: 524288 0x109D55: main (in /home/billyfu/YatPC/lab6/heated_plate_valgrind)
 n1: 524288 0x109850: heated_plate_pthreads (in /home/billyfu/YatPC/lab6/heated_plate_valgrind)
  n0: 524288 0x109D55: main (in /home/billyfu/YatPC/lab6/heated_plate_valgrind)
 n0: 4640 in 3 places, all below massif's threshold (1.00%)
#-----------
snapshot=36
#-----------
time=89037556426
mem_heap_B=1053216
mem_heap_extra_B=4128
mem_stacks_B=9443232
heap_tree=detailed
n3: 1053216 (heap allocation functions) malloc/new/new[], --alloc-fns, etc.
 n1: 524288 0x109820: heated_plate_pthreads (in /home/billyfu/YatPC/lab6/heated_plate_valgrind)
  n0: 524288 0x109D55: main (in /home/billyfu/YatPC/lab6/heated_plate_valgrind)
 n1: 524288 0x109850: heated_plate_pthreads (in /home/billyfu/YatPC/lab6/heated_plate_valgrind)
  n0: 524288 0x109D55: main (in /home/billyfu/YatPC/lab6/heated_plate_valgrind)
 n0: 4640 in 3 places, all below massif's threshold (1.00%)
#-----------
snapshot=37
#-----------
time=91032612830
mem_heap_B=1053216
mem_heap_extra_B=4128
mem_stacks_B=9654432
heap_tree=detailed
n3: 1053216 (heap allocation functions) malloc/new/new[], --alloc-fns, etc.
 n1: 524288 0x109820: heated_plate_pthreads (in /home/billyfu/YatPC/lab6/heated_plate_valgrind)
  n0: 524288 0x109D55: main (in /home/billyfu/YatPC/lab6/heated_plate_valgrind)
 n1: 524288 0x109850: heated_plate_pthreads (in /home/billyfu/YatPC/lab6/heated_plate_valgrind)
  n0: 524288 0x109D55: main (in /home/billyfu/YatPC/lab6/heated_plate_valgrind)
 n0: 4640 in 3 places, all below massif's threshold (1.00%)
#-----------
snapshot=38
#-----------
time=93071139455
mem_heap_B=1053216
mem_heap_extra_B=4128
mem_stacks_B=9869768
heap_tree=detailed
n3: 1053216 (heap allocation functions) malloc/new/new[], --alloc-fns, etc.
 n1: 524288 0x109820: heated_plate_pthreads (in /home/billyfu/YatPC/lab6/heated_plate_valgrind)
  n0: 524288 0x109D55: main (in /home/billyfu/YatPC/lab6/heated_plate_valgrind)
 n1: 524288 0x109850: heated_plate_pthreads (in /home/billyfu/YatPC/lab6/heated_plate_valgrind)
  n0: 524288 0x109D55: main (in /home/billyfu/YatPC/lab6/heated_plate_valgrind)
 n0: 4640 in 3 places, all below massif's threshold (1.00%)
#-----------
snapshot=39
#-----------
time=95147796062
mem_heap_B=1053216
mem_heap_extra_B=4128
mem_stacks_B=10089448
heap_tree=detailed
n3: 1053216 (heap allocation functions) malloc/new/new[], --alloc-fns, etc.
 n1: 524288 0x109820: heated_plate_pthreads (in /home/billyfu/YatPC/lab6/heated_plate_valgrind)
  n0: 524288 0x109D55: main (in /home/billyfu/YatPC/lab6/heated_plate_valgrind)
 n1: 524288 0x109850: heated_plate_pthreads (in /home/billyfu/YatPC/lab6/heated_plate_valgrind)
  n0: 524288 0x109D55: main (in /home/billyfu/YatPC/lab6/heated_plate_valgrind)
 n0: 4640 in 3 places, all below massif's threshold (1.00%)
#-----------
snapshot=40
#-----------
time=97221032148
mem_heap_B=1053216
mem_heap_extra_B=4128
mem_stacks_B=10307344
heap_tree=empty
#-----------
snapshot=41
#-----------
time=99363026271
mem_heap_B=1053216
mem_heap_extra_B=4128
mem_stacks_B=10533832
heap_tree=empty
#-----------
snapshot=42
#-----------
time=101546672069
mem_heap_B=1053216
mem_heap_extra_B=4128
mem_stacks_B=10765264
heap_tree=empty
#-----------
snapshot=43
#-----------
time=103770294141
mem_heap_B=1053216
mem_heap_extra_B=4128
mem_stacks_B=11000392
heap_tree=empty
#-----------
snapshot=44
#-----------
time=106046478439
mem_heap_B=1053216
mem_heap_extra_B=4128
mem_stacks_B=11241352
heap_tree=empty
#-----------
snapshot=45
#-----------
time=108358943795
mem_heap_B=1053216
mem_heap_extra_B=4128
mem_stacks_B=11486544
heap_tree=empty
#-----------
snapshot=46
#-----------
time=110725805324
mem_heap_B=1053216
mem_heap_extra_B=4128
mem_stacks_B=11737104
heap_tree=empty
#-----------
snapshot=47
#-----------
time=113137990652
mem_heap_B=1053216
mem_heap_extra_B=4128
mem_stacks_B=11992464
heap_tree=empty
#-----------
snapshot=48
#-----------
time=114581442323
mem_heap_B=1053216
mem_heap_extra_B=4128
mem_stacks_B=12147232
heap_tree=detailed
n3: 1053216 (heap allocation functions) malloc/new/new[], --alloc-fns, etc.
 n1: 524288 0x109820: heated_plate_pthreads (in /home/billyfu/YatPC/lab6/heated_plate_valgrind)
  n0: 524288 0x109D55: main (in /home/billyfu/YatPC/lab6/heated_plate_valgrind)
 n1: 524288 0x109850: heated_plate_pthreads (in /home/billyfu/YatPC/lab6/heated_plate_valgrind)
  n0: 524288 0x109D55: main (in /home/billyfu/YatPC/lab6/heated_plate_valgrind)
 n0: 4640 in 3 places, all below massif's threshold (1.00%)
#-----------
snapshot=49
#-----------
time=115602725902
mem_heap_B=1053216
mem_heap_extra_B=4128
mem_stacks_B=12253264
heap_tree=empty
#-----------
snapshot=50
#-----------
time=115830455973
mem_heap_B=1053216
mem_heap_extra_B=4128
mem_stacks_B=12279280
heap_tree=detailed
n3: 1053216 (heap allocation functions) malloc/new/new[], --alloc-fns, etc.
 n1: 524288 0x109820: heated_plate_pthreads (in /home/billyfu/YatPC/lab6/heated_plate_valgrind)
  n0: 524288 0x109D55: main (in /home/billyfu/YatPC/lab6/heated_plate_valgrind)
 n1: 524288 0x109850: heated_plate_pthreads (in /home/billyfu/YatPC/lab6/heated_plate_valgrind)
  n0: 524288 0x109D55: main (in /home/billyfu/YatPC/lab6/heated_plate_valgrind)
 n0: 4640 in 3 places, all below massif's threshold (1.00%)
#-----------
snapshot=51
#-----------
time=117090970419
mem_heap_B=1053216
mem_heap_extra_B=4128
mem_stacks_B=12412832
heap_tree=detailed
n3: 1053216 (heap allocation functions) malloc/new/new[], --alloc-fns, etc.
 n1: 524288 0x109820: heated_plate_pthreads (in /home/billyfu/YatPC/lab6/heated_plate_valgrind)
  n0: 524288 0x109D55: main (in /home/billyfu/YatPC/lab6/heated_plate_valgrind)
 n1: 524288 0x109850: heated_plate_pthreads (in /home/billyfu/YatPC/lab6/heated_plate_valgrind)
  n0: 524288 0x109D55: main (in /home/billyfu/YatPC/lab6/heated_plate_valgrind)
 n0: 4640 in 3 places, all below massif's threshold (1.00%)
#-----------
snapshot=52
#-----------
time=118362965699
mem_heap_B=1053216
mem_heap_extra_B=4128
mem_stacks_B=12547552
heap_tree=detailed
n3: 1053216 (heap allocation functions) malloc/new/new[], --alloc-fns, etc.
 n1: 524288 0x109820: heated_plate_pthreads (in /home/billyfu/YatPC/lab6/heated_plate_valgrind)
  n0: 524288 0x109D55: main (in /home/billyfu/YatPC/lab6/heated_plate_valgrind)
 n1: 524288 0x109850: heated_plate_pthreads (in /home/billyfu/YatPC/lab6/heated_plate_valgrind)
  n0: 524288 0x109D55: main (in /home/billyfu/YatPC/lab6/heated_plate_valgrind)
 n0: 4640 in 3 places, all below massif's threshold (1.00%)
#-----------
snapshot=53
#-----------
time=119650673142
mem_heap_B=1053216
mem_heap_extra_B=4128
mem_stacks_B=12683712
heap_tree=detailed
n3: 1053216 (heap allocation functions) malloc/new/new[], --alloc-fns, etc.
 n1: 524288 0x109820: heated_plate_pthreads (in /home/billyfu/YatPC/lab6/heated_plate_valgrind)
  n0: 524288 0x109D55: main (in /home/billyfu/YatPC/lab6/heated_plate_valgrind)
 n1: 524288 0x109850: heated_plate_pthreads (in /home/billyfu/YatPC/lab6/heated_plate_valgrind)
  n0: 524288 0x109D55: main (in /home/billyfu/YatPC/lab6/heated_plate_valgrind)
 n0: 4640 in 3 places, all below massif's threshold (1.00%)
#-----------
snapshot=54
#-----------
time=120947458604
mem_heap_B=1053216
mem_heap_extra_B=4128
mem_stacks_B=12821152
heap_tree=detailed
n3: 1053216 (heap allocation functions) malloc/new/new[], --alloc-fns, etc.
 n1: 524288 0x109820: heated_plate_pthreads (in /home/billyfu/YatPC/lab6/heated_plate_valgrind)
  n0: 524288 0x109D55: main (in /home/billyfu/YatPC/lab6/heated_plate_valgrind)
 n1: 524288 0x109850: heated_plate_pthreads (in /home/billyfu/YatPC/lab6/heated_plate_valgrind)
  n0: 524288 0x109D55: main (in /home/billyfu/YatPC/lab6/heated_plate_valgrind)
 n0: 4640 in 3 places, all below massif's threshold (1.00%)
#-----------
snapshot=55
#-----------
time=122259964684
mem_heap_B=1053216
mem_heap_extra_B=4128
mem_stacks_B=12960032
heap_tree=detailed
n3: 1053216 (heap allocation functions) malloc/new/new[], --alloc-fns, etc.
 n1: 524288 0x109820: heated_plate_pthreads (in /home/billyfu/YatPC/lab6/heated_plate_valgrind)
  n0: 524288 0x109D55: main (in /home/billyfu/YatPC/lab6/heated_plate_valgrind)
 n1: 524288 0x109850: heated_plate_pthreads (in /home/billyfu/YatPC/lab6/heated_plate_valgrind)
  n0: 524288 0x109D55: main (in /home/billyfu/YatPC/lab6/heated_plate_valgrind)
 n0: 4640 in 3 places, all below massif's threshold (1.00%)
#-----------
snapshot=56
#-----------
time=123586376564
mem_heap_B=1053216
mem_heap_extra_B=4128
mem_stacks_B=13100512
heap_tree=detailed
n3: 1053216 (heap allocation functions) malloc/new/new[], --alloc-fns, etc.
 n1: 524288 0x109820: heated_plate_pthreads (in /home/billyfu/YatPC/lab6/heated_plate_valgrind)
  n0: 524288 0x109D55: main (in /home/billyfu/YatPC/lab6/heated_plate_valgrind)
 n1: 524288 0x109850: heated_plate_pthreads (in /home/billyfu/YatPC/lab6/heated_plate_valgrind)
  n0: 524288 0x109D55: main (in /home/billyfu/YatPC/lab6/heated_plate_valgrind)
 n0: 4640 in 3 places, all below massif's threshold (1.00%)
#-----------
snapshot=57
#-----------
time=124926082193
mem_heap_B=1053216
mem_heap_extra_B=4128
mem_stacks_B=13242272
heap_tree=detailed
n3: 1053216 (heap allocation functions) malloc/new/new[], --alloc-fns, etc.
 n1: 524288 0x109820: heated_plate_pthreads (in /home/billyfu/YatPC/lab6/heated_plate_valgrind)
  n0: 524288 0x109D55: main (in /home/billyfu/YatPC/lab6/heated_plate_valgrind)
 n1: 524288 0x109850: heated_plate_pthreads (in /home/billyfu/YatPC/lab6/heated_plate_valgrind)
  n0: 524288 0x109D55: main (in /home/billyfu/YatPC/lab6/heated_plate_valgrind)
 n0: 4640 in 3 places, all below massif's threshold (1.00%)
#-----------
snapshot=58
#-----------
time=126277285242
mem_heap_B=1053216
mem_heap_extra_B=4128
mem_stacks_B=13385312
heap_tree=detailed
n3: 1053216 (heap allocation functions) malloc/new/new[], --alloc-fns, etc.
 n1: 524288 0x109820: heated_plate_pthreads (in /home/billyfu/YatPC/lab6/heated_plate_valgrind)
  n0: 524288 0x109D55: main (in /home/billyfu/YatPC/lab6/heated_plate_valgrind)
 n1: 524288 0x109850: heated_plate_pthreads (in /home/billyfu/YatPC/lab6/heated_plate_valgrind)
  n0: 524288 0x109D55: main (in /home/billyfu/YatPC/lab6/heated_plate_valgrind)
 n0: 4640 in 3 places, all below massif's threshold (1.00%)
#-----------
snapshot=59
#-----------
time=127646629349
mem_heap_B=1053216
mem_heap_extra_B=4128
mem_stacks_B=13529768
heap_tree=peak
n3: 1053216 (heap allocation functions) malloc/new/new[], --alloc-fns, etc.
 n1: 524288 0x109820: heated_plate_pthreads (in /home/billyfu/YatPC/lab6/heated_plate_valgrind)
  n0: 524288 0x109D55: main (in /home/billyfu/YatPC/lab6/heated_plate_valgrind)
 n1: 524288 0x109850: heated_plate_pthreads (in /home/billyfu/YatPC/lab6/heated_plate_valgrind)
  n0: 524288 0x109D55: main (in /home/billyfu/YatPC/lab6/heated_plate_valgrind)
 n0: 4640 in 3 places, all below massif's threshold (1.00%)
