desc: --massif-out-file=valgrind_logs/massif_M2_N2_T2_S1.out --stacks=yes
cmd: ./heated_plate_valgrind 2 2 2 1
time_unit: i
#-----------
snapshot=0
#-----------
time=0
mem_heap_B=0
mem_heap_extra_B=0
mem_stacks_B=0
heap_tree=empty
#-----------
snapshot=1
#-----------
time=1097
mem_heap_B=0
mem_heap_extra_B=0
mem_stacks_B=368
heap_tree=empty
#-----------
snapshot=2
#-----------
time=30919
mem_heap_B=0
mem_heap_extra_B=0
mem_stacks_B=312
heap_tree=empty
#-----------
snapshot=3
#-----------
time=35920
mem_heap_B=0
mem_heap_extra_B=0
mem_stacks_B=656
heap_tree=empty
#-----------
snapshot=4
#-----------
time=39429
mem_heap_B=0
mem_heap_extra_B=0
mem_stacks_B=960
heap_tree=detailed
n0: 0 (heap allocation functions) malloc/new/new[], --alloc-fns, etc.
#-----------
snapshot=5
#-----------
time=44037
mem_heap_B=0
mem_heap_extra_B=0
mem_stacks_B=1368
heap_tree=empty
#-----------
snapshot=6
#-----------
time=46953
mem_heap_B=0
mem_heap_extra_B=0
mem_stacks_B=1376
heap_tree=empty
#-----------
snapshot=7
#-----------
time=50004
mem_heap_B=0
mem_heap_extra_B=0
mem_stacks_B=7680
heap_tree=detailed
n0: 0 (heap allocation functions) malloc/new/new[], --alloc-fns, etc.
#-----------
snapshot=8
#-----------
time=54375
mem_heap_B=0
mem_heap_extra_B=0
mem_stacks_B=2408
heap_tree=empty
#-----------
snapshot=9
#-----------
time=58110
mem_heap_B=0
mem_heap_extra_B=0
mem_stacks_B=4776
heap_tree=empty
#-----------
snapshot=10
#-----------
time=60639
mem_heap_B=0
mem_heap_extra_B=0
mem_stacks_B=4328
heap_tree=empty
#-----------
snapshot=11
#-----------
time=64061
mem_heap_B=0
mem_heap_extra_B=0
mem_stacks_B=5768
heap_tree=empty
#-----------
snapshot=12
#-----------
time=66733
mem_heap_B=0
mem_heap_extra_B=0
mem_stacks_B=3832
heap_tree=empty
#-----------
snapshot=13
#-----------
time=70107
mem_heap_B=0
mem_heap_extra_B=0
mem_stacks_B=1336
heap_tree=empty
#-----------
snapshot=14
#-----------
time=75227
mem_heap_B=0
mem_heap_extra_B=0
mem_stacks_B=1080
heap_tree=empty
#-----------
snapshot=15
#-----------
time=85615
mem_heap_B=0
mem_heap_extra_B=0
mem_stacks_B=1304
heap_tree=empty
#-----------
snapshot=16
#-----------
time=90640
mem_heap_B=0
mem_heap_extra_B=0
mem_stacks_B=1768
heap_tree=empty
#-----------
snapshot=17
#-----------
time=96257
mem_heap_B=0
mem_heap_extra_B=0
mem_stacks_B=1768
heap_tree=empty
#-----------
snapshot=18
#-----------
time=99088
mem_heap_B=0
mem_heap_extra_B=0
mem_stacks_B=1768
heap_tree=empty
#-----------
snapshot=19
#-----------
time=103652
mem_heap_B=0
mem_heap_extra_B=0
mem_stacks_B=1768
heap_tree=empty
#-----------
snapshot=20
#-----------
time=107655
mem_heap_B=0
mem_heap_extra_B=0
mem_stacks_B=1768
heap_tree=empty
#-----------
snapshot=21
#-----------
time=110555
mem_heap_B=0
mem_heap_extra_B=0
mem_stacks_B=1768
heap_tree=empty
#-----------
snapshot=22
#-----------
time=114443
mem_heap_B=0
mem_heap_extra_B=0
mem_stacks_B=1768
heap_tree=empty
#-----------
snapshot=23
#-----------
time=117375
mem_heap_B=0
mem_heap_extra_B=0
mem_stacks_B=1768
heap_tree=empty
#-----------
snapshot=24
#-----------
time=121246
mem_heap_B=0
mem_heap_extra_B=0
mem_stacks_B=1304
heap_tree=empty
#-----------
snapshot=25
#-----------
time=126323
mem_heap_B=0
mem_heap_extra_B=0
mem_stacks_B=1768
heap_tree=empty
#-----------
snapshot=26
#-----------
time=131288
mem_heap_B=0
mem_heap_extra_B=0
mem_stacks_B=1528
heap_tree=empty
#-----------
snapshot=27
#-----------
time=134338
mem_heap_B=0
mem_heap_extra_B=0
mem_stacks_B=1768
heap_tree=empty
#-----------
snapshot=28
#-----------
time=139094
mem_heap_B=0
mem_heap_extra_B=0
mem_stacks_B=1584
heap_tree=empty
#-----------
snapshot=29
#-----------
time=143104
mem_heap_B=0
mem_heap_extra_B=0
mem_stacks_B=1368
heap_tree=empty
#-----------
snapshot=30
#-----------
time=145958
mem_heap_B=0
mem_heap_extra_B=0
mem_stacks_B=1304
heap_tree=empty
#-----------
snapshot=31
#-----------
time=149950
mem_heap_B=0
mem_heap_extra_B=0
mem_stacks_B=1304
heap_tree=empty
#-----------
snapshot=32
#-----------
time=152732
mem_heap_B=0
mem_heap_extra_B=0
mem_stacks_B=1584
heap_tree=detailed
n0: 0 (heap allocation functions) malloc/new/new[], --alloc-fns, etc.
#-----------
snapshot=33
#-----------
time=156819
mem_heap_B=0
mem_heap_extra_B=0
mem_stacks_B=1528
heap_tree=empty
#-----------
snapshot=34
#-----------
time=161548
mem_heap_B=0
mem_heap_extra_B=0
mem_stacks_B=1624
heap_tree=empty
#-----------
snapshot=35
#-----------
time=164459
mem_heap_B=0
mem_heap_extra_B=0
mem_stacks_B=1872
heap_tree=empty
#-----------
snapshot=36
#-----------
time=168289
mem_heap_B=0
mem_heap_extra_B=0
mem_stacks_B=1528
heap_tree=empty
#-----------
snapshot=37
#-----------
time=170542
mem_heap_B=0
mem_heap_extra_B=0
mem_stacks_B=1528
heap_tree=empty
#-----------
snapshot=38
#-----------
time=175040
mem_heap_B=0
mem_heap_extra_B=0
mem_stacks_B=1728
heap_tree=empty
#-----------
snapshot=39
#-----------
time=177420
mem_heap_B=0
mem_heap_extra_B=0
mem_stacks_B=1528
heap_tree=empty
#-----------
snapshot=40
#-----------
time=183122
mem_heap_B=96
mem_heap_extra_B=48
mem_stacks_B=2528
heap_tree=empty
#-----------
snapshot=41
#-----------
time=187597
mem_heap_B=640
mem_heap_extra_B=64
mem_stacks_B=2824
heap_tree=empty
#-----------
snapshot=42
#-----------
time=191112
mem_heap_B=640
mem_heap_extra_B=64
mem_stacks_B=2744
heap_tree=empty
#-----------
snapshot=43
#-----------
time=196646
mem_heap_B=640
mem_heap_extra_B=64
mem_stacks_B=1704
heap_tree=detailed
n4: 640 (heap allocation functions) malloc/new/new[], --alloc-fns, etc.
 n1: 544 0x40145AB: calloc (rtld-malloc.h:44)
  n1: 544 0x40145AB: allocate_dtv (dl-tls.c:370)
   n1: 544 0x40145AB: _dl_allocate_tls (dl-tls.c:629)
    n1: 544 0x4900616: allocate_stack (allocatestack.c:429)
     n1: 544 0x4900616: pthread_create@@GLIBC_2.34 (pthread_create.c:655)
      n1: 544 0x48528D8: parallel_for (in /home/billyfu/YatPC/lab6/libparallel_for.so)
       n1: 544 0x1098BA: heated_plate_pthreads (in /home/billyfu/YatPC/lab6/heated_plate_valgrind)
        n0: 544 0x109D55: main (in /home/billyfu/YatPC/lab6/heated_plate_valgrind)
 n0: 32 in 2 places, all below massif's threshold (1.00%)
 n1: 32 0x109820: heated_plate_pthreads (in /home/billyfu/YatPC/lab6/heated_plate_valgrind)
  n0: 32 0x109D55: main (in /home/billyfu/YatPC/lab6/heated_plate_valgrind)
 n1: 32 0x109850: heated_plate_pthreads (in /home/billyfu/YatPC/lab6/heated_plate_valgrind)
  n0: 32 0x109D55: main (in /home/billyfu/YatPC/lab6/heated_plate_valgrind)
#-----------
snapshot=44
#-----------
time=201052
mem_heap_B=640
mem_heap_extra_B=64
mem_stacks_B=4008
heap_tree=empty
#-----------
snapshot=45
#-----------
time=204364
mem_heap_B=640
mem_heap_extra_B=64
mem_stacks_B=2240
heap_tree=empty
#-----------
snapshot=46
#-----------
time=207670
mem_heap_B=640
mem_heap_extra_B=64
mem_stacks_B=2344
heap_tree=detailed
n4: 640 (heap allocation functions) malloc/new/new[], --alloc-fns, etc.
 n1: 544 0x40145AB: calloc (rtld-malloc.h:44)
  n1: 544 0x40145AB: allocate_dtv (dl-tls.c:370)
   n1: 544 0x40145AB: _dl_allocate_tls (dl-tls.c:629)
    n1: 544 0x4900616: allocate_stack (allocatestack.c:429)
     n1: 544 0x4900616: pthread_create@@GLIBC_2.34 (pthread_create.c:655)
      n1: 544 0x48528D8: parallel_for (in /home/billyfu/YatPC/lab6/libparallel_for.so)
       n1: 544 0x1098BA: heated_plate_pthreads (in /home/billyfu/YatPC/lab6/heated_plate_valgrind)
        n0: 544 0x109D55: main (in /home/billyfu/YatPC/lab6/heated_plate_valgrind)
 n0: 32 in 2 places, all below massif's threshold (1.00%)
 n1: 32 0x109820: heated_plate_pthreads (in /home/billyfu/YatPC/lab6/heated_plate_valgrind)
  n0: 32 0x109D55: main (in /home/billyfu/YatPC/lab6/heated_plate_valgrind)
 n1: 32 0x109850: heated_plate_pthreads (in /home/billyfu/YatPC/lab6/heated_plate_valgrind)
  n0: 32 0x109D55: main (in /home/billyfu/YatPC/lab6/heated_plate_valgrind)
#-----------
snapshot=47
#-----------
time=212082
mem_heap_B=640
mem_heap_extra_B=64
mem_stacks_B=4592
heap_tree=empty
#-----------
snapshot=48
#-----------
time=216495
mem_heap_B=640
mem_heap_extra_B=64
mem_stacks_B=4800
heap_tree=empty
#-----------
snapshot=49
#-----------
time=220982
mem_heap_B=640
mem_heap_extra_B=64
mem_stacks_B=3312
heap_tree=empty
#-----------
snapshot=50
#-----------
time=222081
mem_heap_B=640
mem_heap_extra_B=64
mem_stacks_B=5112
heap_tree=empty
#-----------
snapshot=51
#-----------
time=223186
mem_heap_B=640
mem_heap_extra_B=64
mem_stacks_B=5272
heap_tree=empty
#-----------
snapshot=52
#-----------
time=224332
mem_heap_B=640
mem_heap_extra_B=64
mem_stacks_B=3176
heap_tree=empty
#-----------
snapshot=53
#-----------
time=225458
mem_heap_B=640
mem_heap_extra_B=64
mem_stacks_B=3760
heap_tree=empty
#-----------
snapshot=54
#-----------
time=226611
mem_heap_B=640
mem_heap_extra_B=64
mem_stacks_B=3512
heap_tree=empty
#-----------
snapshot=55
#-----------
time=227709
mem_heap_B=640
mem_heap_extra_B=64
mem_stacks_B=3544
heap_tree=empty
#-----------
snapshot=56
#-----------
time=228810
mem_heap_B=640
mem_heap_extra_B=64
mem_stacks_B=3712
heap_tree=empty
#-----------
snapshot=57
#-----------
time=229958
mem_heap_B=640
mem_heap_extra_B=64
mem_stacks_B=4840
heap_tree=detailed
n2: 640 (heap allocation functions) malloc/new/new[], --alloc-fns, etc.
 n1: 544 0x40145AB: calloc (rtld-malloc.h:44)
  n1: 544 0x40145AB: allocate_dtv (dl-tls.c:370)
   n1: 544 0x40145AB: _dl_allocate_tls (dl-tls.c:629)
    n1: 544 0x4900616: allocate_stack (allocatestack.c:429)
     n1: 544 0x4900616: pthread_create@@GLIBC_2.34 (pthread_create.c:655)
      n1: 544 0x48528D8: parallel_for (in /home/billyfu/YatPC/lab6/libparallel_for.so)
       n1: 544 0x1098BA: heated_plate_pthreads (in /home/billyfu/YatPC/lab6/heated_plate_valgrind)
        n0: 544 0x109D55: main (in /home/billyfu/YatPC/lab6/heated_plate_valgrind)
 n0: 96 in 4 places, all below massif's threshold (1.00%)
#-----------
snapshot=58
#-----------
time=231074
mem_heap_B=640
mem_heap_extra_B=64
mem_stacks_B=4840
heap_tree=empty
#-----------
snapshot=59
#-----------
time=232190
mem_heap_B=640
mem_heap_extra_B=64
mem_stacks_B=5672
heap_tree=empty
#-----------
snapshot=60
#-----------
time=233082
mem_heap_B=4736
mem_heap_extra_B=72
mem_stacks_B=4048
heap_tree=peak
n3: 4736 (heap allocation functions) malloc/new/new[], --alloc-fns, etc.
 n1: 4096 0x48E81B4: _IO_file_doallocate (filedoalloc.c:101)
  n1: 4096 0x48F8523: _IO_doallocbuf (genops.c:347)
   n1: 4096 0x48F5F8F: _IO_file_overflow@@GLIBC_2.2.5 (fileops.c:745)
    n1: 4096 0x48F6AAE: _IO_new_file_xsputn (fileops.c:1244)
     n1: 4096 0x48F6AAE: _IO_file_xsputn@@GLIBC_2.2.5 (fileops.c:1197)
      n1: 4096 0x48C3CC8: __printf_buffer_flush_to_file (printf_buffer_to_file.c:59)
       n1: 4096 0x48C3CC8: __printf_buffer_to_file_done (printf_buffer_to_file.c:120)
        n1: 4096 0x48CE5A9: __vfprintf_internal (vfprintf-internal.c:1560)
         n1: 4096 0x48C31B2: printf (printf.c:33)
          n1: 4096 0x109C61: print_result (in /home/billyfu/YatPC/lab6/heated_plate_valgrind)
           n0: 4096 0x109D7B: main (in /home/billyfu/YatPC/lab6/heated_plate_valgrind)
 n1: 544 0x40145AB: calloc (rtld-malloc.h:44)
  n1: 544 0x40145AB: allocate_dtv (dl-tls.c:370)
   n1: 544 0x40145AB: _dl_allocate_tls (dl-tls.c:629)
    n1: 544 0x4900616: allocate_stack (allocatestack.c:429)
     n1: 544 0x4900616: pthread_create@@GLIBC_2.34 (pthread_create.c:655)
      n1: 544 0x48528D8: parallel_for (in /home/billyfu/YatPC/lab6/libparallel_for.so)
       n1: 544 0x1098BA: heated_plate_pthreads (in /home/billyfu/YatPC/lab6/heated_plate_valgrind)
        n0: 544 0x109D55: main (in /home/billyfu/YatPC/lab6/heated_plate_valgrind)
 n0: 96 in 4 places, all below massif's threshold (1.00%)
#-----------
snapshot=61
#-----------
time=234194
mem_heap_B=4640
mem_heap_extra_B=24
mem_stacks_B=3352
heap_tree=empty
#-----------
snapshot=62
#-----------
time=235298
mem_heap_B=4640
mem_heap_extra_B=24
mem_stacks_B=3208
heap_tree=empty
#-----------
snapshot=63
#-----------
time=236412
mem_heap_B=4640
mem_heap_extra_B=24
mem_stacks_B=3256
heap_tree=empty
#-----------
snapshot=64
#-----------
time=237523
mem_heap_B=544
mem_heap_extra_B=16
mem_stacks_B=3224
heap_tree=empty
#-----------
snapshot=65
#-----------
time=238621
mem_heap_B=272
mem_heap_extra_B=8
mem_stacks_B=3184
heap_tree=empty
#-----------
snapshot=66
#-----------
time=239725
mem_heap_B=0
mem_heap_extra_B=0
mem_stacks_B=3072
heap_tree=empty
