desc: --massif-out-file=valgrind_logs/massif_M256_N256_T8_S1.out --stacks=yes
cmd: ./heated_plate_valgrind 256 256 8 1
time_unit: i
#-----------
snapshot=0
#-----------
time=0
mem_heap_B=0
mem_heap_extra_B=0
mem_stacks_B=0
heap_tree=empty
#-----------
snapshot=1
#-----------
time=2116787832
mem_heap_B=1053760
mem_heap_extra_B=4144
mem_stacks_B=904528
heap_tree=empty
#-----------
snapshot=2
#-----------
time=4292921853
mem_heap_B=1054032
mem_heap_extra_B=4152
mem_stacks_B=1826128
heap_tree=empty
#-----------
snapshot=3
#-----------
time=6686221257
mem_heap_B=1053760
mem_heap_extra_B=4144
mem_stacks_B=2838608
heap_tree=empty
#-----------
snapshot=4
#-----------
time=8196297349
mem_heap_B=1053760
mem_heap_extra_B=4144
mem_stacks_B=3477328
heap_tree=empty
#-----------
snapshot=5
#-----------
time=10713329181
mem_heap_B=1053760
mem_heap_extra_B=4144
mem_stacks_B=4541008
heap_tree=empty
#-----------
snapshot=6
#-----------
time=12859774896
mem_heap_B=1054848
mem_heap_extra_B=4176
mem_stacks_B=5450064
heap_tree=detailed
n3: 1054848 (heap allocation functions) malloc/new/new[], --alloc-fns, etc.
 n1: 524288 0x109820: heated_plate_pthreads (in /home/billyfu/YatPC/lab6/heated_plate_valgrind)
  n0: 524288 0x109D55: main (in /home/billyfu/YatPC/lab6/heated_plate_valgrind)
 n1: 524288 0x109850: heated_plate_pthreads (in /home/billyfu/YatPC/lab6/heated_plate_valgrind)
  n0: 524288 0x109D55: main (in /home/billyfu/YatPC/lab6/heated_plate_valgrind)
 n0: 6272 in 3 places, all below massif's threshold (1.00%)
#-----------
snapshot=7
#-----------
time=16261822755
mem_heap_B=1054576
mem_heap_extra_B=4168
mem_stacks_B=6887304
heap_tree=detailed
n3: 1054576 (heap allocation functions) malloc/new/new[], --alloc-fns, etc.
 n1: 524288 0x109820: heated_plate_pthreads (in /home/billyfu/YatPC/lab6/heated_plate_valgrind)
  n0: 524288 0x109D55: main (in /home/billyfu/YatPC/lab6/heated_plate_valgrind)
 n1: 524288 0x109850: heated_plate_pthreads (in /home/billyfu/YatPC/lab6/heated_plate_valgrind)
  n0: 524288 0x109D55: main (in /home/billyfu/YatPC/lab6/heated_plate_valgrind)
 n0: 6000 in 3 places, all below massif's threshold (1.00%)
#-----------
snapshot=8
#-----------
time=18234886421
mem_heap_B=1054576
mem_heap_extra_B=4168
mem_stacks_B=7720576
heap_tree=detailed
n3: 1054576 (heap allocation functions) malloc/new/new[], --alloc-fns, etc.
 n1: 524288 0x109820: heated_plate_pthreads (in /home/billyfu/YatPC/lab6/heated_plate_valgrind)
  n0: 524288 0x109D55: main (in /home/billyfu/YatPC/lab6/heated_plate_valgrind)
 n1: 524288 0x109850: heated_plate_pthreads (in /home/billyfu/YatPC/lab6/heated_plate_valgrind)
  n0: 524288 0x109D55: main (in /home/billyfu/YatPC/lab6/heated_plate_valgrind)
 n0: 6000 in 3 places, all below massif's threshold (1.00%)
#-----------
snapshot=9
#-----------
time=20187700144
mem_heap_B=1054576
mem_heap_extra_B=4168
mem_stacks_B=8544944
heap_tree=detailed
n3: 1054576 (heap allocation functions) malloc/new/new[], --alloc-fns, etc.
 n1: 524288 0x109820: heated_plate_pthreads (in /home/billyfu/YatPC/lab6/heated_plate_valgrind)
  n0: 524288 0x109D55: main (in /home/billyfu/YatPC/lab6/heated_plate_valgrind)
 n1: 524288 0x109850: heated_plate_pthreads (in /home/billyfu/YatPC/lab6/heated_plate_valgrind)
  n0: 524288 0x109D55: main (in /home/billyfu/YatPC/lab6/heated_plate_valgrind)
 n0: 6000 in 3 places, all below massif's threshold (1.00%)
#-----------
snapshot=10
#-----------
time=23593796582
mem_heap_B=1054304
mem_heap_extra_B=4160
mem_stacks_B=9983456
heap_tree=detailed
n3: 1054304 (heap allocation functions) malloc/new/new[], --alloc-fns, etc.
 n1: 524288 0x109820: heated_plate_pthreads (in /home/billyfu/YatPC/lab6/heated_plate_valgrind)
  n0: 524288 0x109D55: main (in /home/billyfu/YatPC/lab6/heated_plate_valgrind)
 n1: 524288 0x109850: heated_plate_pthreads (in /home/billyfu/YatPC/lab6/heated_plate_valgrind)
  n0: 524288 0x109D55: main (in /home/billyfu/YatPC/lab6/heated_plate_valgrind)
 n0: 5728 in 3 places, all below massif's threshold (1.00%)
#-----------
snapshot=11
#-----------
time=25484189239
mem_heap_B=1054576
mem_heap_extra_B=4168
mem_stacks_B=10781064
heap_tree=detailed
n3: 1054576 (heap allocation functions) malloc/new/new[], --alloc-fns, etc.
 n1: 524288 0x109820: heated_plate_pthreads (in /home/billyfu/YatPC/lab6/heated_plate_valgrind)
  n0: 524288 0x109D55: main (in /home/billyfu/YatPC/lab6/heated_plate_valgrind)
 n1: 524288 0x109850: heated_plate_pthreads (in /home/billyfu/YatPC/lab6/heated_plate_valgrind)
  n0: 524288 0x109D55: main (in /home/billyfu/YatPC/lab6/heated_plate_valgrind)
 n0: 6000 in 3 places, all below massif's threshold (1.00%)
#-----------
snapshot=12
#-----------
time=27811095786
mem_heap_B=1054304
mem_heap_extra_B=4160
mem_stacks_B=11762816
heap_tree=detailed
n3: 1054304 (heap allocation functions) malloc/new/new[], --alloc-fns, etc.
 n1: 524288 0x109820: heated_plate_pthreads (in /home/billyfu/YatPC/lab6/heated_plate_valgrind)
  n0: 524288 0x109D55: main (in /home/billyfu/YatPC/lab6/heated_plate_valgrind)
 n1: 524288 0x109850: heated_plate_pthreads (in /home/billyfu/YatPC/lab6/heated_plate_valgrind)
  n0: 524288 0x109D55: main (in /home/billyfu/YatPC/lab6/heated_plate_valgrind)
 n0: 5728 in 3 places, all below massif's threshold (1.00%)
#-----------
snapshot=13
#-----------
time=30319551837
mem_heap_B=1053760
mem_heap_extra_B=4144
mem_stacks_B=12820048
heap_tree=empty
#-----------
snapshot=14
#-----------
time=33022667382
mem_heap_B=1053760
mem_heap_extra_B=4144
mem_stacks_B=13960528
heap_tree=empty
#-----------
snapshot=15
#-----------
time=35256006894
mem_heap_B=1054848
mem_heap_extra_B=4176
mem_stacks_B=14903920
heap_tree=detailed
n3: 1054848 (heap allocation functions) malloc/new/new[], --alloc-fns, etc.
 n1: 524288 0x109820: heated_plate_pthreads (in /home/billyfu/YatPC/lab6/heated_plate_valgrind)
  n0: 524288 0x109D55: main (in /home/billyfu/YatPC/lab6/heated_plate_valgrind)
 n1: 524288 0x109850: heated_plate_pthreads (in /home/billyfu/YatPC/lab6/heated_plate_valgrind)
  n0: 524288 0x109D55: main (in /home/billyfu/YatPC/lab6/heated_plate_valgrind)
 n0: 6272 in 3 places, all below massif's threshold (1.00%)
#-----------
snapshot=16
#-----------
time=38396807407
mem_heap_B=1054576
mem_heap_extra_B=4168
mem_stacks_B=16228736
heap_tree=detailed
n3: 1054576 (heap allocation functions) malloc/new/new[], --alloc-fns, etc.
 n1: 524288 0x109820: heated_plate_pthreads (in /home/billyfu/YatPC/lab6/heated_plate_valgrind)
  n0: 524288 0x109D55: main (in /home/billyfu/YatPC/lab6/heated_plate_valgrind)
 n1: 524288 0x109850: heated_plate_pthreads (in /home/billyfu/YatPC/lab6/heated_plate_valgrind)
  n0: 524288 0x109D55: main (in /home/billyfu/YatPC/lab6/heated_plate_valgrind)
 n0: 6000 in 3 places, all below massif's threshold (1.00%)
#-----------
snapshot=17
#-----------
time=41761220441
mem_heap_B=1053760
mem_heap_extra_B=4144
mem_stacks_B=17646928
heap_tree=empty
#-----------
snapshot=18
#-----------
time=44534752143
mem_heap_B=1054304
mem_heap_extra_B=4160
mem_stacks_B=18816736
heap_tree=detailed
n3: 1054304 (heap allocation functions) malloc/new/new[], --alloc-fns, etc.
 n1: 524288 0x109820: heated_plate_pthreads (in /home/billyfu/YatPC/lab6/heated_plate_valgrind)
  n0: 524288 0x109D55: main (in /home/billyfu/YatPC/lab6/heated_plate_valgrind)
 n1: 524288 0x109850: heated_plate_pthreads (in /home/billyfu/YatPC/lab6/heated_plate_valgrind)
  n0: 524288 0x109D55: main (in /home/billyfu/YatPC/lab6/heated_plate_valgrind)
 n0: 5728 in 3 places, all below massif's threshold (1.00%)
#-----------
snapshot=19
#-----------
time=47435802013
mem_heap_B=1054576
mem_heap_extra_B=4168
mem_stacks_B=20040576
heap_tree=detailed
n3: 1054576 (heap allocation functions) malloc/new/new[], --alloc-fns, etc.
 n1: 524288 0x109820: heated_plate_pthreads (in /home/billyfu/YatPC/lab6/heated_plate_valgrind)
  n0: 524288 0x109D55: main (in /home/billyfu/YatPC/lab6/heated_plate_valgrind)
 n1: 524288 0x109850: heated_plate_pthreads (in /home/billyfu/YatPC/lab6/heated_plate_valgrind)
  n0: 524288 0x109D55: main (in /home/billyfu/YatPC/lab6/heated_plate_valgrind)
 n0: 6000 in 3 places, all below massif's threshold (1.00%)
#-----------
snapshot=20
#-----------
time=49472192234
mem_heap_B=1054576
mem_heap_extra_B=4168
mem_stacks_B=20897784
heap_tree=detailed
n3: 1054576 (heap allocation functions) malloc/new/new[], --alloc-fns, etc.
 n1: 524288 0x109820: heated_plate_pthreads (in /home/billyfu/YatPC/lab6/heated_plate_valgrind)
  n0: 524288 0x109D55: main (in /home/billyfu/YatPC/lab6/heated_plate_valgrind)
 n1: 524288 0x109850: heated_plate_pthreads (in /home/billyfu/YatPC/lab6/heated_plate_valgrind)
  n0: 524288 0x109D55: main (in /home/billyfu/YatPC/lab6/heated_plate_valgrind)
 n0: 6000 in 3 places, all below massif's threshold (1.00%)
#-----------
snapshot=21
#-----------
time=51588458644
mem_heap_B=1054576
mem_heap_extra_B=4168
mem_stacks_B=21790336
heap_tree=detailed
n3: 1054576 (heap allocation functions) malloc/new/new[], --alloc-fns, etc.
 n1: 524288 0x109820: heated_plate_pthreads (in /home/billyfu/YatPC/lab6/heated_plate_valgrind)
  n0: 524288 0x109D55: main (in /home/billyfu/YatPC/lab6/heated_plate_valgrind)
 n1: 524288 0x109850: heated_plate_pthreads (in /home/billyfu/YatPC/lab6/heated_plate_valgrind)
  n0: 524288 0x109D55: main (in /home/billyfu/YatPC/lab6/heated_plate_valgrind)
 n0: 6000 in 3 places, all below massif's threshold (1.00%)
#-----------
snapshot=22
#-----------
time=53791194144
mem_heap_B=1054848
mem_heap_extra_B=4176
mem_stacks_B=22718496
heap_tree=detailed
n3: 1054848 (heap allocation functions) malloc/new/new[], --alloc-fns, etc.
 n1: 524288 0x109820: heated_plate_pthreads (in /home/billyfu/YatPC/lab6/heated_plate_valgrind)
  n0: 524288 0x109D55: main (in /home/billyfu/YatPC/lab6/heated_plate_valgrind)
 n1: 524288 0x109850: heated_plate_pthreads (in /home/billyfu/YatPC/lab6/heated_plate_valgrind)
  n0: 524288 0x109D55: main (in /home/billyfu/YatPC/lab6/heated_plate_valgrind)
 n0: 6272 in 3 places, all below massif's threshold (1.00%)
#-----------
snapshot=23
#-----------
time=56082880830
mem_heap_B=1054848
mem_heap_extra_B=4176
mem_stacks_B=23684896
heap_tree=detailed
n3: 1054848 (heap allocation functions) malloc/new/new[], --alloc-fns, etc.
 n1: 524288 0x109820: heated_plate_pthreads (in /home/billyfu/YatPC/lab6/heated_plate_valgrind)
  n0: 524288 0x109D55: main (in /home/billyfu/YatPC/lab6/heated_plate_valgrind)
 n1: 524288 0x109850: heated_plate_pthreads (in /home/billyfu/YatPC/lab6/heated_plate_valgrind)
  n0: 524288 0x109D55: main (in /home/billyfu/YatPC/lab6/heated_plate_valgrind)
 n0: 6272 in 3 places, all below massif's threshold (1.00%)
#-----------
snapshot=24
#-----------
time=58451851729
mem_heap_B=1053760
mem_heap_extra_B=4144
mem_stacks_B=24680528
heap_tree=empty
#-----------
snapshot=25
#-----------
time=60910273531
mem_heap_B=1053760
mem_heap_extra_B=4144
mem_stacks_B=25716048
heap_tree=empty
#-----------
snapshot=26
#-----------
time=63471604573
mem_heap_B=1053760
mem_heap_extra_B=4144
mem_stacks_B=26795088
heap_tree=empty
#-----------
snapshot=27
#-----------
time=66133297124
mem_heap_B=1053760
mem_heap_extra_B=4144
mem_stacks_B=27916368
heap_tree=empty
#-----------
snapshot=28
#-----------
time=68217034722
mem_heap_B=1053760
mem_heap_extra_B=4144
mem_stacks_B=28794448
heap_tree=empty
#-----------
snapshot=29
#-----------
time=71072589981
mem_heap_B=1053760
mem_heap_extra_B=4144
mem_stacks_B=29996368
heap_tree=empty
#-----------
snapshot=30
#-----------
time=74041668019
mem_heap_B=1053760
mem_heap_extra_B=4144
mem_stacks_B=31248208
heap_tree=empty
#-----------
snapshot=31
#-----------
time=77134201387
mem_heap_B=1053760
mem_heap_extra_B=4144
mem_stacks_B=32549968
heap_tree=empty
#-----------
snapshot=32
#-----------
time=80351938266
mem_heap_B=1053760
mem_heap_extra_B=4144
mem_stacks_B=33905488
heap_tree=empty
#-----------
snapshot=33
#-----------
time=83697278164
mem_heap_B=1053760
mem_heap_extra_B=4144
mem_stacks_B=35314768
heap_tree=empty
#-----------
snapshot=34
#-----------
time=86582025636
mem_heap_B=1054304
mem_heap_extra_B=4160
mem_stacks_B=36533376
heap_tree=detailed
n3: 1054304 (heap allocation functions) malloc/new/new[], --alloc-fns, etc.
 n1: 524288 0x109820: heated_plate_pthreads (in /home/billyfu/YatPC/lab6/heated_plate_valgrind)
  n0: 524288 0x109D55: main (in /home/billyfu/YatPC/lab6/heated_plate_valgrind)
 n1: 524288 0x109850: heated_plate_pthreads (in /home/billyfu/YatPC/lab6/heated_plate_valgrind)
  n0: 524288 0x109D55: main (in /home/billyfu/YatPC/lab6/heated_plate_valgrind)
 n0: 5728 in 3 places, all below massif's threshold (1.00%)
#-----------
snapshot=35
#-----------
time=88375885975
mem_heap_B=1054576
mem_heap_extra_B=4168
mem_stacks_B=37288736
heap_tree=detailed
n3: 1054576 (heap allocation functions) malloc/new/new[], --alloc-fns, etc.
 n1: 524288 0x109820: heated_plate_pthreads (in /home/billyfu/YatPC/lab6/heated_plate_valgrind)
  n0: 524288 0x109D55: main (in /home/billyfu/YatPC/lab6/heated_plate_valgrind)
 n1: 524288 0x109850: heated_plate_pthreads (in /home/billyfu/YatPC/lab6/heated_plate_valgrind)
  n0: 524288 0x109D55: main (in /home/billyfu/YatPC/lab6/heated_plate_valgrind)
 n0: 6000 in 3 places, all below massif's threshold (1.00%)
#-----------
snapshot=36
#-----------
time=90208084524
mem_heap_B=1054304
mem_heap_extra_B=4160
mem_stacks_B=38060256
heap_tree=detailed
n3: 1054304 (heap allocation functions) malloc/new/new[], --alloc-fns, etc.
 n1: 524288 0x109820: heated_plate_pthreads (in /home/billyfu/YatPC/lab6/heated_plate_valgrind)
  n0: 524288 0x109D55: main (in /home/billyfu/YatPC/lab6/heated_plate_valgrind)
 n1: 524288 0x109850: heated_plate_pthreads (in /home/billyfu/YatPC/lab6/heated_plate_valgrind)
  n0: 524288 0x109D55: main (in /home/billyfu/YatPC/lab6/heated_plate_valgrind)
 n0: 5728 in 3 places, all below massif's threshold (1.00%)
#-----------
snapshot=37
#-----------
time=92074322235
mem_heap_B=1054848
mem_heap_extra_B=4176
mem_stacks_B=38846496
heap_tree=detailed
n3: 1054848 (heap allocation functions) malloc/new/new[], --alloc-fns, etc.
 n1: 524288 0x109820: heated_plate_pthreads (in /home/billyfu/YatPC/lab6/heated_plate_valgrind)
  n0: 524288 0x109D55: main (in /home/billyfu/YatPC/lab6/heated_plate_valgrind)
 n1: 524288 0x109850: heated_plate_pthreads (in /home/billyfu/YatPC/lab6/heated_plate_valgrind)
  n0: 524288 0x109D55: main (in /home/billyfu/YatPC/lab6/heated_plate_valgrind)
 n0: 6272 in 3 places, all below massif's threshold (1.00%)
#-----------
snapshot=38
#-----------
time=93979445829
mem_heap_B=1054848
mem_heap_extra_B=4176
mem_stacks_B=39648944
heap_tree=detailed
n3: 1054848 (heap allocation functions) malloc/new/new[], --alloc-fns, etc.
 n1: 524288 0x109820: heated_plate_pthreads (in /home/billyfu/YatPC/lab6/heated_plate_valgrind)
  n0: 524288 0x109D55: main (in /home/billyfu/YatPC/lab6/heated_plate_valgrind)
 n1: 524288 0x109850: heated_plate_pthreads (in /home/billyfu/YatPC/lab6/heated_plate_valgrind)
  n0: 524288 0x109D55: main (in /home/billyfu/YatPC/lab6/heated_plate_valgrind)
 n0: 6272 in 3 places, all below massif's threshold (1.00%)
#-----------
snapshot=39
#-----------
time=95923431360
mem_heap_B=1054576
mem_heap_extra_B=4168
mem_stacks_B=40468096
heap_tree=detailed
n3: 1054576 (heap allocation functions) malloc/new/new[], --alloc-fns, etc.
 n1: 524288 0x109820: heated_plate_pthreads (in /home/billyfu/YatPC/lab6/heated_plate_valgrind)
  n0: 524288 0x109D55: main (in /home/billyfu/YatPC/lab6/heated_plate_valgrind)
 n1: 524288 0x109850: heated_plate_pthreads (in /home/billyfu/YatPC/lab6/heated_plate_valgrind)
  n0: 524288 0x109D55: main (in /home/billyfu/YatPC/lab6/heated_plate_valgrind)
 n0: 6000 in 3 places, all below massif's threshold (1.00%)
#-----------
snapshot=40
#-----------
time=97895811344
mem_heap_B=1053760
mem_heap_extra_B=4144
mem_stacks_B=41297488
heap_tree=empty
#-----------
snapshot=41
#-----------
time=99899262200
mem_heap_B=1053760
mem_heap_extra_B=4144
mem_stacks_B=42141008
heap_tree=empty
#-----------
snapshot=42
#-----------
time=101941135235
mem_heap_B=1053760
mem_heap_extra_B=4144
mem_stacks_B=43001168
heap_tree=empty
#-----------
snapshot=43
#-----------
time=104026149293
mem_heap_B=1053760
mem_heap_extra_B=4144
mem_stacks_B=43879248
heap_tree=empty
#-----------
snapshot=44
#-----------
time=106150071265
mem_heap_B=1053760
mem_heap_extra_B=4144
mem_stacks_B=44773968
heap_tree=empty
#-----------
snapshot=45
#-----------
time=108314762073
mem_heap_B=1053760
mem_heap_extra_B=4144
mem_stacks_B=45686608
heap_tree=empty
#-----------
snapshot=46
#-----------
time=110527883431
mem_heap_B=1053760
mem_heap_extra_B=4144
mem_stacks_B=46618448
heap_tree=empty
#-----------
snapshot=47
#-----------
time=112786052171
mem_heap_B=1053760
mem_heap_extra_B=4144
mem_stacks_B=47569488
heap_tree=empty
#-----------
snapshot=48
#-----------
time=115085610325
mem_heap_B=1053760
mem_heap_extra_B=4144
mem_stacks_B=48538448
heap_tree=empty
#-----------
snapshot=49
#-----------
time=117638259093
mem_heap_B=1054576
mem_heap_extra_B=4168
mem_stacks_B=49616256
heap_tree=detailed
n3: 1054576 (heap allocation functions) malloc/new/new[], --alloc-fns, etc.
 n1: 524288 0x109820: heated_plate_pthreads (in /home/billyfu/YatPC/lab6/heated_plate_valgrind)
  n0: 524288 0x109D55: main (in /home/billyfu/YatPC/lab6/heated_plate_valgrind)
 n1: 524288 0x109850: heated_plate_pthreads (in /home/billyfu/YatPC/lab6/heated_plate_valgrind)
  n0: 524288 0x109D55: main (in /home/billyfu/YatPC/lab6/heated_plate_valgrind)
 n0: 6000 in 3 places, all below massif's threshold (1.00%)
#-----------
snapshot=50
#-----------
time=118841512912
mem_heap_B=1054576
mem_heap_extra_B=4168
mem_stacks_B=50123136
heap_tree=detailed
n3: 1054576 (heap allocation functions) malloc/new/new[], --alloc-fns, etc.
 n1: 524288 0x109820: heated_plate_pthreads (in /home/billyfu/YatPC/lab6/heated_plate_valgrind)
  n0: 524288 0x109D55: main (in /home/billyfu/YatPC/lab6/heated_plate_valgrind)
 n1: 524288 0x109850: heated_plate_pthreads (in /home/billyfu/YatPC/lab6/heated_plate_valgrind)
  n0: 524288 0x109D55: main (in /home/billyfu/YatPC/lab6/heated_plate_valgrind)
 n0: 6000 in 3 places, all below massif's threshold (1.00%)
#-----------
snapshot=51
#-----------
time=120058673696
mem_heap_B=1054576
mem_heap_extra_B=4168
mem_stacks_B=50634984
heap_tree=detailed
n3: 1054576 (heap allocation functions) malloc/new/new[], --alloc-fns, etc.
 n1: 524288 0x109820: heated_plate_pthreads (in /home/billyfu/YatPC/lab6/heated_plate_valgrind)
  n0: 524288 0x109D55: main (in /home/billyfu/YatPC/lab6/heated_plate_valgrind)
 n1: 524288 0x109850: heated_plate_pthreads (in /home/billyfu/YatPC/lab6/heated_plate_valgrind)
  n0: 524288 0x109D55: main (in /home/billyfu/YatPC/lab6/heated_plate_valgrind)
 n0: 6000 in 3 places, all below massif's threshold (1.00%)
#-----------
snapshot=52
#-----------
time=121284429225
mem_heap_B=1054576
mem_heap_extra_B=4168
mem_stacks_B=51152256
heap_tree=detailed
n3: 1054576 (heap allocation functions) malloc/new/new[], --alloc-fns, etc.
 n1: 524288 0x109820: heated_plate_pthreads (in /home/billyfu/YatPC/lab6/heated_plate_valgrind)
  n0: 524288 0x109D55: main (in /home/billyfu/YatPC/lab6/heated_plate_valgrind)
 n1: 524288 0x109850: heated_plate_pthreads (in /home/billyfu/YatPC/lab6/heated_plate_valgrind)
  n0: 524288 0x109D55: main (in /home/billyfu/YatPC/lab6/heated_plate_valgrind)
 n0: 6000 in 3 places, all below massif's threshold (1.00%)
#-----------
snapshot=53
#-----------
time=122524103227
mem_heap_B=1054576
mem_heap_extra_B=4168
mem_stacks_B=51674496
heap_tree=detailed
n1: 1054576 (heap allocation functions) malloc/new/new[], --alloc-fns, etc.
 n0: 1054576 in 5 places, all below massif's threshold (1.00%)
#-----------
snapshot=54
#-----------
time=123777710629
mem_heap_B=1054576
mem_heap_extra_B=4168
mem_stacks_B=52201856
heap_tree=detailed
n1: 1054576 (heap allocation functions) malloc/new/new[], --alloc-fns, etc.
 n0: 1054576 in 5 places, all below massif's threshold (1.00%)
#-----------
snapshot=55
#-----------
time=125039975763
mem_heap_B=1054848
mem_heap_extra_B=4176
mem_stacks_B=52734264
heap_tree=detailed
n1: 1054848 (heap allocation functions) malloc/new/new[], --alloc-fns, etc.
 n0: 1054848 in 5 places, all below massif's threshold (1.00%)
#-----------
snapshot=56
#-----------
time=126316154742
mem_heap_B=1054848
mem_heap_extra_B=4176
mem_stacks_B=53272264
heap_tree=detailed
n1: 1054848 (heap allocation functions) malloc/new/new[], --alloc-fns, etc.
 n0: 1054848 in 5 places, all below massif's threshold (1.00%)
#-----------
snapshot=57
#-----------
time=127608683900
mem_heap_B=1054576
mem_heap_extra_B=4168
mem_stacks_B=53815936
heap_tree=peak
n1: 1054576 (heap allocation functions) malloc/new/new[], --alloc-fns, etc.
 n0: 1054576 in 5 places, all below massif's threshold (1.00%)
