desc: --massif-out-file=valgrind_logs/massif_M512_N512_T1_S1.out --stacks=yes
cmd: ./heated_plate_valgrind 512 512 1 1
time_unit: i
#-----------
snapshot=0
#-----------
time=0
mem_heap_B=0
mem_heap_extra_B=0
mem_stacks_B=0
heap_tree=empty
#-----------
snapshot=1
#-----------
time=10436257041
mem_heap_B=4202768
mem_heap_extra_B=8216
mem_stacks_B=140824
heap_tree=empty
#-----------
snapshot=2
#-----------
time=27205341236
mem_heap_B=4202768
mem_heap_extra_B=8216
mem_stacks_B=363704
heap_tree=empty
#-----------
snapshot=3
#-----------
time=42845424398
mem_heap_B=4202768
mem_heap_extra_B=8216
mem_stacks_B=571544
heap_tree=empty
#-----------
snapshot=4
#-----------
time=52906954686
mem_heap_B=4202768
mem_heap_extra_B=8216
mem_stacks_B=705144
heap_tree=empty
#-----------
snapshot=5
#-----------
time=66618652829
mem_heap_B=4202768
mem_heap_extra_B=8216
mem_stacks_B=887224
heap_tree=empty
#-----------
snapshot=6
#-----------
time=75735299520
mem_heap_B=4202768
mem_heap_extra_B=8216
mem_stacks_B=1008344
heap_tree=empty
#-----------
snapshot=7
#-----------
time=86905630303
mem_heap_B=4202768
mem_heap_extra_B=8216
mem_stacks_B=1156504
heap_tree=empty
#-----------
snapshot=8
#-----------
time=95700961420
mem_heap_B=4202768
mem_heap_extra_B=8216
mem_stacks_B=1273144
heap_tree=empty
#-----------
snapshot=9
#-----------
time=108175096247
mem_heap_B=4202768
mem_heap_extra_B=8216
mem_stacks_B=1438584
heap_tree=empty
#-----------
snapshot=10
#-----------
time=122066871102
mem_heap_B=4202768
mem_heap_extra_B=8216
mem_stacks_B=1622904
heap_tree=empty
#-----------
snapshot=11
#-----------
time=136706726577
mem_heap_B=4202768
mem_heap_extra_B=8216
mem_stacks_B=1819000
heap_tree=detailed
n3: 4202768 (heap allocation functions) malloc/new/new[], --alloc-fns, etc.
 n1: 2097152 0x109820: heated_plate_pthreads (in /home/billyfu/YatPC/lab6/heated_plate_valgrind)
  n0: 2097152 0x109D55: main (in /home/billyfu/YatPC/lab6/heated_plate_valgrind)
 n1: 2097152 0x109850: heated_plate_pthreads (in /home/billyfu/YatPC/lab6/heated_plate_valgrind)
  n0: 2097152 0x109D55: main (in /home/billyfu/YatPC/lab6/heated_plate_valgrind)
 n0: 8464 in 3 places, all below massif's threshold (1.00%)
#-----------
snapshot=12
#-----------
time=144737955124
mem_heap_B=4202768
mem_heap_extra_B=8216
mem_stacks_B=1923544
heap_tree=empty
#-----------
snapshot=13
#-----------
time=161671719323
mem_heap_B=4202768
mem_heap_extra_B=8216
mem_stacks_B=2148024
heap_tree=empty
#-----------
snapshot=14
#-----------
time=177911732687
mem_heap_B=4202768
mem_heap_extra_B=8216
mem_stacks_B=2363384
heap_tree=empty
#-----------
snapshot=15
#-----------
time=189347862041
mem_heap_B=4202768
mem_heap_extra_B=8216
mem_stacks_B=2517104
heap_tree=detailed
n3: 4202768 (heap allocation functions) malloc/new/new[], --alloc-fns, etc.
 n1: 2097152 0x109820: heated_plate_pthreads (in /home/billyfu/YatPC/lab6/heated_plate_valgrind)
  n0: 2097152 0x109D55: main (in /home/billyfu/YatPC/lab6/heated_plate_valgrind)
 n1: 2097152 0x109850: heated_plate_pthreads (in /home/billyfu/YatPC/lab6/heated_plate_valgrind)
  n0: 2097152 0x109D55: main (in /home/billyfu/YatPC/lab6/heated_plate_valgrind)
 n0: 8464 in 3 places, all below massif's threshold (1.00%)
#-----------
snapshot=16
#-----------
time=204768077559
mem_heap_B=4202768
mem_heap_extra_B=8216
mem_stacks_B=2721032
heap_tree=detailed
n3: 4202768 (heap allocation functions) malloc/new/new[], --alloc-fns, etc.
 n1: 2097152 0x109820: heated_plate_pthreads (in /home/billyfu/YatPC/lab6/heated_plate_valgrind)
  n0: 2097152 0x109D55: main (in /home/billyfu/YatPC/lab6/heated_plate_valgrind)
 n1: 2097152 0x109850: heated_plate_pthreads (in /home/billyfu/YatPC/lab6/heated_plate_valgrind)
  n0: 2097152 0x109D55: main (in /home/billyfu/YatPC/lab6/heated_plate_valgrind)
 n0: 8464 in 3 places, all below massif's threshold (1.00%)
#-----------
snapshot=17
#-----------
time=215118638517
mem_heap_B=4202768
mem_heap_extra_B=8216
mem_stacks_B=2856344
heap_tree=empty
#-----------
snapshot=18
#-----------
time=225739995902
mem_heap_B=4202768
mem_heap_extra_B=8216
mem_stacks_B=2996984
heap_tree=empty
#-----------
snapshot=19
#-----------
time=234029024774
mem_heap_B=4202768
mem_heap_extra_B=8216
mem_stacks_B=3106904
heap_tree=empty
#-----------
snapshot=20
#-----------
time=247651439764
mem_heap_B=4202768
mem_heap_extra_B=8216
mem_stacks_B=3287384
heap_tree=empty
#-----------
snapshot=21
#-----------
time=258927437199
mem_heap_B=4202768
mem_heap_extra_B=8216
mem_stacks_B=3436664
heap_tree=empty
#-----------
snapshot=22
#-----------
time=270443146135
mem_heap_B=4202768
mem_heap_extra_B=8216
mem_stacks_B=3589304
heap_tree=empty
#-----------
snapshot=23
#-----------
time=279622054680
mem_heap_B=4202768
mem_heap_extra_B=8216
mem_stacks_B=3710744
heap_tree=empty
#-----------
snapshot=24
#-----------
time=291608365715
mem_heap_B=4202768
mem_heap_extra_B=8216
mem_stacks_B=3869624
heap_tree=empty
#-----------
snapshot=25
#-----------
time=306394516859
mem_heap_B=4202768
mem_heap_extra_B=8216
mem_stacks_B=4065464
heap_tree=empty
#-----------
snapshot=26
#-----------
time=317310836989
mem_heap_B=4202768
mem_heap_extra_B=8216
mem_stacks_B=4209944
heap_tree=empty
#-----------
snapshot=27
#-----------
time=330034115325
mem_heap_B=4202768
mem_heap_extra_B=8216
mem_stacks_B=4378424
heap_tree=empty
#-----------
snapshot=28
#-----------
time=343011977355
mem_heap_B=4202768
mem_heap_extra_B=8216
mem_stacks_B=4550264
heap_tree=empty
#-----------
snapshot=29
#-----------
time=356244433416
mem_heap_B=4202768
mem_heap_extra_B=8216
mem_stacks_B=4725464
heap_tree=empty
#-----------
snapshot=30
#-----------
time=369738890929
mem_heap_B=4202768
mem_heap_extra_B=8216
mem_stacks_B=4904184
heap_tree=empty
#-----------
snapshot=31
#-----------
time=383516854960
mem_heap_B=4202768
mem_heap_extra_B=8216
mem_stacks_B=5086424
heap_tree=empty
#-----------
snapshot=32
#-----------
time=397578343638
mem_heap_B=4202768
mem_heap_extra_B=8216
mem_stacks_B=5272664
heap_tree=empty
#-----------
snapshot=33
#-----------
time=408336820357
mem_heap_B=4202768
mem_heap_extra_B=8216
mem_stacks_B=5417032
heap_tree=detailed
n3: 4202768 (heap allocation functions) malloc/new/new[], --alloc-fns, etc.
 n1: 2097152 0x109820: heated_plate_pthreads (in /home/billyfu/YatPC/lab6/heated_plate_valgrind)
  n0: 2097152 0x109D55: main (in /home/billyfu/YatPC/lab6/heated_plate_valgrind)
 n1: 2097152 0x109850: heated_plate_pthreads (in /home/billyfu/YatPC/lab6/heated_plate_valgrind)
  n0: 2097152 0x109D55: main (in /home/billyfu/YatPC/lab6/heated_plate_valgrind)
 n0: 8464 in 3 places, all below massif's threshold (1.00%)
#-----------
snapshot=34
#-----------
time=419190932776
mem_heap_B=4202768
mem_heap_extra_B=8216
mem_stacks_B=5558744
heap_tree=empty
#-----------
snapshot=35
#-----------
time=426543103992
mem_heap_B=4202768
mem_heap_extra_B=8216
mem_stacks_B=5656184
heap_tree=empty
#-----------
snapshot=36
#-----------
time=437530826570
mem_heap_B=4202768
mem_heap_extra_B=8216
mem_stacks_B=5801624
heap_tree=empty
#-----------
snapshot=37
#-----------
time=449028585685
mem_heap_B=4202768
mem_heap_extra_B=8216
mem_stacks_B=5953784
heap_tree=empty
#-----------
snapshot=38
#-----------
time=457189103011
mem_heap_B=4202768
mem_heap_extra_B=8216
mem_stacks_B=6061784
heap_tree=empty
#-----------
snapshot=39
#-----------
time=472712867766
mem_heap_B=4202768
mem_heap_extra_B=8216
mem_stacks_B=6267224
heap_tree=empty
#-----------
snapshot=40
#-----------
time=488544682036
mem_heap_B=4202768
mem_heap_extra_B=8216
mem_stacks_B=6476504
heap_tree=empty
#-----------
snapshot=41
#-----------
time=504715732265
mem_heap_B=4202768
mem_heap_extra_B=8216
mem_stacks_B=6690584
heap_tree=empty
#-----------
snapshot=42
#-----------
time=521192658213
mem_heap_B=4202768
mem_heap_extra_B=8216
mem_stacks_B=6908504
heap_tree=empty
#-----------
snapshot=43
#-----------
time=538018518495
mem_heap_B=4202768
mem_heap_extra_B=8216
mem_stacks_B=7131224
heap_tree=empty
#-----------
snapshot=44
#-----------
time=555179219192
mem_heap_B=4202768
mem_heap_extra_B=8216
mem_stacks_B=7358264
heap_tree=empty
#-----------
snapshot=45
#-----------
time=572674822749
mem_heap_B=4202768
mem_heap_extra_B=8216
mem_stacks_B=7589624
heap_tree=empty
#-----------
snapshot=46
#-----------
time=585644712819
mem_heap_B=4202768
mem_heap_extra_B=8216
mem_stacks_B=7761304
heap_tree=empty
#-----------
snapshot=47
#-----------
time=594626437611
mem_heap_B=4202768
mem_heap_extra_B=8216
mem_stacks_B=7880024
heap_tree=empty
#-----------
snapshot=48
#-----------
time=604681968903
mem_heap_B=4202768
mem_heap_extra_B=8216
mem_stacks_B=8014952
heap_tree=detailed
n3: 4202768 (heap allocation functions) malloc/new/new[], --alloc-fns, etc.
 n1: 2097152 0x109820: heated_plate_pthreads (in /home/billyfu/YatPC/lab6/heated_plate_valgrind)
  n0: 2097152 0x109D55: main (in /home/billyfu/YatPC/lab6/heated_plate_valgrind)
 n1: 2097152 0x109850: heated_plate_pthreads (in /home/billyfu/YatPC/lab6/heated_plate_valgrind)
  n0: 2097152 0x109D55: main (in /home/billyfu/YatPC/lab6/heated_plate_valgrind)
 n0: 8464 in 3 places, all below massif's threshold (1.00%)
#-----------
snapshot=49
#-----------
time=612842479303
mem_heap_B=4202768
mem_heap_extra_B=8216
mem_stacks_B=8120984
heap_tree=empty
#-----------
snapshot=50
#-----------
time=613916316058
mem_heap_B=4202768
mem_heap_extra_B=8216
mem_stacks_B=8137240
heap_tree=peak
n3: 4202768 (heap allocation functions) malloc/new/new[], --alloc-fns, etc.
 n1: 2097152 0x109820: heated_plate_pthreads (in /home/billyfu/YatPC/lab6/heated_plate_valgrind)
  n0: 2097152 0x109D55: main (in /home/billyfu/YatPC/lab6/heated_plate_valgrind)
 n1: 2097152 0x109850: heated_plate_pthreads (in /home/billyfu/YatPC/lab6/heated_plate_valgrind)
  n0: 2097152 0x109D55: main (in /home/billyfu/YatPC/lab6/heated_plate_valgrind)
 n0: 8464 in 3 places, all below massif's threshold (1.00%)
#-----------
snapshot=51
#-----------
time=616973530219
mem_heap_B=4202768
mem_heap_extra_B=8216
mem_stacks_B=8175704
heap_tree=empty
