desc: --massif-out-file=valgrind_logs/massif_M32_N32_T2_S0.out --stacks=yes
cmd: ./heated_plate_valgrind 32 32 2 0
time_unit: i
#-----------
snapshot=0
#-----------
time=0
mem_heap_B=0
mem_heap_extra_B=0
mem_stacks_B=0
heap_tree=empty
#-----------
snapshot=1
#-----------
time=2760427
mem_heap_B=17440
mem_heap_extra_B=544
mem_stacks_B=19912
heap_tree=empty
#-----------
snapshot=2
#-----------
time=4377899
mem_heap_B=17440
mem_heap_extra_B=544
mem_stacks_B=33200
heap_tree=detailed
n4: 17440 (heap allocation functions) malloc/new/new[], --alloc-fns, etc.
 n1: 8192 0x109820: heated_plate_pthreads (in /home/billyfu/YatPC/lab6/heated_plate_valgrind)
  n0: 8192 0x109D55: main (in /home/billyfu/YatPC/lab6/heated_plate_valgrind)
 n1: 8192 0x109850: heated_plate_pthreads (in /home/billyfu/YatPC/lab6/heated_plate_valgrind)
  n0: 8192 0x109D55: main (in /home/billyfu/YatPC/lab6/heated_plate_valgrind)
 n1: 544 0x40145AB: calloc (rtld-malloc.h:44)
  n1: 544 0x40145AB: allocate_dtv (dl-tls.c:370)
   n1: 544 0x40145AB: _dl_allocate_tls (dl-tls.c:629)
    n1: 544 0x4900616: allocate_stack (allocatestack.c:429)
     n1: 544 0x4900616: pthread_create@@GLIBC_2.34 (pthread_create.c:655)
      n1: 544 0x48526B6: parallel_for (in /home/billyfu/YatPC/lab6/libparallel_for.so)
       n1: 544 0x1098BA: heated_plate_pthreads (in /home/billyfu/YatPC/lab6/heated_plate_valgrind)
        n0: 544 0x109D55: main (in /home/billyfu/YatPC/lab6/heated_plate_valgrind)
 n0: 512 in 2 places, all below massif's threshold (1.00%)
#-----------
snapshot=3
#-----------
time=8152121
mem_heap_B=17440
mem_heap_extra_B=544
mem_stacks_B=56624
heap_tree=empty
#-----------
snapshot=4
#-----------
time=10572518
mem_heap_B=17440
mem_heap_extra_B=544
mem_stacks_B=72552
heap_tree=empty
#-----------
snapshot=5
#-----------
time=12261222
mem_heap_B=17440
mem_heap_extra_B=544
mem_stacks_B=84304
heap_tree=empty
#-----------
snapshot=6
#-----------
time=14451719
mem_heap_B=17440
mem_heap_extra_B=544
mem_stacks_B=100832
heap_tree=detailed
n3: 17440 (heap allocation functions) malloc/new/new[], --alloc-fns, etc.
 n1: 8192 0x109820: heated_plate_pthreads (in /home/billyfu/YatPC/lab6/heated_plate_valgrind)
  n0: 8192 0x109D55: main (in /home/billyfu/YatPC/lab6/heated_plate_valgrind)
 n1: 8192 0x109850: heated_plate_pthreads (in /home/billyfu/YatPC/lab6/heated_plate_valgrind)
  n0: 8192 0x109D55: main (in /home/billyfu/YatPC/lab6/heated_plate_valgrind)
 n0: 1056 in 3 places, all below massif's threshold (1.00%)
#-----------
snapshot=7
#-----------
time=17755123
mem_heap_B=17440
mem_heap_extra_B=544
mem_stacks_B=121264
heap_tree=empty
#-----------
snapshot=8
#-----------
time=19915407
mem_heap_B=17440
mem_heap_extra_B=544
mem_stacks_B=137632
heap_tree=detailed
n3: 17440 (heap allocation functions) malloc/new/new[], --alloc-fns, etc.
 n1: 8192 0x109820: heated_plate_pthreads (in /home/billyfu/YatPC/lab6/heated_plate_valgrind)
  n0: 8192 0x109D55: main (in /home/billyfu/YatPC/lab6/heated_plate_valgrind)
 n1: 8192 0x109850: heated_plate_pthreads (in /home/billyfu/YatPC/lab6/heated_plate_valgrind)
  n0: 8192 0x109D55: main (in /home/billyfu/YatPC/lab6/heated_plate_valgrind)
 n0: 1056 in 3 places, all below massif's threshold (1.00%)
#-----------
snapshot=9
#-----------
time=23249133
mem_heap_B=17440
mem_heap_extra_B=544
mem_stacks_B=158224
heap_tree=empty
#-----------
snapshot=10
#-----------
time=26230994
mem_heap_B=17440
mem_heap_extra_B=544
mem_stacks_B=180240
heap_tree=detailed
n3: 17440 (heap allocation functions) malloc/new/new[], --alloc-fns, etc.
 n1: 8192 0x109820: heated_plate_pthreads (in /home/billyfu/YatPC/lab6/heated_plate_valgrind)
  n0: 8192 0x109D55: main (in /home/billyfu/YatPC/lab6/heated_plate_valgrind)
 n1: 8192 0x109850: heated_plate_pthreads (in /home/billyfu/YatPC/lab6/heated_plate_valgrind)
  n0: 8192 0x109D55: main (in /home/billyfu/YatPC/lab6/heated_plate_valgrind)
 n0: 1056 in 3 places, all below massif's threshold (1.00%)
#-----------
snapshot=11
#-----------
time=28496576
mem_heap_B=17440
mem_heap_extra_B=544
mem_stacks_B=195392
heap_tree=detailed
n3: 17440 (heap allocation functions) malloc/new/new[], --alloc-fns, etc.
 n1: 8192 0x109820: heated_plate_pthreads (in /home/billyfu/YatPC/lab6/heated_plate_valgrind)
  n0: 8192 0x109D55: main (in /home/billyfu/YatPC/lab6/heated_plate_valgrind)
 n1: 8192 0x109850: heated_plate_pthreads (in /home/billyfu/YatPC/lab6/heated_plate_valgrind)
  n0: 8192 0x109D55: main (in /home/billyfu/YatPC/lab6/heated_plate_valgrind)
 n0: 1056 in 3 places, all below massif's threshold (1.00%)
#-----------
snapshot=12
#-----------
time=30228053
mem_heap_B=17440
mem_heap_extra_B=544
mem_stacks_B=207072
heap_tree=detailed
n3: 17440 (heap allocation functions) malloc/new/new[], --alloc-fns, etc.
 n1: 8192 0x109820: heated_plate_pthreads (in /home/billyfu/YatPC/lab6/heated_plate_valgrind)
  n0: 8192 0x109D55: main (in /home/billyfu/YatPC/lab6/heated_plate_valgrind)
 n1: 8192 0x109850: heated_plate_pthreads (in /home/billyfu/YatPC/lab6/heated_plate_valgrind)
  n0: 8192 0x109D55: main (in /home/billyfu/YatPC/lab6/heated_plate_valgrind)
 n0: 1056 in 3 places, all below massif's threshold (1.00%)
#-----------
snapshot=13
#-----------
time=32723505
mem_heap_B=17440
mem_heap_extra_B=544
mem_stacks_B=221744
heap_tree=empty
#-----------
snapshot=14
#-----------
time=36206618
mem_heap_B=17440
mem_heap_extra_B=544
mem_stacks_B=247232
heap_tree=detailed
n3: 17440 (heap allocation functions) malloc/new/new[], --alloc-fns, etc.
 n1: 8192 0x109820: heated_plate_pthreads (in /home/billyfu/YatPC/lab6/heated_plate_valgrind)
  n0: 8192 0x109D55: main (in /home/billyfu/YatPC/lab6/heated_plate_valgrind)
 n1: 8192 0x109850: heated_plate_pthreads (in /home/billyfu/YatPC/lab6/heated_plate_valgrind)
  n0: 8192 0x109D55: main (in /home/billyfu/YatPC/lab6/heated_plate_valgrind)
 n0: 1056 in 3 places, all below massif's threshold (1.00%)
#-----------
snapshot=15
#-----------
time=38684484
mem_heap_B=17440
mem_heap_extra_B=544
mem_stacks_B=261840
heap_tree=empty
#-----------
snapshot=16
#-----------
time=41758193
mem_heap_B=17440
mem_heap_extra_B=544
mem_stacks_B=282480
heap_tree=empty
#-----------
snapshot=17
#-----------
time=43592359
mem_heap_B=17440
mem_heap_extra_B=544
mem_stacks_B=296832
heap_tree=empty
#-----------
snapshot=18
#-----------
time=46040676
mem_heap_B=17440
mem_heap_extra_B=544
mem_stacks_B=311032
heap_tree=empty
#-----------
snapshot=19
#-----------
time=49786693
mem_heap_B=17440
mem_heap_extra_B=544
mem_stacks_B=338640
heap_tree=detailed
n3: 17440 (heap allocation functions) malloc/new/new[], --alloc-fns, etc.
 n1: 8192 0x109820: heated_plate_pthreads (in /home/billyfu/YatPC/lab6/heated_plate_valgrind)
  n0: 8192 0x109D55: main (in /home/billyfu/YatPC/lab6/heated_plate_valgrind)
 n1: 8192 0x109850: heated_plate_pthreads (in /home/billyfu/YatPC/lab6/heated_plate_valgrind)
  n0: 8192 0x109D55: main (in /home/billyfu/YatPC/lab6/heated_plate_valgrind)
 n0: 1056 in 3 places, all below massif's threshold (1.00%)
#-----------
snapshot=20
#-----------
time=53142877
mem_heap_B=17440
mem_heap_extra_B=544
mem_stacks_B=360992
heap_tree=detailed
n3: 17440 (heap allocation functions) malloc/new/new[], --alloc-fns, etc.
 n1: 8192 0x109820: heated_plate_pthreads (in /home/billyfu/YatPC/lab6/heated_plate_valgrind)
  n0: 8192 0x109D55: main (in /home/billyfu/YatPC/lab6/heated_plate_valgrind)
 n1: 8192 0x109850: heated_plate_pthreads (in /home/billyfu/YatPC/lab6/heated_plate_valgrind)
  n0: 8192 0x109D55: main (in /home/billyfu/YatPC/lab6/heated_plate_valgrind)
 n0: 1056 in 3 places, all below massif's threshold (1.00%)
#-----------
snapshot=21
#-----------
time=55426945
mem_heap_B=17440
mem_heap_extra_B=544
mem_stacks_B=374192
heap_tree=empty
#-----------
snapshot=22
#-----------
time=57998864
mem_heap_B=17440
mem_heap_extra_B=544
mem_stacks_B=393632
heap_tree=detailed
n3: 17440 (heap allocation functions) malloc/new/new[], --alloc-fns, etc.
 n1: 8192 0x109820: heated_plate_pthreads (in /home/billyfu/YatPC/lab6/heated_plate_valgrind)
  n0: 8192 0x109D55: main (in /home/billyfu/YatPC/lab6/heated_plate_valgrind)
 n1: 8192 0x109850: heated_plate_pthreads (in /home/billyfu/YatPC/lab6/heated_plate_valgrind)
  n0: 8192 0x109D55: main (in /home/billyfu/YatPC/lab6/heated_plate_valgrind)
 n0: 1056 in 3 places, all below massif's threshold (1.00%)
#-----------
snapshot=23
#-----------
time=61783915
mem_heap_B=17440
mem_heap_extra_B=544
mem_stacks_B=419280
heap_tree=detailed
n3: 17440 (heap allocation functions) malloc/new/new[], --alloc-fns, etc.
 n1: 8192 0x109820: heated_plate_pthreads (in /home/billyfu/YatPC/lab6/heated_plate_valgrind)
  n0: 8192 0x109D55: main (in /home/billyfu/YatPC/lab6/heated_plate_valgrind)
 n1: 8192 0x109850: heated_plate_pthreads (in /home/billyfu/YatPC/lab6/heated_plate_valgrind)
  n0: 8192 0x109D55: main (in /home/billyfu/YatPC/lab6/heated_plate_valgrind)
 n0: 1056 in 3 places, all below massif's threshold (1.00%)
#-----------
snapshot=24
#-----------
time=64352742
mem_heap_B=17440
mem_heap_extra_B=544
mem_stacks_B=436560
heap_tree=empty
#-----------
snapshot=25
#-----------
time=66564500
mem_heap_B=17440
mem_heap_extra_B=544
mem_stacks_B=451232
heap_tree=detailed
n3: 17440 (heap allocation functions) malloc/new/new[], --alloc-fns, etc.
 n1: 8192 0x109820: heated_plate_pthreads (in /home/billyfu/YatPC/lab6/heated_plate_valgrind)
  n0: 8192 0x109D55: main (in /home/billyfu/YatPC/lab6/heated_plate_valgrind)
 n1: 8192 0x109850: heated_plate_pthreads (in /home/billyfu/YatPC/lab6/heated_plate_valgrind)
  n0: 8192 0x109D55: main (in /home/billyfu/YatPC/lab6/heated_plate_valgrind)
 n0: 1056 in 3 places, all below massif's threshold (1.00%)
#-----------
snapshot=26
#-----------
time=69420327
mem_heap_B=17440
mem_heap_extra_B=544
mem_stacks_B=470480
heap_tree=detailed
n3: 17440 (heap allocation functions) malloc/new/new[], --alloc-fns, etc.
 n1: 8192 0x109820: heated_plate_pthreads (in /home/billyfu/YatPC/lab6/heated_plate_valgrind)
  n0: 8192 0x109D55: main (in /home/billyfu/YatPC/lab6/heated_plate_valgrind)
 n1: 8192 0x109850: heated_plate_pthreads (in /home/billyfu/YatPC/lab6/heated_plate_valgrind)
  n0: 8192 0x109D55: main (in /home/billyfu/YatPC/lab6/heated_plate_valgrind)
 n0: 1056 in 3 places, all below massif's threshold (1.00%)
#-----------
snapshot=27
#-----------
time=70921701
mem_heap_B=17440
mem_heap_extra_B=544
mem_stacks_B=480672
heap_tree=detailed
n3: 17440 (heap allocation functions) malloc/new/new[], --alloc-fns, etc.
 n1: 8192 0x109820: heated_plate_pthreads (in /home/billyfu/YatPC/lab6/heated_plate_valgrind)
  n0: 8192 0x109D55: main (in /home/billyfu/YatPC/lab6/heated_plate_valgrind)
 n1: 8192 0x109850: heated_plate_pthreads (in /home/billyfu/YatPC/lab6/heated_plate_valgrind)
  n0: 8192 0x109D55: main (in /home/billyfu/YatPC/lab6/heated_plate_valgrind)
 n0: 1056 in 3 places, all below massif's threshold (1.00%)
#-----------
snapshot=28
#-----------
time=73207957
mem_heap_B=17440
mem_heap_extra_B=544
mem_stacks_B=496032
heap_tree=detailed
n3: 17440 (heap allocation functions) malloc/new/new[], --alloc-fns, etc.
 n1: 8192 0x109820: heated_plate_pthreads (in /home/billyfu/YatPC/lab6/heated_plate_valgrind)
  n0: 8192 0x109D55: main (in /home/billyfu/YatPC/lab6/heated_plate_valgrind)
 n1: 8192 0x109850: heated_plate_pthreads (in /home/billyfu/YatPC/lab6/heated_plate_valgrind)
  n0: 8192 0x109D55: main (in /home/billyfu/YatPC/lab6/heated_plate_valgrind)
 n0: 1056 in 3 places, all below massif's threshold (1.00%)
#-----------
snapshot=29
#-----------
time=74850785
mem_heap_B=17440
mem_heap_extra_B=544
mem_stacks_B=506912
heap_tree=detailed
n3: 17440 (heap allocation functions) malloc/new/new[], --alloc-fns, etc.
 n1: 8192 0x109820: heated_plate_pthreads (in /home/billyfu/YatPC/lab6/heated_plate_valgrind)
  n0: 8192 0x109D55: main (in /home/billyfu/YatPC/lab6/heated_plate_valgrind)
 n1: 8192 0x109850: heated_plate_pthreads (in /home/billyfu/YatPC/lab6/heated_plate_valgrind)
  n0: 8192 0x109D55: main (in /home/billyfu/YatPC/lab6/heated_plate_valgrind)
 n0: 1056 in 3 places, all below massif's threshold (1.00%)
#-----------
snapshot=30
#-----------
time=77280473
mem_heap_B=17440
mem_heap_extra_B=544
mem_stacks_B=523232
heap_tree=detailed
n3: 17440 (heap allocation functions) malloc/new/new[], --alloc-fns, etc.
 n1: 8192 0x109820: heated_plate_pthreads (in /home/billyfu/YatPC/lab6/heated_plate_valgrind)
  n0: 8192 0x109D55: main (in /home/billyfu/YatPC/lab6/heated_plate_valgrind)
 n1: 8192 0x109850: heated_plate_pthreads (in /home/billyfu/YatPC/lab6/heated_plate_valgrind)
  n0: 8192 0x109D55: main (in /home/billyfu/YatPC/lab6/heated_plate_valgrind)
 n0: 1056 in 3 places, all below massif's threshold (1.00%)
#-----------
snapshot=31
#-----------
time=80570029
mem_heap_B=17440
mem_heap_extra_B=544
mem_stacks_B=543464
heap_tree=empty
#-----------
snapshot=32
#-----------
time=82286464
mem_heap_B=17440
mem_heap_extra_B=544
mem_stacks_B=555024
heap_tree=empty
#-----------
snapshot=33
#-----------
time=84892379
mem_heap_B=17440
mem_heap_extra_B=544
mem_stacks_B=572072
heap_tree=empty
#-----------
snapshot=34
#-----------
time=86717061
mem_heap_B=17440
mem_heap_extra_B=544
mem_stacks_B=585264
heap_tree=empty
#-----------
snapshot=35
#-----------
time=89613530
mem_heap_B=17440
mem_heap_extra_B=544
mem_stacks_B=606112
heap_tree=detailed
n3: 17440 (heap allocation functions) malloc/new/new[], --alloc-fns, etc.
 n1: 8192 0x109820: heated_plate_pthreads (in /home/billyfu/YatPC/lab6/heated_plate_valgrind)
  n0: 8192 0x109D55: main (in /home/billyfu/YatPC/lab6/heated_plate_valgrind)
 n1: 8192 0x109850: heated_plate_pthreads (in /home/billyfu/YatPC/lab6/heated_plate_valgrind)
  n0: 8192 0x109D55: main (in /home/billyfu/YatPC/lab6/heated_plate_valgrind)
 n0: 1056 in 3 places, all below massif's threshold (1.00%)
#-----------
snapshot=36
#-----------
time=92470956
mem_heap_B=17440
mem_heap_extra_B=544
mem_stacks_B=625312
heap_tree=detailed
n3: 17440 (heap allocation functions) malloc/new/new[], --alloc-fns, etc.
 n1: 8192 0x109820: heated_plate_pthreads (in /home/billyfu/YatPC/lab6/heated_plate_valgrind)
  n0: 8192 0x109D55: main (in /home/billyfu/YatPC/lab6/heated_plate_valgrind)
 n1: 8192 0x109850: heated_plate_pthreads (in /home/billyfu/YatPC/lab6/heated_plate_valgrind)
  n0: 8192 0x109D55: main (in /home/billyfu/YatPC/lab6/heated_plate_valgrind)
 n0: 1056 in 3 places, all below massif's threshold (1.00%)
#-----------
snapshot=37
#-----------
time=94432733
mem_heap_B=17440
mem_heap_extra_B=544
mem_stacks_B=638432
heap_tree=detailed
n3: 17440 (heap allocation functions) malloc/new/new[], --alloc-fns, etc.
 n1: 8192 0x109820: heated_plate_pthreads (in /home/billyfu/YatPC/lab6/heated_plate_valgrind)
  n0: 8192 0x109D55: main (in /home/billyfu/YatPC/lab6/heated_plate_valgrind)
 n1: 8192 0x109850: heated_plate_pthreads (in /home/billyfu/YatPC/lab6/heated_plate_valgrind)
  n0: 8192 0x109D55: main (in /home/billyfu/YatPC/lab6/heated_plate_valgrind)
 n0: 1056 in 3 places, all below massif's threshold (1.00%)
#-----------
snapshot=38
#-----------
time=97471185
mem_heap_B=17440
mem_heap_extra_B=544
mem_stacks_B=656552
heap_tree=empty
#-----------
snapshot=39
#-----------
time=100652281
mem_heap_B=17440
mem_heap_extra_B=544
mem_stacks_B=680352
heap_tree=detailed
n3: 17440 (heap allocation functions) malloc/new/new[], --alloc-fns, etc.
 n1: 8192 0x109820: heated_plate_pthreads (in /home/billyfu/YatPC/lab6/heated_plate_valgrind)
  n0: 8192 0x109D55: main (in /home/billyfu/YatPC/lab6/heated_plate_valgrind)
 n1: 8192 0x109850: heated_plate_pthreads (in /home/billyfu/YatPC/lab6/heated_plate_valgrind)
  n0: 8192 0x109D55: main (in /home/billyfu/YatPC/lab6/heated_plate_valgrind)
 n0: 1056 in 3 places, all below massif's threshold (1.00%)
#-----------
snapshot=40
#-----------
time=102795991
mem_heap_B=17440
mem_heap_extra_B=544
mem_stacks_B=694408
heap_tree=empty
#-----------
snapshot=41
#-----------
time=106048942
mem_heap_B=17440
mem_heap_extra_B=544
mem_stacks_B=716512
heap_tree=detailed
n3: 17440 (heap allocation functions) malloc/new/new[], --alloc-fns, etc.
 n1: 8192 0x109820: heated_plate_pthreads (in /home/billyfu/YatPC/lab6/heated_plate_valgrind)
  n0: 8192 0x109D55: main (in /home/billyfu/YatPC/lab6/heated_plate_valgrind)
 n1: 8192 0x109850: heated_plate_pthreads (in /home/billyfu/YatPC/lab6/heated_plate_valgrind)
  n0: 8192 0x109D55: main (in /home/billyfu/YatPC/lab6/heated_plate_valgrind)
 n0: 1056 in 3 places, all below massif's threshold (1.00%)
#-----------
snapshot=42
#-----------
time=108229155
mem_heap_B=17440
mem_heap_extra_B=544
mem_stacks_B=729424
heap_tree=empty
#-----------
snapshot=43
#-----------
time=110475193
mem_heap_B=17440
mem_heap_extra_B=544
mem_stacks_B=744304
heap_tree=empty
#-----------
snapshot=44
#-----------
time=112800168
mem_heap_B=17440
mem_heap_extra_B=544
mem_stacks_B=760144
heap_tree=empty
#-----------
snapshot=45
#-----------
time=116281985
mem_heap_B=17440
mem_heap_extra_B=544
mem_stacks_B=782952
heap_tree=empty
#-----------
snapshot=46
#-----------
time=118696257
mem_heap_B=17440
mem_heap_extra_B=544
mem_stacks_B=799272
heap_tree=empty
#-----------
snapshot=47
#-----------
time=121126449
mem_heap_B=17440
mem_heap_extra_B=544
mem_stacks_B=815592
heap_tree=empty
#-----------
snapshot=48
#-----------
time=123621200
mem_heap_B=17440
mem_heap_extra_B=544
mem_stacks_B=832312
heap_tree=empty
#-----------
snapshot=49
#-----------
time=126444225
mem_heap_B=17440
mem_heap_extra_B=544
mem_stacks_B=853472
heap_tree=detailed
n1: 17440 (heap allocation functions) malloc/new/new[], --alloc-fns, etc.
 n0: 17440 in 5 places, all below massif's threshold (1.00%)
#-----------
snapshot=50
#-----------
time=127769367
mem_heap_B=17440
mem_heap_extra_B=544
mem_stacks_B=862432
heap_tree=detailed
n1: 17440 (heap allocation functions) malloc/new/new[], --alloc-fns, etc.
 n0: 17440 in 5 places, all below massif's threshold (1.00%)
#-----------
snapshot=51
#-----------
time=129070226
mem_heap_B=17440
mem_heap_extra_B=544
mem_stacks_B=871280
heap_tree=detailed
n1: 17440 (heap allocation functions) malloc/new/new[], --alloc-fns, etc.
 n0: 17440 in 5 places, all below massif's threshold (1.00%)
#-----------
snapshot=52
#-----------
time=130406612
mem_heap_B=17440
mem_heap_extra_B=544
mem_stacks_B=880192
heap_tree=detailed
n1: 17440 (heap allocation functions) malloc/new/new[], --alloc-fns, etc.
 n0: 17440 in 5 places, all below massif's threshold (1.00%)
#-----------
snapshot=53
#-----------
time=131768406
mem_heap_B=17440
mem_heap_extra_B=544
mem_stacks_B=889312
heap_tree=detailed
n1: 17440 (heap allocation functions) malloc/new/new[], --alloc-fns, etc.
 n0: 17440 in 5 places, all below massif's threshold (1.00%)
#-----------
snapshot=54
#-----------
time=133159165
mem_heap_B=17440
mem_heap_extra_B=544
mem_stacks_B=898592
heap_tree=detailed
n1: 17440 (heap allocation functions) malloc/new/new[], --alloc-fns, etc.
 n0: 17440 in 5 places, all below massif's threshold (1.00%)
#-----------
snapshot=55
#-----------
time=134499008
mem_heap_B=17440
mem_heap_extra_B=544
mem_stacks_B=907760
heap_tree=detailed
n1: 17440 (heap allocation functions) malloc/new/new[], --alloc-fns, etc.
 n0: 17440 in 5 places, all below massif's threshold (1.00%)
#-----------
snapshot=56
#-----------
time=135912726
mem_heap_B=17440
mem_heap_extra_B=544
mem_stacks_B=917152
heap_tree=detailed
n1: 17440 (heap allocation functions) malloc/new/new[], --alloc-fns, etc.
 n0: 17440 in 5 places, all below massif's threshold (1.00%)
#-----------
snapshot=57
#-----------
time=137341336
mem_heap_B=17440
mem_heap_extra_B=544
mem_stacks_B=926752
heap_tree=detailed
n1: 17440 (heap allocation functions) malloc/new/new[], --alloc-fns, etc.
 n0: 17440 in 5 places, all below massif's threshold (1.00%)
#-----------
snapshot=58
#-----------
time=138770308
mem_heap_B=17440
mem_heap_extra_B=544
mem_stacks_B=936352
heap_tree=detailed
n1: 17440 (heap allocation functions) malloc/new/new[], --alloc-fns, etc.
 n0: 17440 in 5 places, all below massif's threshold (1.00%)
#-----------
snapshot=59
#-----------
time=140199194
mem_heap_B=17440
mem_heap_extra_B=544
mem_stacks_B=945952
heap_tree=detailed
n1: 17440 (heap allocation functions) malloc/new/new[], --alloc-fns, etc.
 n0: 17440 in 5 places, all below massif's threshold (1.00%)
#-----------
snapshot=60
#-----------
time=141628042
mem_heap_B=17440
mem_heap_extra_B=544
mem_stacks_B=955600
heap_tree=peak
n1: 17440 (heap allocation functions) malloc/new/new[], --alloc-fns, etc.
 n0: 17440 in 5 places, all below massif's threshold (1.00%)
