desc: --massif-out-file=valgrind_logs/massif_M8_N8_T4_S0.out --stacks=yes
cmd: ./heated_plate_valgrind 8 8 4 0
time_unit: i
#-----------
snapshot=0
#-----------
time=0
mem_heap_B=0
mem_heap_extra_B=0
mem_stacks_B=0
heap_tree=empty
#-----------
snapshot=1
#-----------
time=30919
mem_heap_B=0
mem_heap_extra_B=0
mem_stacks_B=312
heap_tree=empty
#-----------
snapshot=2
#-----------
time=64061
mem_heap_B=0
mem_heap_extra_B=0
mem_stacks_B=5768
heap_tree=empty
#-----------
snapshot=3
#-----------
time=103652
mem_heap_B=0
mem_heap_extra_B=0
mem_stacks_B=1768
heap_tree=empty
#-----------
snapshot=4
#-----------
time=131288
mem_heap_B=0
mem_heap_extra_B=0
mem_stacks_B=1528
heap_tree=empty
#-----------
snapshot=5
#-----------
time=170542
mem_heap_B=0
mem_heap_extra_B=0
mem_stacks_B=1528
heap_tree=empty
#-----------
snapshot=6
#-----------
time=199806
mem_heap_B=2240
mem_heap_extra_B=176
mem_stacks_B=2352
heap_tree=empty
#-----------
snapshot=7
#-----------
time=257722
mem_heap_B=2240
mem_heap_extra_B=176
mem_stacks_B=7616
heap_tree=empty
#-----------
snapshot=8
#-----------
time=299157
mem_heap_B=2240
mem_heap_extra_B=176
mem_stacks_B=8256
heap_tree=empty
#-----------
snapshot=9
#-----------
time=333542
mem_heap_B=2240
mem_heap_extra_B=176
mem_stacks_B=12000
heap_tree=detailed
n4: 2240 (heap allocation functions) malloc/new/new[], --alloc-fns, etc.
 n1: 1088 0x40145AB: calloc (rtld-malloc.h:44)
  n1: 1088 0x40145AB: allocate_dtv (dl-tls.c:370)
   n1: 1088 0x40145AB: _dl_allocate_tls (dl-tls.c:629)
    n1: 1088 0x4900616: allocate_stack (allocatestack.c:429)
     n1: 1088 0x4900616: pthread_create@@GLIBC_2.34 (pthread_create.c:655)
      n1: 1088 0x48526B6: parallel_for (in /home/billyfu/YatPC/lab6/libparallel_for.so)
       n1: 1088 0x1098BA: heated_plate_pthreads (in /home/billyfu/YatPC/lab6/heated_plate_valgrind)
        n0: 1088 0x109D55: main (in /home/billyfu/YatPC/lab6/heated_plate_valgrind)
 n1: 512 0x109820: heated_plate_pthreads (in /home/billyfu/YatPC/lab6/heated_plate_valgrind)
  n0: 512 0x109D55: main (in /home/billyfu/YatPC/lab6/heated_plate_valgrind)
 n1: 512 0x109850: heated_plate_pthreads (in /home/billyfu/YatPC/lab6/heated_plate_valgrind)
  n0: 512 0x109D55: main (in /home/billyfu/YatPC/lab6/heated_plate_valgrind)
 n0: 128 in 2 places, all below massif's threshold (1.00%)
#-----------
snapshot=10
#-----------
time=379603
mem_heap_B=2240
mem_heap_extra_B=176
mem_stacks_B=12280
heap_tree=empty
#-----------
snapshot=11
#-----------
time=442837
mem_heap_B=2240
mem_heap_extra_B=176
mem_stacks_B=15640
heap_tree=empty
#-----------
snapshot=12
#-----------
time=480657
mem_heap_B=2240
mem_heap_extra_B=176
mem_stacks_B=17848
heap_tree=empty
#-----------
snapshot=13
#-----------
time=522544
mem_heap_B=2240
mem_heap_extra_B=176
mem_stacks_B=19952
heap_tree=empty
#-----------
snapshot=14
#-----------
time=579406
mem_heap_B=2240
mem_heap_extra_B=176
mem_stacks_B=23064
heap_tree=empty
#-----------
snapshot=15
#-----------
time=636716
mem_heap_B=2240
mem_heap_extra_B=176
mem_stacks_B=26496
heap_tree=empty
#-----------
snapshot=16
#-----------
time=678813
mem_heap_B=2240
mem_heap_extra_B=176
mem_stacks_B=30560
heap_tree=detailed
n4: 2240 (heap allocation functions) malloc/new/new[], --alloc-fns, etc.
 n1: 1088 0x40145AB: calloc (rtld-malloc.h:44)
  n1: 1088 0x40145AB: allocate_dtv (dl-tls.c:370)
   n1: 1088 0x40145AB: _dl_allocate_tls (dl-tls.c:629)
    n1: 1088 0x4900616: allocate_stack (allocatestack.c:429)
     n1: 1088 0x4900616: pthread_create@@GLIBC_2.34 (pthread_create.c:655)
      n1: 1088 0x48526B6: parallel_for (in /home/billyfu/YatPC/lab6/libparallel_for.so)
       n1: 1088 0x1098BA: heated_plate_pthreads (in /home/billyfu/YatPC/lab6/heated_plate_valgrind)
        n0: 1088 0x109D55: main (in /home/billyfu/YatPC/lab6/heated_plate_valgrind)
 n1: 512 0x109820: heated_plate_pthreads (in /home/billyfu/YatPC/lab6/heated_plate_valgrind)
  n0: 512 0x109D55: main (in /home/billyfu/YatPC/lab6/heated_plate_valgrind)
 n1: 512 0x109850: heated_plate_pthreads (in /home/billyfu/YatPC/lab6/heated_plate_valgrind)
  n0: 512 0x109D55: main (in /home/billyfu/YatPC/lab6/heated_plate_valgrind)
 n0: 128 in 2 places, all below massif's threshold (1.00%)
#-----------
snapshot=17
#-----------
time=709156
mem_heap_B=2240
mem_heap_extra_B=176
mem_stacks_B=31920
heap_tree=empty
#-----------
snapshot=18
#-----------
time=755735
mem_heap_B=2240
mem_heap_extra_B=176
mem_stacks_B=32520
heap_tree=empty
#-----------
snapshot=19
#-----------
time=787413
mem_heap_B=2240
mem_heap_extra_B=176
mem_stacks_B=36480
heap_tree=detailed
n4: 2240 (heap allocation functions) malloc/new/new[], --alloc-fns, etc.
 n1: 1088 0x40145AB: calloc (rtld-malloc.h:44)
  n1: 1088 0x40145AB: allocate_dtv (dl-tls.c:370)
   n1: 1088 0x40145AB: _dl_allocate_tls (dl-tls.c:629)
    n1: 1088 0x4900616: allocate_stack (allocatestack.c:429)
     n1: 1088 0x4900616: pthread_create@@GLIBC_2.34 (pthread_create.c:655)
      n1: 1088 0x48526B6: parallel_for (in /home/billyfu/YatPC/lab6/libparallel_for.so)
       n1: 1088 0x1098BA: heated_plate_pthreads (in /home/billyfu/YatPC/lab6/heated_plate_valgrind)
        n0: 1088 0x109D55: main (in /home/billyfu/YatPC/lab6/heated_plate_valgrind)
 n1: 512 0x109820: heated_plate_pthreads (in /home/billyfu/YatPC/lab6/heated_plate_valgrind)
  n0: 512 0x109D55: main (in /home/billyfu/YatPC/lab6/heated_plate_valgrind)
 n1: 512 0x109850: heated_plate_pthreads (in /home/billyfu/YatPC/lab6/heated_plate_valgrind)
  n0: 512 0x109D55: main (in /home/billyfu/YatPC/lab6/heated_plate_valgrind)
 n0: 128 in 2 places, all below massif's threshold (1.00%)
#-----------
snapshot=20
#-----------
time=832792
mem_heap_B=2240
mem_heap_extra_B=176
mem_stacks_B=38880
heap_tree=detailed
n4: 2240 (heap allocation functions) malloc/new/new[], --alloc-fns, etc.
 n1: 1088 0x40145AB: calloc (rtld-malloc.h:44)
  n1: 1088 0x40145AB: allocate_dtv (dl-tls.c:370)
   n1: 1088 0x40145AB: _dl_allocate_tls (dl-tls.c:629)
    n1: 1088 0x4900616: allocate_stack (allocatestack.c:429)
     n1: 1088 0x4900616: pthread_create@@GLIBC_2.34 (pthread_create.c:655)
      n1: 1088 0x48526B6: parallel_for (in /home/billyfu/YatPC/lab6/libparallel_for.so)
       n1: 1088 0x1098BA: heated_plate_pthreads (in /home/billyfu/YatPC/lab6/heated_plate_valgrind)
        n0: 1088 0x109D55: main (in /home/billyfu/YatPC/lab6/heated_plate_valgrind)
 n1: 512 0x109820: heated_plate_pthreads (in /home/billyfu/YatPC/lab6/heated_plate_valgrind)
  n0: 512 0x109D55: main (in /home/billyfu/YatPC/lab6/heated_plate_valgrind)
 n1: 512 0x109850: heated_plate_pthreads (in /home/billyfu/YatPC/lab6/heated_plate_valgrind)
  n0: 512 0x109D55: main (in /home/billyfu/YatPC/lab6/heated_plate_valgrind)
 n0: 128 in 2 places, all below massif's threshold (1.00%)
#-----------
snapshot=21
#-----------
time=891744
mem_heap_B=2240
mem_heap_extra_B=176
mem_stacks_B=42080
heap_tree=detailed
n4: 2240 (heap allocation functions) malloc/new/new[], --alloc-fns, etc.
 n1: 1088 0x40145AB: calloc (rtld-malloc.h:44)
  n1: 1088 0x40145AB: allocate_dtv (dl-tls.c:370)
   n1: 1088 0x40145AB: _dl_allocate_tls (dl-tls.c:629)
    n1: 1088 0x4900616: allocate_stack (allocatestack.c:429)
     n1: 1088 0x4900616: pthread_create@@GLIBC_2.34 (pthread_create.c:655)
      n1: 1088 0x48526B6: parallel_for (in /home/billyfu/YatPC/lab6/libparallel_for.so)
       n1: 1088 0x1098BA: heated_plate_pthreads (in /home/billyfu/YatPC/lab6/heated_plate_valgrind)
        n0: 1088 0x109D55: main (in /home/billyfu/YatPC/lab6/heated_plate_valgrind)
 n1: 512 0x109820: heated_plate_pthreads (in /home/billyfu/YatPC/lab6/heated_plate_valgrind)
  n0: 512 0x109D55: main (in /home/billyfu/YatPC/lab6/heated_plate_valgrind)
 n1: 512 0x109850: heated_plate_pthreads (in /home/billyfu/YatPC/lab6/heated_plate_valgrind)
  n0: 512 0x109D55: main (in /home/billyfu/YatPC/lab6/heated_plate_valgrind)
 n0: 128 in 2 places, all below massif's threshold (1.00%)
#-----------
snapshot=22
#-----------
time=939888
mem_heap_B=2240
mem_heap_extra_B=176
mem_stacks_B=44640
heap_tree=detailed
n4: 2240 (heap allocation functions) malloc/new/new[], --alloc-fns, etc.
 n1: 1088 0x40145AB: calloc (rtld-malloc.h:44)
  n1: 1088 0x40145AB: allocate_dtv (dl-tls.c:370)
   n1: 1088 0x40145AB: _dl_allocate_tls (dl-tls.c:629)
    n1: 1088 0x4900616: allocate_stack (allocatestack.c:429)
     n1: 1088 0x4900616: pthread_create@@GLIBC_2.34 (pthread_create.c:655)
      n1: 1088 0x48526B6: parallel_for (in /home/billyfu/YatPC/lab6/libparallel_for.so)
       n1: 1088 0x1098BA: heated_plate_pthreads (in /home/billyfu/YatPC/lab6/heated_plate_valgrind)
        n0: 1088 0x109D55: main (in /home/billyfu/YatPC/lab6/heated_plate_valgrind)
 n1: 512 0x109820: heated_plate_pthreads (in /home/billyfu/YatPC/lab6/heated_plate_valgrind)
  n0: 512 0x109D55: main (in /home/billyfu/YatPC/lab6/heated_plate_valgrind)
 n1: 512 0x109850: heated_plate_pthreads (in /home/billyfu/YatPC/lab6/heated_plate_valgrind)
  n0: 512 0x109D55: main (in /home/billyfu/YatPC/lab6/heated_plate_valgrind)
 n0: 128 in 2 places, all below massif's threshold (1.00%)
#-----------
snapshot=23
#-----------
time=975073
mem_heap_B=2240
mem_heap_extra_B=176
mem_stacks_B=44384
heap_tree=empty
#-----------
snapshot=24
#-----------
time=1012392
mem_heap_B=2240
mem_heap_extra_B=176
mem_stacks_B=46248
heap_tree=empty
#-----------
snapshot=25
#-----------
time=1046788
mem_heap_B=2240
mem_heap_extra_B=176
mem_stacks_B=50400
heap_tree=detailed
n2: 2240 (heap allocation functions) malloc/new/new[], --alloc-fns, etc.
 n0: 1152 in 4 places, all below massif's threshold (1.00%)
 n1: 1088 0x40145AB: calloc (rtld-malloc.h:44)
  n1: 1088 0x40145AB: allocate_dtv (dl-tls.c:370)
   n1: 1088 0x40145AB: _dl_allocate_tls (dl-tls.c:629)
    n1: 1088 0x4900616: allocate_stack (allocatestack.c:429)
     n1: 1088 0x4900616: pthread_create@@GLIBC_2.34 (pthread_create.c:655)
      n1: 1088 0x48526B6: parallel_for (in /home/billyfu/YatPC/lab6/libparallel_for.so)
       n1: 1088 0x1098BA: heated_plate_pthreads (in /home/billyfu/YatPC/lab6/heated_plate_valgrind)
        n0: 1088 0x109D55: main (in /home/billyfu/YatPC/lab6/heated_plate_valgrind)
#-----------
snapshot=26
#-----------
time=1105712
mem_heap_B=2240
mem_heap_extra_B=176
mem_stacks_B=53600
heap_tree=detailed
n2: 2240 (heap allocation functions) malloc/new/new[], --alloc-fns, etc.
 n0: 1152 in 4 places, all below massif's threshold (1.00%)
 n1: 1088 0x40145AB: calloc (rtld-malloc.h:44)
  n1: 1088 0x40145AB: allocate_dtv (dl-tls.c:370)
   n1: 1088 0x40145AB: _dl_allocate_tls (dl-tls.c:629)
    n1: 1088 0x4900616: allocate_stack (allocatestack.c:429)
     n1: 1088 0x4900616: pthread_create@@GLIBC_2.34 (pthread_create.c:655)
      n1: 1088 0x48526B6: parallel_for (in /home/billyfu/YatPC/lab6/libparallel_for.so)
       n1: 1088 0x1098BA: heated_plate_pthreads (in /home/billyfu/YatPC/lab6/heated_plate_valgrind)
        n0: 1088 0x109D55: main (in /home/billyfu/YatPC/lab6/heated_plate_valgrind)
#-----------
snapshot=27
#-----------
time=1153856
mem_heap_B=2240
mem_heap_extra_B=176
mem_stacks_B=56160
heap_tree=detailed
n2: 2240 (heap allocation functions) malloc/new/new[], --alloc-fns, etc.
 n0: 1152 in 4 places, all below massif's threshold (1.00%)
 n1: 1088 0x40145AB: calloc (rtld-malloc.h:44)
  n1: 1088 0x40145AB: allocate_dtv (dl-tls.c:370)
   n1: 1088 0x40145AB: _dl_allocate_tls (dl-tls.c:629)
    n1: 1088 0x4900616: allocate_stack (allocatestack.c:429)
     n1: 1088 0x4900616: pthread_create@@GLIBC_2.34 (pthread_create.c:655)
      n1: 1088 0x48526B6: parallel_for (in /home/billyfu/YatPC/lab6/libparallel_for.so)
       n1: 1088 0x1098BA: heated_plate_pthreads (in /home/billyfu/YatPC/lab6/heated_plate_valgrind)
        n0: 1088 0x109D55: main (in /home/billyfu/YatPC/lab6/heated_plate_valgrind)
#-----------
snapshot=28
#-----------
time=1189548
mem_heap_B=2240
mem_heap_extra_B=176
mem_stacks_B=58080
heap_tree=detailed
n2: 2240 (heap allocation functions) malloc/new/new[], --alloc-fns, etc.
 n0: 1152 in 4 places, all below massif's threshold (1.00%)
 n1: 1088 0x40145AB: calloc (rtld-malloc.h:44)
  n1: 1088 0x40145AB: allocate_dtv (dl-tls.c:370)
   n1: 1088 0x40145AB: _dl_allocate_tls (dl-tls.c:629)
    n1: 1088 0x4900616: allocate_stack (allocatestack.c:429)
     n1: 1088 0x4900616: pthread_create@@GLIBC_2.34 (pthread_create.c:655)
      n1: 1088 0x48526B6: parallel_for (in /home/billyfu/YatPC/lab6/libparallel_for.so)
       n1: 1088 0x1098BA: heated_plate_pthreads (in /home/billyfu/YatPC/lab6/heated_plate_valgrind)
        n0: 1088 0x109D55: main (in /home/billyfu/YatPC/lab6/heated_plate_valgrind)
#-----------
snapshot=29
#-----------
time=1248375
mem_heap_B=2240
mem_heap_extra_B=176
mem_stacks_B=61280
heap_tree=detailed
n2: 2240 (heap allocation functions) malloc/new/new[], --alloc-fns, etc.
 n0: 1152 in 4 places, all below massif's threshold (1.00%)
 n1: 1088 0x40145AB: calloc (rtld-malloc.h:44)
  n1: 1088 0x40145AB: allocate_dtv (dl-tls.c:370)
   n1: 1088 0x40145AB: _dl_allocate_tls (dl-tls.c:629)
    n1: 1088 0x4900616: allocate_stack (allocatestack.c:429)
     n1: 1088 0x4900616: pthread_create@@GLIBC_2.34 (pthread_create.c:655)
      n1: 1088 0x48526B6: parallel_for (in /home/billyfu/YatPC/lab6/libparallel_for.so)
       n1: 1088 0x1098BA: heated_plate_pthreads (in /home/billyfu/YatPC/lab6/heated_plate_valgrind)
        n0: 1088 0x109D55: main (in /home/billyfu/YatPC/lab6/heated_plate_valgrind)
#-----------
snapshot=30
#-----------
time=1311237
mem_heap_B=2240
mem_heap_extra_B=176
mem_stacks_B=62528
heap_tree=empty
#-----------
snapshot=31
#-----------
time=1350194
mem_heap_B=2240
mem_heap_extra_B=176
mem_stacks_B=66928
heap_tree=detailed
n2: 2240 (heap allocation functions) malloc/new/new[], --alloc-fns, etc.
 n0: 1152 in 4 places, all below massif's threshold (1.00%)
 n1: 1088 0x40145AB: calloc (rtld-malloc.h:44)
  n1: 1088 0x40145AB: allocate_dtv (dl-tls.c:370)
   n1: 1088 0x40145AB: _dl_allocate_tls (dl-tls.c:629)
    n1: 1088 0x4900616: allocate_stack (allocatestack.c:429)
     n1: 1088 0x4900616: pthread_create@@GLIBC_2.34 (pthread_create.c:655)
      n1: 1088 0x48526B6: parallel_for (in /home/billyfu/YatPC/lab6/libparallel_for.so)
       n1: 1088 0x1098BA: heated_plate_pthreads (in /home/billyfu/YatPC/lab6/heated_plate_valgrind)
        n0: 1088 0x109D55: main (in /home/billyfu/YatPC/lab6/heated_plate_valgrind)
#-----------
snapshot=32
#-----------
time=1380224
mem_heap_B=2240
mem_heap_extra_B=176
mem_stacks_B=68480
heap_tree=detailed
n2: 2240 (heap allocation functions) malloc/new/new[], --alloc-fns, etc.
 n0: 1152 in 4 places, all below massif's threshold (1.00%)
 n1: 1088 0x40145AB: calloc (rtld-malloc.h:44)
  n1: 1088 0x40145AB: allocate_dtv (dl-tls.c:370)
   n1: 1088 0x40145AB: _dl_allocate_tls (dl-tls.c:629)
    n1: 1088 0x4900616: allocate_stack (allocatestack.c:429)
     n1: 1088 0x4900616: pthread_create@@GLIBC_2.34 (pthread_create.c:655)
      n1: 1088 0x48526B6: parallel_for (in /home/billyfu/YatPC/lab6/libparallel_for.so)
       n1: 1088 0x1098BA: heated_plate_pthreads (in /home/billyfu/YatPC/lab6/heated_plate_valgrind)
        n0: 1088 0x109D55: main (in /home/billyfu/YatPC/lab6/heated_plate_valgrind)
#-----------
snapshot=33
#-----------
time=1427677
mem_heap_B=2240
mem_heap_extra_B=176
mem_stacks_B=68432
heap_tree=empty
#-----------
snapshot=34
#-----------
time=1491569
mem_heap_B=2240
mem_heap_extra_B=176
mem_stacks_B=71944
heap_tree=empty
#-----------
snapshot=35
#-----------
time=1545727
mem_heap_B=2240
mem_heap_extra_B=176
mem_stacks_B=77280
heap_tree=detailed
n2: 2240 (heap allocation functions) malloc/new/new[], --alloc-fns, etc.
 n0: 1152 in 4 places, all below massif's threshold (1.00%)
 n1: 1088 0x40145AB: calloc (rtld-malloc.h:44)
  n1: 1088 0x40145AB: allocate_dtv (dl-tls.c:370)
   n1: 1088 0x40145AB: _dl_allocate_tls (dl-tls.c:629)
    n1: 1088 0x4900616: allocate_stack (allocatestack.c:429)
     n1: 1088 0x4900616: pthread_create@@GLIBC_2.34 (pthread_create.c:655)
      n1: 1088 0x48526B6: parallel_for (in /home/billyfu/YatPC/lab6/libparallel_for.so)
       n1: 1088 0x1098BA: heated_plate_pthreads (in /home/billyfu/YatPC/lab6/heated_plate_valgrind)
        n0: 1088 0x109D55: main (in /home/billyfu/YatPC/lab6/heated_plate_valgrind)
#-----------
snapshot=36
#-----------
time=1592351
mem_heap_B=2240
mem_heap_extra_B=176
mem_stacks_B=77680
heap_tree=empty
#-----------
snapshot=37
#-----------
time=1625253
mem_heap_B=2240
mem_heap_extra_B=176
mem_stacks_B=79280
heap_tree=empty
#-----------
snapshot=38
#-----------
time=1680248
mem_heap_B=2240
mem_heap_extra_B=176
mem_stacks_B=84640
heap_tree=detailed
n2: 2240 (heap allocation functions) malloc/new/new[], --alloc-fns, etc.
 n0: 1152 in 4 places, all below massif's threshold (1.00%)
 n1: 1088 0x40145AB: calloc (rtld-malloc.h:44)
  n1: 1088 0x40145AB: allocate_dtv (dl-tls.c:370)
   n1: 1088 0x40145AB: _dl_allocate_tls (dl-tls.c:629)
    n1: 1088 0x4900616: allocate_stack (allocatestack.c:429)
     n1: 1088 0x4900616: pthread_create@@GLIBC_2.34 (pthread_create.c:655)
      n1: 1088 0x48526B6: parallel_for (in /home/billyfu/YatPC/lab6/libparallel_for.so)
       n1: 1088 0x1098BA: heated_plate_pthreads (in /home/billyfu/YatPC/lab6/heated_plate_valgrind)
        n0: 1088 0x109D55: main (in /home/billyfu/YatPC/lab6/heated_plate_valgrind)
#-----------
snapshot=39
#-----------
time=1717208
mem_heap_B=2240
mem_heap_extra_B=176
mem_stacks_B=86560
heap_tree=detailed
n2: 2240 (heap allocation functions) malloc/new/new[], --alloc-fns, etc.
 n0: 1152 in 4 places, all below massif's threshold (1.00%)
 n1: 1088 0x40145AB: calloc (rtld-malloc.h:44)
  n1: 1088 0x40145AB: allocate_dtv (dl-tls.c:370)
   n1: 1088 0x40145AB: _dl_allocate_tls (dl-tls.c:629)
    n1: 1088 0x4900616: allocate_stack (allocatestack.c:429)
     n1: 1088 0x4900616: pthread_create@@GLIBC_2.34 (pthread_create.c:655)
      n1: 1088 0x48526B6: parallel_for (in /home/billyfu/YatPC/lab6/libparallel_for.so)
       n1: 1088 0x1098BA: heated_plate_pthreads (in /home/billyfu/YatPC/lab6/heated_plate_valgrind)
        n0: 1088 0x109D55: main (in /home/billyfu/YatPC/lab6/heated_plate_valgrind)
#-----------
snapshot=40
#-----------
time=1770768
mem_heap_B=2240
mem_heap_extra_B=176
mem_stacks_B=87160
heap_tree=empty
#-----------
snapshot=41
#-----------
time=1812219
mem_heap_B=2240
mem_heap_extra_B=176
mem_stacks_B=91680
heap_tree=detailed
n2: 2240 (heap allocation functions) malloc/new/new[], --alloc-fns, etc.
 n0: 1152 in 4 places, all below massif's threshold (1.00%)
 n1: 1088 0x40145AB: calloc (rtld-malloc.h:44)
  n1: 1088 0x40145AB: allocate_dtv (dl-tls.c:370)
   n1: 1088 0x40145AB: _dl_allocate_tls (dl-tls.c:629)
    n1: 1088 0x4900616: allocate_stack (allocatestack.c:429)
     n1: 1088 0x4900616: pthread_create@@GLIBC_2.34 (pthread_create.c:655)
      n1: 1088 0x48526B6: parallel_for (in /home/billyfu/YatPC/lab6/libparallel_for.so)
       n1: 1088 0x1098BA: heated_plate_pthreads (in /home/billyfu/YatPC/lab6/heated_plate_valgrind)
        n0: 1088 0x109D55: main (in /home/billyfu/YatPC/lab6/heated_plate_valgrind)
#-----------
snapshot=42
#-----------
time=1847916
mem_heap_B=2240
mem_heap_extra_B=176
mem_stacks_B=93600
heap_tree=detailed
n2: 2240 (heap allocation functions) malloc/new/new[], --alloc-fns, etc.
 n0: 1152 in 4 places, all below massif's threshold (1.00%)
 n1: 1088 0x40145AB: calloc (rtld-malloc.h:44)
  n1: 1088 0x40145AB: allocate_dtv (dl-tls.c:370)
   n1: 1088 0x40145AB: _dl_allocate_tls (dl-tls.c:629)
    n1: 1088 0x4900616: allocate_stack (allocatestack.c:429)
     n1: 1088 0x4900616: pthread_create@@GLIBC_2.34 (pthread_create.c:655)
      n1: 1088 0x48526B6: parallel_for (in /home/billyfu/YatPC/lab6/libparallel_for.so)
       n1: 1088 0x1098BA: heated_plate_pthreads (in /home/billyfu/YatPC/lab6/heated_plate_valgrind)
        n0: 1088 0x109D55: main (in /home/billyfu/YatPC/lab6/heated_plate_valgrind)
#-----------
snapshot=43
#-----------
time=1907649
mem_heap_B=2240
mem_heap_extra_B=176
mem_stacks_B=96848
heap_tree=detailed
n2: 2240 (heap allocation functions) malloc/new/new[], --alloc-fns, etc.
 n0: 1152 in 4 places, all below massif's threshold (1.00%)
 n1: 1088 0x40145AB: calloc (rtld-malloc.h:44)
  n1: 1088 0x40145AB: allocate_dtv (dl-tls.c:370)
   n1: 1088 0x40145AB: _dl_allocate_tls (dl-tls.c:629)
    n1: 1088 0x4900616: allocate_stack (allocatestack.c:429)
     n1: 1088 0x4900616: pthread_create@@GLIBC_2.34 (pthread_create.c:655)
      n1: 1088 0x48526B6: parallel_for (in /home/billyfu/YatPC/lab6/libparallel_for.so)
       n1: 1088 0x1098BA: heated_plate_pthreads (in /home/billyfu/YatPC/lab6/heated_plate_valgrind)
        n0: 1088 0x109D55: main (in /home/billyfu/YatPC/lab6/heated_plate_valgrind)
#-----------
snapshot=44
#-----------
time=1944904
mem_heap_B=2240
mem_heap_extra_B=176
mem_stacks_B=96392
heap_tree=empty
#-----------
snapshot=45
#-----------
time=1973654
mem_heap_B=2240
mem_heap_extra_B=176
mem_stacks_B=100320
heap_tree=detailed
n2: 2240 (heap allocation functions) malloc/new/new[], --alloc-fns, etc.
 n0: 1152 in 4 places, all below massif's threshold (1.00%)
 n1: 1088 0x40145AB: calloc (rtld-malloc.h:44)
  n1: 1088 0x40145AB: allocate_dtv (dl-tls.c:370)
   n1: 1088 0x40145AB: _dl_allocate_tls (dl-tls.c:629)
    n1: 1088 0x4900616: allocate_stack (allocatestack.c:429)
     n1: 1088 0x4900616: pthread_create@@GLIBC_2.34 (pthread_create.c:655)
      n1: 1088 0x48526B6: parallel_for (in /home/billyfu/YatPC/lab6/libparallel_for.so)
       n1: 1088 0x1098BA: heated_plate_pthreads (in /home/billyfu/YatPC/lab6/heated_plate_valgrind)
        n0: 1088 0x109D55: main (in /home/billyfu/YatPC/lab6/heated_plate_valgrind)
#-----------
snapshot=46
#-----------
time=2014824
mem_heap_B=2240
mem_heap_extra_B=176
mem_stacks_B=100848
heap_tree=empty
#-----------
snapshot=47
#-----------
time=2038667
mem_heap_B=2240
mem_heap_extra_B=176
mem_stacks_B=101992
heap_tree=empty
#-----------
snapshot=48
#-----------
time=2092146
mem_heap_B=2240
mem_heap_extra_B=176
mem_stacks_B=106720
heap_tree=detailed
n1: 2240 (heap allocation functions) malloc/new/new[], --alloc-fns, etc.
 n0: 2240 in 5 places, all below massif's threshold (1.00%)
#-----------
snapshot=49
#-----------
time=2133331
mem_heap_B=2240
mem_heap_extra_B=176
mem_stacks_B=108960
heap_tree=detailed
n1: 2240 (heap allocation functions) malloc/new/new[], --alloc-fns, etc.
 n0: 2240 in 5 places, all below massif's threshold (1.00%)
#-----------
snapshot=50
#-----------
time=2155743
mem_heap_B=2240
mem_heap_extra_B=176
mem_stacks_B=110080
heap_tree=detailed
n1: 2240 (heap allocation functions) malloc/new/new[], --alloc-fns, etc.
 n0: 2240 in 5 places, all below massif's threshold (1.00%)
#-----------
snapshot=51
#-----------
time=2175232
mem_heap_B=2240
mem_heap_extra_B=176
mem_stacks_B=111248
heap_tree=detailed
n1: 2240 (heap allocation functions) malloc/new/new[], --alloc-fns, etc.
 n0: 2240 in 5 places, all below massif's threshold (1.00%)
#-----------
snapshot=52
#-----------
time=2198932
mem_heap_B=2240
mem_heap_extra_B=176
mem_stacks_B=112480
heap_tree=detailed
n1: 2240 (heap allocation functions) malloc/new/new[], --alloc-fns, etc.
 n0: 2240 in 5 places, all below massif's threshold (1.00%)
#-----------
snapshot=53
#-----------
time=2222796
mem_heap_B=2240
mem_heap_extra_B=176
mem_stacks_B=111592
heap_tree=empty
#-----------
snapshot=54
#-----------
time=2223251
mem_heap_B=2240
mem_heap_extra_B=176
mem_stacks_B=113760
heap_tree=detailed
n1: 2240 (heap allocation functions) malloc/new/new[], --alloc-fns, etc.
 n0: 2240 in 5 places, all below massif's threshold (1.00%)
#-----------
snapshot=55
#-----------
time=2246511
mem_heap_B=2240
mem_heap_extra_B=176
mem_stacks_B=115040
heap_tree=detailed
n1: 2240 (heap allocation functions) malloc/new/new[], --alloc-fns, etc.
 n0: 2240 in 5 places, all below massif's threshold (1.00%)
#-----------
snapshot=56
#-----------
time=2270372
mem_heap_B=2240
mem_heap_extra_B=176
mem_stacks_B=116320
heap_tree=detailed
n1: 2240 (heap allocation functions) malloc/new/new[], --alloc-fns, etc.
 n0: 2240 in 5 places, all below massif's threshold (1.00%)
#-----------
snapshot=57
#-----------
time=2294222
mem_heap_B=2240
mem_heap_extra_B=176
mem_stacks_B=115440
heap_tree=empty
#-----------
snapshot=58
#-----------
time=2294585
mem_heap_B=2240
mem_heap_extra_B=176
mem_stacks_B=117600
heap_tree=detailed
n1: 2240 (heap allocation functions) malloc/new/new[], --alloc-fns, etc.
 n0: 2240 in 5 places, all below massif's threshold (1.00%)
#-----------
snapshot=59
#-----------
time=2317827
mem_heap_B=2240
mem_heap_extra_B=176
mem_stacks_B=118880
heap_tree=detailed
n1: 2240 (heap allocation functions) malloc/new/new[], --alloc-fns, etc.
 n0: 2240 in 5 places, all below massif's threshold (1.00%)
#-----------
snapshot=60
#-----------
time=2341573
mem_heap_B=2240
mem_heap_extra_B=176
mem_stacks_B=120160
heap_tree=detailed
n1: 2240 (heap allocation functions) malloc/new/new[], --alloc-fns, etc.
 n0: 2240 in 5 places, all below massif's threshold (1.00%)
#-----------
snapshot=61
#-----------
time=2365437
mem_heap_B=2240
mem_heap_extra_B=176
mem_stacks_B=119272
heap_tree=empty
#-----------
snapshot=62
#-----------
time=2365892
mem_heap_B=2240
mem_heap_extra_B=176
mem_stacks_B=121440
heap_tree=detailed
n1: 2240 (heap allocation functions) malloc/new/new[], --alloc-fns, etc.
 n0: 2240 in 5 places, all below massif's threshold (1.00%)
#-----------
snapshot=63
#-----------
time=2389152
mem_heap_B=2240
mem_heap_extra_B=176
mem_stacks_B=122720
heap_tree=detailed
n1: 2240 (heap allocation functions) malloc/new/new[], --alloc-fns, etc.
 n0: 2240 in 5 places, all below massif's threshold (1.00%)
#-----------
snapshot=64
#-----------
time=2413004
mem_heap_B=2240
mem_heap_extra_B=176
mem_stacks_B=124000
heap_tree=detailed
n1: 2240 (heap allocation functions) malloc/new/new[], --alloc-fns, etc.
 n0: 2240 in 5 places, all below massif's threshold (1.00%)
#-----------
snapshot=65
#-----------
time=2436854
mem_heap_B=2240
mem_heap_extra_B=176
mem_stacks_B=123120
heap_tree=empty
#-----------
snapshot=66
#-----------
time=2438458
mem_heap_B=2240
mem_heap_extra_B=176
mem_stacks_B=125280
heap_tree=detailed
n1: 2240 (heap allocation functions) malloc/new/new[], --alloc-fns, etc.
 n0: 2240 in 5 places, all below massif's threshold (1.00%)
#-----------
snapshot=67
#-----------
time=2460462
mem_heap_B=2240
mem_heap_extra_B=176
mem_stacks_B=126560
heap_tree=detailed
n1: 2240 (heap allocation functions) malloc/new/new[], --alloc-fns, etc.
 n0: 2240 in 5 places, all below massif's threshold (1.00%)
#-----------
snapshot=68
#-----------
time=2484305
mem_heap_B=2240
mem_heap_extra_B=176
mem_stacks_B=127832
heap_tree=empty
#-----------
snapshot=69
#-----------
time=2484351
mem_heap_B=2240
mem_heap_extra_B=176
mem_stacks_B=127888
heap_tree=detailed
n1: 2240 (heap allocation functions) malloc/new/new[], --alloc-fns, etc.
 n0: 2240 in 5 places, all below massif's threshold (1.00%)
#-----------
snapshot=70
#-----------
time=2508257
mem_heap_B=2240
mem_heap_extra_B=176
mem_stacks_B=126952
heap_tree=empty
#-----------
snapshot=71
#-----------
time=2510025
mem_heap_B=2240
mem_heap_extra_B=176
mem_stacks_B=129280
heap_tree=detailed
n1: 2240 (heap allocation functions) malloc/new/new[], --alloc-fns, etc.
 n0: 2240 in 5 places, all below massif's threshold (1.00%)
#-----------
snapshot=72
#-----------
time=2533868
mem_heap_B=2240
mem_heap_extra_B=176
mem_stacks_B=128280
heap_tree=empty
#-----------
snapshot=73
#-----------
time=2535916
mem_heap_B=2240
mem_heap_extra_B=176
mem_stacks_B=130608
heap_tree=detailed
n1: 2240 (heap allocation functions) malloc/new/new[], --alloc-fns, etc.
 n0: 2240 in 5 places, all below massif's threshold (1.00%)
#-----------
snapshot=74
#-----------
time=2559766
mem_heap_B=2240
mem_heap_extra_B=176
mem_stacks_B=130016
heap_tree=empty
#-----------
snapshot=75
#-----------
time=2561206
mem_heap_B=2240
mem_heap_extra_B=176
mem_stacks_B=132000
heap_tree=detailed
n1: 2240 (heap allocation functions) malloc/new/new[], --alloc-fns, etc.
 n0: 2240 in 5 places, all below massif's threshold (1.00%)
#-----------
snapshot=76
#-----------
time=2585060
mem_heap_B=2240
mem_heap_extra_B=176
mem_stacks_B=130856
heap_tree=empty
#-----------
snapshot=77
#-----------
time=2591403
mem_heap_B=2240
mem_heap_extra_B=176
mem_stacks_B=133600
heap_tree=detailed
n1: 2240 (heap allocation functions) malloc/new/new[], --alloc-fns, etc.
 n0: 2240 in 5 places, all below massif's threshold (1.00%)
#-----------
snapshot=78
#-----------
time=2615252
mem_heap_B=2240
mem_heap_extra_B=176
mem_stacks_B=132608
heap_tree=empty
#-----------
snapshot=79
#-----------
time=2619691
mem_heap_B=2240
mem_heap_extra_B=176
mem_stacks_B=135040
heap_tree=detailed
n1: 2240 (heap allocation functions) malloc/new/new[], --alloc-fns, etc.
 n0: 2240 in 5 places, all below massif's threshold (1.00%)
#-----------
snapshot=80
#-----------
time=2628009
mem_heap_B=6336
mem_heap_extra_B=184
mem_stacks_B=133328
heap_tree=peak
n2: 6336 (heap allocation functions) malloc/new/new[], --alloc-fns, etc.
 n1: 4096 0x48E81B4: _IO_file_doallocate (filedoalloc.c:101)
  n1: 4096 0x48F8523: _IO_doallocbuf (genops.c:347)
   n1: 4096 0x48F5F8F: _IO_file_overflow@@GLIBC_2.2.5 (fileops.c:745)
    n1: 4096 0x48F6AAE: _IO_new_file_xsputn (fileops.c:1244)
     n1: 4096 0x48F6AAE: _IO_file_xsputn@@GLIBC_2.2.5 (fileops.c:1197)
      n1: 4096 0x48C3CC8: __printf_buffer_flush_to_file (printf_buffer_to_file.c:59)
       n1: 4096 0x48C3CC8: __printf_buffer_to_file_done (printf_buffer_to_file.c:120)
        n1: 4096 0x48CE5A9: __vfprintf_internal (vfprintf-internal.c:1560)
         n1: 4096 0x48C31B2: printf (printf.c:33)
          n1: 4096 0x109C61: print_result (in /home/billyfu/YatPC/lab6/heated_plate_valgrind)
           n0: 4096 0x109D7B: main (in /home/billyfu/YatPC/lab6/heated_plate_valgrind)
 n0: 2240 in 5 places, all below massif's threshold (1.00%)
