desc: --massif-out-file=valgrind_logs/massif_M512_N512_T8_S1.out --stacks=yes
cmd: ./heated_plate_valgrind 512 512 8 1
time_unit: i
#-----------
snapshot=0
#-----------
time=0
mem_heap_B=0
mem_heap_extra_B=0
mem_stacks_B=0
heap_tree=empty
#-----------
snapshot=1
#-----------
time=15402577657
mem_heap_B=4204400
mem_heap_extra_B=8264
mem_stacks_B=1645696
heap_tree=detailed
n3: 4204400 (heap allocation functions) malloc/new/new[], --alloc-fns, etc.
 n1: 2097152 0x109820: heated_plate_pthreads (in /home/billyfu/YatPC/lab6/heated_plate_valgrind)
  n0: 2097152 0x109D55: main (in /home/billyfu/YatPC/lab6/heated_plate_valgrind)
 n1: 2097152 0x109850: heated_plate_pthreads (in /home/billyfu/YatPC/lab6/heated_plate_valgrind)
  n0: 2097152 0x109D55: main (in /home/billyfu/YatPC/lab6/heated_plate_valgrind)
 n0: 10096 in 3 places, all below massif's threshold (1.00%)
#-----------
snapshot=2
#-----------
time=32845291951
mem_heap_B=4203584
mem_heap_extra_B=8240
mem_stacks_B=3496528
heap_tree=empty
#-----------
snapshot=3
#-----------
time=40423717785
mem_heap_B=4203584
mem_heap_extra_B=8240
mem_stacks_B=4300368
heap_tree=empty
#-----------
snapshot=4
#-----------
time=51696529567
mem_heap_B=4203584
mem_heap_extra_B=8240
mem_stacks_B=5497168
heap_tree=empty
#-----------
snapshot=5
#-----------
time=67416812307
mem_heap_B=4203584
mem_heap_extra_B=8240
mem_stacks_B=7163728
heap_tree=empty
#-----------
snapshot=6
#-----------
time=80053872644
mem_heap_B=4203584
mem_heap_extra_B=8240
mem_stacks_B=8503888
heap_tree=empty
#-----------
snapshot=7
#-----------
time=88647557153
mem_heap_B=4203584
mem_heap_extra_B=8240
mem_stacks_B=9413968
heap_tree=empty
#-----------
snapshot=8
#-----------
time=99796055543
mem_heap_B=4204128
mem_heap_extra_B=8256
mem_stacks_B=10597904
heap_tree=detailed
n3: 4204128 (heap allocation functions) malloc/new/new[], --alloc-fns, etc.
 n1: 2097152 0x109820: heated_plate_pthreads (in /home/billyfu/YatPC/lab6/heated_plate_valgrind)
  n0: 2097152 0x109D55: main (in /home/billyfu/YatPC/lab6/heated_plate_valgrind)
 n1: 2097152 0x109850: heated_plate_pthreads (in /home/billyfu/YatPC/lab6/heated_plate_valgrind)
  n0: 2097152 0x109D55: main (in /home/billyfu/YatPC/lab6/heated_plate_valgrind)
 n0: 9824 in 3 places, all below massif's threshold (1.00%)
#-----------
snapshot=9
#-----------
time=111248242105
mem_heap_B=4203856
mem_heap_extra_B=8248
mem_stacks_B=11809072
heap_tree=empty
#-----------
snapshot=10
#-----------
time=123690341735
mem_heap_B=4203584
mem_heap_extra_B=8240
mem_stacks_B=13127248
heap_tree=empty
#-----------
snapshot=11
#-----------
time=139334918173
mem_heap_B=4204128
mem_heap_extra_B=8256
mem_stacks_B=14786016
heap_tree=detailed
n3: 4204128 (heap allocation functions) malloc/new/new[], --alloc-fns, etc.
 n1: 2097152 0x109820: heated_plate_pthreads (in /home/billyfu/YatPC/lab6/heated_plate_valgrind)
  n0: 2097152 0x109D55: main (in /home/billyfu/YatPC/lab6/heated_plate_valgrind)
 n1: 2097152 0x109850: heated_plate_pthreads (in /home/billyfu/YatPC/lab6/heated_plate_valgrind)
  n0: 2097152 0x109D55: main (in /home/billyfu/YatPC/lab6/heated_plate_valgrind)
 n0: 9824 in 3 places, all below massif's threshold (1.00%)
#-----------
snapshot=12
#-----------
time=153930274527
mem_heap_B=4203584
mem_heap_extra_B=8240
mem_stacks_B=16329808
heap_tree=empty
#-----------
snapshot=13
#-----------
time=169886078692
mem_heap_B=4203584
mem_heap_extra_B=8240
mem_stacks_B=18019408
heap_tree=empty
#-----------
snapshot=14
#-----------
time=178343778235
mem_heap_B=4203584
mem_heap_extra_B=8240
mem_stacks_B=18914128
heap_tree=empty
#-----------
snapshot=15
#-----------
time=190040056481
mem_heap_B=4204400
mem_heap_extra_B=8264
mem_stacks_B=20155944
heap_tree=detailed
n3: 4204400 (heap allocation functions) malloc/new/new[], --alloc-fns, etc.
 n1: 2097152 0x109820: heated_plate_pthreads (in /home/billyfu/YatPC/lab6/heated_plate_valgrind)
  n0: 2097152 0x109D55: main (in /home/billyfu/YatPC/lab6/heated_plate_valgrind)
 n1: 2097152 0x109850: heated_plate_pthreads (in /home/billyfu/YatPC/lab6/heated_plate_valgrind)
  n0: 2097152 0x109D55: main (in /home/billyfu/YatPC/lab6/heated_plate_valgrind)
 n0: 10096 in 3 places, all below massif's threshold (1.00%)
#-----------
snapshot=16
#-----------
time=199398728183
mem_heap_B=4204400
mem_heap_extra_B=8264
mem_stacks_B=21146496
heap_tree=detailed
n3: 4204400 (heap allocation functions) malloc/new/new[], --alloc-fns, etc.
 n1: 2097152 0x109820: heated_plate_pthreads (in /home/billyfu/YatPC/lab6/heated_plate_valgrind)
  n0: 2097152 0x109D55: main (in /home/billyfu/YatPC/lab6/heated_plate_valgrind)
 n1: 2097152 0x109850: heated_plate_pthreads (in /home/billyfu/YatPC/lab6/heated_plate_valgrind)
  n0: 2097152 0x109D55: main (in /home/billyfu/YatPC/lab6/heated_plate_valgrind)
 n0: 10096 in 3 places, all below massif's threshold (1.00%)
#-----------
snapshot=17
#-----------
time=209140190720
mem_heap_B=4204128
mem_heap_extra_B=8256
mem_stacks_B=22176632
heap_tree=detailed
n3: 4204128 (heap allocation functions) malloc/new/new[], --alloc-fns, etc.
 n1: 2097152 0x109820: heated_plate_pthreads (in /home/billyfu/YatPC/lab6/heated_plate_valgrind)
  n0: 2097152 0x109D55: main (in /home/billyfu/YatPC/lab6/heated_plate_valgrind)
 n1: 2097152 0x109850: heated_plate_pthreads (in /home/billyfu/YatPC/lab6/heated_plate_valgrind)
  n0: 2097152 0x109D55: main (in /home/billyfu/YatPC/lab6/heated_plate_valgrind)
 n0: 9824 in 3 places, all below massif's threshold (1.00%)
#-----------
snapshot=18
#-----------
time=219271749760
mem_heap_B=4203856
mem_heap_extra_B=8248
mem_stacks_B=23249216
heap_tree=detailed
n3: 4203856 (heap allocation functions) malloc/new/new[], --alloc-fns, etc.
 n1: 2097152 0x109820: heated_plate_pthreads (in /home/billyfu/YatPC/lab6/heated_plate_valgrind)
  n0: 2097152 0x109D55: main (in /home/billyfu/YatPC/lab6/heated_plate_valgrind)
 n1: 2097152 0x109850: heated_plate_pthreads (in /home/billyfu/YatPC/lab6/heated_plate_valgrind)
  n0: 2097152 0x109D55: main (in /home/billyfu/YatPC/lab6/heated_plate_valgrind)
 n0: 9552 in 3 places, all below massif's threshold (1.00%)
#-----------
snapshot=19
#-----------
time=229800988989
mem_heap_B=4204672
mem_heap_extra_B=8272
mem_stacks_B=24364576
heap_tree=detailed
n3: 4204672 (heap allocation functions) malloc/new/new[], --alloc-fns, etc.
 n1: 2097152 0x109820: heated_plate_pthreads (in /home/billyfu/YatPC/lab6/heated_plate_valgrind)
  n0: 2097152 0x109D55: main (in /home/billyfu/YatPC/lab6/heated_plate_valgrind)
 n1: 2097152 0x109850: heated_plate_pthreads (in /home/billyfu/YatPC/lab6/heated_plate_valgrind)
  n0: 2097152 0x109D55: main (in /home/billyfu/YatPC/lab6/heated_plate_valgrind)
 n0: 10368 in 3 places, all below massif's threshold (1.00%)
#-----------
snapshot=20
#-----------
time=240682698635
mem_heap_B=4203584
mem_heap_extra_B=8240
mem_stacks_B=25513808
heap_tree=empty
#-----------
snapshot=21
#-----------
time=251996792551
mem_heap_B=4203584
mem_heap_extra_B=8240
mem_stacks_B=26710608
heap_tree=empty
#-----------
snapshot=22
#-----------
time=263754663017
mem_heap_B=4203584
mem_heap_extra_B=8240
mem_stacks_B=27954768
heap_tree=empty
#-----------
snapshot=23
#-----------
time=279618959481
mem_heap_B=4204672
mem_heap_extra_B=8272
mem_stacks_B=29635832
heap_tree=detailed
n3: 4204672 (heap allocation functions) malloc/new/new[], --alloc-fns, etc.
 n1: 2097152 0x109820: heated_plate_pthreads (in /home/billyfu/YatPC/lab6/heated_plate_valgrind)
  n0: 2097152 0x109D55: main (in /home/billyfu/YatPC/lab6/heated_plate_valgrind)
 n1: 2097152 0x109850: heated_plate_pthreads (in /home/billyfu/YatPC/lab6/heated_plate_valgrind)
  n0: 2097152 0x109D55: main (in /home/billyfu/YatPC/lab6/heated_plate_valgrind)
 n0: 10368 in 3 places, all below massif's threshold (1.00%)
#-----------
snapshot=24
#-----------
time=292620391580
mem_heap_B=4204672
mem_heap_extra_B=8272
mem_stacks_B=31011648
heap_tree=detailed
n3: 4204672 (heap allocation functions) malloc/new/new[], --alloc-fns, etc.
 n1: 2097152 0x109820: heated_plate_pthreads (in /home/billyfu/YatPC/lab6/heated_plate_valgrind)
  n0: 2097152 0x109D55: main (in /home/billyfu/YatPC/lab6/heated_plate_valgrind)
 n1: 2097152 0x109850: heated_plate_pthreads (in /home/billyfu/YatPC/lab6/heated_plate_valgrind)
  n0: 2097152 0x109D55: main (in /home/billyfu/YatPC/lab6/heated_plate_valgrind)
 n0: 10368 in 3 places, all below massif's threshold (1.00%)
#-----------
snapshot=25
#-----------
time=309627871571
mem_heap_B=4204128
mem_heap_extra_B=8256
mem_stacks_B=32809704
heap_tree=detailed
n3: 4204128 (heap allocation functions) malloc/new/new[], --alloc-fns, etc.
 n1: 2097152 0x109820: heated_plate_pthreads (in /home/billyfu/YatPC/lab6/heated_plate_valgrind)
  n0: 2097152 0x109D55: main (in /home/billyfu/YatPC/lab6/heated_plate_valgrind)
 n1: 2097152 0x109850: heated_plate_pthreads (in /home/billyfu/YatPC/lab6/heated_plate_valgrind)
  n0: 2097152 0x109D55: main (in /home/billyfu/YatPC/lab6/heated_plate_valgrind)
 n0: 9824 in 3 places, all below massif's threshold (1.00%)
#-----------
snapshot=26
#-----------
time=323635853156
mem_heap_B=4203584
mem_heap_extra_B=8240
mem_stacks_B=34289488
heap_tree=empty
#-----------
snapshot=27
#-----------
time=338283542680
mem_heap_B=4203856
mem_heap_extra_B=8248
mem_stacks_B=35839568
heap_tree=empty
#-----------
snapshot=28
#-----------
time=353551851175
mem_heap_B=4203584
mem_heap_extra_B=8240
mem_stacks_B=37453648
heap_tree=empty
#-----------
snapshot=29
#-----------
time=369400007835
mem_heap_B=4203584
mem_heap_extra_B=8240
mem_stacks_B=39130448
heap_tree=empty
#-----------
snapshot=30
#-----------
time=386746155779
mem_heap_B=4204672
mem_heap_extra_B=8272
mem_stacks_B=40966016
heap_tree=detailed
n3: 4204672 (heap allocation functions) malloc/new/new[], --alloc-fns, etc.
 n1: 2097152 0x109820: heated_plate_pthreads (in /home/billyfu/YatPC/lab6/heated_plate_valgrind)
  n0: 2097152 0x109D55: main (in /home/billyfu/YatPC/lab6/heated_plate_valgrind)
 n1: 2097152 0x109850: heated_plate_pthreads (in /home/billyfu/YatPC/lab6/heated_plate_valgrind)
  n0: 2097152 0x109D55: main (in /home/billyfu/YatPC/lab6/heated_plate_valgrind)
 n0: 10368 in 3 places, all below massif's threshold (1.00%)
#-----------
snapshot=31
#-----------
time=403957368692
mem_heap_B=4203584
mem_heap_extra_B=8240
mem_stacks_B=42783568
heap_tree=empty
#-----------
snapshot=32
#-----------
time=412811370752
mem_heap_B=4203584
mem_heap_extra_B=8240
mem_stacks_B=43720528
heap_tree=empty
#-----------
snapshot=33
#-----------
time=421845075788
mem_heap_B=4203584
mem_heap_extra_B=8240
mem_stacks_B=44675408
heap_tree=empty
#-----------
snapshot=34
#-----------
time=431051011031
mem_heap_B=4203584
mem_heap_extra_B=8240
mem_stacks_B=45648208
heap_tree=empty
#-----------
snapshot=35
#-----------
time=440450711737
mem_heap_B=4203584
mem_heap_extra_B=8240
mem_stacks_B=46642768
heap_tree=empty
#-----------
snapshot=36
#-----------
time=450039813481
mem_heap_B=4203584
mem_heap_extra_B=8240
mem_stacks_B=47656528
heap_tree=empty
#-----------
snapshot=37
#-----------
time=459818325617
mem_heap_B=4203584
mem_heap_extra_B=8240
mem_stacks_B=48689488
heap_tree=empty
#-----------
snapshot=38
#-----------
time=469800293944
mem_heap_B=4203584
mem_heap_extra_B=8240
mem_stacks_B=49745488
heap_tree=empty
#-----------
snapshot=39
#-----------
time=479971676054
mem_heap_B=4203584
mem_heap_extra_B=8240
mem_stacks_B=50820688
heap_tree=empty
#-----------
snapshot=40
#-----------
time=490361277021
mem_heap_B=4203584
mem_heap_extra_B=8240
mem_stacks_B=51918928
heap_tree=empty
#-----------
snapshot=41
#-----------
time=500959677071
mem_heap_B=4204128
mem_heap_extra_B=8256
mem_stacks_B=53038928
heap_tree=empty
#-----------
snapshot=42
#-----------
time=512979585564
mem_heap_B=4204128
mem_heap_extra_B=8256
mem_stacks_B=54311144
heap_tree=detailed
n3: 4204128 (heap allocation functions) malloc/new/new[], --alloc-fns, etc.
 n1: 2097152 0x109820: heated_plate_pthreads (in /home/billyfu/YatPC/lab6/heated_plate_valgrind)
  n0: 2097152 0x109D55: main (in /home/billyfu/YatPC/lab6/heated_plate_valgrind)
 n1: 2097152 0x109850: heated_plate_pthreads (in /home/billyfu/YatPC/lab6/heated_plate_valgrind)
  n0: 2097152 0x109D55: main (in /home/billyfu/YatPC/lab6/heated_plate_valgrind)
 n0: 9824 in 3 places, all below massif's threshold (1.00%)
#-----------
snapshot=43
#-----------
time=527636194310
mem_heap_B=4203584
mem_heap_extra_B=8240
mem_stacks_B=55858768
heap_tree=empty
#-----------
snapshot=44
#-----------
time=535052938198
mem_heap_B=4203584
mem_heap_extra_B=8240
mem_stacks_B=56642128
heap_tree=empty
#-----------
snapshot=45
#-----------
time=546515174690
mem_heap_B=4204128
mem_heap_extra_B=8256
mem_stacks_B=57853008
heap_tree=empty
#-----------
snapshot=46
#-----------
time=562401335892
mem_heap_B=4203584
mem_heap_extra_B=8240
mem_stacks_B=59532368
heap_tree=empty
#-----------
snapshot=47
#-----------
time=574465497732
mem_heap_B=4204128
mem_heap_extra_B=8256
mem_stacks_B=60807248
heap_tree=empty
#-----------
snapshot=48
#-----------
time=589474437048
mem_heap_B=4204400
mem_heap_extra_B=8264
mem_stacks_B=62395616
heap_tree=detailed
n3: 4204400 (heap allocation functions) malloc/new/new[], --alloc-fns, etc.
 n1: 2097152 0x109820: heated_plate_pthreads (in /home/billyfu/YatPC/lab6/heated_plate_valgrind)
  n0: 2097152 0x109D55: main (in /home/billyfu/YatPC/lab6/heated_plate_valgrind)
 n1: 2097152 0x109850: heated_plate_pthreads (in /home/billyfu/YatPC/lab6/heated_plate_valgrind)
  n0: 2097152 0x109D55: main (in /home/billyfu/YatPC/lab6/heated_plate_valgrind)
 n0: 10096 in 3 places, all below massif's threshold (1.00%)
#-----------
snapshot=49
#-----------
time=591240210206
mem_heap_B=4203584
mem_heap_extra_B=8240
mem_stacks_B=62580048
heap_tree=empty
#-----------
snapshot=50
#-----------
time=594361987031
mem_heap_B=4204128
mem_heap_extra_B=8256
mem_stacks_B=62909008
heap_tree=empty
#-----------
snapshot=51
#-----------
time=595790390456
mem_heap_B=4203856
mem_heap_extra_B=8248
mem_stacks_B=63062504
heap_tree=detailed
n3: 4203856 (heap allocation functions) malloc/new/new[], --alloc-fns, etc.
 n1: 2097152 0x109820: heated_plate_pthreads (in /home/billyfu/YatPC/lab6/heated_plate_valgrind)
  n0: 2097152 0x109D55: main (in /home/billyfu/YatPC/lab6/heated_plate_valgrind)
 n1: 2097152 0x109850: heated_plate_pthreads (in /home/billyfu/YatPC/lab6/heated_plate_valgrind)
  n0: 2097152 0x109D55: main (in /home/billyfu/YatPC/lab6/heated_plate_valgrind)
 n0: 9552 in 3 places, all below massif's threshold (1.00%)
#-----------
snapshot=52
#-----------
time=598912171185
mem_heap_B=4203584
mem_heap_extra_B=8240
mem_stacks_B=63390288
heap_tree=empty
#-----------
snapshot=53
#-----------
time=602033951069
mem_heap_B=4203584
mem_heap_extra_B=8240
mem_stacks_B=63720528
heap_tree=empty
#-----------
snapshot=54
#-----------
time=602150241559
mem_heap_B=4204672
mem_heap_extra_B=8272
mem_stacks_B=63734440
heap_tree=detailed
n3: 4204672 (heap allocation functions) malloc/new/new[], --alloc-fns, etc.
 n1: 2097152 0x109820: heated_plate_pthreads (in /home/billyfu/YatPC/lab6/heated_plate_valgrind)
  n0: 2097152 0x109D55: main (in /home/billyfu/YatPC/lab6/heated_plate_valgrind)
 n1: 2097152 0x109850: heated_plate_pthreads (in /home/billyfu/YatPC/lab6/heated_plate_valgrind)
  n0: 2097152 0x109D55: main (in /home/billyfu/YatPC/lab6/heated_plate_valgrind)
 n0: 10368 in 3 places, all below massif's threshold (1.00%)
#-----------
snapshot=55
#-----------
time=605272026314
mem_heap_B=4203584
mem_heap_extra_B=8240
mem_stacks_B=64062288
heap_tree=empty
#-----------
snapshot=56
#-----------
time=608393804959
mem_heap_B=4203584
mem_heap_extra_B=8240
mem_stacks_B=64392528
heap_tree=empty
#-----------
snapshot=57
#-----------
time=608590311104
mem_heap_B=4203584
mem_heap_extra_B=8240
mem_stacks_B=64415136
heap_tree=detailed
n3: 4203584 (heap allocation functions) malloc/new/new[], --alloc-fns, etc.
 n1: 2097152 0x109820: heated_plate_pthreads (in /home/billyfu/YatPC/lab6/heated_plate_valgrind)
  n0: 2097152 0x109D55: main (in /home/billyfu/YatPC/lab6/heated_plate_valgrind)
 n1: 2097152 0x109850: heated_plate_pthreads (in /home/billyfu/YatPC/lab6/heated_plate_valgrind)
  n0: 2097152 0x109D55: main (in /home/billyfu/YatPC/lab6/heated_plate_valgrind)
 n0: 9280 in 3 places, all below massif's threshold (1.00%)
#-----------
snapshot=58
#-----------
time=611712087858
mem_heap_B=4204400
mem_heap_extra_B=8264
mem_stacks_B=64743248
heap_tree=empty
#-----------
snapshot=59
#-----------
time=614833873178
mem_heap_B=4204400
mem_heap_extra_B=8264
mem_stacks_B=65072208
heap_tree=empty
#-----------
snapshot=60
#-----------
time=615078772701
mem_heap_B=4204400
mem_heap_extra_B=8264
mem_stacks_B=65100576
heap_tree=peak
n3: 4204400 (heap allocation functions) malloc/new/new[], --alloc-fns, etc.
 n1: 2097152 0x109820: heated_plate_pthreads (in /home/billyfu/YatPC/lab6/heated_plate_valgrind)
  n0: 2097152 0x109D55: main (in /home/billyfu/YatPC/lab6/heated_plate_valgrind)
 n1: 2097152 0x109850: heated_plate_pthreads (in /home/billyfu/YatPC/lab6/heated_plate_valgrind)
  n0: 2097152 0x109D55: main (in /home/billyfu/YatPC/lab6/heated_plate_valgrind)
 n0: 10096 in 3 places, all below massif's threshold (1.00%)
#-----------
snapshot=61
#-----------
time=618200579451
mem_heap_B=4203584
mem_heap_extra_B=8240
mem_stacks_B=65428048
heap_tree=empty
