desc: --massif-out-file=valgrind_logs/massif_M16_N16_T16_S1.out --stacks=yes
cmd: ./heated_plate_valgrind 16 16 16 1
time_unit: i
#-----------
snapshot=0
#-----------
time=0
mem_heap_B=0
mem_heap_extra_B=0
mem_stacks_B=0
heap_tree=empty
#-----------
snapshot=1
#-----------
time=977015
mem_heap_B=7616
mem_heap_extra_B=368
mem_stacks_B=44448
heap_tree=detailed
n4: 7616 (heap allocation functions) malloc/new/new[], --alloc-fns, etc.
 n1: 3264 0x40145AB: calloc (rtld-malloc.h:44)
  n1: 3264 0x40145AB: allocate_dtv (dl-tls.c:370)
   n1: 3264 0x40145AB: _dl_allocate_tls (dl-tls.c:629)
    n1: 3264 0x4900616: allocate_stack (allocatestack.c:429)
     n1: 3264 0x4900616: pthread_create@@GLIBC_2.34 (pthread_create.c:655)
      n3: 3264 0x48528D8: parallel_for (in /home/billyfu/YatPC/lab6/libparallel_for.so)
       n1: 2176 0x109AE1: heated_plate_pthreads (in /home/billyfu/YatPC/lab6/heated_plate_valgrind)
        n0: 2176 0x109D55: main (in /home/billyfu/YatPC/lab6/heated_plate_valgrind)
       n1: 1088 0x109A9E: heated_plate_pthreads (in /home/billyfu/YatPC/lab6/heated_plate_valgrind)
        n0: 1088 0x109D55: main (in /home/billyfu/YatPC/lab6/heated_plate_valgrind)
       n0: 0 in 6 places, all below massif's threshold (1.00%)
 n1: 2048 0x109820: heated_plate_pthreads (in /home/billyfu/YatPC/lab6/heated_plate_valgrind)
  n0: 2048 0x109D55: main (in /home/billyfu/YatPC/lab6/heated_plate_valgrind)
 n1: 2048 0x109850: heated_plate_pthreads (in /home/billyfu/YatPC/lab6/heated_plate_valgrind)
  n0: 2048 0x109D55: main (in /home/billyfu/YatPC/lab6/heated_plate_valgrind)
 n0: 256 in 2 places, all below massif's threshold (1.00%)
#-----------
snapshot=2
#-----------
time=1594542
mem_heap_B=5440
mem_heap_extra_B=304
mem_stacks_B=71712
heap_tree=empty
#-----------
snapshot=3
#-----------
time=2356306
mem_heap_B=8704
mem_heap_extra_B=400
mem_stacks_B=111648
heap_tree=detailed
n4: 8704 (heap allocation functions) malloc/new/new[], --alloc-fns, etc.
 n1: 4352 0x40145AB: calloc (rtld-malloc.h:44)
  n1: 4352 0x40145AB: allocate_dtv (dl-tls.c:370)
   n1: 4352 0x40145AB: _dl_allocate_tls (dl-tls.c:629)
    n1: 4352 0x4900616: allocate_stack (allocatestack.c:429)
     n1: 4352 0x4900616: pthread_create@@GLIBC_2.34 (pthread_create.c:655)
      n2: 4352 0x48528D8: parallel_for (in /home/billyfu/YatPC/lab6/libparallel_for.so)
       n1: 3264 0x109A9E: heated_plate_pthreads (in /home/billyfu/YatPC/lab6/heated_plate_valgrind)
        n0: 3264 0x109D55: main (in /home/billyfu/YatPC/lab6/heated_plate_valgrind)
       n0: 1088 in 7 places, all below massif's threshold (1.00%)
 n1: 2048 0x109820: heated_plate_pthreads (in /home/billyfu/YatPC/lab6/heated_plate_valgrind)
  n0: 2048 0x109D55: main (in /home/billyfu/YatPC/lab6/heated_plate_valgrind)
 n1: 2048 0x109850: heated_plate_pthreads (in /home/billyfu/YatPC/lab6/heated_plate_valgrind)
  n0: 2048 0x109D55: main (in /home/billyfu/YatPC/lab6/heated_plate_valgrind)
 n0: 256 in 2 places, all below massif's threshold (1.00%)
#-----------
snapshot=4
#-----------
time=3203441
mem_heap_B=8160
mem_heap_extra_B=384
mem_stacks_B=152288
heap_tree=detailed
n4: 8160 (heap allocation functions) malloc/new/new[], --alloc-fns, etc.
 n1: 3808 0x40145AB: calloc (rtld-malloc.h:44)
  n1: 3808 0x40145AB: allocate_dtv (dl-tls.c:370)
   n1: 3808 0x40145AB: _dl_allocate_tls (dl-tls.c:629)
    n1: 3808 0x4900616: allocate_stack (allocatestack.c:429)
     n1: 3808 0x4900616: pthread_create@@GLIBC_2.34 (pthread_create.c:655)
      n2: 3808 0x48528D8: parallel_for (in /home/billyfu/YatPC/lab6/libparallel_for.so)
       n1: 2720 0x109AE1: heated_plate_pthreads (in /home/billyfu/YatPC/lab6/heated_plate_valgrind)
        n0: 2720 0x109D55: main (in /home/billyfu/YatPC/lab6/heated_plate_valgrind)
       n0: 1088 in 7 places, all below massif's threshold (1.00%)
 n1: 2048 0x109820: heated_plate_pthreads (in /home/billyfu/YatPC/lab6/heated_plate_valgrind)
  n0: 2048 0x109D55: main (in /home/billyfu/YatPC/lab6/heated_plate_valgrind)
 n1: 2048 0x109850: heated_plate_pthreads (in /home/billyfu/YatPC/lab6/heated_plate_valgrind)
  n0: 2048 0x109D55: main (in /home/billyfu/YatPC/lab6/heated_plate_valgrind)
 n0: 256 in 2 places, all below massif's threshold (1.00%)
#-----------
snapshot=5
#-----------
time=4315229
mem_heap_B=8160
mem_heap_extra_B=384
mem_stacks_B=206096
heap_tree=detailed
n2: 8160 (heap allocation functions) malloc/new/new[], --alloc-fns, etc.
 n0: 4352 in 4 places, all below massif's threshold (1.00%)
 n1: 3808 0x40145AB: calloc (rtld-malloc.h:44)
  n1: 3808 0x40145AB: allocate_dtv (dl-tls.c:370)
   n1: 3808 0x40145AB: _dl_allocate_tls (dl-tls.c:629)
    n1: 3808 0x4900616: allocate_stack (allocatestack.c:429)
     n1: 3808 0x4900616: pthread_create@@GLIBC_2.34 (pthread_create.c:655)
      n2: 3808 0x48528D8: parallel_for (in /home/billyfu/YatPC/lab6/libparallel_for.so)
       n1: 2720 0x109AE1: heated_plate_pthreads (in /home/billyfu/YatPC/lab6/heated_plate_valgrind)
        n0: 2720 0x109D55: main (in /home/billyfu/YatPC/lab6/heated_plate_valgrind)
       n0: 1088 in 7 places, all below massif's threshold (1.00%)
#-----------
snapshot=6
#-----------
time=5000739
mem_heap_B=8160
mem_heap_extra_B=384
mem_stacks_B=239336
heap_tree=detailed
n2: 8160 (heap allocation functions) malloc/new/new[], --alloc-fns, etc.
 n0: 4352 in 4 places, all below massif's threshold (1.00%)
 n1: 3808 0x40145AB: calloc (rtld-malloc.h:44)
  n1: 3808 0x40145AB: allocate_dtv (dl-tls.c:370)
   n1: 3808 0x40145AB: _dl_allocate_tls (dl-tls.c:629)
    n1: 3808 0x4900616: allocate_stack (allocatestack.c:429)
     n1: 3808 0x4900616: pthread_create@@GLIBC_2.34 (pthread_create.c:655)
      n2: 3808 0x48528D8: parallel_for (in /home/billyfu/YatPC/lab6/libparallel_for.so)
       n1: 2720 0x109B4B: heated_plate_pthreads (in /home/billyfu/YatPC/lab6/heated_plate_valgrind)
        n0: 2720 0x109D55: main (in /home/billyfu/YatPC/lab6/heated_plate_valgrind)
       n0: 1088 in 7 places, all below massif's threshold (1.00%)
#-----------
snapshot=7
#-----------
time=5686772
mem_heap_B=8160
mem_heap_extra_B=384
mem_stacks_B=272608
heap_tree=detailed
n2: 8160 (heap allocation functions) malloc/new/new[], --alloc-fns, etc.
 n0: 4352 in 4 places, all below massif's threshold (1.00%)
 n1: 3808 0x40145AB: calloc (rtld-malloc.h:44)
  n1: 3808 0x40145AB: allocate_dtv (dl-tls.c:370)
   n1: 3808 0x40145AB: _dl_allocate_tls (dl-tls.c:629)
    n1: 3808 0x4900616: allocate_stack (allocatestack.c:429)
     n1: 3808 0x4900616: pthread_create@@GLIBC_2.34 (pthread_create.c:655)
      n1: 3808 0x48528D8: parallel_for (in /home/billyfu/YatPC/lab6/libparallel_for.so)
       n0: 3808 in 8 places, all below massif's threshold (1.00%)
#-----------
snapshot=8
#-----------
time=6476700
mem_heap_B=7616
mem_heap_extra_B=368
mem_stacks_B=310688
heap_tree=detailed
n2: 7616 (heap allocation functions) malloc/new/new[], --alloc-fns, etc.
 n0: 4352 in 4 places, all below massif's threshold (1.00%)
 n1: 3264 0x40145AB: calloc (rtld-malloc.h:44)
  n1: 3264 0x40145AB: allocate_dtv (dl-tls.c:370)
   n1: 3264 0x40145AB: _dl_allocate_tls (dl-tls.c:629)
    n1: 3264 0x4900616: allocate_stack (allocatestack.c:429)
     n1: 3264 0x4900616: pthread_create@@GLIBC_2.34 (pthread_create.c:655)
      n1: 3264 0x48528D8: parallel_for (in /home/billyfu/YatPC/lab6/libparallel_for.so)
       n0: 3264 in 8 places, all below massif's threshold (1.00%)
#-----------
snapshot=9
#-----------
time=7652988
mem_heap_B=8704
mem_heap_extra_B=400
mem_stacks_B=367480
heap_tree=empty
#-----------
snapshot=10
#-----------
time=8541500
mem_heap_B=7616
mem_heap_extra_B=368
mem_stacks_B=410528
heap_tree=detailed
n1: 7616 (heap allocation functions) malloc/new/new[], --alloc-fns, etc.
 n0: 7616 in 5 places, all below massif's threshold (1.00%)
#-----------
snapshot=11
#-----------
time=9081529
mem_heap_B=8432
mem_heap_extra_B=392
mem_stacks_B=436608
heap_tree=detailed
n1: 8432 (heap allocation functions) malloc/new/new[], --alloc-fns, etc.
 n0: 8432 in 5 places, all below massif's threshold (1.00%)
#-----------
snapshot=12
#-----------
time=9769629
mem_heap_B=8704
mem_heap_extra_B=400
mem_stacks_B=470048
heap_tree=detailed
n1: 8704 (heap allocation functions) malloc/new/new[], --alloc-fns, etc.
 n0: 8704 in 5 places, all below massif's threshold (1.00%)
#-----------
snapshot=13
#-----------
time=10865397
mem_heap_B=7344
mem_heap_extra_B=360
mem_stacks_B=523008
heap_tree=detailed
n1: 7344 (heap allocation functions) malloc/new/new[], --alloc-fns, etc.
 n0: 7344 in 5 places, all below massif's threshold (1.00%)
#-----------
snapshot=14
#-----------
time=11298276
mem_heap_B=8704
mem_heap_extra_B=400
mem_stacks_B=544288
heap_tree=detailed
n1: 8704 (heap allocation functions) malloc/new/new[], --alloc-fns, etc.
 n0: 8704 in 5 places, all below massif's threshold (1.00%)
#-----------
snapshot=15
#-----------
time=12155196
mem_heap_B=5440
mem_heap_extra_B=304
mem_stacks_B=583760
heap_tree=empty
#-----------
snapshot=16
#-----------
time=13097185
mem_heap_B=5440
mem_heap_extra_B=304
mem_stacks_B=629480
heap_tree=empty
#-----------
snapshot=17
#-----------
time=14202394
mem_heap_B=5440
mem_heap_extra_B=304
mem_stacks_B=682784
heap_tree=empty
#-----------
snapshot=18
#-----------
time=15133131
mem_heap_B=7616
mem_heap_extra_B=368
mem_stacks_B=730528
heap_tree=detailed
n1: 7616 (heap allocation functions) malloc/new/new[], --alloc-fns, etc.
 n0: 7616 in 5 places, all below massif's threshold (1.00%)
#-----------
snapshot=19
#-----------
time=16244532
mem_heap_B=8160
mem_heap_extra_B=384
mem_stacks_B=784608
heap_tree=detailed
n1: 8160 (heap allocation functions) malloc/new/new[], --alloc-fns, etc.
 n0: 8160 in 5 places, all below massif's threshold (1.00%)
#-----------
snapshot=20
#-----------
time=16928632
mem_heap_B=8704
mem_heap_extra_B=400
mem_stacks_B=817728
heap_tree=detailed
n1: 8704 (heap allocation functions) malloc/new/new[], --alloc-fns, etc.
 n0: 8704 in 5 places, all below massif's threshold (1.00%)
#-----------
snapshot=21
#-----------
time=17641185
mem_heap_B=5440
mem_heap_extra_B=304
mem_stacks_B=850000
heap_tree=empty
#-----------
snapshot=22
#-----------
time=18570432
mem_heap_B=8704
mem_heap_extra_B=400
mem_stacks_B=897568
heap_tree=detailed
n1: 8704 (heap allocation functions) malloc/new/new[], --alloc-fns, etc.
 n0: 8704 in 5 places, all below massif's threshold (1.00%)
#-----------
snapshot=23
#-----------
time=19534653
mem_heap_B=5440
mem_heap_extra_B=304
mem_stacks_B=942168
heap_tree=empty
#-----------
snapshot=24
#-----------
time=20192081
mem_heap_B=7344
mem_heap_extra_B=360
mem_stacks_B=976128
heap_tree=detailed
n1: 7344 (heap allocation functions) malloc/new/new[], --alloc-fns, etc.
 n0: 7344 in 5 places, all below massif's threshold (1.00%)
#-----------
snapshot=25
#-----------
time=21250869
mem_heap_B=7616
mem_heap_extra_B=368
mem_stacks_B=1027488
heap_tree=detailed
n1: 7616 (heap allocation functions) malloc/new/new[], --alloc-fns, etc.
 n0: 7616 in 5 places, all below massif's threshold (1.00%)
#-----------
snapshot=26
#-----------
time=22133165
mem_heap_B=6528
mem_heap_extra_B=336
mem_stacks_B=1068208
heap_tree=empty
#-----------
snapshot=27
#-----------
time=23258623
mem_heap_B=8704
mem_heap_extra_B=400
mem_stacks_B=1125408
heap_tree=detailed
n1: 8704 (heap allocation functions) malloc/new/new[], --alloc-fns, etc.
 n0: 8704 in 5 places, all below massif's threshold (1.00%)
#-----------
snapshot=28
#-----------
time=23993871
mem_heap_B=7888
mem_heap_extra_B=376
mem_stacks_B=1160928
heap_tree=detailed
n1: 7888 (heap allocation functions) malloc/new/new[], --alloc-fns, etc.
 n0: 7888 in 5 places, all below massif's threshold (1.00%)
#-----------
snapshot=29
#-----------
time=24991199
mem_heap_B=7888
mem_heap_extra_B=376
mem_stacks_B=1209248
heap_tree=detailed
n1: 7888 (heap allocation functions) malloc/new/new[], --alloc-fns, etc.
 n0: 7888 in 5 places, all below massif's threshold (1.00%)
#-----------
snapshot=30
#-----------
time=25738577
mem_heap_B=8704
mem_heap_extra_B=400
mem_stacks_B=1245728
heap_tree=detailed
n1: 8704 (heap allocation functions) malloc/new/new[], --alloc-fns, etc.
 n0: 8704 in 5 places, all below massif's threshold (1.00%)
#-----------
snapshot=31
#-----------
time=26837428
mem_heap_B=7616
mem_heap_extra_B=368
mem_stacks_B=1298848
heap_tree=detailed
n1: 7616 (heap allocation functions) malloc/new/new[], --alloc-fns, etc.
 n0: 7616 in 5 places, all below massif's threshold (1.00%)
#-----------
snapshot=32
#-----------
time=27878608
mem_heap_B=5440
mem_heap_extra_B=304
mem_stacks_B=1346656
heap_tree=empty
#-----------
snapshot=33
#-----------
time=28789905
mem_heap_B=8160
mem_heap_extra_B=384
mem_stacks_B=1393888
heap_tree=detailed
n1: 8160 (heap allocation functions) malloc/new/new[], --alloc-fns, etc.
 n0: 8160 in 5 places, all below massif's threshold (1.00%)
#-----------
snapshot=34
#-----------
time=29376251
mem_heap_B=8704
mem_heap_extra_B=400
mem_stacks_B=1422368
heap_tree=detailed
n1: 8704 (heap allocation functions) malloc/new/new[], --alloc-fns, etc.
 n0: 8704 in 5 places, all below massif's threshold (1.00%)
#-----------
snapshot=35
#-----------
time=30004807
mem_heap_B=8160
mem_heap_extra_B=384
mem_stacks_B=1452768
heap_tree=detailed
n1: 8160 (heap allocation functions) malloc/new/new[], --alloc-fns, etc.
 n0: 8160 in 5 places, all below massif's threshold (1.00%)
#-----------
snapshot=36
#-----------
time=30635743
mem_heap_B=7888
mem_heap_extra_B=376
mem_stacks_B=1483328
heap_tree=detailed
n1: 7888 (heap allocation functions) malloc/new/new[], --alloc-fns, etc.
 n0: 7888 in 5 places, all below massif's threshold (1.00%)
#-----------
snapshot=37
#-----------
time=31266123
mem_heap_B=7616
mem_heap_extra_B=368
mem_stacks_B=1513888
heap_tree=detailed
n1: 7616 (heap allocation functions) malloc/new/new[], --alloc-fns, etc.
 n0: 7616 in 5 places, all below massif's threshold (1.00%)
#-----------
snapshot=38
#-----------
time=32218193
mem_heap_B=8160
mem_heap_extra_B=384
mem_stacks_B=1560128
heap_tree=detailed
n1: 8160 (heap allocation functions) malloc/new/new[], --alloc-fns, etc.
 n0: 8160 in 5 places, all below massif's threshold (1.00%)
#-----------
snapshot=39
#-----------
time=32856329
mem_heap_B=8704
mem_heap_extra_B=400
mem_stacks_B=1591376
heap_tree=detailed
n1: 8704 (heap allocation functions) malloc/new/new[], --alloc-fns, etc.
 n0: 8704 in 5 places, all below massif's threshold (1.00%)
#-----------
snapshot=40
#-----------
time=33538262
mem_heap_B=8432
mem_heap_extra_B=392
mem_stacks_B=1624616
heap_tree=detailed
n1: 8432 (heap allocation functions) malloc/new/new[], --alloc-fns, etc.
 n0: 8432 in 5 places, all below massif's threshold (1.00%)
#-----------
snapshot=41
#-----------
time=34225540
mem_heap_B=8704
mem_heap_extra_B=400
mem_stacks_B=1657408
heap_tree=detailed
n1: 8704 (heap allocation functions) malloc/new/new[], --alloc-fns, etc.
 n0: 8704 in 5 places, all below massif's threshold (1.00%)
#-----------
snapshot=42
#-----------
time=34911825
mem_heap_B=8704
mem_heap_extra_B=400
mem_stacks_B=1691168
heap_tree=detailed
n1: 8704 (heap allocation functions) malloc/new/new[], --alloc-fns, etc.
 n0: 8704 in 5 places, all below massif's threshold (1.00%)
#-----------
snapshot=43
#-----------
time=35982131
mem_heap_B=5440
mem_heap_extra_B=304
mem_stacks_B=1740584
heap_tree=empty
#-----------
snapshot=44
#-----------
time=36712852
mem_heap_B=5440
mem_heap_extra_B=304
mem_stacks_B=1776256
heap_tree=empty
#-----------
snapshot=45
#-----------
time=37451889
mem_heap_B=5712
mem_heap_extra_B=312
mem_stacks_B=1812024
heap_tree=empty
#-----------
snapshot=46
#-----------
time=38273407
mem_heap_B=7344
mem_heap_extra_B=360
mem_stacks_B=1854208
heap_tree=detailed
n1: 7344 (heap allocation functions) malloc/new/new[], --alloc-fns, etc.
 n0: 7344 in 5 places, all below massif's threshold (1.00%)
#-----------
snapshot=47
#-----------
time=39023718
mem_heap_B=8704
mem_heap_extra_B=400
mem_stacks_B=1890848
heap_tree=detailed
n1: 8704 (heap allocation functions) malloc/new/new[], --alloc-fns, etc.
 n0: 8704 in 5 places, all below massif's threshold (1.00%)
#-----------
snapshot=48
#-----------
time=40234129
mem_heap_B=8160
mem_heap_extra_B=384
mem_stacks_B=1949408
heap_tree=detailed
n1: 8160 (heap allocation functions) malloc/new/new[], --alloc-fns, etc.
 n0: 8160 in 5 places, all below massif's threshold (1.00%)
#-----------
snapshot=49
#-----------
time=40566299
mem_heap_B=5440
mem_heap_extra_B=304
mem_stacks_B=1963128
heap_tree=empty
#-----------
snapshot=50
#-----------
time=40647495
mem_heap_B=7616
mem_heap_extra_B=368
mem_stacks_B=1969568
heap_tree=detailed
n1: 7616 (heap allocation functions) malloc/new/new[], --alloc-fns, etc.
 n0: 7616 in 5 places, all below massif's threshold (1.00%)
#-----------
snapshot=51
#-----------
time=41030123
mem_heap_B=8704
mem_heap_extra_B=400
mem_stacks_B=1988288
heap_tree=detailed
n1: 8704 (heap allocation functions) malloc/new/new[], --alloc-fns, etc.
 n0: 8704 in 5 places, all below massif's threshold (1.00%)
#-----------
snapshot=52
#-----------
time=41463019
mem_heap_B=5440
mem_heap_extra_B=304
mem_stacks_B=2007120
heap_tree=empty
#-----------
snapshot=53
#-----------
time=41491067
mem_heap_B=7072
mem_heap_extra_B=352
mem_stacks_B=2010208
heap_tree=detailed
n1: 7072 (heap allocation functions) malloc/new/new[], --alloc-fns, etc.
 n0: 7072 in 5 places, all below massif's threshold (1.00%)
#-----------
snapshot=54
#-----------
time=41870091
mem_heap_B=8704
mem_heap_extra_B=400
mem_stacks_B=2029088
heap_tree=detailed
n1: 8704 (heap allocation functions) malloc/new/new[], --alloc-fns, etc.
 n0: 8704 in 5 places, all below massif's threshold (1.00%)
#-----------
snapshot=55
#-----------
time=42302979
mem_heap_B=6256
mem_heap_extra_B=328
mem_stacks_B=2047392
heap_tree=empty
#-----------
snapshot=56
#-----------
time=42334066
mem_heap_B=7072
mem_heap_extra_B=352
mem_stacks_B=2051168
heap_tree=detailed
n1: 7072 (heap allocation functions) malloc/new/new[], --alloc-fns, etc.
 n0: 7072 in 5 places, all below massif's threshold (1.00%)
#-----------
snapshot=57
#-----------
time=42714945
mem_heap_B=8704
mem_heap_extra_B=400
mem_stacks_B=2070096
heap_tree=detailed
n1: 8704 (heap allocation functions) malloc/new/new[], --alloc-fns, etc.
 n0: 8704 in 5 places, all below massif's threshold (1.00%)
#-----------
snapshot=58
#-----------
time=43147825
mem_heap_B=6800
mem_heap_extra_B=344
mem_stacks_B=2088512
heap_tree=empty
#-----------
snapshot=59
#-----------
time=43180842
mem_heap_B=7344
mem_heap_extra_B=360
mem_stacks_B=2092296
heap_tree=detailed
n1: 7344 (heap allocation functions) malloc/new/new[], --alloc-fns, etc.
 n0: 7344 in 5 places, all below massif's threshold (1.00%)
#-----------
snapshot=60
#-----------
time=43609720
mem_heap_B=7616
mem_heap_extra_B=368
mem_stacks_B=2113096
heap_tree=detailed
n1: 7616 (heap allocation functions) malloc/new/new[], --alloc-fns, etc.
 n0: 7616 in 5 places, all below massif's threshold (1.00%)
#-----------
snapshot=61
#-----------
time=44038671
mem_heap_B=8160
mem_heap_extra_B=384
mem_stacks_B=2133776
heap_tree=detailed
n1: 8160 (heap allocation functions) malloc/new/new[], --alloc-fns, etc.
 n0: 8160 in 5 places, all below massif's threshold (1.00%)
#-----------
snapshot=62
#-----------
time=44471554
mem_heap_B=5712
mem_heap_extra_B=312
mem_stacks_B=2152512
heap_tree=empty
#-----------
snapshot=63
#-----------
time=44507935
mem_heap_B=7072
mem_heap_extra_B=352
mem_stacks_B=2156336
heap_tree=detailed
n1: 7072 (heap allocation functions) malloc/new/new[], --alloc-fns, etc.
 n0: 7072 in 5 places, all below massif's threshold (1.00%)
#-----------
snapshot=64
#-----------
time=44932317
mem_heap_B=7888
mem_heap_extra_B=376
mem_stacks_B=2177136
heap_tree=peak
n1: 7888 (heap allocation functions) malloc/new/new[], --alloc-fns, etc.
 n0: 7888 in 5 places, all below massif's threshold (1.00%)
#-----------
snapshot=65
#-----------
time=45365207
mem_heap_B=8704
mem_heap_extra_B=400
mem_stacks_B=2195592
heap_tree=empty
