desc: --massif-out-file=valgrind_logs/massif_M4_N4_T8_S1.out --stacks=yes
cmd: ./heated_plate_valgrind 4 4 8 1
time_unit: i
#-----------
snapshot=0
#-----------
time=0
mem_heap_B=0
mem_heap_extra_B=0
mem_stacks_B=0
heap_tree=empty
#-----------
snapshot=1
#-----------
time=1097
mem_heap_B=0
mem_heap_extra_B=0
mem_stacks_B=368
heap_tree=empty
#-----------
snapshot=2
#-----------
time=30919
mem_heap_B=0
mem_heap_extra_B=0
mem_stacks_B=312
heap_tree=empty
#-----------
snapshot=3
#-----------
time=50004
mem_heap_B=0
mem_heap_extra_B=0
mem_stacks_B=7680
heap_tree=detailed
n0: 0 (heap allocation functions) malloc/new/new[], --alloc-fns, etc.
#-----------
snapshot=4
#-----------
time=64061
mem_heap_B=0
mem_heap_extra_B=0
mem_stacks_B=5768
heap_tree=empty
#-----------
snapshot=5
#-----------
time=85615
mem_heap_B=0
mem_heap_extra_B=0
mem_stacks_B=1304
heap_tree=empty
#-----------
snapshot=6
#-----------
time=103652
mem_heap_B=0
mem_heap_extra_B=0
mem_stacks_B=1768
heap_tree=empty
#-----------
snapshot=7
#-----------
time=114443
mem_heap_B=0
mem_heap_extra_B=0
mem_stacks_B=1768
heap_tree=empty
#-----------
snapshot=8
#-----------
time=131288
mem_heap_B=0
mem_heap_extra_B=0
mem_stacks_B=1528
heap_tree=empty
#-----------
snapshot=9
#-----------
time=145958
mem_heap_B=0
mem_heap_extra_B=0
mem_stacks_B=1304
heap_tree=empty
#-----------
snapshot=10
#-----------
time=170542
mem_heap_B=0
mem_heap_extra_B=0
mem_stacks_B=1528
heap_tree=empty
#-----------
snapshot=11
#-----------
time=194502
mem_heap_B=1952
mem_heap_extra_B=128
mem_stacks_B=2384
heap_tree=empty
#-----------
snapshot=12
#-----------
time=211358
mem_heap_B=1408
mem_heap_extra_B=112
mem_stacks_B=3360
heap_tree=empty
#-----------
snapshot=13
#-----------
time=226713
mem_heap_B=2224
mem_heap_extra_B=136
mem_stacks_B=4160
heap_tree=empty
#-----------
snapshot=14
#-----------
time=240006
mem_heap_B=1952
mem_heap_extra_B=128
mem_stacks_B=7136
heap_tree=detailed
n4: 1952 (heap allocation functions) malloc/new/new[], --alloc-fns, etc.
 n1: 1632 0x40145AB: calloc (rtld-malloc.h:44)
  n1: 1632 0x40145AB: allocate_dtv (dl-tls.c:370)
   n1: 1632 0x40145AB: _dl_allocate_tls (dl-tls.c:629)
    n1: 1632 0x4900616: allocate_stack (allocatestack.c:429)
     n1: 1632 0x4900616: pthread_create@@GLIBC_2.34 (pthread_create.c:655)
      n3: 1632 0x48528D8: parallel_for (in /home/billyfu/YatPC/lab6/libparallel_for.so)
       n1: 1088 0x1098FD: heated_plate_pthreads (in /home/billyfu/YatPC/lab6/heated_plate_valgrind)
        n0: 1088 0x109D55: main (in /home/billyfu/YatPC/lab6/heated_plate_valgrind)
       n1: 544 0x10995F: heated_plate_pthreads (in /home/billyfu/YatPC/lab6/heated_plate_valgrind)
        n0: 544 0x109D55: main (in /home/billyfu/YatPC/lab6/heated_plate_valgrind)
       n0: 0 in 1 place, below massif's threshold (1.00%)
 n1: 128 0x109820: heated_plate_pthreads (in /home/billyfu/YatPC/lab6/heated_plate_valgrind)
  n0: 128 0x109D55: main (in /home/billyfu/YatPC/lab6/heated_plate_valgrind)
 n1: 128 0x109850: heated_plate_pthreads (in /home/billyfu/YatPC/lab6/heated_plate_valgrind)
  n0: 128 0x109D55: main (in /home/billyfu/YatPC/lab6/heated_plate_valgrind)
 n0: 64 in 2 places, all below massif's threshold (1.00%)
#-----------
snapshot=15
#-----------
time=259643
mem_heap_B=1408
mem_heap_extra_B=112
mem_stacks_B=6136
heap_tree=empty
#-----------
snapshot=16
#-----------
time=273315
mem_heap_B=1408
mem_heap_extra_B=112
mem_stacks_B=7024
heap_tree=empty
#-----------
snapshot=17
#-----------
time=295756
mem_heap_B=1408
mem_heap_extra_B=112
mem_stacks_B=8304
heap_tree=empty
#-----------
snapshot=18
#-----------
time=309431
mem_heap_B=2496
mem_heap_extra_B=144
mem_stacks_B=11456
heap_tree=detailed
n2: 2496 (heap allocation functions) malloc/new/new[], --alloc-fns, etc.
 n1: 2176 0x40145AB: calloc (rtld-malloc.h:44)
  n1: 2176 0x40145AB: allocate_dtv (dl-tls.c:370)
   n1: 2176 0x40145AB: _dl_allocate_tls (dl-tls.c:629)
    n1: 2176 0x4900616: allocate_stack (allocatestack.c:429)
     n1: 2176 0x4900616: pthread_create@@GLIBC_2.34 (pthread_create.c:655)
      n3: 2176 0x48528D8: parallel_for (in /home/billyfu/YatPC/lab6/libparallel_for.so)
       n1: 1088 0x109A23: heated_plate_pthreads (in /home/billyfu/YatPC/lab6/heated_plate_valgrind)
        n0: 1088 0x109D55: main (in /home/billyfu/YatPC/lab6/heated_plate_valgrind)
       n1: 1088 0x109A9E: heated_plate_pthreads (in /home/billyfu/YatPC/lab6/heated_plate_valgrind)
        n0: 1088 0x109D55: main (in /home/billyfu/YatPC/lab6/heated_plate_valgrind)
       n0: 0 in 4 places, all below massif's threshold (1.00%)
 n0: 320 in 4 places, all below massif's threshold (1.00%)
#-----------
snapshot=19
#-----------
time=331673
mem_heap_B=2496
mem_heap_extra_B=144
mem_stacks_B=10544
heap_tree=empty
#-----------
snapshot=20
#-----------
time=346534
mem_heap_B=1952
mem_heap_extra_B=128
mem_stacks_B=13536
heap_tree=detailed
n2: 1952 (heap allocation functions) malloc/new/new[], --alloc-fns, etc.
 n1: 1632 0x40145AB: calloc (rtld-malloc.h:44)
  n1: 1632 0x40145AB: allocate_dtv (dl-tls.c:370)
   n1: 1632 0x40145AB: _dl_allocate_tls (dl-tls.c:629)
    n1: 1632 0x4900616: allocate_stack (allocatestack.c:429)
     n1: 1632 0x4900616: pthread_create@@GLIBC_2.34 (pthread_create.c:655)
      n3: 1632 0x48528D8: parallel_for (in /home/billyfu/YatPC/lab6/libparallel_for.so)
       n1: 1088 0x109AE1: heated_plate_pthreads (in /home/billyfu/YatPC/lab6/heated_plate_valgrind)
        n0: 1088 0x109D55: main (in /home/billyfu/YatPC/lab6/heated_plate_valgrind)
       n1: 544 0x109B4B: heated_plate_pthreads (in /home/billyfu/YatPC/lab6/heated_plate_valgrind)
        n0: 544 0x109D55: main (in /home/billyfu/YatPC/lab6/heated_plate_valgrind)
       n0: 0 in 6 places, all below massif's threshold (1.00%)
 n0: 320 in 4 places, all below massif's threshold (1.00%)
#-----------
snapshot=21
#-----------
time=366288
mem_heap_B=1680
mem_heap_extra_B=120
mem_stacks_B=14656
heap_tree=empty
#-----------
snapshot=22
#-----------
time=380092
mem_heap_B=1408
mem_heap_extra_B=112
mem_stacks_B=13176
heap_tree=empty
#-----------
snapshot=23
#-----------
time=403547
mem_heap_B=1408
mem_heap_extra_B=112
mem_stacks_B=15096
heap_tree=empty
#-----------
snapshot=24
#-----------
time=417533
mem_heap_B=2496
mem_heap_extra_B=144
mem_stacks_B=15528
heap_tree=empty
#-----------
snapshot=25
#-----------
time=430314
mem_heap_B=1680
mem_heap_extra_B=120
mem_stacks_B=18544
heap_tree=detailed
n2: 1680 (heap allocation functions) malloc/new/new[], --alloc-fns, etc.
 n1: 1360 0x40145AB: calloc (rtld-malloc.h:44)
  n1: 1360 0x40145AB: allocate_dtv (dl-tls.c:370)
   n1: 1360 0x40145AB: _dl_allocate_tls (dl-tls.c:629)
    n1: 1360 0x4900616: allocate_stack (allocatestack.c:429)
     n1: 1360 0x4900616: pthread_create@@GLIBC_2.34 (pthread_create.c:655)
      n3: 1360 0x48528D8: parallel_for (in /home/billyfu/YatPC/lab6/libparallel_for.so)
       n1: 1088 0x109B4B: heated_plate_pthreads (in /home/billyfu/YatPC/lab6/heated_plate_valgrind)
        n0: 1088 0x109D55: main (in /home/billyfu/YatPC/lab6/heated_plate_valgrind)
       n1: 272 0x109A9E: heated_plate_pthreads (in /home/billyfu/YatPC/lab6/heated_plate_valgrind)
        n0: 272 0x109D55: main (in /home/billyfu/YatPC/lab6/heated_plate_valgrind)
       n0: 0 in 6 places, all below massif's threshold (1.00%)
 n0: 320 in 4 places, all below massif's threshold (1.00%)
#-----------
snapshot=26
#-----------
time=450842
mem_heap_B=1680
mem_heap_extra_B=120
mem_stacks_B=17864
heap_tree=empty
#-----------
snapshot=27
#-----------
time=465462
mem_heap_B=1408
mem_heap_extra_B=112
mem_stacks_B=18296
heap_tree=empty
#-----------
snapshot=28
#-----------
time=478742
mem_heap_B=2496
mem_heap_extra_B=144
mem_stacks_B=21552
heap_tree=detailed
n2: 2496 (heap allocation functions) malloc/new/new[], --alloc-fns, etc.
 n1: 2176 0x40145AB: calloc (rtld-malloc.h:44)
  n1: 2176 0x40145AB: allocate_dtv (dl-tls.c:370)
   n1: 2176 0x40145AB: _dl_allocate_tls (dl-tls.c:629)
    n1: 2176 0x4900616: allocate_stack (allocatestack.c:429)
     n1: 2176 0x4900616: pthread_create@@GLIBC_2.34 (pthread_create.c:655)
      n3: 2176 0x48528D8: parallel_for (in /home/billyfu/YatPC/lab6/libparallel_for.so)
       n1: 1088 0x109AE1: heated_plate_pthreads (in /home/billyfu/YatPC/lab6/heated_plate_valgrind)
        n0: 1088 0x109D55: main (in /home/billyfu/YatPC/lab6/heated_plate_valgrind)
       n1: 1088 0x109B4B: heated_plate_pthreads (in /home/billyfu/YatPC/lab6/heated_plate_valgrind)
        n0: 1088 0x109D55: main (in /home/billyfu/YatPC/lab6/heated_plate_valgrind)
       n0: 0 in 6 places, all below massif's threshold (1.00%)
 n0: 320 in 4 places, all below massif's threshold (1.00%)
#-----------
snapshot=29
#-----------
time=492166
mem_heap_B=1408
mem_heap_extra_B=112
mem_stacks_B=20144
heap_tree=empty
#-----------
snapshot=30
#-----------
time=508562
mem_heap_B=1408
mem_heap_extra_B=112
mem_stacks_B=20520
heap_tree=empty
#-----------
snapshot=31
#-----------
time=521810
mem_heap_B=2496
mem_heap_extra_B=144
mem_stacks_B=24096
heap_tree=detailed
n2: 2496 (heap allocation functions) malloc/new/new[], --alloc-fns, etc.
 n1: 2176 0x40145AB: calloc (rtld-malloc.h:44)
  n1: 2176 0x40145AB: allocate_dtv (dl-tls.c:370)
   n1: 2176 0x40145AB: _dl_allocate_tls (dl-tls.c:629)
    n1: 2176 0x4900616: allocate_stack (allocatestack.c:429)
     n1: 2176 0x4900616: pthread_create@@GLIBC_2.34 (pthread_create.c:655)
      n3: 2176 0x48528D8: parallel_for (in /home/billyfu/YatPC/lab6/libparallel_for.so)
       n1: 1088 0x109A9E: heated_plate_pthreads (in /home/billyfu/YatPC/lab6/heated_plate_valgrind)
        n0: 1088 0x109D55: main (in /home/billyfu/YatPC/lab6/heated_plate_valgrind)
       n1: 1088 0x109AE1: heated_plate_pthreads (in /home/billyfu/YatPC/lab6/heated_plate_valgrind)
        n0: 1088 0x109D55: main (in /home/billyfu/YatPC/lab6/heated_plate_valgrind)
       n0: 0 in 6 places, all below massif's threshold (1.00%)
 n0: 320 in 4 places, all below massif's threshold (1.00%)
#-----------
snapshot=32
#-----------
time=538538
mem_heap_B=1952
mem_heap_extra_B=128
mem_stacks_B=22776
heap_tree=empty
#-----------
snapshot=33
#-----------
time=552031
mem_heap_B=1408
mem_heap_extra_B=112
mem_stacks_B=23664
heap_tree=detailed
n2: 1408 (heap allocation functions) malloc/new/new[], --alloc-fns, etc.
 n1: 1088 0x40145AB: calloc (rtld-malloc.h:44)
  n1: 1088 0x40145AB: allocate_dtv (dl-tls.c:370)
   n1: 1088 0x40145AB: _dl_allocate_tls (dl-tls.c:629)
    n1: 1088 0x4900616: allocate_stack (allocatestack.c:429)
     n1: 1088 0x4900616: pthread_create@@GLIBC_2.34 (pthread_create.c:655)
      n2: 1088 0x48528D8: parallel_for (in /home/billyfu/YatPC/lab6/libparallel_for.so)
       n1: 1088 0x109B4B: heated_plate_pthreads (in /home/billyfu/YatPC/lab6/heated_plate_valgrind)
        n0: 1088 0x109D55: main (in /home/billyfu/YatPC/lab6/heated_plate_valgrind)
       n0: 0 in 7 places, all below massif's threshold (1.00%)
 n0: 320 in 4 places, all below massif's threshold (1.00%)
#-----------
snapshot=34
#-----------
time=576013
mem_heap_B=1680
mem_heap_extra_B=120
mem_stacks_B=24360
heap_tree=empty
#-----------
snapshot=35
#-----------
time=590268
mem_heap_B=1952
mem_heap_extra_B=128
mem_stacks_B=25920
heap_tree=empty
#-----------
snapshot=36
#-----------
time=613699
mem_heap_B=1408
mem_heap_extra_B=112
mem_stacks_B=27256
heap_tree=empty
#-----------
snapshot=37
#-----------
time=624591
mem_heap_B=1952
mem_heap_extra_B=128
mem_stacks_B=30176
heap_tree=detailed
n2: 1952 (heap allocation functions) malloc/new/new[], --alloc-fns, etc.
 n1: 1632 0x40145AB: calloc (rtld-malloc.h:44)
  n1: 1632 0x40145AB: allocate_dtv (dl-tls.c:370)
   n1: 1632 0x40145AB: _dl_allocate_tls (dl-tls.c:629)
    n1: 1632 0x4900616: allocate_stack (allocatestack.c:429)
     n1: 1632 0x4900616: pthread_create@@GLIBC_2.34 (pthread_create.c:655)
      n3: 1632 0x48528D8: parallel_for (in /home/billyfu/YatPC/lab6/libparallel_for.so)
       n1: 1088 0x109B4B: heated_plate_pthreads (in /home/billyfu/YatPC/lab6/heated_plate_valgrind)
        n0: 1088 0x109D55: main (in /home/billyfu/YatPC/lab6/heated_plate_valgrind)
       n1: 544 0x109A9E: heated_plate_pthreads (in /home/billyfu/YatPC/lab6/heated_plate_valgrind)
        n0: 544 0x109D55: main (in /home/billyfu/YatPC/lab6/heated_plate_valgrind)
       n0: 0 in 6 places, all below massif's threshold (1.00%)
 n0: 320 in 4 places, all below massif's threshold (1.00%)
#-----------
snapshot=38
#-----------
time=643781
mem_heap_B=1680
mem_heap_extra_B=120
mem_stacks_B=31296
heap_tree=detailed
n2: 1680 (heap allocation functions) malloc/new/new[], --alloc-fns, etc.
 n1: 1360 0x40145AB: calloc (rtld-malloc.h:44)
  n1: 1360 0x40145AB: allocate_dtv (dl-tls.c:370)
   n1: 1360 0x40145AB: _dl_allocate_tls (dl-tls.c:629)
    n1: 1360 0x4900616: allocate_stack (allocatestack.c:429)
     n1: 1360 0x4900616: pthread_create@@GLIBC_2.34 (pthread_create.c:655)
      n2: 1360 0x48528D8: parallel_for (in /home/billyfu/YatPC/lab6/libparallel_for.so)
       n1: 1088 0x109A9E: heated_plate_pthreads (in /home/billyfu/YatPC/lab6/heated_plate_valgrind)
        n0: 1088 0x109D55: main (in /home/billyfu/YatPC/lab6/heated_plate_valgrind)
       n0: 272 in 7 places, all below massif's threshold (1.00%)
 n0: 320 in 4 places, all below massif's threshold (1.00%)
#-----------
snapshot=39
#-----------
time=655507
mem_heap_B=1408
mem_heap_extra_B=112
mem_stacks_B=29488
heap_tree=empty
#-----------
snapshot=40
#-----------
time=670230
mem_heap_B=2224
mem_heap_extra_B=136
mem_stacks_B=30448
heap_tree=empty
#-----------
snapshot=41
#-----------
time=692820
mem_heap_B=2496
mem_heap_extra_B=144
mem_stacks_B=34336
heap_tree=detailed
n2: 2496 (heap allocation functions) malloc/new/new[], --alloc-fns, etc.
 n1: 2176 0x40145AB: calloc (rtld-malloc.h:44)
  n1: 2176 0x40145AB: allocate_dtv (dl-tls.c:370)
   n1: 2176 0x40145AB: _dl_allocate_tls (dl-tls.c:629)
    n1: 2176 0x4900616: allocate_stack (allocatestack.c:429)
     n1: 2176 0x4900616: pthread_create@@GLIBC_2.34 (pthread_create.c:655)
      n3: 2176 0x48528D8: parallel_for (in /home/billyfu/YatPC/lab6/libparallel_for.so)
       n1: 1088 0x109A9E: heated_plate_pthreads (in /home/billyfu/YatPC/lab6/heated_plate_valgrind)
        n0: 1088 0x109D55: main (in /home/billyfu/YatPC/lab6/heated_plate_valgrind)
       n1: 1088 0x109B4B: heated_plate_pthreads (in /home/billyfu/YatPC/lab6/heated_plate_valgrind)
        n0: 1088 0x109D55: main (in /home/billyfu/YatPC/lab6/heated_plate_valgrind)
       n0: 0 in 6 places, all below massif's threshold (1.00%)
 n0: 320 in 4 places, all below massif's threshold (1.00%)
#-----------
snapshot=42
#-----------
time=709953
mem_heap_B=1952
mem_heap_extra_B=128
mem_stacks_B=35296
heap_tree=detailed
n2: 1952 (heap allocation functions) malloc/new/new[], --alloc-fns, etc.
 n1: 1632 0x40145AB: calloc (rtld-malloc.h:44)
  n1: 1632 0x40145AB: allocate_dtv (dl-tls.c:370)
   n1: 1632 0x40145AB: _dl_allocate_tls (dl-tls.c:629)
    n1: 1632 0x4900616: allocate_stack (allocatestack.c:429)
     n1: 1632 0x4900616: pthread_create@@GLIBC_2.34 (pthread_create.c:655)
      n3: 1632 0x48528D8: parallel_for (in /home/billyfu/YatPC/lab6/libparallel_for.so)
       n1: 1088 0x109A9E: heated_plate_pthreads (in /home/billyfu/YatPC/lab6/heated_plate_valgrind)
        n0: 1088 0x109D55: main (in /home/billyfu/YatPC/lab6/heated_plate_valgrind)
       n1: 544 0x109AE1: heated_plate_pthreads (in /home/billyfu/YatPC/lab6/heated_plate_valgrind)
        n0: 544 0x109D55: main (in /home/billyfu/YatPC/lab6/heated_plate_valgrind)
       n0: 0 in 6 places, all below massif's threshold (1.00%)
 n0: 320 in 4 places, all below massif's threshold (1.00%)
#-----------
snapshot=43
#-----------
time=724043
mem_heap_B=1408
mem_heap_extra_B=112
mem_stacks_B=34296
heap_tree=empty
#-----------
snapshot=44
#-----------
time=735259
mem_heap_B=2496
mem_heap_extra_B=144
mem_stacks_B=36896
heap_tree=detailed
n2: 2496 (heap allocation functions) malloc/new/new[], --alloc-fns, etc.
 n1: 2176 0x40145AB: calloc (rtld-malloc.h:44)
  n1: 2176 0x40145AB: allocate_dtv (dl-tls.c:370)
   n1: 2176 0x40145AB: _dl_allocate_tls (dl-tls.c:629)
    n1: 2176 0x4900616: allocate_stack (allocatestack.c:429)
     n1: 2176 0x4900616: pthread_create@@GLIBC_2.34 (pthread_create.c:655)
      n3: 2176 0x48528D8: parallel_for (in /home/billyfu/YatPC/lab6/libparallel_for.so)
       n1: 1088 0x109AE1: heated_plate_pthreads (in /home/billyfu/YatPC/lab6/heated_plate_valgrind)
        n0: 1088 0x109D55: main (in /home/billyfu/YatPC/lab6/heated_plate_valgrind)
       n1: 1088 0x109B4B: heated_plate_pthreads (in /home/billyfu/YatPC/lab6/heated_plate_valgrind)
        n0: 1088 0x109D55: main (in /home/billyfu/YatPC/lab6/heated_plate_valgrind)
       n0: 0 in 6 places, all below massif's threshold (1.00%)
 n0: 320 in 4 places, all below massif's threshold (1.00%)
#-----------
snapshot=45
#-----------
time=750810
mem_heap_B=1680
mem_heap_extra_B=120
mem_stacks_B=37736
heap_tree=empty
#-----------
snapshot=46
#-----------
time=762482
mem_heap_B=1408
mem_heap_extra_B=112
mem_stacks_B=35888
heap_tree=empty
#-----------
snapshot=47
#-----------
time=777268
mem_heap_B=2224
mem_heap_extra_B=136
mem_stacks_B=36848
heap_tree=empty
#-----------
snapshot=48
#-----------
time=799374
mem_heap_B=2496
mem_heap_extra_B=144
mem_stacks_B=40736
heap_tree=detailed
n2: 2496 (heap allocation functions) malloc/new/new[], --alloc-fns, etc.
 n1: 2176 0x40145AB: calloc (rtld-malloc.h:44)
  n1: 2176 0x40145AB: allocate_dtv (dl-tls.c:370)
   n1: 2176 0x40145AB: _dl_allocate_tls (dl-tls.c:629)
    n1: 2176 0x4900616: allocate_stack (allocatestack.c:429)
     n1: 2176 0x4900616: pthread_create@@GLIBC_2.34 (pthread_create.c:655)
      n3: 2176 0x48528D8: parallel_for (in /home/billyfu/YatPC/lab6/libparallel_for.so)
       n1: 1088 0x109AE1: heated_plate_pthreads (in /home/billyfu/YatPC/lab6/heated_plate_valgrind)
        n0: 1088 0x109D55: main (in /home/billyfu/YatPC/lab6/heated_plate_valgrind)
       n1: 1088 0x109B4B: heated_plate_pthreads (in /home/billyfu/YatPC/lab6/heated_plate_valgrind)
        n0: 1088 0x109D55: main (in /home/billyfu/YatPC/lab6/heated_plate_valgrind)
       n0: 0 in 6 places, all below massif's threshold (1.00%)
 n0: 320 in 4 places, all below massif's threshold (1.00%)
#-----------
snapshot=49
#-----------
time=803784
mem_heap_B=1952
mem_heap_extra_B=128
mem_stacks_B=38720
heap_tree=empty
#-----------
snapshot=50
#-----------
time=804891
mem_heap_B=1408
mem_heap_extra_B=112
mem_stacks_B=39392
heap_tree=empty
#-----------
snapshot=51
#-----------
time=805994
mem_heap_B=1408
mem_heap_extra_B=112
mem_stacks_B=39408
heap_tree=empty
#-----------
snapshot=52
#-----------
time=807097
mem_heap_B=1408
mem_heap_extra_B=112
mem_stacks_B=40200
heap_tree=empty
#-----------
snapshot=53
#-----------
time=808074
mem_heap_B=5504
mem_heap_extra_B=120
mem_stacks_B=38608
heap_tree=peak
n3: 5504 (heap allocation functions) malloc/new/new[], --alloc-fns, etc.
 n1: 4096 0x48E81B4: _IO_file_doallocate (filedoalloc.c:101)
  n1: 4096 0x48F8523: _IO_doallocbuf (genops.c:347)
   n1: 4096 0x48F5F8F: _IO_file_overflow@@GLIBC_2.2.5 (fileops.c:745)
    n1: 4096 0x48F6AAE: _IO_new_file_xsputn (fileops.c:1244)
     n1: 4096 0x48F6AAE: _IO_file_xsputn@@GLIBC_2.2.5 (fileops.c:1197)
      n1: 4096 0x48C3CC8: __printf_buffer_flush_to_file (printf_buffer_to_file.c:59)
       n1: 4096 0x48C3CC8: __printf_buffer_to_file_done (printf_buffer_to_file.c:120)
        n1: 4096 0x48CE5A9: __vfprintf_internal (vfprintf-internal.c:1560)
         n1: 4096 0x48C31B2: printf (printf.c:33)
          n1: 4096 0x109C61: print_result (in /home/billyfu/YatPC/lab6/heated_plate_valgrind)
           n0: 4096 0x109D7B: main (in /home/billyfu/YatPC/lab6/heated_plate_valgrind)
 n1: 1088 0x40145AB: calloc (rtld-malloc.h:44)
  n1: 1088 0x40145AB: allocate_dtv (dl-tls.c:370)
   n1: 1088 0x40145AB: _dl_allocate_tls (dl-tls.c:629)
    n1: 1088 0x4900616: allocate_stack (allocatestack.c:429)
     n1: 1088 0x4900616: pthread_create@@GLIBC_2.34 (pthread_create.c:655)
      n2: 1088 0x48528D8: parallel_for (in /home/billyfu/YatPC/lab6/libparallel_for.so)
       n1: 1088 0x109B4B: heated_plate_pthreads (in /home/billyfu/YatPC/lab6/heated_plate_valgrind)
        n0: 1088 0x109D55: main (in /home/billyfu/YatPC/lab6/heated_plate_valgrind)
       n0: 0 in 7 places, all below massif's threshold (1.00%)
 n0: 320 in 4 places, all below massif's threshold (1.00%)
#-----------
snapshot=54
#-----------
time=809182
mem_heap_B=5184
mem_heap_extra_B=40
mem_stacks_B=37912
heap_tree=empty
#-----------
snapshot=55
#-----------
time=810306
mem_heap_B=5184
mem_heap_extra_B=40
mem_stacks_B=37512
heap_tree=empty
#-----------
snapshot=56
#-----------
time=811489
mem_heap_B=5184
mem_heap_extra_B=40
mem_stacks_B=37752
heap_tree=empty
#-----------
snapshot=57
#-----------
time=812590
mem_heap_B=1088
mem_heap_extra_B=32
mem_stacks_B=37632
heap_tree=empty
#-----------
snapshot=58
#-----------
time=813693
mem_heap_B=816
mem_heap_extra_B=24
mem_stacks_B=37744
heap_tree=empty
#-----------
snapshot=59
#-----------
time=814800
mem_heap_B=0
mem_heap_extra_B=0
mem_stacks_B=37808
heap_tree=empty
